<?xml version="1.0" encoding="UTF-8"?>
<testsuite xmlns:xsi="http://www.w3.org/2001/XMLSchema-instance" xsi:noNamespaceSchemaLocation="https://maven.apache.org/surefire/maven-surefire-plugin/xsd/surefire-test-report.xsd" name="org.apache.tamaya.spisupport.propertysource.EnumConverterTest" time="0" tests="4" errors="0" skipped="0" failures="0">
  <properties>
[...]
</properties>
  <testcase name="testConvert_MixedCase" classname="org.apache.tamaya.spisupport.propertysource.EnumConverterTest" time="0"/>
  <testcase name="testConvert" classname="org.apache.tamaya.spisupport.propertysource.EnumConverterTest" time="0"/>
  <testcase name="testConvert_LowerCase" classname="org.apache.tamaya.spisupport.propertysource.EnumConverterTest" time="0"/>
  <testcase name="testConvert_OtherValue" classname="org.apache.tamaya.spisupport.propertysource.EnumConverterTest" time="0"/>
</testsuite>