-------------------------------------------------------------------------------
Test set: com.linkedin.pinot.broker.broker.HelixBrokerStarterUtilsTest
-------------------------------------------------------------------------------
Tests run: 4, Failures: 0, Errors: 0, Skipped: 0, Time elapsed: 0.487 sec - in com.linkedin.pinot.broker.broker.HelixBrokerStarterUtilsTest
testZkParserUtil1(com.linkedin.pinot.broker.broker.HelixBrokerStarterUtilsTest)  Time elapsed: 0.12 sec
testZkParserUtil2(com.linkedin.pinot.broker.broker.HelixBrokerStarterUtilsTest)  Time elapsed: 0 sec
testZkParserUtil3(com.linkedin.pinot.broker.broker.HelixBrokerStarterUtilsTest)  Time elapsed: 0.001 sec
testZkParserUtil4(com.linkedin.pinot.broker.broker.HelixBrokerStarterUtilsTest)  Time elapsed: 0 sec
