-------------------------------------------------------------------------------
Test set: com.linkedin.pinot.broker.routing.builder.LargeClusterRoutingTableBuilderTest
-------------------------------------------------------------------------------
Tests run: 5, Failures: 0, Errors: 0, Skipped: 0, Time elapsed: 1.312 sec - in com.linkedin.pinot.broker.routing.builder.LargeClusterRoutingTableBuilderTest
setUp(com.linkedin.pinot.broker.routing.builder.LargeClusterRoutingTableBuilderTest)  Time elapsed: 0.01 sec
testRoutingTableCoversAllSegmentsExactlyOnce(com.linkedin.pinot.broker.routing.builder.LargeClusterRoutingTableBuilderTest)  Time elapsed: 0.376 sec
testRoutingTableExcludesDisabledAndRebootingInstances(com.linkedin.pinot.broker.routing.builder.LargeClusterRoutingTableBuilderTest)  Time elapsed: 0.079 sec
testRoutingTableServerLoadIsRelativelyEqual(com.linkedin.pinot.broker.routing.builder.LargeClusterRoutingTableBuilderTest)  Time elapsed: 0.281 sec
testRoutingTableSizeGenerallyHasConfiguredServerCount(com.linkedin.pinot.broker.routing.builder.LargeClusterRoutingTableBuilderTest)  Time elapsed: 0.089 sec
