-------------------------------------------------------------------------------
Test set: com.linkedin.pinot.broker.routing.builder.KafkaLowLevelConsumerRoutingTableBuilderTest
-------------------------------------------------------------------------------
Tests run: 2, Failures: 0, Errors: 0, Skipped: 0, Time elapsed: 4.11 sec - in com.linkedin.pinot.broker.routing.builder.KafkaLowLevelConsumerRoutingTableBuilderTest
testAllOnlineRoutingTable(com.linkedin.pinot.broker.routing.builder.KafkaLowLevelConsumerRoutingTableBuilderTest)  Time elapsed: 3.675 sec
testMultipleConsumingSegments(com.linkedin.pinot.broker.routing.builder.KafkaLowLevelConsumerRoutingTableBuilderTest)  Time elapsed: 0.002 sec
