-------------------------------------------------------------------------------
Test set: com.linkedin.pinot.broker.routing.builder.PartitionAwareOfflineRoutingTableBuilderTest
-------------------------------------------------------------------------------
Tests run: 1, Failures: 0, Errors: 0, Skipped: 0, Time elapsed: 2.268 sec - in com.linkedin.pinot.broker.routing.builder.PartitionAwareOfflineRoutingTableBuilderTest
testBrokerSideServerAndSegmentPruning(com.linkedin.pinot.broker.routing.builder.PartitionAwareOfflineRoutingTableBuilderTest)  Time elapsed: 1.872 sec
