-------------------------------------------------------------------------------
Test set: com.linkedin.pinot.broker.requesthandler.MultipleOrEqualitiesToInClauseFilterQueryTreeOptimizerTest
-------------------------------------------------------------------------------
Tests run: 7, Failures: 0, Errors: 0, Skipped: 0, Time elapsed: 0.768 sec - in com.linkedin.pinot.broker.requesthandler.MultipleOrEqualitiesToInClauseFilterQueryTreeOptimizerTest
testDuplicatesAndPullup(com.linkedin.pinot.broker.requesthandler.MultipleOrEqualitiesToInClauseFilterQueryTreeOptimizerTest)  Time elapsed: 0.358 sec
testEqualityAndInMerge(com.linkedin.pinot.broker.requesthandler.MultipleOrEqualitiesToInClauseFilterQueryTreeOptimizerTest)  Time elapsed: 0.004 sec
testMultipleOutOfOrderClauses(com.linkedin.pinot.broker.requesthandler.MultipleOrEqualitiesToInClauseFilterQueryTreeOptimizerTest)  Time elapsed: 0.003 sec
testSimpleOrCase(com.linkedin.pinot.broker.requesthandler.MultipleOrEqualitiesToInClauseFilterQueryTreeOptimizerTest)  Time elapsed: 0.002 sec
testSingularInClauseDedupeAndCollapse(com.linkedin.pinot.broker.requesthandler.MultipleOrEqualitiesToInClauseFilterQueryTreeOptimizerTest)  Time elapsed: 0.002 sec
testTwoOrClauses(com.linkedin.pinot.broker.requesthandler.MultipleOrEqualitiesToInClauseFilterQueryTreeOptimizerTest)  Time elapsed: 0.003 sec
testWithOtherClause(com.linkedin.pinot.broker.requesthandler.MultipleOrEqualitiesToInClauseFilterQueryTreeOptimizerTest)  Time elapsed: 0.003 sec
