-------------------------------------------------------------------------------
Test set: com.linkedin.pinot.broker.requesthandler.FilterOptimizerTest
-------------------------------------------------------------------------------
Tests run: 2, Failures: 0, Errors: 0, Skipped: 0, Time elapsed: 0.782 sec - in com.linkedin.pinot.broker.requesthandler.FilterOptimizerTest
testNegative(com.linkedin.pinot.broker.requesthandler.FilterOptimizerTest)  Time elapsed: 0.379 sec
testPositive(com.linkedin.pinot.broker.requesthandler.FilterOptimizerTest)  Time elapsed: 0.026 sec
