-------------------------------------------------------------------------------
Test set: com.linkedin.pinot.broker.broker.BrokerRequestValidationTest
-------------------------------------------------------------------------------
Tests run: 2, Failures: 0, Errors: 0, Skipped: 0, Time elapsed: 12.904 sec - in com.linkedin.pinot.broker.broker.BrokerRequestValidationTest
testLimit(com.linkedin.pinot.broker.broker.BrokerRequestValidationTest)  Time elapsed: 0.123 sec
testTop(com.linkedin.pinot.broker.broker.BrokerRequestValidationTest)  Time elapsed: 0.011 sec
