-------------------------------------------------------------------------------
Test set: com.linkedin.pinot.broker.requesthandler.OptimizationFlagsTest
-------------------------------------------------------------------------------
Tests run: 4, Failures: 0, Errors: 0, Skipped: 0, Time elapsed: 0.486 sec - in com.linkedin.pinot.broker.requesthandler.OptimizationFlagsTest
testDisableOptimizations(com.linkedin.pinot.broker.requesthandler.OptimizationFlagsTest)  Time elapsed: 0.118 sec
testEnableOptimizations(com.linkedin.pinot.broker.requesthandler.OptimizationFlagsTest)  Time elapsed: 0 sec
testForbidEnableAndDisableTogether(com.linkedin.pinot.broker.requesthandler.OptimizationFlagsTest)  Time elapsed: 0 sec
testOptimizationName(com.linkedin.pinot.broker.requesthandler.OptimizationFlagsTest)  Time elapsed: 0.002 sec
