-------------------------------------------------------------------------------
Test set: com.linkedin.pinot.broker.routing.builder.BalancedRandomRoutingTableBuilderTest
-------------------------------------------------------------------------------
Tests run: 1, Failures: 0, Errors: 0, Skipped: 0, Time elapsed: 0.476 sec - in com.linkedin.pinot.broker.routing.builder.BalancedRandomRoutingTableBuilderTest
isRandom(com.linkedin.pinot.broker.routing.builder.BalancedRandomRoutingTableBuilderTest)  Time elapsed: 0.118 sec
