-------------------------------------------------------------------------------
Test set: com.linkedin.pinot.broker.requesthandler.RangeMergeOptimizerTest
-------------------------------------------------------------------------------
Tests run: 2, Failures: 0, Errors: 0, Skipped: 0, Time elapsed: 0.767 sec - in com.linkedin.pinot.broker.requesthandler.RangeMergeOptimizerTest
testRangeIntersection(com.linkedin.pinot.broker.requesthandler.RangeMergeOptimizerTest)  Time elapsed: 0.014 sec
testRangeOptimizer(com.linkedin.pinot.broker.requesthandler.RangeMergeOptimizerTest)  Time elapsed: 0.341 sec
