-------------------------------------------------------------------------------
Test set: com.linkedin.pinot.broker.routing.RoutingTableTest
-------------------------------------------------------------------------------
Tests run: 2, Failures: 0, Errors: 0, Skipped: 0, Time elapsed: 0.955 sec - in com.linkedin.pinot.broker.routing.RoutingTableTest
testHelixExternalViewBasedRoutingTable(com.linkedin.pinot.broker.routing.RoutingTableTest)  Time elapsed: 0.53 sec
testTimeBoundaryRegression(com.linkedin.pinot.broker.routing.RoutingTableTest)  Time elapsed: 0.044 sec
