-------------------------------------------------------------------------------
Test set: com.linkedin.pinot.broker.routing.builder.PartitionAwareRealtimeRoutingTableBuilderTest
-------------------------------------------------------------------------------
Tests run: 2, Failures: 0, Errors: 0, Skipped: 0, Time elapsed: 2.429 sec - in com.linkedin.pinot.broker.routing.builder.PartitionAwareRealtimeRoutingTableBuilderTest
testBrokerSideSegmentPruning(com.linkedin.pinot.broker.routing.builder.PartitionAwareRealtimeRoutingTableBuilderTest)  Time elapsed: 2.034 sec
testMultipleConsumingSegments(com.linkedin.pinot.broker.routing.builder.PartitionAwareRealtimeRoutingTableBuilderTest)  Time elapsed: 0.002 sec
