GROUP,PACKAGE,CLASS,INSTRUCTION_MISSED,INSTRUCTION_COVERED,BRANCH_MISSED,BRANCH_COVERED,LINE_MISSED,LINE_COVERED,COMPLEXITY_MISSED,COMPLEXITY_COVERED,METHOD_MISSED,METHOD_COVERED
pinot-controller/pinot-common,com.linkedin.pinot.common.response.broker,QueryProcessingException,0,26,0,0,0,12,0,6,0,6
pinot-controller/pinot-common,com.linkedin.pinot.common.response.broker,BrokerResponseNative,102,203,4,0,14,57,8,30,6,30
pinot-controller/pinot-common,com.linkedin.pinot.common.response.broker,SelectionResults,3,12,0,0,1,5,1,2,1,2
pinot-controller/pinot-common,com.linkedin.pinot.common.response.broker,GroupByResult,14,17,0,0,1,8,1,5,1,5
pinot-controller/pinot-common,com.linkedin.pinot.common.response.broker,BrokerResponseNative.new TypeReference() {...},0,3,0,0,0,1,0,1,0,1
pinot-controller/pinot-common,com.linkedin.pinot.common.response.broker,AggregationResult,25,33,0,0,12,13,7,4,7,4
pinot-controller/pinot-common,com.linkedin.pinot.common.query.context,TimerContext.Timer,3,52,1,1,2,16,2,6,1,6
pinot-controller/pinot-common,com.linkedin.pinot.common.query.context,TimerContext,60,88,0,2,1,24,1,11,1,10
pinot-controller/pinot-common,com.linkedin.pinot.serde,SerDe,14,46,0,0,3,12,0,4,0,4
pinot-controller/pinot-common,com.linkedin.pinot.common.metadata.instance,InstanceZKMetadata,30,284,3,21,8,53,8,25,5,16
pinot-controller/pinot-common,com.linkedin.pinot.common.config,TableCustomConfig,114,14,8,0,26,5,7,4,3,4
pinot-controller/pinot-common,com.linkedin.pinot.common.config,SegmentPartitionConfig,51,53,6,4,14,12,7,9,4,7
pinot-controller/pinot-common,com.linkedin.pinot.common.config,ColumnPartitionConfig,35,174,7,11,8,31,8,10,2,7
pinot-controller/pinot-common,com.linkedin.pinot.common.config,IndexingConfig,230,101,30,0,36,40,18,26,3,26
pinot-controller/pinot-common,com.linkedin.pinot.common.config,TableConfig,194,466,29,17,36,92,29,23,11,18
pinot-controller/pinot-common,com.linkedin.pinot.common.config,TableConfig.Builder,84,249,8,10,29,69,18,18,12,15
pinot-controller/pinot-common,com.linkedin.pinot.common.config,QuotaConfig,49,48,5,3,15,10,7,7,4,6
pinot-controller/pinot-common,com.linkedin.pinot.common.config,Tenant,80,82,14,2,14,27,9,16,2,15
pinot-controller/pinot-common,com.linkedin.pinot.common.config,TableNameBuilder,0,125,0,18,0,24,0,17,0,8
pinot-controller/pinot-common,com.linkedin.pinot.common.config,TenantConfig,129,21,12,0,27,8,9,6,3,6
pinot-controller/pinot-common,com.linkedin.pinot.common.config,SegmentsValidationAndRetentionConfig,254,102,34,0,39,42,21,29,4,29
pinot-controller/pinot-common,com.linkedin.pinot.common.config,Tenant.TenantBuilder,0,44,0,0,0,14,0,6,0,6
pinot-controller/pinot-common,com.linkedin.pinot.common.config,RoutingConfig,49,30,8,0,12,10,7,6,3,6
pinot-controller/pinot-common,com.linkedin.pinot.common.config,TableTaskConfig,66,0,4,0,19,0,10,0,8,0
pinot-controller/pinot-common,com.linkedin.pinot.common.config,StreamConsumptionConfig,8,18,0,0,3,6,1,4,1,4
pinot-controller/pinot-common,com.linkedin.pinot.common.config,PinotTaskConfig,100,0,8,0,21,0,12,0,8,0
pinot-controller/pinot-common,com.linkedin.pinot.common.config,ReplicaGroupStrategyConfig,21,58,5,5,6,14,6,8,1,8
pinot-controller/pinot-common,com.linkedin.pinot.common.config,RealtimeTagConfig,12,36,1,1,4,10,4,3,3,3
pinot-controller/pinot-common,com.linkedin.pinot.pql.parsers,PQL2Parser.TableNameContext,16,21,2,2,4,6,6,3,4,3
pinot-controller/pinot-common,com.linkedin.pinot.pql.parsers,PQL2Parser.PredicateParenthesisGroupContext,6,22,2,2,1,5,3,3,1,3
pinot-controller/pinot-common,com.linkedin.pinot.pql.parsers,PQL2Parser.BooleanOperatorContext,12,21,2,2,3,6,5,3,3,3
pinot-controller/pinot-common,com.linkedin.pinot.pql.parsers,PQL2Parser.ComparisonOperatorContext,2,21,2,2,1,6,3,3,1,3
pinot-controller/pinot-common,com.linkedin.pinot.pql.parsers,PQL2Parser.GroupByClauseContext,18,21,2,2,4,6,6,3,4,3
pinot-controller/pinot-common,com.linkedin.pinot.pql.parsers,PQL2Parser,1207,2352,51,62,243,453,50,60,11,32
pinot-controller/pinot-common,com.linkedin.pinot.pql.parsers,PQL2Parser.BetweenPredicateContext,6,22,2,2,1,5,3,3,1,3
pinot-controller/pinot-common,com.linkedin.pinot.pql.parsers,PQL2Parser.IsPredicateContext,28,0,4,0,6,0,6,0,4,0
pinot-controller/pinot-common,com.linkedin.pinot.pql.parsers,PQL2Parser.OrderByClauseContext,18,21,2,2,4,6,6,3,4,3
pinot-controller/pinot-common,com.linkedin.pinot.pql.parsers,PQL2Lexer,12,523,0,2,6,13,6,3,6,2
pinot-controller/pinot-common,com.linkedin.pinot.pql.parsers,PQL2Parser.ConstantContext,6,22,2,2,1,5,3,3,1,3
pinot-controller/pinot-common,com.linkedin.pinot.pql.parsers,PQL2Parser.OrderByExpressionContext,14,21,2,2,3,6,5,3,3,3
pinot-controller/pinot-common,com.linkedin.pinot.pql.parsers,PQL2Parser.WhereContext,6,22,2,2,1,5,3,3,1,3
pinot-controller/pinot-common,com.linkedin.pinot.pql.parsers,PQL2Parser.OutputColumnListContext,10,22,2,2,2,5,4,3,2,3
pinot-controller/pinot-common,com.linkedin.pinot.pql.parsers,PQL2Parser.IntegerLiteralContext,5,22,2,2,1,5,3,3,1,3
pinot-controller/pinot-common,com.linkedin.pinot.pql.parsers,PQL2Parser.HavingClauseContext,13,21,2,2,3,6,5,3,3,3
pinot-controller/pinot-common,com.linkedin.pinot.pql.parsers,PQL2Parser.OrderingContext,33,0,4,0,9,0,8,0,6,0
pinot-controller/pinot-common,com.linkedin.pinot.pql.parsers,PQL2Parser.ExpressionListContext,10,22,2,2,2,5,4,3,2,3
pinot-controller/pinot-common,com.linkedin.pinot.pql.parsers,PQL2Parser.StringLiteralContext,5,22,2,2,1,5,3,3,1,3
pinot-controller/pinot-common,com.linkedin.pinot.pql.parsers,Pql2CompilationException,0,26,0,0,0,4,0,2,0,2
pinot-controller/pinot-common,com.linkedin.pinot.pql.parsers,PQL2Parser.OptionListClauseContext,17,21,2,2,4,6,6,3,4,3
pinot-controller/pinot-common,com.linkedin.pinot.pql.parsers,PQL2Parser.TopContext,6,22,2,2,1,5,3,3,1,3
pinot-controller/pinot-common,com.linkedin.pinot.pql.parsers,PQL2Parser.HavingContext,6,22,2,2,1,5,3,3,1,3
pinot-controller/pinot-common,com.linkedin.pinot.pql.parsers,PQL2Parser.StarExpressionContext,0,22,2,2,0,5,2,3,0,3
pinot-controller/pinot-common,com.linkedin.pinot.pql.parsers,PQL2Parser.OptionsContext,6,22,2,2,1,5,3,3,1,3
pinot-controller/pinot-common,com.linkedin.pinot.pql.parsers,PQL2Parser.RootContext,13,21,2,2,3,6,5,3,3,3
pinot-controller/pinot-common,com.linkedin.pinot.pql.parsers,PQL2Parser.StatementContext,8,21,2,2,2,6,4,3,2,3
pinot-controller/pinot-common,com.linkedin.pinot.pql.parsers,PQL2Parser.SelectContext,38,22,2,2,7,5,9,3,7,3
pinot-controller/pinot-common,com.linkedin.pinot.pql.parsers,PQL2Parser.FunctionCallContext,12,22,2,2,2,5,4,3,2,3
pinot-controller/pinot-common,com.linkedin.pinot.pql.parsers,PQL2Parser.ComparisonPredicateContext,6,22,2,2,1,5,3,3,1,3
pinot-controller/pinot-common,com.linkedin.pinot.pql.parsers,PQL2Parser.InClauseContext,28,21,2,2,6,6,8,3,6,3
pinot-controller/pinot-common,com.linkedin.pinot.pql.parsers,PQL2Parser.OptionContext,12,21,2,2,3,6,5,3,3,3
pinot-controller/pinot-common,com.linkedin.pinot.pql.parsers,PQL2Parser.OutputColumnProjectionContext,2,12,0,0,1,5,1,3,1,3
pinot-controller/pinot-common,com.linkedin.pinot.pql.parsers,PQL2Parser.InPredicateContext,6,22,2,2,1,5,3,3,1,3
pinot-controller/pinot-common,com.linkedin.pinot.pql.parsers,PQL2BaseListener,69,42,0,0,69,40,69,40,69,40
pinot-controller/pinot-common,com.linkedin.pinot.pql.parsers,PQL2Parser.TopClauseContext,12,21,2,2,3,6,5,3,3,3
pinot-controller/pinot-common,com.linkedin.pinot.pql.parsers,PQL2Parser.LimitContext,6,22,2,2,1,5,3,3,1,3
pinot-controller/pinot-common,com.linkedin.pinot.pql.parsers,PQL2Parser.ExpressionParenthesisGroupContext,28,0,4,0,6,0,6,0,4,0
pinot-controller/pinot-common,com.linkedin.pinot.pql.parsers,PQL2Parser.BetweenClauseContext,22,21,2,2,5,6,7,3,5,3
pinot-controller/pinot-common,com.linkedin.pinot.pql.parsers,PQL2Parser.BinaryMathOpContext,38,0,4,0,8,0,8,0,6,0
pinot-controller/pinot-common,com.linkedin.pinot.pql.parsers,PQL2Parser.ExpressionsContext,2,12,0,0,1,5,1,3,1,3
pinot-controller/pinot-common,com.linkedin.pinot.pql.parsers,PQL2Parser.OutputColumnsContext,2,12,0,0,1,5,1,3,1,3
pinot-controller/pinot-common,com.linkedin.pinot.pql.parsers,PQL2Parser.LiteralContext,2,12,0,0,1,5,1,3,1,3
pinot-controller/pinot-common,com.linkedin.pinot.pql.parsers,PQL2Parser.OutputColumnContext,21,22,2,2,4,5,6,3,4,3
pinot-controller/pinot-common,com.linkedin.pinot.pql.parsers,PQL2Parser.OrderByListContext,12,21,2,2,3,6,5,3,3,3
pinot-controller/pinot-common,com.linkedin.pinot.pql.parsers,PQL2Parser.OptionalClauseContext,2,12,0,0,1,5,1,3,1,3
pinot-controller/pinot-common,com.linkedin.pinot.pql.parsers,PQL2Parser.IsClauseContext,44,0,4,0,11,0,10,0,8,0
pinot-controller/pinot-common,com.linkedin.pinot.pql.parsers,PQL2Parser.RegexpLikeClauseContext,40,0,4,0,10,0,9,0,7,0
pinot-controller/pinot-common,com.linkedin.pinot.pql.parsers,PQL2Parser.FunctionContext,7,21,2,2,2,6,4,3,2,3
pinot-controller/pinot-common,com.linkedin.pinot.pql.parsers,Pql2Compiler,85,357,17,33,19,90,14,18,0,7
pinot-controller/pinot-common,com.linkedin.pinot.pql.parsers,PQL2Parser.WhereClauseContext,13,21,2,2,3,6,5,3,3,3
pinot-controller/pinot-common,com.linkedin.pinot.pql.parsers,PQL2Parser.FloatingPointLiteralContext,27,0,4,0,6,0,6,0,4,0
pinot-controller/pinot-common,com.linkedin.pinot.pql.parsers,Pql2Compiler.ErrorListener,0,12,0,0,0,2,0,2,0,2
pinot-controller/pinot-common,com.linkedin.pinot.pql.parsers,PQL2Parser.GroupByListContext,12,21,2,2,3,6,5,3,3,3
pinot-controller/pinot-common,com.linkedin.pinot.pql.parsers,PQL2Parser.ComparisonClauseContext,18,21,2,2,4,6,6,3,4,3
pinot-controller/pinot-common,com.linkedin.pinot.pql.parsers,PQL2Parser.IdentifierContext,9,22,2,2,2,5,4,3,2,3
pinot-controller/pinot-common,com.linkedin.pinot.pql.parsers,PQL2Parser.RegexpLikePredicateContext,28,0,4,0,6,0,6,0,4,0
pinot-controller/pinot-common,com.linkedin.pinot.pql.parsers,PQL2Parser.SelectStatementContext,2,12,0,0,1,5,1,3,1,3
pinot-controller/pinot-common,com.linkedin.pinot.pql.parsers,Pql2AstListener,90,410,3,17,23,136,13,61,10,54
pinot-controller/pinot-common,com.linkedin.pinot.pql.parsers,PQL2Parser.PredicateContext,2,12,0,0,1,5,1,3,1,3
pinot-controller/pinot-common,com.linkedin.pinot.pql.parsers,PQL2Parser.BinaryMathOperatorContext,23,0,4,0,7,0,6,0,4,0
pinot-controller/pinot-common,com.linkedin.pinot.pql.parsers,PQL2Parser.PredicateListContext,22,21,2,2,5,6,7,3,5,3
pinot-controller/pinot-common,com.linkedin.pinot.pql.parsers,PQL2Parser.GroupByContext,6,22,2,2,1,5,3,3,1,3
pinot-controller/pinot-common,com.linkedin.pinot.pql.parsers,PQL2Parser.StarColumnListContext,0,22,2,2,0,5,2,3,0,3
pinot-controller/pinot-common,com.linkedin.pinot.pql.parsers,PQL2Parser.LimitClauseContext,16,21,2,2,4,6,6,3,4,3
pinot-controller/pinot-common,com.linkedin.pinot.pql.parsers,PQL2Parser.OrderByContext,6,22,2,2,1,5,3,3,1,3
pinot-controller/pinot-common,com.linkedin.pinot.pql.parsers,PQL2Parser.ExpressionContext,2,12,0,0,1,5,1,3,1,3
pinot-controller/pinot-common,com.linkedin.pinot.common.utils.webhdfs,WebHdfsV1Client,251,0,4,0,38,0,7,0,5,0
pinot-controller/pinot-common,com.linkedin.pinot.common.http,MultiGetRequest.new Callable() {...},0,42,0,0,0,7,0,2,0,2
pinot-controller/pinot-common,com.linkedin.pinot.common.http,MultiGetRequest,1,56,1,3,0,14,1,4,0,3
pinot-controller/pinot-common,com.linkedin.pinot.common.exception,HttpErrorStatusException,10,0,0,0,4,0,2,0,2,0
pinot-controller/pinot-common,com.linkedin.pinot.common.exception,PermanentDownloadException,4,0,0,0,2,0,1,0,1,0
pinot-controller/pinot-common,com.linkedin.pinot.common.exception,QueryException,26,239,0,2,8,57,3,3,3,2
pinot-controller/pinot-common,com.linkedin.pinot.pql.parsers.pql2.ast,OutputColumnAstNode,5,50,1,7,1,15,1,5,0,2
pinot-controller/pinot-common,com.linkedin.pinot.pql.parsers.pql2.ast,SelectAstNode,42,221,3,37,4,65,4,20,1,3
pinot-controller/pinot-common,com.linkedin.pinot.pql.parsers.pql2.ast,OutputColumnListAstNode,7,14,1,1,2,6,2,3,1,3
pinot-controller/pinot-common,com.linkedin.pinot.pql.parsers.pql2.ast,BetweenPredicateAstNode,168,66,11,5,21,12,11,4,4,3
pinot-controller/pinot-common,com.linkedin.pinot.pql.parsers.pql2.ast,WhereAstNode,0,14,0,0,0,4,0,2,0,2
pinot-controller/pinot-common,com.linkedin.pinot.pql.parsers.pql2.ast,FunctionCallAstNode,85,79,12,8,21,25,11,7,4,4
pinot-controller/pinot-common,com.linkedin.pinot.pql.parsers.pql2.ast,BinaryMathOpAstNode,23,0,0,0,5,0,3,0,3,0
pinot-controller/pinot-common,com.linkedin.pinot.pql.parsers.pql2.ast,OrderByExpressionAstNode,21,15,0,0,1,6,1,3,1,3
pinot-controller/pinot-common,com.linkedin.pinot.pql.parsers.pql2.ast,IdentifierAstNode,14,9,0,0,1,4,1,2,1,2
pinot-controller/pinot-common,com.linkedin.pinot.pql.parsers.pql2.ast,IsPredicateAstNode,7,0,0,0,2,0,1,0,1,0
pinot-controller/pinot-common,com.linkedin.pinot.pql.parsers.pql2.ast,LimitAstNode,26,15,0,0,5,6,2,3,2,3
pinot-controller/pinot-common,com.linkedin.pinot.pql.parsers.pql2.ast,StringLiteralAstNode,17,9,0,0,2,4,2,2,2,2
pinot-controller/pinot-common,com.linkedin.pinot.pql.parsers.pql2.ast,BaseAstNode,75,55,10,8,13,15,11,10,5,7
pinot-controller/pinot-common,com.linkedin.pinot.pql.parsers.pql2.ast,RegexpLikePredicateAstNode,108,0,14,0,27,0,11,0,4,0
pinot-controller/pinot-common,com.linkedin.pinot.pql.parsers.pql2.ast,ComparisonPredicateAstNode,161,274,33,43,25,52,31,15,2,6
pinot-controller/pinot-common,com.linkedin.pinot.pql.parsers.pql2.ast,IntegerLiteralAstNode,15,10,0,0,2,4,2,2,2,2
pinot-controller/pinot-common,com.linkedin.pinot.pql.parsers.pql2.ast,FloatingPointLiteralAstNode,25,0,0,0,6,0,4,0,4,0
pinot-controller/pinot-common,com.linkedin.pinot.pql.parsers.pql2.ast,OrderByAstNode,5,43,1,3,1,12,1,3,0,2
pinot-controller/pinot-common,com.linkedin.pinot.pql.parsers.pql2.ast,TableNameAstNode,29,31,7,3,3,9,5,3,0,3
pinot-controller/pinot-common,com.linkedin.pinot.pql.parsers.pql2.ast,InPredicateAstNode,73,203,17,25,12,47,14,13,1,5
pinot-controller/pinot-common,com.linkedin.pinot.pql.parsers.pql2.ast,StarColumnListAstNode,0,23,0,0,0,7,0,2,0,2
pinot-controller/pinot-common,com.linkedin.pinot.pql.parsers.pql2.ast,OptionsAstNode,0,12,0,0,0,4,0,2,0,2
pinot-controller/pinot-common,com.linkedin.pinot.pql.parsers.pql2.ast,ExpressionParenthesisGroupAstNode,3,0,0,0,1,0,1,0,1,0
pinot-controller/pinot-common,com.linkedin.pinot.pql.parsers.pql2.ast,HavingAstNode,0,14,0,0,0,4,0,2,0,2
pinot-controller/pinot-common,com.linkedin.pinot.pql.parsers.pql2.ast,GroupByAstNode,0,46,0,4,0,14,0,4,0,2
pinot-controller/pinot-common,com.linkedin.pinot.pql.parsers.pql2.ast,TopAstNode,12,25,0,4,1,9,1,5,1,3
pinot-controller/pinot-common,com.linkedin.pinot.pql.parsers.pql2.ast,PredicateAstNode,4,12,1,1,1,3,2,3,1,3
pinot-controller/pinot-common,com.linkedin.pinot.pql.parsers.pql2.ast,PredicateParenthesisGroupAstNode,0,17,0,0,0,3,0,3,0,3
pinot-controller/pinot-common,com.linkedin.pinot.pql.parsers.pql2.ast,OptionAstNode,15,51,3,5,3,12,3,3,0,2
pinot-controller/pinot-common,com.linkedin.pinot.pql.parsers.pql2.ast,LiteralAstNode,0,3,0,0,0,1,0,1,0,1
pinot-controller/pinot-common,com.linkedin.pinot.pql.parsers.pql2.ast,PredicateListAstNode,50,211,4,30,8,47,4,19,0,6
pinot-controller/pinot-common,com.linkedin.pinot.pql.parsers.pql2.ast,StarExpressionAstNode,0,3,0,0,0,1,0,1,0,1
pinot-controller/pinot-common,com.linkedin.pinot.pql.parsers.pql2.ast,BooleanOperatorAstNode,50,42,2,0,11,6,8,7,7,7
pinot-controller/pinot-common,com.linkedin.pinot.common,Utils,44,145,8,18,13,34,13,9,5,4
pinot-controller/pinot-common,com.linkedin.pinot.startree.hll,HllConfig,12,159,2,4,2,37,3,16,2,14
pinot-controller/pinot-common,com.linkedin.pinot.startree.hll,HllSizeUtils,26,47,0,0,3,4,2,3,2,3
pinot-controller/pinot-common,com.linkedin.pinot.startree.hll,HllConstants,3,0,0,0,1,0,1,0,1,0
pinot-controller/pinot-common,com.linkedin.pinot.common.request.transform,TransformExpressionTree,16,143,3,17,1,37,3,15,0,8
pinot-controller/pinot-common,com.linkedin.pinot.common.request.transform,TransformExpressionTree.ExpressionType,5,43,0,0,0,4,1,3,1,3
pinot-controller/pinot-common,com.linkedin.pinot.common.metadata.segment,SegmentZKMetadataCustomMapModifier,117,0,20,0,30,0,14,0,4,0
pinot-controller/pinot-common,com.linkedin.pinot.common.metadata.segment,ColumnPartitionMetadata.PartitionRangesDeserializer,0,7,0,0,0,2,0,2,0,2
pinot-controller/pinot-common,com.linkedin.pinot.common.metadata.segment,RealtimeSegmentZKMetadata,25,183,0,10,5,41,1,15,1,10
pinot-controller/pinot-common,com.linkedin.pinot.common.metadata.segment,SegmentZKMetadata,182,498,11,45,41,103,15,48,8,27
pinot-controller/pinot-common,com.linkedin.pinot.common.metadata.segment,ColumnPartitionMetadata,22,41,10,6,4,8,9,3,1,3
pinot-controller/pinot-common,com.linkedin.pinot.common.metadata.segment,SegmentZKMetadataCustomMapModifier.ModifyMode,38,0,0,0,3,0,4,0,4,0
pinot-controller/pinot-common,com.linkedin.pinot.common.metadata.segment,SegmentPartitionMetadata,49,59,7,7,9,15,8,10,4,7
pinot-controller/pinot-common,com.linkedin.pinot.common.metadata.segment,OfflineSegmentZKMetadata,131,147,0,12,22,36,3,16,3,10
pinot-controller/pinot-common,com.linkedin.pinot.common.metadata.segment,ColumnPartitionMetadata.PartitionRangesSerializer,0,8,0,0,0,3,0,2,0,2
pinot-controller/pinot-common,com.linkedin.pinot.common.metadata.segment,PartitionToReplicaGroupMappingZKMetadata,20,108,6,6,5,25,7,9,2,8
pinot-controller/pinot-common,com.linkedin.pinot.common.metadata.segment,LLCRealtimeSegmentZKMetadata,37,260,7,7,8,52,8,14,1,14
pinot-controller/pinot-common,com.linkedin.pinot.common.segment.fetcher,NoOpFetcher,5,13,0,0,1,5,1,4,1,4
pinot-controller/pinot-common,com.linkedin.pinot.common.segment.fetcher,HdfsSegmentFetcher,192,0,12,0,45,0,13,0,7,0
pinot-controller/pinot-common,com.linkedin.pinot.common.segment.fetcher,HttpSegmentFetcher,15,33,0,0,2,9,1,4,1,4
pinot-controller/pinot-common,com.linkedin.pinot.common.segment.fetcher,HttpSegmentFetcher.new Callable() {...},100,0,2,0,14,0,3,0,2,0
pinot-controller/pinot-common,com.linkedin.pinot.common.segment.fetcher,SegmentFetcherFactory,6,161,1,5,1,34,1,9,0,7
pinot-controller/pinot-common,com.linkedin.pinot.common.segment.fetcher,HdfsSegmentFetcher.new Callable() {...},88,0,2,0,10,0,3,0,2,0
pinot-controller/pinot-common,com.linkedin.pinot.common.segment.fetcher,HttpsSegmentFetcher,20,0,0,0,5,0,3,0,3,0
pinot-controller/pinot-common,com.linkedin.pinot.common.segment.fetcher,LocalFileSegmentFetcher,26,10,0,0,3,4,1,4,1,4
pinot-controller/pinot-common,com.linkedin.pinot.common.segment.fetcher,SegmentFetcherFactory.new HashMap() {...},0,28,0,0,0,6,0,1,0,1
pinot-controller/pinot-common,com.linkedin.pinot.common.query,ServerQueryRequest,3,53,0,0,1,16,1,8,1,8
pinot-controller/pinot-common,com.linkedin.pinot.common.query,ReduceServiceRegistry,35,0,2,0,10,0,5,0,4,0
pinot-controller/pinot-common,com.linkedin.pinot.common.utils.helix,PinotHelixPropertyStoreZnRecordProvider,58,33,0,0,9,7,6,3,6,3
pinot-controller/pinot-common,com.linkedin.pinot.common.utils.helix,HelixHelper.new Function() {...},22,0,4,0,7,0,4,0,2,0
pinot-controller/pinot-common,com.linkedin.pinot.common.utils.helix,HelixHelper.new Function() {...},2,20,2,2,1,6,2,2,0,2
pinot-controller/pinot-common,com.linkedin.pinot.common.utils.helix,HelixHelper.new Function() {...},16,52,2,4,2,10,2,3,0,2
pinot-controller/pinot-common,com.linkedin.pinot.common.utils.helix,HelixHelper.new Function() {...},0,22,0,2,0,5,0,3,0,2
pinot-controller/pinot-common,com.linkedin.pinot.common.utils.helix,HelixHelper.new Callable() {...},47,97,1,7,9,18,1,5,0,2
pinot-controller/pinot-common,com.linkedin.pinot.common.utils.helix,HelixHelper,231,184,16,12,51,42,24,16,15,11
pinot-controller/pinot-common,com.linkedin.pinot.common.datetime.convertor,DateTimeConvertor,28,161,10,13,11,44,10,12,0,7
pinot-controller/pinot-common,com.linkedin.pinot.common.datetime.convertor,EpochToEpochConvertor,0,20,0,0,0,6,0,2,0,2
pinot-controller/pinot-common,com.linkedin.pinot.common.datetime.convertor,DateTimeConvertorFactory,3,68,0,6,1,14,1,4,1,1
pinot-controller/pinot-common,com.linkedin.pinot.common.datetime.convertor,EpochToSDFConvertor,0,16,0,0,0,5,0,2,0,2
pinot-controller/pinot-common,com.linkedin.pinot.common.datetime.convertor,DateTimeConvertor.new Object() {...},8,53,0,0,0,1,0,1,0,1
pinot-controller/pinot-common,com.linkedin.pinot.common.datetime.convertor,SDFToEpochConvertor,0,20,0,0,0,6,0,2,0,2
pinot-controller/pinot-common,com.linkedin.pinot.common.datetime.convertor,SDFToSDFConvertor,0,16,0,0,0,5,0,2,0,2
pinot-controller/pinot-common,com.linkedin.pinot.common.metadata,ZKMetadataProvider,164,493,35,27,45,90,30,36,6,29
pinot-controller/pinot-common,com.linkedin.pinot.common.restlet.resources,TablesList,0,13,0,0,0,5,0,3,0,3
pinot-controller/pinot-common,com.linkedin.pinot.common.restlet.resources,TableSegments,4,9,0,0,2,4,1,2,1,2
pinot-controller/pinot-common,com.linkedin.pinot.common.restlet.resources,TableSizeInfo,0,28,0,0,0,8,0,2,0,2
pinot-controller/pinot-common,com.linkedin.pinot.common.restlet.resources,SegmentSizeInfo,13,66,7,5,3,15,6,4,0,4
pinot-controller/pinot-common,com.linkedin.pinot.common.metadata.stream,KafkaStreamMetadata,143,416,8,34,31,65,11,29,5,14
pinot-controller/pinot-common,com.linkedin.pinot.common.segment,StarTreeMetadata,0,38,0,0,0,16,0,11,0,11
pinot-controller/pinot-common,com.linkedin.pinot.common.segment,ReadMode,26,47,7,1,3,6,4,5,0,5
pinot-controller/pinot-common,com.linkedin.pinot.common.utils,CommonConstants.SegmentFetcher,3,0,0,0,2,0,1,0,1,0
pinot-controller/pinot-common,com.linkedin.pinot.common.utils,CommonConstants.Helix.DataSource,3,0,0,0,2,0,1,0,1,0
pinot-controller/pinot-common,com.linkedin.pinot.common.utils,CommonConstants.Helix.StateModel.BrokerOnlineOfflineStateModel,3,0,0,0,1,0,1,0,1,0
pinot-controller/pinot-common,com.linkedin.pinot.common.utils,CommonConstants.Helix.StateModel.SegmentOnlineOfflineStateModel,3,0,0,0,1,0,1,0,1,0
pinot-controller/pinot-common,com.linkedin.pinot.common.utils,Pairs.IntDoubleComparator,2,34,1,7,1,9,1,5,0,2
pinot-controller/pinot-common,com.linkedin.pinot.common.utils,CommonConstants.SegmentFetcher.HdfsSegmentFetcher,3,0,0,0,1,0,1,0,1,0
pinot-controller/pinot-common,com.linkedin.pinot.common.utils,CommonConstants.Helix.StateModel,3,0,0,0,2,0,1,0,1,0
pinot-controller/pinot-common,com.linkedin.pinot.common.utils,CommonConstants.Helix.StateModel.RealtimeSegmentOnlineOfflineStateModel,3,0,0,0,1,0,1,0,1,0
pinot-controller/pinot-common,com.linkedin.pinot.common.utils,MmapUtils.new Object() {...},2,17,0,0,0,1,0,1,0,1
pinot-controller/pinot-common,com.linkedin.pinot.common.utils,CommonConstants.Helix.DataSource.Realtime.Kafka,16,12,0,0,3,2,2,2,2,2
pinot-controller/pinot-common,com.linkedin.pinot.common.utils,FileUploadDownloadClient.FileUploadType,2,48,0,0,1,2,1,4,1,4
pinot-controller/pinot-common,com.linkedin.pinot.common.utils,Pairs.AscendingIntPairComparator,9,0,0,0,2,0,2,0,2,0
pinot-controller/pinot-common,com.linkedin.pinot.common.utils,CommonConstants.Helix.DataSource.Realtime.Kafka.ConsumerType,0,38,0,0,0,3,0,4,0,4
pinot-controller/pinot-common,com.linkedin.pinot.common.utils,Pairs.Number2ObjectPair,3,12,0,0,1,5,1,2,1,2
pinot-controller/pinot-common,com.linkedin.pinot.common.utils,CommonConstants.Helix.Instance,3,0,0,0,1,0,1,0,1,0
pinot-controller/pinot-common,com.linkedin.pinot.common.utils,SegmentName.RealtimeSegmentType,9,49,0,0,0,5,2,2,2,2
pinot-controller/pinot-common,com.linkedin.pinot.common.utils,ZkStarter.new Thread() {...},11,16,0,0,4,4,0,2,0,2
pinot-controller/pinot-common,com.linkedin.pinot.common.utils,CommonConstants.Server,38,0,0,0,4,0,2,0,2,0
pinot-controller/pinot-common,com.linkedin.pinot.common.utils,FileUploadDownloadClient,633,149,57,5,83,31,56,13,25,13
pinot-controller/pinot-common,com.linkedin.pinot.common.utils,TenantRole,0,38,0,0,0,3,0,4,0,4
pinot-controller/pinot-common,com.linkedin.pinot.common.utils,CommonConstants.Helix.TableType,0,45,0,2,0,6,0,6,0,5
pinot-controller/pinot-common,com.linkedin.pinot.common.utils,SchemaUtils,367,28,12,0,60,7,12,3,6,3
pinot-controller/pinot-common,com.linkedin.pinot.common.utils,CommonConstants.Helix.DataSource.Realtime.Kafka.HighLevelConsumer,3,0,0,0,1,0,1,0,1,0
pinot-controller/pinot-common,com.linkedin.pinot.common.utils,CommonConstants.Helix.DataSource.Realtime,3,0,0,0,2,0,1,0,1,0
pinot-controller/pinot-common,com.linkedin.pinot.common.utils,Pairs.IntObjectPair,0,23,0,0,0,10,0,5,0,5
pinot-controller/pinot-common,com.linkedin.pinot.common.utils,CommonConstants.Segment.Realtime,3,0,0,0,2,0,1,0,1,0
pinot-controller/pinot-common,com.linkedin.pinot.common.utils,CommonConstants.Metric.Server,3,0,0,0,1,0,1,0,1,0
pinot-controller/pinot-common,com.linkedin.pinot.common.utils,Pairs.IntObjectComparator,0,38,0,8,0,11,0,6,0,2
pinot-controller/pinot-common,com.linkedin.pinot.common.utils,FileUploadDownloadClient.CustomHeaders,3,0,0,0,1,0,1,0,1,0
pinot-controller/pinot-common,com.linkedin.pinot.common.utils,KafkaStarterUtils,273,0,4,0,57,0,19,0,17,0
pinot-controller/pinot-common,com.linkedin.pinot.common.utils,CommonConstants,3,0,0,0,2,0,1,0,1,0
pinot-controller/pinot-common,com.linkedin.pinot.common.utils,CommonConstants.Helix.DataSource.Schema,3,0,0,0,1,0,1,0,1,0
pinot-controller/pinot-common,com.linkedin.pinot.common.utils,CommonConstants.Helix.DataSource.SegmentAssignmentStrategyType,58,0,0,0,5,0,4,0,4,0
pinot-controller/pinot-common,com.linkedin.pinot.common.utils,CommonConstants.Segment,3,0,0,0,2,0,1,0,1,0
pinot-controller/pinot-common,com.linkedin.pinot.common.utils,MmapUtils,322,245,16,15,48,63,19,9,6,6
pinot-controller/pinot-common,com.linkedin.pinot.common.utils,DataSize,3,86,0,6,1,21,1,5,1,2
pinot-controller/pinot-common,com.linkedin.pinot.common.utils,ServiceStatus.IdealStateMatchServiceStatusCallback,165,205,16,26,31,43,13,13,3,2
pinot-controller/pinot-common,com.linkedin.pinot.common.utils,HashUtil,313,0,12,0,33,0,14,0,5,0
pinot-controller/pinot-common,com.linkedin.pinot.common.utils,Pairs,11,10,0,0,4,2,3,2,3,2
pinot-controller/pinot-common,com.linkedin.pinot.common.utils,EqualityUtils,26,139,8,28,5,24,9,27,4,14
pinot-controller/pinot-common,com.linkedin.pinot.common.utils,ServiceStatus.Status,9,39,0,0,0,2,2,2,2,2
pinot-controller/pinot-common,com.linkedin.pinot.common.utils,Pairs.IntPair,7,61,4,4,2,14,5,7,1,7
pinot-controller/pinot-common,com.linkedin.pinot.common.utils,CommonConstants.Broker,3,0,0,0,1,0,1,0,1,0
pinot-controller/pinot-common,com.linkedin.pinot.common.utils,HLCSegmentName,24,199,4,10,2,40,4,14,0,11
pinot-controller/pinot-common,com.linkedin.pinot.common.utils,CommonConstants.Helix.DataSource.RoutingTableBuilderName,88,0,0,0,8,0,4,0,4,0
pinot-controller/pinot-common,com.linkedin.pinot.common.utils,SegmentName,26,98,0,22,2,27,2,18,2,7
pinot-controller/pinot-common,com.linkedin.pinot.common.utils,LLCSegmentName,130,217,28,22,18,45,23,16,2,12
pinot-controller/pinot-common,com.linkedin.pinot.common.utils,CommonConstants.Metric,3,0,0,0,2,0,1,0,1,0
pinot-controller/pinot-common,com.linkedin.pinot.common.utils,ZkStarter.PublicZooKeeperServerMain.new ServerConfig() {...},15,58,0,0,6,14,3,8,3,8
pinot-controller/pinot-common,com.linkedin.pinot.common.utils,Pairs.DescendingNumber2ObjectPairComparator,0,17,0,0,0,2,0,2,0,2
pinot-controller/pinot-common,com.linkedin.pinot.common.utils,ServiceStatus.MultipleCallbackServiceStatusCallback,37,28,2,4,5,9,2,4,1,2
pinot-controller/pinot-common,com.linkedin.pinot.common.utils,NetUtil,31,3,2,0,11,1,3,1,2,1
pinot-controller/pinot-common,com.linkedin.pinot.common.utils,ClientSSLContextGenerator.new X509TrustManager() {...},11,0,0,0,4,0,4,0,4,0
pinot-controller/pinot-common,com.linkedin.pinot.common.utils,MmapUtils.AllocationType,5,33,0,0,0,3,1,3,1,3
pinot-controller/pinot-common,com.linkedin.pinot.common.utils,StringUtil,3,50,0,8,1,11,1,7,1,3
pinot-controller/pinot-common,com.linkedin.pinot.common.utils,DataSchema,77,324,13,35,14,63,14,23,2,11
pinot-controller/pinot-common,com.linkedin.pinot.common.utils,CommonConstants.Controller,3,0,0,0,1,0,1,0,1,0
pinot-controller/pinot-common,com.linkedin.pinot.common.utils,Pairs.IntDoublePair,0,23,0,0,0,10,0,5,0,5
pinot-controller/pinot-common,com.linkedin.pinot.common.utils,MmapUtils.AllocationContext,6,133,0,12,2,39,2,10,2,4
pinot-controller/pinot-common,com.linkedin.pinot.common.utils,ServiceStatus.IdealStateAndCurrentStateMatchServiceStatusCallback,45,0,0,0,10,0,4,0,4,0
pinot-controller/pinot-common,com.linkedin.pinot.common.utils,KafkaStarterUtils.new SecurityManager() {...},18,0,2,0,6,0,4,0,3,0
pinot-controller/pinot-common,com.linkedin.pinot.common.utils,PrimitiveArrayUtils,339,0,70,0,68,0,37,0,2,0
pinot-controller/pinot-common,com.linkedin.pinot.common.utils,TarGzCompressionUtils,208,280,31,17,28,65,23,9,3,5
pinot-controller/pinot-common,com.linkedin.pinot.common.utils,ServerType,9,29,0,0,0,3,2,2,2,2
pinot-controller/pinot-common,com.linkedin.pinot.common.utils,Pairs.AscendingNumber2ObjectPairComparator,17,0,0,0,2,0,2,0,2,0
pinot-controller/pinot-common,com.linkedin.pinot.common.utils,CommonConstants.Segment.SegmentType,5,33,0,0,0,3,1,3,1,3
pinot-controller/pinot-common,com.linkedin.pinot.common.utils,CommonConstants.Helix.DataSource.Realtime.StreamType,28,0,0,0,2,0,4,0,4,0
pinot-controller/pinot-common,com.linkedin.pinot.common.utils,ServiceStatus.IdealStateAndExternalViewMatchServiceStatusCallback,13,42,0,4,3,9,2,4,2,2
pinot-controller/pinot-common,com.linkedin.pinot.common.utils,CommonConstants.Segment.Realtime.Status,0,38,0,0,0,3,0,4,0,4
pinot-controller/pinot-common,com.linkedin.pinot.common.utils,CommonConstants.Segment.Offline,3,0,0,0,1,0,1,0,1,0
pinot-controller/pinot-common,com.linkedin.pinot.common.utils,FileUploadDownloadClient.QueryParameters,3,0,0,0,1,0,1,0,1,0
pinot-controller/pinot-common,com.linkedin.pinot.common.utils,CommonConstants.Minion,27,0,0,0,3,0,2,0,2,0
pinot-controller/pinot-common,com.linkedin.pinot.common.utils,ControllerTenantNameBuilder,22,157,4,22,5,31,5,18,1,9
pinot-controller/pinot-common,com.linkedin.pinot.common.utils,CommonConstants.Helix,3,0,0,0,2,0,1,0,1,0
pinot-controller/pinot-common,com.linkedin.pinot.common.utils,CommonConstants.Helix.DataSource.Realtime.Kafka.ConsumerFactory,3,0,0,0,1,0,1,0,1,0
pinot-controller/pinot-common,com.linkedin.pinot.common.utils,ZkStarter.ZookeeperInstance,0,9,0,0,0,4,0,1,0,1
pinot-controller/pinot-common,com.linkedin.pinot.common.utils,ServiceStatus,35,13,4,0,13,6,5,2,3,2
pinot-controller/pinot-common,com.linkedin.pinot.common.utils,ClientSSLContextGenerator,207,0,16,0,53,0,14,0,6,0
pinot-controller/pinot-common,com.linkedin.pinot.common.utils,NamedThreadFactory,84,0,6,0,12,0,7,0,4,0
pinot-controller/pinot-common,com.linkedin.pinot.common.utils,ZkStarter.PublicZooKeeperServerMain,0,23,0,0,0,9,0,4,0,4
pinot-controller/pinot-common,com.linkedin.pinot.common.utils,FileUtils,3,38,0,2,1,7,1,4,1,3
pinot-controller/pinot-common,com.linkedin.pinot.common.utils,ZkStarter,23,95,2,2,8,19,3,6,1,6
pinot-controller/pinot-common,com.linkedin.pinot.common.protocols,SegmentCompletionProtocol.Request.Params,84,81,0,0,12,30,8,14,8,14
pinot-controller/pinot-common,com.linkedin.pinot.common.protocols,SegmentCompletionProtocol.SegmentCommitStartRequest,6,0,0,0,2,0,1,0,1,0
pinot-controller/pinot-common,com.linkedin.pinot.common.protocols,SegmentCompletionProtocol.ControllerResponseStatus,5,133,0,0,0,13,1,3,1,3
pinot-controller/pinot-common,com.linkedin.pinot.common.protocols,SegmentCompletionProtocol.SegmentCommitRequest,6,0,0,0,2,0,1,0,1,0
pinot-controller/pinot-common,com.linkedin.pinot.common.protocols,SegmentCompletionProtocol.Request,161,0,12,0,5,0,8,0,2,0
pinot-controller/pinot-common,com.linkedin.pinot.common.protocols,SegmentCompletionProtocol.Response,93,120,12,4,30,17,8,9,2,7
pinot-controller/pinot-common,com.linkedin.pinot.common.protocols,SegmentCompletionProtocol.SegmentConsumedRequest,6,0,0,0,2,0,1,0,1,0
pinot-controller/pinot-common,com.linkedin.pinot.common.protocols,SegmentCompletionProtocol.Response.Params,0,69,0,0,0,26,0,13,0,13
pinot-controller/pinot-common,com.linkedin.pinot.common.protocols,SegmentCompletionProtocol.SegmentStoppedConsuming,6,0,0,0,2,0,1,0,1,0
pinot-controller/pinot-common,com.linkedin.pinot.common.protocols,SegmentCompletionProtocol.ExtendBuildTimeRequest,6,0,0,0,2,0,1,0,1,0
pinot-controller/pinot-common,com.linkedin.pinot.common.protocols,SegmentCompletionProtocol.SegmentCommitEndRequest,6,0,0,0,2,0,1,0,1,0
pinot-controller/pinot-common,com.linkedin.pinot.common.protocols,SegmentCompletionProtocol.SegmentCommitUploadRequest,6,0,0,0,2,0,1,0,1,0
pinot-controller/pinot-common,com.linkedin.pinot.common.protocols,SegmentCompletionProtocol,3,76,0,0,2,12,1,4,1,4
pinot-controller/pinot-common,com.linkedin.pinot.common.utils.primitive,MutableLongValue,97,0,4,0,29,0,17,0,15,0
pinot-controller/pinot-common,com.linkedin.pinot.common.request,InstanceRequest.new Object() {...},40,0,0,0,1,0,1,0,1,0
pinot-controller/pinot-common,com.linkedin.pinot.common.request,Selection.SelectionTupleScheme,211,0,32,0,51,0,19,0,3,0
pinot-controller/pinot-common,com.linkedin.pinot.common.request,SelectionSort.SelectionSortStandardScheme,61,40,12,3,20,15,9,2,1,2
pinot-controller/pinot-common,com.linkedin.pinot.common.request,QueryType.QueryTypeStandardSchemeFactory,0,8,0,0,0,2,0,2,0,2
pinot-controller/pinot-common,com.linkedin.pinot.common.request,Selection.SelectionTupleSchemeFactory,5,3,0,0,1,1,1,1,1,1
pinot-controller/pinot-common,com.linkedin.pinot.common.request,FilterQueryMap,315,116,49,3,89,24,43,9,18,8
pinot-controller/pinot-common,com.linkedin.pinot.common.request,FilterQuery._Fields,48,104,8,2,12,16,11,5,5,4
pinot-controller/pinot-common,com.linkedin.pinot.common.request,BrokerRequest.BrokerRequestStandardScheme,569,206,88,37,146,69,60,13,0,3
pinot-controller/pinot-common,com.linkedin.pinot.common.request,SelectionSort.SelectionSortStandardSchemeFactory,0,8,0,0,0,2,0,2,0,2
pinot-controller/pinot-common,com.linkedin.pinot.common.request,FilterQuery.FilterQueryStandardSchemeFactory,0,8,0,0,0,2,0,2,0,2
pinot-controller/pinot-common,com.linkedin.pinot.common.request,QueryType.QueryTypeTupleScheme,148,0,30,0,43,0,18,0,3,0
pinot-controller/pinot-common,com.linkedin.pinot.common.request,HavingFilterQuery.HavingFilterQueryTupleScheme,228,0,32,0,54,0,19,0,3,0
pinot-controller/pinot-common,com.linkedin.pinot.common.request,HavingFilterQuery.HavingFilterQueryStandardScheme,292,0,38,0,81,0,24,0,3,0
pinot-controller/pinot-common,com.linkedin.pinot.common.request,QueryType.QueryTypeTupleSchemeFactory,5,3,0,0,1,1,1,1,1,1
pinot-controller/pinot-common,com.linkedin.pinot.common.request,InstanceRequest.InstanceRequestStandardScheme,25,217,11,23,10,62,11,11,0,3
pinot-controller/pinot-common,com.linkedin.pinot.common.request,GroupBy.GroupByStandardScheme,161,65,24,6,43,20,16,3,1,2
pinot-controller/pinot-common,com.linkedin.pinot.common.request,GroupBy._Fields,44,80,6,2,10,14,9,5,5,4
pinot-controller/pinot-common,com.linkedin.pinot.common.request,HavingFilterQueryMap.HavingFilterQueryMapTupleScheme,111,0,10,0,25,0,8,0,3,0
pinot-controller/pinot-common,com.linkedin.pinot.common.request,FilterQuery.FilterQueryTupleScheme,223,0,32,0,53,0,19,0,3,0
pinot-controller/pinot-common,com.linkedin.pinot.common.request,FilterQueryMap.new Object() {...},12,0,0,0,1,0,1,0,1,0
pinot-controller/pinot-common,com.linkedin.pinot.common.request,AggregationInfo._Fields,44,80,6,2,10,14,9,5,5,4
pinot-controller/pinot-common,com.linkedin.pinot.common.request,QuerySource._Fields,40,56,4,2,8,12,7,5,5,4
pinot-controller/pinot-common,com.linkedin.pinot.common.request,SelectionSort.SelectionSortTupleScheme,73,0,12,0,22,0,9,0,3,0
pinot-controller/pinot-common,com.linkedin.pinot.common.request,AggregationInfo,539,201,109,3,157,40,80,15,21,15
pinot-controller/pinot-common,com.linkedin.pinot.common.request,GroupBy.GroupByStandardSchemeFactory,0,8,0,0,0,2,0,2,0,2
pinot-controller/pinot-common,com.linkedin.pinot.common.request,HavingFilterQueryMap,348,83,52,0,97,16,48,4,22,4
pinot-controller/pinot-common,com.linkedin.pinot.common.request,Selection._Fields,46,92,7,2,11,15,10,5,5,4
pinot-controller/pinot-common,com.linkedin.pinot.common.request,SelectionSort,396,141,72,1,116,30,56,11,18,11
pinot-controller/pinot-common,com.linkedin.pinot.common.request,GroupBy,513,273,103,17,145,60,79,24,23,17
pinot-controller/pinot-common,com.linkedin.pinot.common.request,HavingFilterQueryMap._Fields,40,56,4,2,8,12,7,5,5,4
pinot-controller/pinot-common,com.linkedin.pinot.common.request,BrokerRequest,2384,693,563,32,702,112,374,52,66,40
pinot-controller/pinot-common,com.linkedin.pinot.common.request,HavingFilterQuery.HavingFilterQueryStandardSchemeFactory,5,3,0,0,1,1,1,1,1,1
pinot-controller/pinot-common,com.linkedin.pinot.common.request,InstanceRequest.InstanceRequestTupleSchemeFactory,5,3,0,0,1,1,1,1,1,1
pinot-controller/pinot-common,com.linkedin.pinot.common.request,FilterQuery.new Object() {...},40,0,0,0,1,0,1,0,1,0
pinot-controller/pinot-common,com.linkedin.pinot.common.request,BrokerRequest.BrokerRequestTupleSchemeFactory,5,3,0,0,1,1,1,1,1,1
pinot-controller/pinot-common,com.linkedin.pinot.common.request,QueryType.new Object() {...},40,0,0,0,1,0,1,0,1,0
pinot-controller/pinot-common,com.linkedin.pinot.common.request,BrokerRequest.BrokerRequestStandardSchemeFactory,0,8,0,0,0,2,0,2,0,2
pinot-controller/pinot-common,com.linkedin.pinot.common.request,FilterQuery,859,269,181,5,245,55,130,20,31,20
pinot-controller/pinot-common,com.linkedin.pinot.common.request,FilterOperator,25,107,9,0,10,13,10,4,2,4
pinot-controller/pinot-common,com.linkedin.pinot.common.request,FilterQueryMap.FilterQueryMapTupleScheme,111,0,10,0,25,0,8,0,3,0
pinot-controller/pinot-common,com.linkedin.pinot.common.request,FilterQueryMap._Fields,40,56,4,2,8,12,7,5,5,4
pinot-controller/pinot-common,com.linkedin.pinot.common.request,FilterQueryMap.FilterQueryMapTupleSchemeFactory,5,3,0,0,1,1,1,1,1,1
pinot-controller/pinot-common,com.linkedin.pinot.common.request,AggregationInfo.AggregationInfoTupleSchemeFactory,5,3,0,0,1,1,1,1,1,1
pinot-controller/pinot-common,com.linkedin.pinot.common.request,Selection.SelectionStandardSchemeFactory,0,8,0,0,0,2,0,2,0,2
pinot-controller/pinot-common,com.linkedin.pinot.common.request,QueryType.QueryTypeStandardScheme,124,64,23,5,38,23,17,2,1,2
pinot-controller/pinot-common,com.linkedin.pinot.common.request,GroupBy.new Object() {...},26,0,0,0,1,0,1,0,1,0
pinot-controller/pinot-common,com.linkedin.pinot.common.request,FilterQuery.FilterQueryTupleSchemeFactory,5,3,0,0,1,1,1,1,1,1
pinot-controller/pinot-common,com.linkedin.pinot.common.request,QuerySource.QuerySourceStandardScheme,43,28,8,2,15,11,6,2,1,2
pinot-controller/pinot-common,com.linkedin.pinot.common.request,SelectionSort.new Object() {...},19,0,0,0,1,0,1,0,1,0
pinot-controller/pinot-common,com.linkedin.pinot.common.request,BrokerRequest._Fields,70,236,19,2,23,27,22,5,5,4
pinot-controller/pinot-common,com.linkedin.pinot.common.request,GroupBy.GroupByTupleSchemeFactory,5,3,0,0,1,1,1,1,1,1
pinot-controller/pinot-common,com.linkedin.pinot.common.request,BrokerRequest.BrokerRequestTupleScheme,623,0,108,0,154,0,57,0,3,0
pinot-controller/pinot-common,com.linkedin.pinot.common.request,QuerySource.QuerySourceTupleSchemeFactory,5,3,0,0,1,1,1,1,1,1
pinot-controller/pinot-common,com.linkedin.pinot.common.request,QuerySource,267,91,45,1,80,20,40,7,17,7
pinot-controller/pinot-common,com.linkedin.pinot.common.request,AggregationInfo.AggregationInfoStandardSchemeFactory,0,8,0,0,0,2,0,2,0,2
pinot-controller/pinot-common,com.linkedin.pinot.common.request,InstanceRequest.InstanceRequestStandardSchemeFactory,0,8,0,0,0,2,0,2,0,2
pinot-controller/pinot-common,com.linkedin.pinot.common.request,HavingFilterQueryMap.HavingFilterQueryMapStandardSchemeFactory,5,3,0,0,1,1,1,1,1,1
pinot-controller/pinot-common,com.linkedin.pinot.common.request,QueryType,773,262,146,0,223,50,106,17,27,17
pinot-controller/pinot-common,com.linkedin.pinot.common.request,HavingFilterQueryMap.HavingFilterQueryMapStandardScheme,138,0,14,0,38,0,10,0,3,0
pinot-controller/pinot-common,com.linkedin.pinot.common.request,Selection.new Object() {...},33,0,0,0,1,0,1,0,1,0
pinot-controller/pinot-common,com.linkedin.pinot.common.request,HavingFilterQueryMap.HavingFilterQueryMapTupleSchemeFactory,5,3,0,0,1,1,1,1,1,1
pinot-controller/pinot-common,com.linkedin.pinot.common.request,HavingFilterQuery,922,207,186,0,261,39,138,12,39,12
pinot-controller/pinot-common,com.linkedin.pinot.common.request,Selection,703,269,142,7,196,55,101,23,25,20
pinot-controller/pinot-common,com.linkedin.pinot.common.request,FilterQueryMap.FilterQueryMapStandardScheme,78,60,10,4,22,16,7,3,1,2
pinot-controller/pinot-common,com.linkedin.pinot.common.request,InstanceRequest,749,365,161,17,211,84,113,30,20,28
pinot-controller/pinot-common,com.linkedin.pinot.common.request,AggregationInfo.AggregationInfoStandardScheme,118,77,19,7,34,22,14,3,1,2
pinot-controller/pinot-common,com.linkedin.pinot.common.request,SelectionSort._Fields,42,68,5,2,9,13,8,5,5,4
pinot-controller/pinot-common,com.linkedin.pinot.common.request,GroupBy.GroupByTupleScheme,182,0,26,0,43,0,16,0,3,0
pinot-controller/pinot-common,com.linkedin.pinot.common.request,QuerySource.QuerySourceTupleScheme,48,0,6,0,15,0,6,0,3,0
pinot-controller/pinot-common,com.linkedin.pinot.common.request,HavingFilterQuery._Fields,48,104,8,2,12,16,11,5,5,4
pinot-controller/pinot-common,com.linkedin.pinot.common.request,QueryType._Fields,48,104,8,2,12,16,11,5,5,4
pinot-controller/pinot-common,com.linkedin.pinot.common.request,InstanceRequest.InstanceRequestTupleScheme,169,0,22,0,43,0,14,0,3,0
pinot-controller/pinot-common,com.linkedin.pinot.common.request,QuerySource.new Object() {...},12,0,0,0,1,0,1,0,1,0
pinot-controller/pinot-common,com.linkedin.pinot.common.request,SelectionSort.SelectionSortTupleSchemeFactory,5,3,0,0,1,1,1,1,1,1
pinot-controller/pinot-common,com.linkedin.pinot.common.request,FilterQuery.FilterQueryStandardScheme,165,122,27,11,45,35,19,5,1,2
pinot-controller/pinot-common,com.linkedin.pinot.common.request,HavingFilterQuery.new Object() {...},40,0,0,0,1,0,1,0,1,0
pinot-controller/pinot-common,com.linkedin.pinot.common.request,Selection.SelectionStandardScheme,158,102,25,10,44,29,18,4,1,2
pinot-controller/pinot-common,com.linkedin.pinot.common.request,AggregationInfo.AggregationInfoTupleScheme,155,0,22,0,38,0,14,0,3,0
pinot-controller/pinot-common,com.linkedin.pinot.common.request,InstanceRequest._Fields,48,104,8,2,12,16,11,5,5,4
pinot-controller/pinot-common,com.linkedin.pinot.common.request,AggregationInfo.new Object() {...},26,0,0,0,1,0,1,0,1,0
pinot-controller/pinot-common,com.linkedin.pinot.common.request,QuerySource.QuerySourceStandardSchemeFactory,0,8,0,0,0,2,0,2,0,2
pinot-controller/pinot-common,com.linkedin.pinot.common.request,BrokerRequest.new Object() {...},117,0,0,0,1,0,1,0,1,0
pinot-controller/pinot-common,com.linkedin.pinot.common.request,FilterQueryMap.FilterQueryMapStandardSchemeFactory,0,8,0,0,0,2,0,2,0,2
pinot-controller/pinot-common,com.linkedin.pinot.common.request,HavingFilterQuery.HavingFilterQueryTupleSchemeFactory,5,3,0,0,1,1,1,1,1,1
pinot-controller/pinot-common,com.linkedin.pinot.common.request,HavingFilterQueryMap.new Object() {...},12,0,0,0,1,0,1,0,1,0
pinot-controller/pinot-common,com.linkedin.pinot.common.data,MetricFieldSpec,2,262,4,20,0,49,4,25,0,17
pinot-controller/pinot-common,com.linkedin.pinot.common.data,FieldSpec.DataType,84,312,18,29,16,53,18,30,0,13
pinot-controller/pinot-common,com.linkedin.pinot.common.data,FieldSpec.new Object() {...},27,175,0,0,0,3,0,1,0,1
pinot-controller/pinot-common,com.linkedin.pinot.common.data,TimeGranularitySpec,96,353,13,21,18,77,13,28,3,21
pinot-controller/pinot-common,com.linkedin.pinot.common.data,DimensionFieldSpec,0,45,0,0,0,8,0,5,0,5
pinot-controller/pinot-common,com.linkedin.pinot.common.data,Schema.new Object() {...},9,63,0,0,0,2,0,1,0,1
pinot-controller/pinot-common,com.linkedin.pinot.common.data,TimeGranularitySpec.TimeFormat,9,29,0,0,0,3,2,2,2,2
pinot-controller/pinot-common,com.linkedin.pinot.common.data,MetricFieldSpec.DerivedMetricType,0,28,0,0,0,2,0,4,0,4
pinot-controller/pinot-common,com.linkedin.pinot.common.data,DateTimeFormatPatternSpec,21,131,5,9,6,24,6,10,1,8
pinot-controller/pinot-common,com.linkedin.pinot.common.data,FieldSpec,175,316,12,39,22,82,12,41,2,17
pinot-controller/pinot-common,com.linkedin.pinot.common.data,StarTreeIndexSpec,127,67,16,0,22,24,13,16,5,16
pinot-controller/pinot-common,com.linkedin.pinot.common.data,DateTimeFormatSpec,26,358,7,19,7,58,8,22,1,16
pinot-controller/pinot-common,com.linkedin.pinot.common.data,Schema.SchemaBuilder,5,276,1,1,1,49,1,24,0,24
pinot-controller/pinot-common,com.linkedin.pinot.common.data,DateTimeFieldSpec,4,123,0,6,2,29,1,14,1,11
pinot-controller/pinot-common,com.linkedin.pinot.common.data,DateTimeFormatUnitSpec.DateTimeTransformUnit,0,98,0,0,0,9,0,4,0,4
pinot-controller/pinot-common,com.linkedin.pinot.common.data,DateTimeFieldSpec.TimeFormat,0,38,0,0,0,3,0,4,0,4
pinot-controller/pinot-common,com.linkedin.pinot.common.data,Schema,112,597,20,62,27,138,23,60,4,34
pinot-controller/pinot-common,com.linkedin.pinot.common.data,DateTimeGranularitySpec,8,107,4,4,3,25,5,6,1,6
pinot-controller/pinot-common,com.linkedin.pinot.common.data,FieldSpec.FieldType,0,58,0,0,0,5,0,4,0,4
pinot-controller/pinot-common,com.linkedin.pinot.common.data,TimeFieldSpec,13,340,0,12,6,73,5,29,5,23
pinot-controller/pinot-common,com.linkedin.pinot.common.data,DateTimeFormatUnitSpec,10,83,6,12,3,21,6,9,0,6
pinot-controller/pinot-common,com.linkedin.pinot.common.metrics,AggregatedMeter,262,0,14,0,58,0,23,0,16,0
pinot-controller/pinot-common,com.linkedin.pinot.common.metrics,AggregatedLongGauge,97,0,6,0,25,0,11,0,8,0
pinot-controller/pinot-common,com.linkedin.pinot.common.metrics,MetricsHelper,126,144,18,10,32,35,20,10,9,7
pinot-controller/pinot-common,com.linkedin.pinot.common.metrics,ControllerGauge,8,163,0,0,1,19,2,5,2,5
pinot-controller/pinot-common,com.linkedin.pinot.common.metrics,AggregatedMetricsRegistry,39,0,0,0,8,0,6,0,6,0
pinot-controller/pinot-common,com.linkedin.pinot.common.metrics,BrokerMetrics,19,0,0,0,7,0,5,0,5,0
pinot-controller/pinot-common,com.linkedin.pinot.common.metrics,ValidationMetrics.CurrentTimeMillisDeltaGauge,33,0,4,0,7,0,4,0,2,0
pinot-controller/pinot-common,com.linkedin.pinot.common.metrics,ControllerMetrics,3,10,0,0,1,4,1,3,1,3
pinot-controller/pinot-common,com.linkedin.pinot.common.metrics,LatencyMetric,112,0,2,0,22,0,10,0,9,0
pinot-controller/pinot-common,com.linkedin.pinot.common.metrics,ValidationMetrics.CurrentTimeMillisDeltaGaugeHours,44,0,4,0,8,0,4,0,2,0
pinot-controller/pinot-common,com.linkedin.pinot.common.metrics,BrokerQueryPhase,107,0,0,0,13,0,5,0,5,0
pinot-controller/pinot-common,com.linkedin.pinot.common.metrics,ControllerTimer,33,0,0,0,7,0,6,0,6,0
pinot-controller/pinot-common,com.linkedin.pinot.common.metrics,ServerMeter,12,315,0,0,1,32,3,4,3,4
pinot-controller/pinot-common,com.linkedin.pinot.common.metrics,ServerMetrics,13,6,0,0,5,2,4,1,4,1
pinot-controller/pinot-common,com.linkedin.pinot.common.metrics,ValidationMetrics,196,37,4,0,36,8,12,1,10,1
pinot-controller/pinot-common,com.linkedin.pinot.common.metrics,BrokerMeter,339,0,0,0,34,0,7,0,7,0
pinot-controller/pinot-common,com.linkedin.pinot.common.metrics,ServerTimer,45,0,0,0,8,0,6,0,6,0
pinot-controller/pinot-common,com.linkedin.pinot.common.metrics,AggregatedHistogram,272,0,20,0,66,0,24,0,14,0
pinot-controller/pinot-common,com.linkedin.pinot.common.metrics,ValidationMetrics.StoredValueGaugeFactory,7,6,0,0,1,1,1,1,1,1
pinot-controller/pinot-common,com.linkedin.pinot.common.metrics,AggregatedCounter,121,0,12,0,31,0,15,0,9,0
pinot-controller/pinot-common,com.linkedin.pinot.common.metrics,AbstractMetrics.new Callable() {...},10,9,0,0,1,1,1,1,1,1
pinot-controller/pinot-common,com.linkedin.pinot.common.metrics,AbstractMetrics.new Callable() {...},10,9,0,0,1,1,1,1,1,1
pinot-controller/pinot-common,com.linkedin.pinot.common.metrics,AbstractMetrics.new Gauge() {...},17,9,0,0,5,1,1,1,1,1
pinot-controller/pinot-common,com.linkedin.pinot.common.metrics,AbstractMetrics.new Callable() {...},10,9,0,0,1,1,1,1,1,1
pinot-controller/pinot-common,com.linkedin.pinot.common.metrics,JmxReporterMetricsRegistryRegistrationListener,0,9,0,0,0,3,0,2,0,2
pinot-controller/pinot-common,com.linkedin.pinot.common.metrics,ValidationMetrics.StoredValueGauge,17,0,0,0,4,0,2,0,2,0
pinot-controller/pinot-common,com.linkedin.pinot.common.metrics,ServerGauge,15,180,0,0,2,20,4,3,4,3
pinot-controller/pinot-common,com.linkedin.pinot.common.metrics,BrokerTimer,55,0,0,0,9,0,6,0,6,0
pinot-controller/pinot-common,com.linkedin.pinot.common.metrics,ControllerMeter,5,394,0,0,0,39,1,6,1,6
pinot-controller/pinot-common,com.linkedin.pinot.common.metrics,MetricsHelper.TimerContext,29,0,2,0,10,0,4,0,3,0
pinot-controller/pinot-common,com.linkedin.pinot.common.metrics,ValidationMetrics.CurrentTimeMillisDeltaGaugeHoursFactory,7,6,0,0,1,1,1,1,1,1
pinot-controller/pinot-common,com.linkedin.pinot.common.metrics,BrokerGauge,39,0,0,0,9,0,7,0,7,0
pinot-controller/pinot-common,com.linkedin.pinot.common.metrics,ValidationMetrics.CurrentTimeMillisDeltaGaugeFactory,7,6,0,0,1,1,1,1,1,1
pinot-controller/pinot-common,com.linkedin.pinot.common.metrics,ServerQueryPhase,9,98,0,0,0,13,2,3,2,3
pinot-controller/pinot-common,com.linkedin.pinot.common.metrics,AbstractMetrics,216,473,11,25,34,83,16,25,6,17
pinot-controller/pinot-common,com.linkedin.pinot.common.response,ProcessingException.new Object() {...},19,0,0,0,1,0,1,0,1,0
pinot-controller/pinot-common,com.linkedin.pinot.common.response,ProcessingException.ProcessingExceptionTupleSchemeFactory,5,3,0,0,1,1,1,1,1,1
pinot-controller/pinot-common,com.linkedin.pinot.common.response,ProcessingException._Fields,42,68,5,2,9,13,8,5,5,4
pinot-controller/pinot-common,com.linkedin.pinot.common.response,ProcessingException,355,197,68,5,104,47,57,11,19,11
pinot-controller/pinot-common,com.linkedin.pinot.common.response,ProcessingException.ProcessingExceptionStandardSchemeFactory,5,3,0,0,1,1,1,1,1,1
pinot-controller/pinot-common,com.linkedin.pinot.common.response,ProcessingException.ProcessingExceptionTupleScheme,60,0,6,0,18,0,6,0,3,0
pinot-controller/pinot-common,com.linkedin.pinot.common.response,ProcessingException.ProcessingExceptionStandardScheme,98,0,13,0,34,0,10,0,3,0
pinot-controller/pinot-common,com.linkedin.pinot.common.response,BrokerResponseFactory,122,0,14,0,20,0,14,0,7,0
pinot-controller/pinot-common,com.linkedin.pinot.common.response,ServerInstance,203,101,20,2,49,24,22,6,11,6
pinot-controller/pinot-common,com.linkedin.pinot.common.response,BrokerResponseFactory.ResponseType,28,0,0,0,2,0,4,0,4,0
pinot-controller/pinot-common,com.linkedin.pinot.common.messages,SegmentReloadMessage,42,0,2,0,11,0,3,0,2,0
pinot-controller/pinot-common,com.linkedin.pinot.common.messages,SegmentRefreshMessage,30,24,2,0,5,7,3,1,2,1
pinot-controller/pinot-common,com.linkedin.pinot.common.utils.request,HavingQueryTree,87,21,10,0,14,8,7,3,2,3
pinot-controller/pinot-common,com.linkedin.pinot.common.utils.request,FilterQueryTree,112,27,12,0,21,10,8,5,2,5
pinot-controller/pinot-common,com.linkedin.pinot.common.utils.request,QueryTree,0,9,0,0,0,3,0,3,0,3
pinot-controller/pinot-common,com.linkedin.pinot.common.utils.request,RequestUtils,22,484,12,52,8,117,12,31,1,10
pinot-controller/pinot-common,com.linkedin.pinot.pql.parsers.utils,JSONUtil,309,0,46,0,94,0,34,0,11,0
pinot-controller/pinot-common,com.linkedin.pinot.pql.parsers.utils,JSONUtil.FastJSONArray,425,0,56,0,100,0,50,0,22,0
pinot-controller/pinot-common,com.linkedin.pinot.pql.parsers.utils,Pair,23,0,0,0,10,0,5,0,5,0
pinot-controller/pinot-common,com.linkedin.pinot.pql.parsers.utils,PQLParserUtils,318,0,32,0,72,0,20,0,4,0
pinot-controller/pinot-common,com.linkedin.pinot.pql.parsers.utils,JSONUtil.FastJSONObject,478,0,56,0,113,0,53,0,25,0
pinot-controller/pinot-common,com.linkedin.pinot.common.utils.time,TimeUtils,9,85,1,9,3,12,4,8,3,4
pinot-controller/pinot-common,com.linkedin.pinot.common.utils.time,DefaultTimeConverter.new Object() {...},6,41,0,0,0,1,0,1,0,1
pinot-controller/pinot-common,com.linkedin.pinot.common.utils.time,DefaultTimeConverter,38,105,8,15,6,23,8,10,0,4
pinot-controller/pinot-common,com.linkedin.pinot.common.utils.time,TimeConverterProvider,3,10,0,0,1,3,1,1,1,1
pinot-controller/pinot-common,com.linkedin.pinot.common.utils.retry,AttemptFailureException,8,0,0,0,4,0,2,0,2,0
pinot-controller/pinot-common,com.linkedin.pinot.common.utils.retry,AttemptsExceededException,4,0,0,0,2,0,1,0,1,0
pinot-controller/pinot-common,com.linkedin.pinot.common.utils.retry,RetryPolicies,3,18,0,0,2,3,1,3,1,3
pinot-controller/pinot-common,com.linkedin.pinot.common.utils.retry,NoDelayRetryPolicy,2,4,0,0,1,2,1,1,1,1
pinot-controller/pinot-common,com.linkedin.pinot.common.utils.retry,FixedDelayRetryPolicy,3,7,0,0,1,3,1,1,1,1
pinot-controller/pinot-common,com.linkedin.pinot.common.utils.retry,BaseRetryPolicy,21,23,1,3,3,10,1,3,0,2
pinot-controller/pinot-common,com.linkedin.pinot.common.utils.retry,ExponentialBackoffRetryPolicy,0,33,0,0,0,9,0,2,0,2
pinot-controller/pinot-common,com.linkedin.pinot.common.utils.retry,RetriableOperationException,4,0,0,0,2,0,1,0,1,0
pinot-controller/pinot-core,com.linkedin.pinot.core.plan.maker,InstancePlanMakerImplV2,57,270,15,41,10,60,10,28,1,9
pinot-controller/pinot-core,com.linkedin.pinot.core.plan.maker,BrokerRequestPreProcessor,35,77,3,11,4,22,4,6,1,2
pinot-controller/pinot-core,com.linkedin.pinot.core.common.datatable,DataTableImplV2.new Object() {...},68,0,0,0,1,0,1,0,1,0
pinot-controller/pinot-core,com.linkedin.pinot.core.common.datatable,DataTableImplV2,177,1160,25,63,33,259,22,59,1,32
pinot-controller/pinot-core,com.linkedin.pinot.core.common.datatable,DataTableBuilder.new Object() {...},26,0,0,0,1,0,1,0,1,0
pinot-controller/pinot-core,com.linkedin.pinot.core.common.datatable,DataTableUtils.new Object() {...},9,59,0,0,0,1,0,1,0,1
pinot-controller/pinot-core,com.linkedin.pinot.core.common.datatable,DataTableBuilder,286,698,16,26,57,122,11,35,2,22
pinot-controller/pinot-core,com.linkedin.pinot.core.common.datatable,ObjectCustomSerDe.new Object() {...},10,65,0,0,0,1,0,1,0,1
pinot-controller/pinot-core,com.linkedin.pinot.core.common.datatable,ObjectCustomSerDe,67,531,7,71,9,141,8,61,1,20
pinot-controller/pinot-core,com.linkedin.pinot.core.common.datatable,DataTableFactory,15,13,1,1,3,4,2,1,1,1
pinot-controller/pinot-core,com.linkedin.pinot.core.common.datatable,ObjectType,17,166,1,3,1,22,2,6,1,5
pinot-controller/pinot-core,com.linkedin.pinot.core.common.datatable,DataTableUtils,9,56,3,15,2,27,4,12,1,2
pinot-controller/pinot-core,com.linkedin.pinot.core.operator.blocks,IntermediateResultsBlock.new Object() {...},3,23,0,0,0,1,0,1,0,1
pinot-controller/pinot-core,com.linkedin.pinot.core.operator.blocks,BitmapBlock,0,27,0,0,0,7,0,2,0,2
pinot-controller/pinot-core,com.linkedin.pinot.core.operator.blocks,EmptyFilterBlock,12,0,0,0,5,0,4,0,4,0
pinot-controller/pinot-core,com.linkedin.pinot.core.operator.blocks,InstanceResponseBlock,27,18,0,0,7,7,4,3,4,3
pinot-controller/pinot-core,com.linkedin.pinot.core.operator.blocks,DocIdSetBlock,12,23,0,0,3,7,3,4,3,4
pinot-controller/pinot-core,com.linkedin.pinot.core.operator.blocks,MultiValueBlock,8,27,0,0,2,6,2,3,2,3
pinot-controller/pinot-core,com.linkedin.pinot.core.operator.blocks,ProjectionBlock,16,47,0,0,4,11,4,6,4,6
pinot-controller/pinot-core,com.linkedin.pinot.core.operator.blocks,OrBlock,12,16,0,0,3,5,3,2,3,2
pinot-controller/pinot-core,com.linkedin.pinot.core.operator.blocks,MatchEntireSegmentDocIdSetBlock,0,16,0,0,0,5,0,2,0,2
pinot-controller/pinot-core,com.linkedin.pinot.core.operator.blocks,BaseFilterBlock,12,6,0,0,3,2,3,2,3,2
pinot-controller/pinot-core,com.linkedin.pinot.core.operator.blocks,AndBlock,12,16,0,0,3,5,3,2,3,2
pinot-controller/pinot-core,com.linkedin.pinot.core.operator.blocks,TransformBlock,16,66,0,8,4,10,4,9,4,5
pinot-controller/pinot-core,com.linkedin.pinot.core.operator.blocks,IntermediateResultsBlock,137,288,14,16,32,73,22,25,13,18
pinot-controller/pinot-core,com.linkedin.pinot.core.operator.blocks,BlockMetadataImpl,0,47,0,2,0,15,0,10,0,9
pinot-controller/pinot-core,com.linkedin.pinot.core.operator.blocks,SingleValueBlock,8,33,0,0,2,8,2,4,2,4
pinot-controller/pinot-core,com.linkedin.pinot.core.realtime,SegmentMetadataChangeContext,3,0,0,0,1,0,1,0,1,0
pinot-controller/pinot-core,com.linkedin.pinot.core.realtime,StreamProviderFactory,20,0,0,0,9,0,5,0,5,0
pinot-controller/pinot-core,com.linkedin.pinot.core.query.aggregation.groupby.utils,BaseValueToIdMap,40,3,0,0,10,1,10,1,10,1
pinot-controller/pinot-core,com.linkedin.pinot.core.query.aggregation.groupby.utils,ValueToIdMapFactory,15,25,1,5,3,6,2,5,1,1
pinot-controller/pinot-core,com.linkedin.pinot.core.query.aggregation.groupby.utils,DoubleToIdMap,24,62,8,4,2,14,7,4,1,4
pinot-controller/pinot-core,com.linkedin.pinot.core.query.aggregation.groupby.utils,FloatToIdMap,24,62,8,4,2,14,7,4,1,4
pinot-controller/pinot-core,com.linkedin.pinot.core.query.aggregation.groupby.utils,IntToIdMap,24,62,8,4,2,14,7,4,1,4
pinot-controller/pinot-core,com.linkedin.pinot.core.query.aggregation.groupby.utils,StringToIdMap,6,61,4,4,0,14,4,4,0,4
pinot-controller/pinot-core,com.linkedin.pinot.core.query.aggregation.groupby.utils,LongToIdMap,24,62,8,4,2,14,7,4,1,4
pinot-controller/pinot-core,com.linkedin.pinot.core.query.aggregation.groupby.utils,ValueToIdMapFactory.new Object() {...},5,35,0,0,0,1,0,1,0,1
pinot-controller/pinot-core,com.linkedin.pinot.core.io.reader.impl.v1,SortedIndexReader,10,227,3,21,1,48,3,17,0,8
pinot-controller/pinot-core,com.linkedin.pinot.core.io.reader.impl.v1,FixedBitMultiValueReader.Context,0,9,0,0,0,3,0,1,0,1
pinot-controller/pinot-core,com.linkedin.pinot.core.io.reader.impl.v1,FixedByteChunkSingleValueReader,38,144,13,13,4,28,13,11,0,11
pinot-controller/pinot-core,com.linkedin.pinot.core.io.reader.impl.v1,SortedIndexReader.Context,0,12,0,0,0,4,0,1,0,1
pinot-controller/pinot-core,com.linkedin.pinot.core.io.reader.impl.v1,VarByteChunkSingleValueReader.new ThreadLocal() {...},0,11,0,0,0,2,0,2,0,2
pinot-controller/pinot-core,com.linkedin.pinot.core.io.reader.impl.v1,FixedBitMultiValueReader,0,272,0,14,0,52,0,12,0,5
pinot-controller/pinot-core,com.linkedin.pinot.core.io.reader.impl.v1,BaseChunkSingleValueReader,10,197,0,8,3,48,0,11,0,7
pinot-controller/pinot-core,com.linkedin.pinot.core.io.reader.impl.v1,VarByteChunkSingleValueReader,0,100,0,4,0,20,0,6,0,4
pinot-controller/pinot-core,com.linkedin.pinot.core.io.reader.impl.v1,FixedBitSingleValueReader,0,48,0,2,0,12,0,7,0,6
pinot-controller/pinot-core,com.linkedin.pinot.core.query.executor,ServerQueryExecutorV1Impl,183,306,28,14,36,78,23,9,4,7
pinot-controller/pinot-core,com.linkedin.pinot.core.segment.creator.impl.fwd,SingleValueUnsortedForwardIndexCreator,2,69,1,3,1,17,1,5,0,4
pinot-controller/pinot-core,com.linkedin.pinot.core.segment.creator.impl.fwd,MultiValueUnsortedForwardIndexCreator,0,59,0,0,0,14,0,3,0,3
pinot-controller/pinot-core,com.linkedin.pinot.core.segment.creator.impl.fwd,SingleValueFixedByteRawIndexCreator,14,95,1,7,1,23,1,10,0,7
pinot-controller/pinot-core,com.linkedin.pinot.core.segment.creator.impl.fwd,SingleValueSortedForwardIndexCreator,0,135,1,9,0,25,1,9,0,5
pinot-controller/pinot-core,com.linkedin.pinot.core.segment.creator.impl.fwd,SingleValueVarByteRawIndexCreator,31,41,3,1,5,9,3,3,1,3
pinot-controller/pinot-core,com.linkedin.pinot.core.operator.docvaliterators,MultiValueIterator,4,44,0,2,2,10,1,5,1,4
pinot-controller/pinot-core,com.linkedin.pinot.core.operator.docvaliterators,SingleValueIterator,13,86,0,2,1,15,1,9,1,8
pinot-controller/pinot-core,com.linkedin.pinot.core.segment.store,SegmentLocalFSDirectory.Reader,0,42,0,0,0,9,0,8,0,8
pinot-controller/pinot-core,com.linkedin.pinot.core.segment.store,ColumnIndexDirectory,7,71,0,0,1,12,1,3,1,3
pinot-controller/pinot-core,com.linkedin.pinot.core.segment.store,SegmentDirectoryPaths.new Object() {...},3,23,0,0,0,1,0,1,0,1
pinot-controller/pinot-core,com.linkedin.pinot.core.segment.store,FilePerIndexDirectory.new Object() {...},3,23,0,0,0,1,0,1,0,1
pinot-controller/pinot-core,com.linkedin.pinot.core.segment.store,IndexKey,7,68,5,5,3,14,5,5,0,5
pinot-controller/pinot-core,com.linkedin.pinot.core.segment.store,SegmentDirectory.Writer,8,12,0,0,4,4,2,2,2,2
pinot-controller/pinot-core,com.linkedin.pinot.core.segment.store,SegmentDirectoryPaths,28,80,1,8,5,19,4,9,3,5
pinot-controller/pinot-core,com.linkedin.pinot.core.segment.store,SegmentDirectory,0,19,0,0,0,5,0,4,0,4
pinot-controller/pinot-core,com.linkedin.pinot.core.segment.store,IndexEntry,24,16,0,0,1,6,1,2,1,2
pinot-controller/pinot-core,com.linkedin.pinot.core.segment.store,FilePerIndexDirectory,28,313,5,11,3,56,5,21,0,17
pinot-controller/pinot-core,com.linkedin.pinot.core.segment.store,ColumnIndexType,17,75,1,3,1,11,2,6,1,5
pinot-controller/pinot-core,com.linkedin.pinot.core.segment.store,SingleFileIndexDirectory,123,764,15,37,8,128,14,36,1,23
pinot-controller/pinot-core,com.linkedin.pinot.core.segment.store,SegmentDirectory.Reader,0,6,0,0,0,1,0,1,0,1
pinot-controller/pinot-core,com.linkedin.pinot.core.segment.store,SegmentLocalFSDirectory.Writer,77,97,1,5,15,19,9,12,8,9
pinot-controller/pinot-core,com.linkedin.pinot.core.segment.store,SegmentLocalFSDirectory,168,302,18,29,33,79,15,30,2,18
pinot-controller/pinot-core,com.linkedin.pinot.core.segment.store,SegmentLocalFSDirectory.SegmentLock,0,64,0,10,0,18,0,10,0,5
pinot-controller/pinot-core,com.linkedin.pinot.core.segment.store,SegmentLocalFSDirectory.new Object() {...},6,45,0,0,0,2,0,1,0,1
pinot-controller/pinot-core,com.linkedin.pinot.core.operator.transform.function,DateTimeConversionTransform,16,99,5,6,4,21,6,4,2,2
pinot-controller/pinot-core,com.linkedin.pinot.core.operator.transform.function,TransformFunctionFactory,43,66,2,4,16,18,3,4,1,3
pinot-controller/pinot-core,com.linkedin.pinot.core.operator.transform.function,SubtractionTransform,6,55,4,4,0,11,3,5,0,4
pinot-controller/pinot-core,com.linkedin.pinot.core.operator.transform.function,AdditionTransform,5,55,3,5,0,10,2,6,0,4
pinot-controller/pinot-core,com.linkedin.pinot.core.operator.transform.function,TimeConversionTransform,23,84,7,5,2,16,6,5,0,5
pinot-controller/pinot-core,com.linkedin.pinot.core.operator.transform.function,DivisionTransform,6,55,4,4,0,11,3,5,0,4
pinot-controller/pinot-core,com.linkedin.pinot.core.operator.transform.function,MultiplicationTransform,5,59,3,5,0,11,2,6,0,4
pinot-controller/pinot-core,com.linkedin.pinot.core.operator.transform.function,DateTimeConversionTransform.new Object() {...},3,23,0,0,0,1,0,1,0,1
pinot-controller/pinot-core,com.linkedin.pinot.core.realtime.impl.kafka,KafkaAvroMessageDecoder,395,0,28,0,67,0,23,0,9,0
pinot-controller/pinot-core,com.linkedin.pinot.core.realtime.impl.kafka,AvroRecordToPinotRowGenerator,8,59,2,4,1,14,2,3,0,2
pinot-controller/pinot-core,com.linkedin.pinot.core.realtime.impl.kafka,KafkaConsumerManager,233,0,6,0,50,0,8,0,5,0
pinot-controller/pinot-core,com.linkedin.pinot.core.realtime.impl.kafka,KafkaJSONMessageDecoder.new Object() {...},47,0,0,0,1,0,1,0,1,0
pinot-controller/pinot-core,com.linkedin.pinot.core.realtime.impl.kafka,KafkaAvroMessageDecoder.SchemaFetcher,114,0,10,0,20,0,8,0,3,0
pinot-controller/pinot-core,com.linkedin.pinot.core.realtime.impl.kafka,SimpleConsumerWrapper,336,324,52,23,63,76,35,14,1,10
pinot-controller/pinot-core,com.linkedin.pinot.core.realtime.impl.kafka,KafkaConsumerManager.new Thread() {...},117,0,6,0,24,0,5,0,2,0
pinot-controller/pinot-core,com.linkedin.pinot.core.realtime.impl.kafka,KafkaJSONMessageDecoder,224,0,22,0,48,0,20,0,7,0
pinot-controller/pinot-core,com.linkedin.pinot.core.realtime.impl.kafka,SimpleConsumerWrapper.ConnectedToBootstrapNode,1,23,1,1,0,7,1,3,0,3
pinot-controller/pinot-core,com.linkedin.pinot.core.realtime.impl.kafka,SimpleConsumerWrapper.ConnectingToPartitionLeader,56,46,4,2,14,7,4,2,1,2
pinot-controller/pinot-core,com.linkedin.pinot.core.realtime.impl.kafka,ConsumerAndIterator,50,0,0,0,10,0,6,0,6,0
pinot-controller/pinot-core,com.linkedin.pinot.core.realtime.impl.kafka,KafkaHighLevelStreamProviderConfig,414,161,57,3,67,39,44,6,14,6
pinot-controller/pinot-core,com.linkedin.pinot.core.realtime.impl.kafka,SimpleConsumerWrapper.FetchingLeaderInformation,21,80,3,3,9,16,4,2,1,2
pinot-controller/pinot-core,com.linkedin.pinot.core.realtime.impl.kafka,SimpleConsumerMessageBatch,47,14,1,1,7,4,6,1,5,1
pinot-controller/pinot-core,com.linkedin.pinot.core.realtime.impl.kafka,SimpleConsumerWrapper.TransientConsumerException,5,0,0,0,2,0,1,0,1,0
pinot-controller/pinot-core,com.linkedin.pinot.core.realtime.impl.kafka,PinotKafkaConsumerFactory,3,17,0,0,2,6,0,3,0,3
pinot-controller/pinot-core,com.linkedin.pinot.core.realtime.impl.kafka,SimpleConsumerWrapper.ConnectedToPartitionLeader,3,8,0,0,2,3,2,1,2,1
pinot-controller/pinot-core,com.linkedin.pinot.core.realtime.impl.kafka,SimpleConsumerFactory,14,20,0,0,2,3,1,2,1,2
pinot-controller/pinot-core,com.linkedin.pinot.core.realtime.impl.kafka,SimpleConsumerWrapper.PermanentConsumerException,0,5,0,0,0,2,0,1,0,1
pinot-controller/pinot-core,com.linkedin.pinot.core.realtime.impl.kafka,SimpleConsumerWrapper.ConnectingToBootstrapNode,14,80,1,1,6,13,1,3,0,3
pinot-controller/pinot-core,com.linkedin.pinot.core.realtime.impl.kafka,KafkaHighLevelConsumerStreamProvider,276,0,10,0,51,0,16,0,11,0
pinot-controller/pinot-core,com.linkedin.pinot.core.realtime.impl.kafka,SimpleConsumerWrapper.ConsumerState,9,59,0,0,0,6,2,2,2,2
pinot-controller/pinot-core,com.linkedin.pinot.core.realtime.impl.kafka,SimpleConsumerWrapper.State,20,12,0,0,4,4,1,2,1,2
pinot-controller/pinot-core,com.linkedin.pinot.core.realtime.impl.kafka,KafkaSimpleConsumerFactoryImpl,9,3,0,0,1,1,1,1,1,1
pinot-controller/pinot-core,com.linkedin.pinot.core.realtime.impl.kafka,KafkaAvroMessageDecoder.MD5AvroSchemaMap,52,0,4,0,11,0,5,0,3,0
pinot-controller/pinot-core,com.linkedin.pinot.core.realtime.impl.kafka,SimpleConsumerWrapper.new Predicate() {...},39,12,10,0,6,1,6,1,1,1
pinot-controller/pinot-core,com.linkedin.pinot.core.realtime.impl.kafka,SimpleConsumerWrapper.new Object() {...},229,0,0,0,1,0,1,0,1,0
pinot-controller/pinot-core,com.linkedin.pinot.core.realtime.impl.kafka,KafkaLowLevelStreamProviderConfig,59,35,9,3,12,9,8,3,2,3
pinot-controller/pinot-core,com.linkedin.pinot.core.realtime.impl.kafka,KafkaBrokerWrapper,31,49,2,2,7,10,3,4,1,4
pinot-controller/pinot-core,com.linkedin.pinot.core.operator.transform,DefaultExpressionEvaluator.new Object() {...},3,23,0,0,0,1,0,1,0,1
pinot-controller/pinot-core,com.linkedin.pinot.core.operator.transform,DefaultExpressionEvaluator,12,110,2,10,1,23,2,9,0,4
pinot-controller/pinot-core,com.linkedin.pinot.core.operator.transform,TransformExpressionOperator,3,54,1,7,1,12,2,7,1,4
pinot-controller/pinot-core,com.linkedin.pinot.core.operator.transform,TransformUtils,39,0,0,0,4,0,3,0,3,0
pinot-controller/pinot-core,com.linkedin.pinot.core.operator.docvalsets,ProjectionBlockValSet,22,90,0,0,5,19,4,12,4,12
pinot-controller/pinot-core,com.linkedin.pinot.core.operator.docvalsets,TransformBlockValSet,62,105,7,3,15,24,7,6,2,6
pinot-controller/pinot-core,com.linkedin.pinot.core.operator.docvalsets,SingleValueSet,8,330,2,36,2,63,2,29,0,9
pinot-controller/pinot-core,com.linkedin.pinot.core.operator.docvalsets,SingleValueSet.new Object() {...},4,29,0,0,0,1,0,1,0,1
pinot-controller/pinot-core,com.linkedin.pinot.core.operator.docvalsets,ConstantBlockValSet,127,37,9,1,34,11,10,2,5,2
pinot-controller/pinot-core,com.linkedin.pinot.core.operator.docvalsets,MultiValueSet,3,20,0,0,1,6,1,2,1,2
pinot-controller/pinot-core,com.linkedin.pinot.core.startree.hll,HllUtil.SerializationConverter,3,52,0,4,1,10,1,6,1,4
pinot-controller/pinot-core,com.linkedin.pinot.core.startree.hll,HllUtil,64,95,3,7,19,19,5,9,3,6
pinot-controller/pinot-core,com.linkedin.pinot.core.query.aggregation.groupby,AggregationGroupByResult,0,28,0,0,0,7,0,3,0,3
pinot-controller/pinot-core,com.linkedin.pinot.core.query.aggregation.groupby,DefaultGroupByExecutor,22,436,7,35,4,88,7,25,0,11
pinot-controller/pinot-core,com.linkedin.pinot.core.query.aggregation.groupby,DictionaryBasedGroupKeyGenerator.ArrayBasedHolder.new Iterator() {...},8,69,1,7,2,10,2,6,1,3
pinot-controller/pinot-core,com.linkedin.pinot.core.query.aggregation.groupby,AggregationGroupByTrimmingService.NonComparableSorter,5,158,2,14,2,37,3,9,1,3
pinot-controller/pinot-core,com.linkedin.pinot.core.query.aggregation.groupby,DictionaryBasedGroupKeyGenerator.IntMapBasedHolder.new Iterator() {...},4,44,0,0,1,8,1,3,1,3
pinot-controller/pinot-core,com.linkedin.pinot.core.query.aggregation.groupby,NoDictionarySingleColumnGroupKeyGenerator.GroupKeyIterator,4,41,0,0,1,9,1,3,1,3
pinot-controller/pinot-core,com.linkedin.pinot.core.query.aggregation.groupby,NoDictionaryMultiColumnGroupKeyGenerator.FixedIntArray,23,17,6,0,6,6,4,4,1,4
pinot-controller/pinot-core,com.linkedin.pinot.core.query.aggregation.groupby,NoDictionarySingleColumnGroupKeyGenerator,34,331,5,27,4,85,7,26,2,11
pinot-controller/pinot-core,com.linkedin.pinot.core.query.aggregation.groupby,DictionaryBasedGroupKeyGenerator.LongMapBasedHolder,0,116,0,8,0,23,0,10,0,6
pinot-controller/pinot-core,com.linkedin.pinot.core.query.aggregation.groupby,ObjectGroupByResultHolder,30,227,3,19,3,48,5,15,2,7
pinot-controller/pinot-core,com.linkedin.pinot.core.query.aggregation.groupby,NoDictionarySingleColumnGroupKeyGenerator.new Object() {...},5,35,0,0,0,1,0,1,0,1
pinot-controller/pinot-core,com.linkedin.pinot.core.query.aggregation.groupby,GroupKeyGenerator.GroupKey,0,3,0,0,0,1,0,1,0,1
pinot-controller/pinot-core,com.linkedin.pinot.core.query.aggregation.groupby,DictionaryBasedGroupKeyGenerator.ArrayMapBasedHolder,0,113,0,8,0,23,0,10,0,6
pinot-controller/pinot-core,com.linkedin.pinot.core.query.aggregation.groupby,DictionaryBasedGroupKeyGenerator.LongMapBasedHolder.new Iterator() {...},4,44,0,0,1,8,1,3,1,3
pinot-controller/pinot-core,com.linkedin.pinot.core.query.aggregation.groupby,DictionaryBasedGroupKeyGenerator.IntArray,2,64,1,7,1,14,1,6,0,3
pinot-controller/pinot-core,com.linkedin.pinot.core.query.aggregation.groupby,AggregationGroupByTrimmingService.ComparableSorter,0,104,0,8,0,25,0,8,0,4
pinot-controller/pinot-core,com.linkedin.pinot.core.query.aggregation.groupby,GroupByResultHolder.StorageMode,9,29,0,0,0,3,2,2,2,2
pinot-controller/pinot-core,com.linkedin.pinot.core.query.aggregation.groupby,DefaultGroupByExecutor.new ThreadLocal() {...},0,6,0,0,0,2,0,2,0,2
pinot-controller/pinot-core,com.linkedin.pinot.core.query.aggregation.groupby,DefaultGroupByExecutor.new ThreadLocal() {...},0,6,0,0,0,2,0,2,0,2
pinot-controller/pinot-core,com.linkedin.pinot.core.query.aggregation.groupby,DictionaryBasedGroupKeyGenerator.IntMapBasedHolder,0,111,0,8,0,22,0,10,0,6
pinot-controller/pinot-core,com.linkedin.pinot.core.query.aggregation.groupby,DictionaryBasedGroupKeyGenerator.ArrayBasedHolder,0,94,0,6,0,15,0,8,0,5
pinot-controller/pinot-core,com.linkedin.pinot.core.query.aggregation.groupby,NoDictionaryMultiColumnGroupKeyGenerator.GroupKeyIterator,4,44,0,0,1,9,1,3,1,3
pinot-controller/pinot-core,com.linkedin.pinot.core.query.aggregation.groupby,GroupByResultHolder,0,4,0,0,0,1,0,1,0,1
pinot-controller/pinot-core,com.linkedin.pinot.core.query.aggregation.groupby,AggregationGroupByTrimmingService.ComparableSorter.GroupKeyResultPair,0,15,0,0,0,5,0,2,0,2
pinot-controller/pinot-core,com.linkedin.pinot.core.query.aggregation.groupby,DoubleGroupByResultHolder,30,242,2,22,3,53,4,17,2,7
pinot-controller/pinot-core,com.linkedin.pinot.core.query.aggregation.groupby,DictionaryBasedGroupKeyGenerator,0,1034,0,106,0,196,0,66,0,13
pinot-controller/pinot-core,com.linkedin.pinot.core.query.aggregation.groupby,NoDictionaryMultiColumnGroupKeyGenerator,38,398,3,31,5,84,6,25,3,7
pinot-controller/pinot-core,com.linkedin.pinot.core.query.aggregation.groupby,DictionaryBasedGroupKeyGenerator.ArrayMapBasedHolder.new Iterator() {...},4,45,0,0,1,8,1,3,1,3
pinot-controller/pinot-core,com.linkedin.pinot.core.query.aggregation.groupby,NoDictionaryMultiColumnGroupKeyGenerator.new Object() {...},5,35,0,0,0,1,0,1,0,1
pinot-controller/pinot-core,com.linkedin.pinot.core.query.aggregation.groupby,AggregationGroupByTrimmingService,11,269,3,27,2,55,3,16,0,4
pinot-controller/pinot-core,com.linkedin.pinot.core.query.selection,SelectionOperatorUtils,234,875,29,100,47,193,26,67,3,13
pinot-controller/pinot-core,com.linkedin.pinot.core.query.selection,SelectionOperatorService.new Object() {...},5,35,0,0,0,1,0,1,0,1
pinot-controller/pinot-core,com.linkedin.pinot.core.query.selection,SelectionOperatorService.new Comparator() {...},65,70,12,8,14,17,9,5,0,2
pinot-controller/pinot-core,com.linkedin.pinot.core.query.selection,SelectionOperatorService.new Comparator() {...},32,52,8,4,6,12,6,2,0,2
pinot-controller/pinot-core,com.linkedin.pinot.core.query.selection,SelectionFetcher,94,78,12,7,21,17,11,5,0,2
pinot-controller/pinot-core,com.linkedin.pinot.core.query.selection,SelectionOperatorUtils.new Object() {...},10,65,0,0,0,1,0,1,0,1
pinot-controller/pinot-core,com.linkedin.pinot.core.query.selection,SelectionOperatorService,33,325,5,15,7,63,4,19,1,12
pinot-controller/pinot-core,com.linkedin.pinot.core.query.selection,SelectionFetcher.new Object() {...},10,65,0,0,0,1,0,1,0,1
pinot-controller/pinot-core,com.linkedin.pinot.core.segment.creator.impl.stats,FloatColumnPreIndexStatsCollector,97,141,12,8,17,38,10,10,0,10
pinot-controller/pinot-core,com.linkedin.pinot.core.segment.creator.impl.stats,DoubleColumnPreIndexStatsCollector,97,139,12,8,17,38,10,10,0,10
pinot-controller/pinot-core,com.linkedin.pinot.core.segment.creator.impl.stats,IntColumnPreIndexStatsCollector,27,209,5,15,7,48,5,15,0,10
pinot-controller/pinot-core,com.linkedin.pinot.core.segment.creator.impl.stats,AbstractColumnStatisticsCollector,11,198,4,32,2,55,5,26,1,12
pinot-controller/pinot-core,com.linkedin.pinot.core.segment.creator.impl.stats,LongColumnPreIndexStatsCollector,70,166,10,10,12,43,8,12,0,10
pinot-controller/pinot-core,com.linkedin.pinot.core.segment.creator.impl.stats,SegmentPreIndexStatsCollectorImpl.new Object() {...},6,41,0,0,0,1,0,1,0,1
pinot-controller/pinot-core,com.linkedin.pinot.core.segment.creator.impl.stats,SegmentPreIndexStatsCollectorImpl,134,201,6,14,20,43,5,18,1,10
pinot-controller/pinot-core,com.linkedin.pinot.core.segment.creator.impl.stats,StringColumnPreIndexStatsCollector,37,239,7,17,9,56,7,17,0,12
pinot-controller/pinot-core,com.linkedin.pinot.core.operator.filter.predicate,RangePredicateEvaluatorFactory,15,47,1,7,3,9,2,7,1,2
pinot-controller/pinot-core,com.linkedin.pinot.core.operator.filter.predicate,RegexpLikePredicateEvaluatorFactory.RawValueBasedRegexpLikePredicateEvaluator,17,0,0,0,5,0,3,0,3,0
pinot-controller/pinot-core,com.linkedin.pinot.core.operator.filter.predicate,BaseRawValueBasedPredicateEvaluator,32,188,0,50,9,46,9,31,9,6
pinot-controller/pinot-core,com.linkedin.pinot.core.operator.filter.predicate,NotInPredicateEvaluatorFactory.FloatRawValueBasedNotInPredicateEvaluator,0,46,0,4,0,8,0,5,0,3
pinot-controller/pinot-core,com.linkedin.pinot.core.operator.filter.predicate,NotEqualsPredicateEvaluatorFactory.IntRawValueBasedNeqPredicateEvaluator,0,18,0,2,0,5,0,4,0,3
pinot-controller/pinot-core,com.linkedin.pinot.core.operator.filter.predicate,RangePredicateEvaluatorFactory.IntRawValueBasedRangePredicateEvaluator,2,83,0,16,1,15,1,10,1,2
pinot-controller/pinot-core,com.linkedin.pinot.core.operator.filter.predicate,EqualsPredicateEvaluatorFactory.StringRawValueBasedEqPredicateEvaluator,0,14,0,0,0,5,0,3,0,3
pinot-controller/pinot-core,com.linkedin.pinot.core.operator.filter.predicate,NotEqualsPredicateEvaluatorFactory.LongRawValueBasedNeqPredicateEvaluator,0,19,0,2,0,5,0,4,0,3
pinot-controller/pinot-core,com.linkedin.pinot.core.operator.filter.predicate,NotInPredicateEvaluatorFactory.DictionaryBasedNotInPredicateEvaluator,13,101,5,11,3,20,5,9,1,5
pinot-controller/pinot-core,com.linkedin.pinot.core.operator.filter.predicate,PredicateEvaluatorProvider,80,38,10,6,15,8,10,5,1,1
pinot-controller/pinot-core,com.linkedin.pinot.core.operator.filter.predicate,RangePredicateEvaluatorFactory.RealtimeDictionaryBasedRangePredicateEvaluator,9,79,3,9,3,21,4,8,1,5
pinot-controller/pinot-core,com.linkedin.pinot.core.operator.filter.predicate,InPredicateEvaluatorFactory.LongRawValueBasedInPredicateEvaluator,0,42,0,2,0,8,0,4,0,3
pinot-controller/pinot-core,com.linkedin.pinot.core.operator.filter.predicate,EqualsPredicateEvaluatorFactory.DictionaryBasedEqPredicateEvaluator,6,40,2,4,1,9,2,6,0,5
pinot-controller/pinot-core,com.linkedin.pinot.core.operator.filter.predicate,RangePredicateEvaluatorFactory.StringRawValueBasedRangePredicateEvaluator,2,81,0,16,1,16,1,10,1,2
pinot-controller/pinot-core,com.linkedin.pinot.core.operator.filter.predicate,NotEqualsPredicateEvaluatorFactory.StringRawValueBasedNeqPredicateEvaluator,0,18,0,2,0,5,0,4,0,3
pinot-controller/pinot-core,com.linkedin.pinot.core.operator.filter.predicate,NotEqualsPredicateEvaluatorFactory.DoubleRawValueBasedNeqPredicateEvaluator,0,19,0,2,0,5,0,4,0,3
pinot-controller/pinot-core,com.linkedin.pinot.core.operator.filter.predicate,BaseDictionaryBasedPredicateEvaluator,36,42,0,10,9,11,9,8,9,3
pinot-controller/pinot-core,com.linkedin.pinot.core.operator.filter.predicate,NotEqualsPredicateEvaluatorFactory.FloatRawValueBasedNeqPredicateEvaluator,0,19,0,2,0,5,0,4,0,3
pinot-controller/pinot-core,com.linkedin.pinot.core.operator.filter.predicate,InPredicateEvaluatorFactory.StringRawValueBasedInPredicateEvaluator,0,25,0,0,0,7,0,3,0,3
pinot-controller/pinot-core,com.linkedin.pinot.core.operator.filter.predicate,EqualsPredicateEvaluatorFactory.DoubleRawValueBasedEqPredicateEvaluator,0,19,0,2,0,5,0,4,0,3
pinot-controller/pinot-core,com.linkedin.pinot.core.operator.filter.predicate,BasePredicateEvaluator,0,7,0,0,0,2,0,2,0,2
pinot-controller/pinot-core,com.linkedin.pinot.core.operator.filter.predicate,RangePredicateEvaluatorFactory.new Object() {...},5,35,0,0,0,1,0,1,0,1
pinot-controller/pinot-core,com.linkedin.pinot.core.operator.filter.predicate,NotEqualsPredicateEvaluatorFactory.DictionaryBasedNeqPredicateEvaluator,20,88,5,11,4,20,4,10,0,6
pinot-controller/pinot-core,com.linkedin.pinot.core.operator.filter.predicate,NotInPredicateEvaluatorFactory.IntRawValueBasedNotInPredicateEvaluator,0,46,0,4,0,8,0,5,0,3
pinot-controller/pinot-core,com.linkedin.pinot.core.operator.filter.predicate,NotInPredicateEvaluatorFactory.DoubleRawValueBasedNotInPredicateEvaluator,0,46,0,4,0,8,0,5,0,3
pinot-controller/pinot-core,com.linkedin.pinot.core.operator.filter.predicate,PredicateEvaluatorProvider.new Object() {...},6,41,0,0,0,1,0,1,0,1
pinot-controller/pinot-core,com.linkedin.pinot.core.operator.filter.predicate,InPredicateEvaluatorFactory.DoubleRawValueBasedInPredicateEvaluator,0,42,0,2,0,8,0,4,0,3
pinot-controller/pinot-core,com.linkedin.pinot.core.operator.filter.predicate,NotInPredicateEvaluatorFactory.StringRawValueBasedNotInPredicateEvaluator,0,29,0,2,0,7,0,4,0,3
pinot-controller/pinot-core,com.linkedin.pinot.core.operator.filter.predicate,NotInPredicateEvaluatorFactory,15,36,1,5,3,7,2,6,1,2
pinot-controller/pinot-core,com.linkedin.pinot.core.operator.filter.predicate,RegexpLikePredicateEvaluatorFactory,29,0,2,0,5,0,4,0,3,0
pinot-controller/pinot-core,com.linkedin.pinot.core.operator.filter.predicate,InPredicateEvaluatorFactory,15,36,1,5,3,7,2,6,1,2
pinot-controller/pinot-core,com.linkedin.pinot.core.operator.filter.predicate,EqualsPredicateEvaluatorFactory.new Object() {...},5,35,0,0,0,1,0,1,0,1
pinot-controller/pinot-core,com.linkedin.pinot.core.operator.filter.predicate,InPredicateEvaluatorFactory.FloatRawValueBasedInPredicateEvaluator,0,42,0,2,0,8,0,4,0,3
pinot-controller/pinot-core,com.linkedin.pinot.core.operator.filter.predicate,RegexpLikePredicateEvaluatorFactory.DictionaryBasedRegexpLikePredicateEvaluator,58,0,6,0,15,0,8,0,5,0
pinot-controller/pinot-core,com.linkedin.pinot.core.operator.filter.predicate,EqualsPredicateEvaluatorFactory,15,36,1,5,3,7,2,6,1,2
pinot-controller/pinot-core,com.linkedin.pinot.core.operator.filter.predicate,InPredicateEvaluatorFactory.new Object() {...},5,35,0,0,0,1,0,1,0,1
pinot-controller/pinot-core,com.linkedin.pinot.core.operator.filter.predicate,NotInPredicateEvaluatorFactory.new Object() {...},5,35,0,0,0,1,0,1,0,1
[...]
pinot-controller/pinot-core,com.linkedin.pinot.core.common,BaseBlockValSet,88,3,0,0,22,1,22,1,22,1
pinot-controller/pinot-core,com.linkedin.pinot.core.common,Predicate,58,82,7,8,5,25,8,9,2,5
pinot-controller/pinot-core,com.linkedin.pinot.core.common,Predicate.new Object() {...},6,41,0,0,0,1,0,1,0,1
pinot-controller/pinot-core,com.linkedin.pinot.core.common,DataBlockCache,140,593,21,35,27,122,19,29,4,16
pinot-controller/pinot-core,com.linkedin.pinot.core.common,Predicate.Type,5,83,0,4,0,8,1,6,1,4
pinot-controller/pinot-core,com.linkedin.pinot.core.query.scheduler.tokenbucket,TokenSchedulerGroup.TokenLockManager,0,16,0,0,0,6,0,2,0,2
pinot-controller/pinot-core,com.linkedin.pinot.core.query.scheduler.tokenbucket,TokenSchedulerGroup,113,203,18,12,13,40,15,10,3,7
pinot-controller/pinot-core,com.linkedin.pinot.core.query.scheduler.tokenbucket,TokenPriorityScheduler,37,0,0,0,7,0,3,0,3,0
pinot-controller/pinot-core,com.linkedin.pinot.core.query.scheduler.tokenbucket,TokenPriorityScheduler.new SchedulerGroupFactory() {...},31,0,0,0,5,0,2,0,2,0
pinot-controller/pinot-core,com.linkedin.pinot.core.operator.docidsets,ArrayBasedDocIdSet,6,17,0,0,2,5,2,2,2,2
pinot-controller/pinot-core,com.linkedin.pinot.core.operator.docidsets,BitmapDocIdSet,12,95,2,8,2,31,2,11,0,8
pinot-controller/pinot-core,com.linkedin.pinot.core.operator.docidsets,ScanBasedSingleValueDocIdSet,5,56,0,0,1,17,1,7,1,7
pinot-controller/pinot-core,com.linkedin.pinot.core.operator.docidsets,StarTreeDocIdSet.RangeBasedDocIdIterator,81,0,10,0,17,0,9,0,4,0
pinot-controller/pinot-core,com.linkedin.pinot.core.operator.docidsets,SortedDocIdSet,8,71,3,5,3,18,4,9,1,8
pinot-controller/pinot-core,com.linkedin.pinot.core.operator.docidsets,StarTreeDocIdSet,42,0,0,0,13,0,8,0,8,0
pinot-controller/pinot-core,com.linkedin.pinot.core.operator.docidsets,OrBlockDocIdSet,107,129,12,10,23,30,8,11,1,7
pinot-controller/pinot-core,com.linkedin.pinot.core.operator.docidsets,AndBlockDocIdSet,293,377,35,39,60,85,23,26,2,10
pinot-controller/pinot-core,com.linkedin.pinot.core.operator.docidsets,ScanBasedMultiValueDocIdSet,5,47,0,0,1,14,1,7,1,7
pinot-controller/pinot-core,com.linkedin.pinot.core.operator.docidsets,EmptyFilterBlockDocIdSet,22,0,0,0,11,0,10,0,10,0
pinot-controller/pinot-core,com.linkedin.pinot.core.operator.docidsets,SizeBasedDocIdSet,11,14,0,0,5,5,5,3,5,3
pinot-controller/pinot-core,com.linkedin.pinot.core.operator.docidsets,BitmapBasedBlockDocIdSet,15,0,0,0,5,0,3,0,3,0
pinot-controller/pinot-core,com.linkedin.pinot.core.query.aggregation.function.customobject,QuantileDigest.SizeOf,3,0,0,0,1,0,1,0,1,0
pinot-controller/pinot-core,com.linkedin.pinot.core.query.aggregation.function.customobject,AvgPair,2,118,1,9,1,30,1,13,0,9
pinot-controller/pinot-core,com.linkedin.pinot.core.query.aggregation.function.customobject,QuantileDigest.new QuantileDigest.Callback() {...},16,0,0,0,3,0,2,0,2,0
pinot-controller/pinot-core,com.linkedin.pinot.core.query.aggregation.function.customobject,QuantileDigest.new QuantileDigest.Callback() {...},4,18,0,0,2,4,0,2,0,2
pinot-controller/pinot-core,com.linkedin.pinot.core.query.aggregation.function.customobject,QuantileDigest.new QuantileDigest.Callback() {...},0,117,0,20,0,22,0,12,0,2
pinot-controller/pinot-core,com.linkedin.pinot.core.query.aggregation.function.customobject,QuantileDigest.new QuantileDigest.Callback() {...},4,28,1,3,1,5,1,3,0,2
pinot-controller/pinot-core,com.linkedin.pinot.core.query.aggregation.function.customobject,QuantileDigest.new QuantileDigest.Callback() {...},36,0,2,0,6,0,3,0,2,0
pinot-controller/pinot-core,com.linkedin.pinot.core.query.aggregation.function.customobject,QuantileDigest.new QuantileDigest.Callback() {...},0,61,0,4,0,9,0,4,0,2
pinot-controller/pinot-core,com.linkedin.pinot.core.query.aggregation.function.customobject,QuantileDigest.new QuantileDigest.Callback() {...},98,0,4,0,12,0,4,0,2,0
pinot-controller/pinot-core,com.linkedin.pinot.core.query.aggregation.function.customobject,QuantileDigest.new QuantileDigest.Callback() {...},23,0,2,0,5,0,3,0,2,0
pinot-controller/pinot-core,com.linkedin.pinot.core.query.aggregation.function.customobject,QuantileDigest.new QuantileDigest.Callback() {...},23,0,2,0,5,0,3,0,2,0
pinot-controller/pinot-core,com.linkedin.pinot.core.query.aggregation.function.customobject,QuantileDigest.Bucket,109,0,14,0,22,0,13,0,6,0
pinot-controller/pinot-core,com.linkedin.pinot.core.query.aggregation.function.customobject,MinMaxRangePair,34,73,6,6,9,20,5,10,1,8
pinot-controller/pinot-core,com.linkedin.pinot.core.query.aggregation.function.customobject,QuantileDigest.Flags,3,0,0,0,1,0,1,0,1,0
pinot-controller/pinot-core,com.linkedin.pinot.core.query.aggregation.function.customobject,QuantileDigest.TraversalOrder,9,29,0,0,0,2,2,2,2,2
pinot-controller/pinot-core,com.linkedin.pinot.core.query.aggregation.function.customobject,QuantileDigest.new Function() {...},10,0,0,0,2,0,2,0,2,0
pinot-controller/pinot-core,com.linkedin.pinot.core.query.aggregation.function.customobject,QuantileDigest.Node,163,74,24,12,13,14,18,11,5,6
pinot-controller/pinot-core,com.linkedin.pinot.core.query.aggregation.function.customobject,QuantileDigest.SerializationHolder,22,0,0,0,10,0,5,0,5,0
pinot-controller/pinot-core,com.linkedin.pinot.core.query.aggregation.function.customobject,QuantileDigest.Builder,26,0,0,0,7,0,4,0,4,0
pinot-controller/pinot-core,com.linkedin.pinot.core.query.aggregation.function.customobject,QuantileDigest,869,952,95,89,128,202,84,62,23,31
pinot-controller/pinot-core,com.linkedin.pinot.core.segment.creator.impl,SegmentColumnarIndexCreator,70,1167,10,68,9,216,10,43,0,12
pinot-controller/pinot-core,com.linkedin.pinot.core.segment.creator.impl,SegmentIndexCreationDriverImpl.new Object() {...},2,17,0,0,0,1,0,1,0,1
pinot-controller/pinot-core,com.linkedin.pinot.core.segment.creator.impl,V1Constants.MetadataKeys.StarTree,3,0,0,0,1,0,1,0,1,0
pinot-controller/pinot-core,com.linkedin.pinot.core.segment.creator.impl,V1Constants,3,0,0,0,2,0,1,0,1,0
pinot-controller/pinot-core,com.linkedin.pinot.core.segment.creator.impl,SegmentDictionaryCreator.new Object() {...},6,41,0,0,0,1,0,1,0,1
pinot-controller/pinot-core,com.linkedin.pinot.core.segment.creator.impl,V1Constants.Str,7,0,0,0,2,0,2,0,2,0
pinot-controller/pinot-core,com.linkedin.pinot.core.segment.creator.impl,V1Constants.MetadataKeys.Column,3,13,0,0,1,1,1,1,1,1
pinot-controller/pinot-core,com.linkedin.pinot.core.segment.creator.impl,V1Constants.MetadataKeys,3,0,0,0,2,0,1,0,1,0
pinot-controller/pinot-core,com.linkedin.pinot.core.segment.creator.impl,SegmentColumnarIndexCreator.new Object() {...},5,35,0,0,0,1,0,1,0,1
pinot-controller/pinot-core,com.linkedin.pinot.core.segment.creator.impl,V1Constants.Indexes,3,0,0,0,1,0,1,0,1,0
pinot-controller/pinot-core,com.linkedin.pinot.core.segment.creator.impl,V1Constants.Numbers,3,13,0,0,1,4,1,1,1,1
pinot-controller/pinot-core,com.linkedin.pinot.core.segment.creator.impl,V1Constants.Dict,3,29,0,0,1,4,1,1,1,1
pinot-controller/pinot-core,com.linkedin.pinot.core.segment.creator.impl,V1Constants.MetadataKeys.Segment,3,0,0,0,1,0,1,0,1,0
pinot-controller/pinot-core,com.linkedin.pinot.core.segment.creator.impl,SegmentIndexCreationDriverImpl,154,1063,22,51,18,227,19,41,1,22
pinot-controller/pinot-core,com.linkedin.pinot.core.segment.creator.impl,SegmentCreationDriverFactory,3,4,0,0,1,1,1,1,1,1
pinot-controller/pinot-core,com.linkedin.pinot.core.segment.creator.impl,SegmentDictionaryCreator,129,657,16,48,15,117,12,34,0,8
pinot-controller/pinot-core,com.linkedin.pinot.core.segment.index.loader.columnminmaxvalue,ColumnMinMaxValueGenerator.new Object() {...},5,35,0,0,0,1,0,1,0,1
pinot-controller/pinot-core,com.linkedin.pinot.core.segment.index.loader.columnminmaxvalue,ColumnMinMaxValueGenerator,223,211,39,25,9,49,25,13,0,4
pinot-controller/pinot-core,com.linkedin.pinot.core.segment.index.loader.columnminmaxvalue,ColumnMinMaxValueGeneratorMode,0,61,0,0,0,6,0,4,0,4
pinot-controller/pinot-core,com.linkedin.pinot.core.query.selection.iterator,FloatSelectionColumnIterator,18,0,0,0,5,0,2,0,2,0
pinot-controller/pinot-core,com.linkedin.pinot.core.query.selection.iterator,DoubleArraySelectionColumnIterator,39,0,2,0,8,0,3,0,2,0
pinot-controller/pinot-core,com.linkedin.pinot.core.query.selection.iterator,FloatArraySelectionColumnIterator,39,0,2,0,8,0,3,0,2,0
pinot-controller/pinot-core,com.linkedin.pinot.core.query.selection.iterator,IntArraySelectionColumnIterator,0,39,0,2,0,8,0,3,0,2
pinot-controller/pinot-core,com.linkedin.pinot.core.query.selection.iterator,StringSelectionColumnIterator,17,0,0,0,5,0,2,0,2,0
pinot-controller/pinot-core,com.linkedin.pinot.core.query.selection.iterator,SelectionSingleValueColumnWithDictIterator,0,26,0,0,0,6,0,2,0,2
pinot-controller/pinot-core,com.linkedin.pinot.core.query.selection.iterator,DoubleSelectionColumnIterator,18,0,0,0,5,0,2,0,2,0
pinot-controller/pinot-core,com.linkedin.pinot.core.query.selection.iterator,LongArraySelectionColumnIterator,39,0,2,0,8,0,3,0,2,0
pinot-controller/pinot-core,com.linkedin.pinot.core.query.selection.iterator,LongSelectionColumnIterator,18,0,0,0,5,0,2,0,2,0
pinot-controller/pinot-core,com.linkedin.pinot.core.query.selection.iterator,IntSelectionColumnIterator,18,0,0,0,5,0,2,0,2,0
pinot-controller/pinot-core,com.linkedin.pinot.core.query.selection.iterator,SelectionMultiValueColumnIterator,0,20,0,0,0,5,0,1,0,1
pinot-controller/pinot-core,com.linkedin.pinot.core.query.selection.iterator,StringArraySelectionColumnIterator,38,0,2,0,8,0,3,0,2,0
pinot-controller/pinot-core,com.linkedin.pinot.core.segment.memory,PinotLByteBuffer,811,0,32,0,152,0,73,0,57,0
pinot-controller/pinot-core,com.linkedin.pinot.core.segment.memory,PinotByteBuffer,218,535,24,26,29,99,40,34,20,29
pinot-controller/pinot-core,com.linkedin.pinot.core.segment.memory,PinotDataBuffer,31,70,6,8,5,16,6,9,0,8
pinot-controller/pinot-core,com.linkedin.pinot.core.segment.index,SegmentMetadataImpl,181,1029,19,65,41,218,23,62,7,36
pinot-controller/pinot-core,com.linkedin.pinot.core.segment.index,ColumnMetadata.new Object() {...},10,73,0,0,0,3,0,1,0,1
pinot-controller/pinot-core,com.linkedin.pinot.core.segment.index,IndexSegmentImpl,110,134,5,7,21,37,5,14,2,11
pinot-controller/pinot-core,com.linkedin.pinot.core.segment.index,ColumnMetadata,192,572,13,22,35,135,12,43,1,33
pinot-controller/pinot-core,com.linkedin.pinot.core.segment.index,SegmentMetadataImpl.new Object() {...},1,11,0,0,0,1,0,1,0,1
pinot-controller/pinot-core,com.linkedin.pinot.core.segment.index,ColumnMetadata.Builder,10,211,0,0,4,59,2,30,2,30
pinot-controller/pinot-core,com.linkedin.pinot.core.segment.index,IndexSegmentImpl.new Iterator() {...},99,0,6,0,16,0,7,0,4,0
pinot-controller/pinot-core,com.linkedin.pinot.core.indexsegment.columnar,ColumnarSegmentLoader,8,9,0,0,3,2,2,2,2,2
pinot-controller/pinot-core,com.linkedin.pinot.core.startree,OffHeapStarTree,161,253,23,15,25,49,17,10,2,6
pinot-controller/pinot-core,com.linkedin.pinot.core.startree,OffHeapStarTreeBuilder,497,2089,79,149,54,418,55,97,3,35
pinot-controller/pinot-core,com.linkedin.pinot.core.startree,MetricBuffer.new Object() {...},5,35,0,0,0,1,0,1,0,1
pinot-controller/pinot-core,com.linkedin.pinot.core.startree,MetricBuffer,260,196,21,17,41,39,20,12,2,5
pinot-controller/pinot-core,com.linkedin.pinot.core.startree,OffHeapStarTreeBuilder.new Iterator() {...},4,106,0,6,1,21,1,6,1,3
pinot-controller/pinot-core,com.linkedin.pinot.core.startree,OffHeapStarTreeBuilder.new Comparator() {...},0,24,0,0,0,2,0,2,0,2
pinot-controller/pinot-core,com.linkedin.pinot.core.startree,OffHeapStarTreeBuilder.new Comparator() {...},0,12,0,0,0,2,0,2,0,2
pinot-controller/pinot-core,com.linkedin.pinot.core.startree,OffHeapStarTreeBuilder.new Iterator() {...},4,62,0,2,1,10,1,4,1,3
pinot-controller/pinot-core,com.linkedin.pinot.core.startree,StarTreeBuilderConfig,0,59,0,0,0,26,0,17,0,17
pinot-controller/pinot-core,com.linkedin.pinot.core.startree,StarTreeDataTable,12,337,0,18,0,68,0,16,0,7
pinot-controller/pinot-core,com.linkedin.pinot.core.startree,DimensionBuffer,33,74,2,4,7,18,2,9,1,7
pinot-controller/pinot-core,com.linkedin.pinot.core.startree,StarTreeDataTable.new Iterator() {...},4,70,0,2,1,9,1,4,1,3
pinot-controller/pinot-core,com.linkedin.pinot.core.startree,StarTreeDataTable.new IntComparator() {...},4,102,0,4,1,11,1,4,1,2
pinot-controller/pinot-core,com.linkedin.pinot.core.startree,StarTreeDataTable.new Swapper() {...},0,28,0,0,0,5,0,2,0,2
pinot-controller/pinot-core,com.linkedin.pinot.core.startree,OffHeapStarTreeNode,54,141,10,8,17,33,8,12,1,10
pinot-controller/pinot-core,com.linkedin.pinot.core.startree,OffHeapStarTreeBuilder.TreeNode,0,12,0,0,0,4,0,1,0,1
pinot-controller/pinot-core,com.linkedin.pinot.core.startree,OffHeapStarTreeNode.new Iterator() {...},4,39,0,2,1,5,1,4,1,3
pinot-controller/pinot-core,com.linkedin.pinot.core.operator.transform.function.time.converter,CustomTimeUnitConverter,24,138,6,16,2,25,6,10,0,3
pinot-controller/pinot-core,com.linkedin.pinot.core.operator.transform.function.time.converter,TimeConverterFactory,3,17,0,2,2,4,1,2,1,1
pinot-controller/pinot-core,com.linkedin.pinot.core.operator.transform.function.time.converter,CustomTimeUnitConverter.CustomTimeUnit,0,48,0,0,0,4,0,4,0,4
pinot-controller/pinot-core,com.linkedin.pinot.core.operator.transform.function.time.converter,CustomTimeUnitConverter.new Object() {...},3,23,0,0,0,1,0,1,0,1
pinot-controller/pinot-core,com.linkedin.pinot.core.operator.transform.function.time.converter,JavaTimeUnitConverter,0,25,0,2,0,6,0,3,0,2
pinot-controller/pinot-core,com.linkedin.pinot.core.data,GenericRow.new TypeReference() {...},0,3,0,0,0,1,0,1,0,1
pinot-controller/pinot-core,com.linkedin.pinot.core.data,GenericRow,104,70,7,3,24,18,9,10,5,9
pinot-controller/pinot-core,com.linkedin.pinot.core.segment.creator,ForwardIndexType,9,19,0,0,0,2,2,2,2,2
pinot-controller/pinot-core,com.linkedin.pinot.core.segment.creator,RecordReaderSegmentCreationDataSource,16,56,0,2,7,17,0,5,0,4
pinot-controller/pinot-core,com.linkedin.pinot.core.segment.creator,StatsCollectorConfig,0,53,0,6,0,13,0,8,0,5
pinot-controller/pinot-core,com.linkedin.pinot.core.segment.creator,SegmentIndexCreationInfo,3,56,0,0,1,24,1,16,1,16
pinot-controller/pinot-core,com.linkedin.pinot.core.segment.creator,InvertedIndexType,9,39,0,0,0,2,2,2,2,2
pinot-controller/pinot-core,com.linkedin.pinot.core.segment.creator,BaseSingleValueRawIndexCreator,28,3,0,0,7,1,7,1,7,1
pinot-controller/pinot-core,com.linkedin.pinot.core.segment.creator,ColumnIndexCreationInfo,12,100,1,1,5,34,4,16,3,16
pinot-controller/pinot-core,com.linkedin.pinot.core.io.reader,BaseSingleColumnSingleValueReader,61,3,0,0,15,1,15,1,15,1
pinot-controller/pinot-core,com.linkedin.pinot.core.io.reader,BaseSingleColumnMultiValueReader,40,3,0,0,10,1,10,1,10,1
pinot-controller/pinot-core,com.linkedin.pinot.core.query.selection.comparator,DocIdDoubleValComparator,40,0,2,0,11,0,3,0,2,0
pinot-controller/pinot-core,com.linkedin.pinot.core.query.selection.comparator,DocIdIntValComparator,0,40,1,1,0,11,1,2,0,2
pinot-controller/pinot-core,com.linkedin.pinot.core.query.selection.comparator,CompositeDocIdValComparator.new Object() {...},33,0,0,0,1,0,1,0,1,0
pinot-controller/pinot-core,com.linkedin.pinot.core.query.selection.comparator,DocIdLongValComparator,40,0,2,0,11,0,3,0,2,0
pinot-controller/pinot-core,com.linkedin.pinot.core.query.selection.comparator,CompositeDocIdValComparator,84,91,8,9,12,18,7,5,0,2
pinot-controller/pinot-core,com.linkedin.pinot.core.query.selection.comparator,DocIdFloatValComparator,40,0,2,0,11,0,3,0,2,0
pinot-controller/pinot-core,com.linkedin.pinot.core.query.exception,BadQueryRequestException,8,0,0,0,4,0,2,0,2,0
pinot-controller/pinot-core,com.linkedin.pinot.core.segment,DefaultSegmentNameGenerator,42,209,2,16,2,37,2,14,0,7
pinot-controller/pinot-core,com.linkedin.pinot.core.query.aggregation.function,PercentileEstMVAggregationFunction,12,218,1,24,1,43,1,19,0,6
pinot-controller/pinot-core,com.linkedin.pinot.core.query.aggregation.function,AggregationFunctionFactory.new Object() {...},62,377,0,0,0,1,0,1,0,1
pinot-controller/pinot-core,com.linkedin.pinot.core.query.aggregation.function,DistinctCountAggregationFunction.new Object() {...},5,35,0,0,0,1,0,1,0,1
pinot-controller/pinot-core,com.linkedin.pinot.core.query.aggregation.function,FastHLLMVAggregationFunction,224,0,20,0,43,0,17,0,7,0
pinot-controller/pinot-core,com.linkedin.pinot.core.query.aggregation.function,CountAggregationFunction,2,119,0,6,1,23,1,18,1,15
pinot-controller/pinot-core,com.linkedin.pinot.core.query.aggregation.function,DistinctCountHLLMVAggregationFunction,613,225,71,21,76,41,43,17,0,8
pinot-controller/pinot-core,com.linkedin.pinot.core.query.aggregation.function,MinMVAggregationFunction,0,179,0,20,0,31,0,17,0,7
pinot-controller/pinot-core,com.linkedin.pinot.core.query.aggregation.function,CountMVAggregationFunction,0,123,0,8,0,21,0,11,0,7
pinot-controller/pinot-core,com.linkedin.pinot.core.query.aggregation.function,SumAggregationFunction,0,156,0,8,0,31,0,20,0,16
pinot-controller/pinot-core,com.linkedin.pinot.core.query.aggregation.function,PercentileMVAggregationFunction,12,215,1,24,1,43,1,19,0,6
pinot-controller/pinot-core,com.linkedin.pinot.core.query.aggregation.function,FastHLLAggregationFunction,99,149,8,10,22,41,7,19,2,15
pinot-controller/pinot-core,com.linkedin.pinot.core.query.aggregation.function,AggregationFunctionVisitorBase,52,44,0,0,26,22,13,12,13,12
pinot-controller/pinot-core,com.linkedin.pinot.core.query.aggregation.function,AggregationFunctionUtils,3,138,1,15,2,26,2,11,1,4
pinot-controller/pinot-core,com.linkedin.pinot.core.query.aggregation.function,DistinctCountHLLAggregationFunction,407,166,48,12,69,44,35,19,3,15
pinot-controller/pinot-core,com.linkedin.pinot.core.query.aggregation.function,MaxMVAggregationFunction,0,179,0,20,0,31,0,17,0,7
pinot-controller/pinot-core,com.linkedin.pinot.core.query.aggregation.function,DistinctCountAggregationFunction,388,164,46,12,70,44,33,20,2,16
pinot-controller/pinot-core,com.linkedin.pinot.core.query.aggregation.function,AvgMVAggregationFunction,0,169,0,12,0,30,0,14,0,8
pinot-controller/pinot-core,com.linkedin.pinot.core.query.aggregation.function,MinMaxRangeAggregationFunction,55,171,6,14,9,44,6,22,2,16
pinot-controller/pinot-core,com.linkedin.pinot.core.query.aggregation.function,DistinctCountHLLAggregationFunction.new Object() {...},5,35,0,0,0,1,0,1,0,1
pinot-controller/pinot-core,com.linkedin.pinot.core.query.aggregation.function,PercentileEstAggregationFunction,79,165,9,14,14,45,8,20,2,13
pinot-controller/pinot-core,com.linkedin.pinot.core.query.aggregation.function,DistinctCountHLLMVAggregationFunction.new Object() {...},5,35,0,0,0,1,0,1,0,1
pinot-controller/pinot-core,com.linkedin.pinot.core.query.aggregation.function,MaxAggregationFunction,4,165,1,15,2,36,2,22,1,15
pinot-controller/pinot-core,com.linkedin.pinot.core.query.aggregation.function,AggregationFunctionFactory,164,158,30,33,34,36,31,33,1,1
pinot-controller/pinot-core,com.linkedin.pinot.core.query.aggregation.function,PercentileAggregationFunction,79,175,10,15,15,48,9,20,2,13
pinot-controller/pinot-core,com.linkedin.pinot.core.query.aggregation.function,SumMVAggregationFunction,0,173,0,14,0,28,0,14,0,7
pinot-controller/pinot-core,com.linkedin.pinot.core.query.aggregation.function,DistinctCountMVAggregationFunction,596,220,71,21,73,41,43,17,0,8
pinot-controller/pinot-core,com.linkedin.pinot.core.query.aggregation.function,AggregationFunctionFactory.AggregationFunctionType,0,730,0,4,0,71,0,8,0,6
pinot-controller/pinot-core,com.linkedin.pinot.core.query.aggregation.function,AvgAggregationFunction,17,206,3,15,4,46,4,23,1,17
pinot-controller/pinot-core,com.linkedin.pinot.core.query.aggregation.function,MinMaxRangeMVAggregationFunction,0,177,1,19,0,35,1,17,0,8
pinot-controller/pinot-core,com.linkedin.pinot.core.query.aggregation.function,DistinctCountMVAggregationFunction.new Object() {...},5,35,0,0,0,1,0,1,0,1
pinot-controller/pinot-core,com.linkedin.pinot.core.query.aggregation.function,MinAggregationFunction,4,166,1,15,2,36,2,22,1,15
