{
    "bug_id": "pdfbox-2951-buggy",
    "repository_info": null,
    "build_info": {
        "compiled": true,
        "build_command": "mvn clean test-compile -V -B -Denforcer.skip=true -Dcheckstyle.skip=true -Dcobertura.skip=true -Drat.skip=true -Dlicense.skip=true -Dfindbugs.skip=true -Dgpg.skip=true -Dskip.npm=true -Dskip.gulp=true -Dskip.bower=true",
        "java_version": 8,
        "error_message": null,
        "time": 7.5765855989884585
    },
    "test_info": {
        "test_command": "mvn clean test  -Dtest= -DfailIfNoTests=false -V -B -Denforcer.skip=true -Dcheckstyle.skip=true -Dcobertura.skip=true -Drat.skip=true -Dlicense.skip=true -Dfindbugs.skip=true -Dgpg.skip=true -Dskip.npm=true -Dskip.gulp=true -Dskip.bower=true",
        "fail_buggy": true,
        "pass_fixed": false,
        "testcases": [
            {
                "classname": "org.apache.pdfbox.pdfparser.TestPDFParser",
                "method": "testPDFParserInputStream",
                "exn_type": "java.lang.AssertionError",
                "stack_trace": "java.lang.AssertionError: expected:<1> but was:<0>\n\tat org.junit.Assert.fail(Assert.java:88)\n\tat org.junit.Assert.failNotEquals(Assert.java:743)\n\tat org.junit.Assert.assertEquals(Assert.java:118)\n\tat org.junit.Assert.assertEquals(Assert.java:555)\n\tat org.junit.Assert.assertEquals(Assert.java:542)\n\tat org.apache.pdfbox.pdfparser.TestPDFParser.executeParserTest(TestPDFParser.java:116)\n\tat org.apache.pdfbox.pdfparser.TestPDFParser.testPDFParserInputStream(TestPDFParser.java:92)\n"
            }
        ]
    },
    "npe_info": [],
    "patch_results": []
}