<?xml version="1.0" encoding="UTF-8"?>
<testsuite xmlns:xsi="http://www.w3.org/2001/XMLSchema-instance" xsi:noNamespaceSchemaLocation="https://maven.apache.org/surefire/maven-surefire-plugin/xsd/surefire-test-report.xsd" name="org.jgrapht.generate.WattsStrogatzGraphGeneratorTest" time="0.006" tests="10" errors="0" skipped="0" failures="0">
  <properties>
[...]
</properties>
  <testcase name="test4RegularAddShortcutInsteadOfRewiring" classname="org.jgrapht.generate.WattsStrogatzGraphGeneratorTest" time="0.001"/>
  <testcase name="testNonIntegerVertices" classname="org.jgrapht.generate.WattsStrogatzGraphGeneratorTest" time="0.001"/>
  <testcase name="test6RegularSomeRewiring" classname="org.jgrapht.generate.WattsStrogatzGraphGeneratorTest" time="0"/>
  <testcase name="test4RegularNoRewiring" classname="org.jgrapht.generate.WattsStrogatzGraphGeneratorTest" time="0"/>
  <testcase name="test4RegularSomeRewiring" classname="org.jgrapht.generate.WattsStrogatzGraphGeneratorTest" time="0"/>
  <testcase name="testLessThan3Nodes" classname="org.jgrapht.generate.WattsStrogatzGraphGeneratorTest" time="0"/>
  <testcase name="test6RegularNoRewiring" classname="org.jgrapht.generate.WattsStrogatzGraphGeneratorTest" time="0"/>
  <testcase name="testBadParameters" classname="org.jgrapht.generate.WattsStrogatzGraphGeneratorTest" time="0"/>
  <testcase name="test4RegularMoreRewiring" classname="org.jgrapht.generate.WattsStrogatzGraphGeneratorTest" time="0"/>
  <testcase name="test4RegularNoRewiringDirected" classname="org.jgrapht.generate.WattsStrogatzGraphGeneratorTest" time="0"/>
</testsuite>