GROUP,PACKAGE,CLASS,INSTRUCTION_MISSED,INSTRUCTION_COVERED,BRANCH_MISSED,BRANCH_COVERED,LINE_MISSED,LINE_COVERED,COMPLEXITY_MISSED,COMPLEXITY_COVERED,METHOD_MISSED,METHOD_COVERED
pinot-perf/pinot-core,com.linkedin.pinot.core.plan.maker,InstancePlanMakerImplV2,57,270,13,43,10,60,8,30,1,9
pinot-perf/pinot-core,com.linkedin.pinot.core.plan.maker,BrokerRequestPreProcessor,35,77,2,12,4,22,3,7,1,2
pinot-perf/pinot-core,com.linkedin.pinot.core.common.datatable,DataTableImplV2.new Object() {...},68,0,0,0,1,0,1,0,1,0
pinot-perf/pinot-core,com.linkedin.pinot.core.common.datatable,DataTableImplV2,177,1160,25,63,33,259,22,59,1,32
pinot-perf/pinot-core,com.linkedin.pinot.core.common.datatable,DataTableBuilder.new Object() {...},3,23,0,0,0,1,0,1,0,1
pinot-perf/pinot-core,com.linkedin.pinot.core.common.datatable,DataTableUtils.new Object() {...},9,59,0,0,0,1,0,1,0,1
pinot-perf/pinot-core,com.linkedin.pinot.core.common.datatable,DataTableBuilder,72,912,1,41,13,166,2,44,1,23
pinot-perf/pinot-core,com.linkedin.pinot.core.common.datatable,ObjectCustomSerDe.new Object() {...},10,65,0,0,0,1,0,1,0,1
pinot-perf/pinot-core,com.linkedin.pinot.core.common.datatable,ObjectCustomSerDe,67,531,7,71,9,141,8,61,1,20
pinot-perf/pinot-core,com.linkedin.pinot.core.common.datatable,DataTableFactory,15,13,1,1,3,4,2,1,1,1
pinot-perf/pinot-core,com.linkedin.pinot.core.common.datatable,ObjectType,17,166,1,3,1,22,2,6,1,5
pinot-perf/pinot-core,com.linkedin.pinot.core.common.datatable,DataTableUtils,9,56,3,15,2,27,4,12,1,2
pinot-perf/pinot-core,com.linkedin.pinot.core.operator.blocks,IntermediateResultsBlock.new Object() {...},3,23,0,0,0,1,0,1,0,1
pinot-perf/pinot-core,com.linkedin.pinot.core.operator.blocks,BitmapBlock,0,27,0,0,0,7,0,2,0,2
pinot-perf/pinot-core,com.linkedin.pinot.core.operator.blocks,EmptyFilterBlock,0,12,0,0,0,5,0,4,0,4
pinot-perf/pinot-core,com.linkedin.pinot.core.operator.blocks,InstanceResponseBlock,27,18,0,0,7,7,4,3,4,3
pinot-perf/pinot-core,com.linkedin.pinot.core.operator.blocks,DocIdSetBlock,12,23,0,0,3,7,3,4,3,4
pinot-perf/pinot-core,com.linkedin.pinot.core.operator.blocks,MultiValueBlock,8,27,0,0,2,6,2,3,2,3
pinot-perf/pinot-core,com.linkedin.pinot.core.operator.blocks,ProjectionBlock,16,47,0,0,4,11,4,6,4,6
pinot-perf/pinot-core,com.linkedin.pinot.core.operator.blocks,OrBlock,12,16,0,0,3,5,3,2,3,2
pinot-perf/pinot-core,com.linkedin.pinot.core.operator.blocks,MatchEntireSegmentDocIdSetBlock,0,16,0,0,0,5,0,2,0,2
pinot-perf/pinot-core,com.linkedin.pinot.core.operator.blocks,BaseFilterBlock,12,6,0,0,3,2,3,2,3,2
pinot-perf/pinot-core,com.linkedin.pinot.core.operator.blocks,AndBlock,12,16,0,0,3,5,3,2,3,2
pinot-perf/pinot-core,com.linkedin.pinot.core.operator.blocks,TransformBlock,16,66,0,8,4,10,4,9,4,5
pinot-perf/pinot-core,com.linkedin.pinot.core.operator.blocks,IntermediateResultsBlock,118,307,13,17,26,79,18,29,10,21
pinot-perf/pinot-core,com.linkedin.pinot.core.operator.blocks,BlockMetadataImpl,0,47,0,2,0,15,0,10,0,9
pinot-perf/pinot-core,com.linkedin.pinot.core.operator.blocks,SingleValueBlock,8,33,0,0,2,8,2,4,2,4
pinot-perf/pinot-core,com.linkedin.pinot.core.realtime,SegmentMetadataChangeContext,3,0,0,0,1,0,1,0,1,0
pinot-perf/pinot-core,com.linkedin.pinot.core.realtime,StreamProviderFactory,8,12,0,0,4,5,1,4,1,4
pinot-perf/pinot-core,com.linkedin.pinot.core.query.aggregation.groupby.utils,BaseValueToIdMap,40,3,0,0,10,1,10,1,10,1
pinot-perf/pinot-core,com.linkedin.pinot.core.query.aggregation.groupby.utils,ValueToIdMapFactory,15,25,1,5,3,6,2,5,1,1
pinot-perf/pinot-core,com.linkedin.pinot.core.query.aggregation.groupby.utils,DoubleToIdMap,24,62,7,5,2,14,6,5,1,4
pinot-perf/pinot-core,com.linkedin.pinot.core.query.aggregation.groupby.utils,FloatToIdMap,24,62,7,5,2,14,6,5,1,4
pinot-perf/pinot-core,com.linkedin.pinot.core.query.aggregation.groupby.utils,IntToIdMap,24,62,7,5,2,14,6,5,1,4
pinot-perf/pinot-core,com.linkedin.pinot.core.query.aggregation.groupby.utils,StringToIdMap,6,61,4,4,0,14,4,4,0,4
pinot-perf/pinot-core,com.linkedin.pinot.core.query.aggregation.groupby.utils,LongToIdMap,24,62,8,4,2,14,7,4,1,4
pinot-perf/pinot-core,com.linkedin.pinot.core.query.aggregation.groupby.utils,ValueToIdMapFactory.new Object() {...},5,35,0,0,0,1,0,1,0,1
pinot-perf/pinot-core,com.linkedin.pinot.core.io.reader.impl.v1,SortedIndexReader,1,236,1,23,0,49,1,19,0,8
pinot-perf/pinot-core,com.linkedin.pinot.core.io.reader.impl.v1,FixedBitMultiValueReader.Context,0,9,0,0,0,3,0,1,0,1
pinot-perf/pinot-core,com.linkedin.pinot.core.io.reader.impl.v1,FixedByteChunkSingleValueReader,38,144,13,13,4,28,13,11,0,11
pinot-perf/pinot-core,com.linkedin.pinot.core.io.reader.impl.v1,SortedIndexReader.Context,0,12,0,0,0,4,0,1,0,1
pinot-perf/pinot-core,com.linkedin.pinot.core.io.reader.impl.v1,VarByteChunkSingleValueReader.new ThreadLocal() {...},0,11,0,0,0,2,0,2,0,2
pinot-perf/pinot-core,com.linkedin.pinot.core.io.reader.impl.v1,FixedBitMultiValueReader,0,272,0,14,0,52,0,12,0,5
pinot-perf/pinot-core,com.linkedin.pinot.core.io.reader.impl.v1,BaseChunkSingleValueReader,10,197,0,8,3,48,0,11,0,7
pinot-perf/pinot-core,com.linkedin.pinot.core.io.reader.impl.v1,VarByteChunkSingleValueReader,0,100,0,4,0,20,0,6,0,4
pinot-perf/pinot-core,com.linkedin.pinot.core.io.reader.impl.v1,FixedBitSingleValueReader,0,48,0,2,0,12,0,7,0,6
pinot-perf/pinot-core,com.linkedin.pinot.core.query.executor,ServerQueryExecutorV1Impl,78,411,18,24,11,103,14,18,1,10
pinot-perf/pinot-core,com.linkedin.pinot.core.segment.creator.impl.fwd,SingleValueUnsortedForwardIndexCreator,2,69,1,3,1,17,1,5,0,4
pinot-perf/pinot-core,com.linkedin.pinot.core.segment.creator.impl.fwd,MultiValueUnsortedForwardIndexCreator,0,59,0,0,0,14,0,3,0,3
pinot-perf/pinot-core,com.linkedin.pinot.core.segment.creator.impl.fwd,SingleValueFixedByteRawIndexCreator,14,95,1,7,1,23,1,10,0,7
pinot-perf/pinot-core,com.linkedin.pinot.core.segment.creator.impl.fwd,SingleValueSortedForwardIndexCreator,0,135,1,9,0,25,1,9,0,5
pinot-perf/pinot-core,com.linkedin.pinot.core.segment.creator.impl.fwd,SingleValueVarByteRawIndexCreator,31,41,3,1,5,9,3,3,1,3
pinot-perf/pinot-core,com.linkedin.pinot.core.operator.docvaliterators,MultiValueIterator,4,44,0,2,2,10,1,5,1,4
pinot-perf/pinot-core,com.linkedin.pinot.core.operator.docvaliterators,SingleValueIterator,13,86,0,2,1,15,1,9,1,8
pinot-perf/pinot-core,com.linkedin.pinot.core.segment.store,SegmentLocalFSDirectory.Reader,0,42,0,0,0,9,0,8,0,8
pinot-perf/pinot-core,com.linkedin.pinot.core.segment.store,ColumnIndexDirectory,7,71,0,0,1,12,1,3,1,3
pinot-perf/pinot-core,com.linkedin.pinot.core.segment.store,SegmentDirectoryPaths.new Object() {...},3,23,0,0,0,1,0,1,0,1
pinot-perf/pinot-core,com.linkedin.pinot.core.segment.store,FilePerIndexDirectory.new Object() {...},3,23,0,0,0,1,0,1,0,1
pinot-perf/pinot-core,com.linkedin.pinot.core.segment.store,IndexKey,7,68,5,5,3,14,5,5,0,5
pinot-perf/pinot-core,com.linkedin.pinot.core.segment.store,SegmentDirectory.Writer,8,12,0,0,4,4,2,2,2,2
pinot-perf/pinot-core,com.linkedin.pinot.core.segment.store,SegmentDirectoryPaths,28,80,1,8,5,19,4,9,3,5
pinot-perf/pinot-core,com.linkedin.pinot.core.segment.store,SegmentDirectory,0,19,0,0,0,5,0,4,0,4
pinot-perf/pinot-core,com.linkedin.pinot.core.segment.store,IndexEntry,24,16,0,0,1,6,1,2,1,2
pinot-perf/pinot-core,com.linkedin.pinot.core.segment.store,FilePerIndexDirectory,28,313,5,11,3,56,5,21,0,17
pinot-perf/pinot-core,com.linkedin.pinot.core.segment.store,ColumnIndexType,17,75,1,3,1,11,2,6,1,5
pinot-perf/pinot-core,com.linkedin.pinot.core.segment.store,SingleFileIndexDirectory,123,764,15,37,8,128,14,36,1,23
pinot-perf/pinot-core,com.linkedin.pinot.core.segment.store,SegmentDirectory.Reader,0,6,0,0,0,1,0,1,0,1
pinot-perf/pinot-core,com.linkedin.pinot.core.segment.store,SegmentLocalFSDirectory.Writer,77,97,1,5,15,19,9,12,8,9
pinot-perf/pinot-core,com.linkedin.pinot.core.segment.store,SegmentLocalFSDirectory,168,302,18,29,33,79,15,30,2,18
pinot-perf/pinot-core,com.linkedin.pinot.core.segment.store,SegmentLocalFSDirectory.SegmentLock,0,64,0,10,0,18,0,10,0,5
pinot-perf/pinot-core,com.linkedin.pinot.core.segment.store,SegmentLocalFSDirectory.new Object() {...},6,45,0,0,0,2,0,1,0,1
pinot-perf/pinot-core,com.linkedin.pinot.core.operator.transform.function,DateTimeConversionTransform,14,101,5,6,3,22,5,5,1,3
pinot-perf/pinot-core,com.linkedin.pinot.core.operator.transform.function,TransformFunctionFactory,42,67,1,5,15,19,2,5,1,3
pinot-perf/pinot-core,com.linkedin.pinot.core.operator.transform.function,SubtractionTransform,6,55,4,4,0,11,3,5,0,4
pinot-perf/pinot-core,com.linkedin.pinot.core.operator.transform.function,AdditionTransform,5,55,3,5,0,10,2,6,0,4
pinot-perf/pinot-core,com.linkedin.pinot.core.operator.transform.function,TimeConversionTransform,23,84,7,5,2,16,6,5,0,5
pinot-perf/pinot-core,com.linkedin.pinot.core.operator.transform.function,DivisionTransform,6,55,4,4,0,11,3,5,0,4
pinot-perf/pinot-core,com.linkedin.pinot.core.operator.transform.function,MultiplicationTransform,5,59,3,5,0,11,2,6,0,4
pinot-perf/pinot-core,com.linkedin.pinot.core.operator.transform.function,DateTimeConversionTransform.new Object() {...},3,23,0,0,0,1,0,1,0,1
pinot-perf/pinot-core,com.linkedin.pinot.core.realtime.impl.kafka,KafkaAvroMessageDecoder,395,0,28,0,67,0,23,0,9,0
pinot-perf/pinot-core,com.linkedin.pinot.core.realtime.impl.kafka,AvroRecordToPinotRowGenerator,0,67,0,6,0,15,0,5,0,2
pinot-perf/pinot-core,com.linkedin.pinot.core.realtime.impl.kafka,KafkaConsumerManager,46,187,1,5,7,43,2,6,1,4
pinot-perf/pinot-core,com.linkedin.pinot.core.realtime.impl.kafka,KafkaJSONMessageDecoder.new Object() {...},47,0,0,0,1,0,1,0,1,0
pinot-perf/pinot-core,com.linkedin.pinot.core.realtime.impl.kafka,KafkaAvroMessageDecoder.SchemaFetcher,114,0,10,0,20,0,8,0,3,0
pinot-perf/pinot-core,com.linkedin.pinot.core.realtime.impl.kafka,SimpleConsumerWrapper,231,429,41,34,44,95,31,18,1,10
pinot-perf/pinot-core,com.linkedin.pinot.core.realtime.impl.kafka,KafkaConsumerManager.new Thread() {...},37,80,1,5,9,15,1,4,0,2
pinot-perf/pinot-core,com.linkedin.pinot.core.realtime.impl.kafka,KafkaJSONMessageDecoder,224,0,22,0,48,0,20,0,7,0
pinot-perf/pinot-core,com.linkedin.pinot.core.realtime.impl.kafka,SimpleConsumerWrapper.ConnectedToBootstrapNode,1,23,1,1,0,7,1,3,0,3
pinot-perf/pinot-core,com.linkedin.pinot.core.realtime.impl.kafka,SimpleConsumerWrapper.ConnectingToPartitionLeader,11,91,1,5,6,15,2,4,1,2
pinot-perf/pinot-core,com.linkedin.pinot.core.realtime.impl.kafka,ConsumerAndIterator,22,28,0,0,1,9,1,5,1,5
pinot-perf/pinot-core,com.linkedin.pinot.core.realtime.impl.kafka,KafkaHighLevelStreamProviderConfig,305,270,51,9,45,61,31,19,5,15
pinot-perf/pinot-core,com.linkedin.pinot.core.realtime.impl.kafka,SimpleConsumerWrapper.FetchingLeaderInformation,20,81,2,4,8,17,3,3,1,2
pinot-perf/pinot-core,com.linkedin.pinot.core.realtime.impl.kafka,SimpleConsumerMessageBatch,0,61,0,2,0,11,0,7,0,6
pinot-perf/pinot-core,com.linkedin.pinot.core.realtime.impl.kafka,SimpleConsumerWrapper.TransientConsumerException,5,0,0,0,2,0,1,0,1,0
pinot-perf/pinot-core,com.linkedin.pinot.core.realtime.impl.kafka,PinotKafkaConsumerFactory,3,17,0,0,2,6,0,3,0,3
pinot-perf/pinot-core,com.linkedin.pinot.core.realtime.impl.kafka,SimpleConsumerWrapper.ConnectedToPartitionLeader,1,10,0,0,1,4,1,2,1,2
pinot-perf/pinot-core,com.linkedin.pinot.core.realtime.impl.kafka,SimpleConsumerFactory,0,34,0,0,0,5,0,3,0,3
pinot-perf/pinot-core,com.linkedin.pinot.core.realtime.impl.kafka,SimpleConsumerWrapper.PermanentConsumerException,0,5,0,0,0,2,0,1,0,1
pinot-perf/pinot-core,com.linkedin.pinot.core.realtime.impl.kafka,SimpleConsumerWrapper.ConnectingToBootstrapNode,14,80,1,1,6,13,1,3,0,3
pinot-perf/pinot-core,com.linkedin.pinot.core.realtime.impl.kafka,KafkaHighLevelConsumerStreamProvider,75,201,2,8,10,41,6,10,4,7
pinot-perf/pinot-core,com.linkedin.pinot.core.realtime.impl.kafka,SimpleConsumerWrapper.ConsumerState,9,59,0,0,0,6,2,2,2,2
pinot-perf/pinot-core,com.linkedin.pinot.core.realtime.impl.kafka,SimpleConsumerWrapper.State,20,12,0,0,4,4,1,2,1,2
pinot-perf/pinot-core,com.linkedin.pinot.core.realtime.impl.kafka,KafkaSimpleConsumerFactoryImpl,0,12,0,0,0,2,0,2,0,2
pinot-perf/pinot-core,com.linkedin.pinot.core.realtime.impl.kafka,KafkaAvroMessageDecoder.MD5AvroSchemaMap,52,0,4,0,11,0,5,0,3,0
pinot-perf/pinot-core,com.linkedin.pinot.core.realtime.impl.kafka,SimpleConsumerWrapper.new Predicate() {...},19,32,6,4,3,4,5,2,0,2
pinot-perf/pinot-core,com.linkedin.pinot.core.realtime.impl.kafka,SimpleConsumerWrapper.new Object() {...},229,0,0,0,1,0,1,0,1,0
pinot-perf/pinot-core,com.linkedin.pinot.core.realtime.impl.kafka,KafkaLowLevelStreamProviderConfig,52,42,8,4,10,11,7,4,1,4
pinot-perf/pinot-core,com.linkedin.pinot.core.realtime.impl.kafka,KafkaBrokerWrapper,31,49,2,2,7,10,3,4,1,4
pinot-perf/pinot-core,com.linkedin.pinot.core.operator.transform,DefaultExpressionEvaluator.new Object() {...},3,23,0,0,0,1,0,1,0,1
pinot-perf/pinot-core,com.linkedin.pinot.core.operator.transform,DefaultExpressionEvaluator,12,110,2,10,1,23,2,9,0,4
pinot-perf/pinot-core,com.linkedin.pinot.core.operator.transform,TransformExpressionOperator,3,54,1,7,1,12,2,7,1,4
pinot-perf/pinot-core,com.linkedin.pinot.core.operator.transform,TransformUtils,3,36,0,0,2,2,1,2,1,2
pinot-perf/pinot-core,com.linkedin.pinot.core.operator.docvalsets,ProjectionBlockValSet,22,90,0,0,5,19,4,12,4,12
pinot-perf/pinot-core,com.linkedin.pinot.core.operator.docvalsets,TransformBlockValSet,62,105,7,3,15,24,7,6,2,6
pinot-perf/pinot-core,com.linkedin.pinot.core.operator.docvalsets,SingleValueSet,8,330,2,36,2,63,2,29,0,9
pinot-perf/pinot-core,com.linkedin.pinot.core.operator.docvalsets,SingleValueSet.new Object() {...},4,29,0,0,0,1,0,1,0,1
pinot-perf/pinot-core,com.linkedin.pinot.core.operator.docvalsets,ConstantBlockValSet,127,37,9,1,34,11,10,2,5,2
pinot-perf/pinot-core,com.linkedin.pinot.core.operator.docvalsets,MultiValueSet,3,20,0,0,1,6,1,2,1,2
pinot-perf/pinot-core,com.linkedin.pinot.core.startree.hll,HllUtil.SerializationConverter,3,52,0,4,1,10,1,6,1,4
pinot-perf/pinot-core,com.linkedin.pinot.core.startree.hll,HllUtil,64,95,3,7,19,19,5,9,3,6
pinot-perf/pinot-core,com.linkedin.pinot.core.query.aggregation.groupby,AggregationGroupByResult,0,28,0,0,0,7,0,3,0,3
pinot-perf/pinot-core,com.linkedin.pinot.core.query.aggregation.groupby,DefaultGroupByExecutor,11,447,5,37,2,90,5,27,0,11
pinot-perf/pinot-core,com.linkedin.pinot.core.query.aggregation.groupby,DictionaryBasedGroupKeyGenerator.ArrayBasedHolder.new Iterator() {...},8,69,1,7,2,10,2,6,1,3
pinot-perf/pinot-core,com.linkedin.pinot.core.query.aggregation.groupby,AggregationGroupByTrimmingService.NonComparableSorter,5,158,2,14,2,37,3,9,1,3
pinot-perf/pinot-core,com.linkedin.pinot.core.query.aggregation.groupby,DictionaryBasedGroupKeyGenerator.IntMapBasedHolder.new Iterator() {...},4,44,0,0,1,8,1,3,1,3
pinot-perf/pinot-core,com.linkedin.pinot.core.query.aggregation.groupby,NoDictionarySingleColumnGroupKeyGenerator.GroupKeyIterator,4,41,0,0,1,9,1,3,1,3
pinot-perf/pinot-core,com.linkedin.pinot.core.query.aggregation.groupby,NoDictionaryMultiColumnGroupKeyGenerator.FixedIntArray,4,36,3,3,2,10,3,5,0,5
pinot-perf/pinot-core,com.linkedin.pinot.core.query.aggregation.groupby,NoDictionarySingleColumnGroupKeyGenerator,34,331,3,29,4,85,5,28,2,11
pinot-perf/pinot-core,com.linkedin.pinot.core.query.aggregation.groupby,DictionaryBasedGroupKeyGenerator.LongMapBasedHolder,0,116,0,8,0,23,0,10,0,6
pinot-perf/pinot-core,com.linkedin.pinot.core.query.aggregation.groupby,ObjectGroupByResultHolder,30,227,3,19,3,48,5,15,2,7
pinot-perf/pinot-core,com.linkedin.pinot.core.query.aggregation.groupby,NoDictionarySingleColumnGroupKeyGenerator.new Object() {...},5,35,0,0,0,1,0,1,0,1
pinot-perf/pinot-core,com.linkedin.pinot.core.query.aggregation.groupby,GroupKeyGenerator.GroupKey,0,3,0,0,0,1,0,1,0,1
pinot-perf/pinot-core,com.linkedin.pinot.core.query.aggregation.groupby,DictionaryBasedGroupKeyGenerator.ArrayMapBasedHolder,0,113,0,8,0,23,0,10,0,6
pinot-perf/pinot-core,com.linkedin.pinot.core.query.aggregation.groupby,DictionaryBasedGroupKeyGenerator.LongMapBasedHolder.new Iterator() {...},4,44,0,0,1,8,1,3,1,3
pinot-perf/pinot-core,com.linkedin.pinot.core.query.aggregation.groupby,DictionaryBasedGroupKeyGenerator.IntArray,2,64,1,7,1,14,1,6,0,3
pinot-perf/pinot-core,com.linkedin.pinot.core.query.aggregation.groupby,AggregationGroupByTrimmingService.ComparableSorter,0,104,0,8,0,25,0,8,0,4
pinot-perf/pinot-core,com.linkedin.pinot.core.query.aggregation.groupby,GroupByResultHolder.StorageMode,9,29,0,0,0,3,2,2,2,2
pinot-perf/pinot-core,com.linkedin.pinot.core.query.aggregation.groupby,DefaultGroupByExecutor.new ThreadLocal() {...},0,6,0,0,0,2,0,2,0,2
pinot-perf/pinot-core,com.linkedin.pinot.core.query.aggregation.groupby,DefaultGroupByExecutor.new ThreadLocal() {...},0,6,0,0,0,2,0,2,0,2
pinot-perf/pinot-core,com.linkedin.pinot.core.query.aggregation.groupby,DictionaryBasedGroupKeyGenerator.IntMapBasedHolder,0,111,0,8,0,22,0,10,0,6
pinot-perf/pinot-core,com.linkedin.pinot.core.query.aggregation.groupby,DictionaryBasedGroupKeyGenerator.ArrayBasedHolder,0,94,0,6,0,15,0,8,0,5
pinot-perf/pinot-core,com.linkedin.pinot.core.query.aggregation.groupby,NoDictionaryMultiColumnGroupKeyGenerator.GroupKeyIterator,4,44,0,0,1,9,1,3,1,3
pinot-perf/pinot-core,com.linkedin.pinot.core.query.aggregation.groupby,GroupByResultHolder,0,4,0,0,0,1,0,1,0,1
pinot-perf/pinot-core,com.linkedin.pinot.core.query.aggregation.groupby,AggregationGroupByTrimmingService.ComparableSorter.GroupKeyResultPair,0,15,0,0,0,5,0,2,0,2
pinot-perf/pinot-core,com.linkedin.pinot.core.query.aggregation.groupby,DoubleGroupByResultHolder,30,242,2,22,3,53,4,17,2,7
pinot-perf/pinot-core,com.linkedin.pinot.core.query.aggregation.groupby,DictionaryBasedGroupKeyGenerator,0,1034,0,106,0,196,0,66,0,13
pinot-perf/pinot-core,com.linkedin.pinot.core.query.aggregation.groupby,NoDictionaryMultiColumnGroupKeyGenerator,36,400,2,32,4,85,4,27,2,8
pinot-perf/pinot-core,com.linkedin.pinot.core.query.aggregation.groupby,DictionaryBasedGroupKeyGenerator.ArrayMapBasedHolder.new Iterator() {...},4,45,0,0,1,8,1,3,1,3
pinot-perf/pinot-core,com.linkedin.pinot.core.query.aggregation.groupby,NoDictionaryMultiColumnGroupKeyGenerator.new Object() {...},5,35,0,0,0,1,0,1,0,1
pinot-perf/pinot-core,com.linkedin.pinot.core.query.aggregation.groupby,AggregationGroupByTrimmingService,10,270,2,28,1,56,2,17,0,4
pinot-perf/pinot-core,com.linkedin.pinot.core.query.selection,SelectionOperatorUtils,60,1049,4,125,8,232,5,88,2,14
pinot-perf/pinot-core,com.linkedin.pinot.core.query.selection,SelectionOperatorService.new Object() {...},5,35,0,0,0,1,0,1,0,1
pinot-perf/pinot-core,com.linkedin.pinot.core.query.selection,SelectionOperatorService.new Comparator() {...},35,100,6,14,5,26,6,8,0,2
pinot-perf/pinot-core,com.linkedin.pinot.core.query.selection,SelectionOperatorService.new Comparator() {...},7,77,2,10,1,17,2,6,0,2
pinot-perf/pinot-core,com.linkedin.pinot.core.query.selection,SelectionFetcher,35,137,5,14,8,30,5,11,0,2
pinot-perf/pinot-core,com.linkedin.pinot.core.query.selection,SelectionOperatorUtils.new Object() {...},10,65,0,0,0,1,0,1,0,1
pinot-perf/pinot-core,com.linkedin.pinot.core.query.selection,SelectionOperatorService,0,358,1,19,0,70,1,22,0,13
pinot-perf/pinot-core,com.linkedin.pinot.core.query.selection,SelectionFetcher.new Object() {...},10,65,0,0,0,1,0,1,0,1
pinot-perf/pinot-core,com.linkedin.pinot.core.segment.creator.impl.stats,FloatColumnPreIndexStatsCollector,27,211,5,15,7,48,5,15,0,10
pinot-perf/pinot-core,com.linkedin.pinot.core.segment.creator.impl.stats,DoubleColumnPreIndexStatsCollector,70,166,10,10,12,43,8,12,0,10
pinot-perf/pinot-core,com.linkedin.pinot.core.segment.creator.impl.stats,IntColumnPreIndexStatsCollector,27,209,5,15,7,48,5,15,0,10
pinot-perf/pinot-core,com.linkedin.pinot.core.segment.creator.impl.stats,AbstractColumnStatisticsCollector,11,198,4,32,2,55,5,26,1,12
pinot-perf/pinot-core,com.linkedin.pinot.core.segment.creator.impl.stats,LongColumnPreIndexStatsCollector,27,209,5,15,7,48,5,15,0,10
pinot-perf/pinot-core,com.linkedin.pinot.core.segment.creator.impl.stats,SegmentPreIndexStatsCollectorImpl.new Object() {...},6,41,0,0,0,1,0,1,0,1
pinot-perf/pinot-core,com.linkedin.pinot.core.segment.creator.impl.stats,SegmentPreIndexStatsCollectorImpl,134,201,6,14,20,43,5,18,1,10
pinot-perf/pinot-core,com.linkedin.pinot.core.segment.creator.impl.stats,StringColumnPreIndexStatsCollector,37,239,7,17,9,56,7,17,0,12
pinot-perf/pinot-core,com.linkedin.pinot.core.operator.filter.predicate,RangePredicateEvaluatorFactory,15,47,1,7,3,9,2,7,1,2
pinot-perf/pinot-core,com.linkedin.pinot.core.operator.filter.predicate,RegexpLikePredicateEvaluatorFactory.RawValueBasedRegexpLikePredicateEvaluator,17,0,0,0,5,0,3,0,3,0
pinot-perf/pinot-core,com.linkedin.pinot.core.operator.filter.predicate,BaseRawValueBasedPredicateEvaluator,28,192,0,50,7,48,7,33,7,8
pinot-perf/pinot-core,com.linkedin.pinot.core.operator.filter.predicate,NotInPredicateEvaluatorFactory.FloatRawValueBasedNotInPredicateEvaluator,0,46,0,4,0,8,0,5,0,3
pinot-perf/pinot-core,com.linkedin.pinot.core.operator.filter.predicate,NotEqualsPredicateEvaluatorFactory.IntRawValueBasedNeqPredicateEvaluator,0,18,0,2,0,5,0,4,0,3
pinot-perf/pinot-core,com.linkedin.pinot.core.operator.filter.predicate,RangePredicateEvaluatorFactory.IntRawValueBasedRangePredicateEvaluator,0,85,0,16,0,16,0,11,0,3
pinot-perf/pinot-core,com.linkedin.pinot.core.operator.filter.predicate,EqualsPredicateEvaluatorFactory.StringRawValueBasedEqPredicateEvaluator,0,14,0,0,0,5,0,3,0,3
pinot-perf/pinot-core,com.linkedin.pinot.core.operator.filter.predicate,NotEqualsPredicateEvaluatorFactory.LongRawValueBasedNeqPredicateEvaluator,0,19,0,2,0,5,0,4,0,3
pinot-perf/pinot-core,com.linkedin.pinot.core.operator.filter.predicate,NotInPredicateEvaluatorFactory.DictionaryBasedNotInPredicateEvaluator,0,114,2,14,0,23,2,12,0,6
pinot-perf/pinot-core,com.linkedin.pinot.core.operator.filter.predicate,PredicateEvaluatorProvider,34,84,3,13,5,18,4,11,1,1
pinot-perf/pinot-core,com.linkedin.pinot.core.operator.filter.predicate,RangePredicateEvaluatorFactory.RealtimeDictionaryBasedRangePredicateEvaluator,5,83,2,10,2,22,3,9,1,5
pinot-perf/pinot-core,com.linkedin.pinot.core.operator.filter.predicate,InPredicateEvaluatorFactory.LongRawValueBasedInPredicateEvaluator,0,42,0,2,0,8,0,4,0,3
pinot-perf/pinot-core,com.linkedin.pinot.core.operator.filter.predicate,EqualsPredicateEvaluatorFactory.DictionaryBasedEqPredicateEvaluator,0,46,0,6,0,10,0,8,0,5
pinot-perf/pinot-core,com.linkedin.pinot.core.operator.filter.predicate,RangePredicateEvaluatorFactory.StringRawValueBasedRangePredicateEvaluator,2,81,0,16,1,16,1,10,1,2
pinot-perf/pinot-core,com.linkedin.pinot.core.operator.filter.predicate,NotEqualsPredicateEvaluatorFactory.StringRawValueBasedNeqPredicateEvaluator,0,18,0,2,0,5,0,4,0,3
pinot-perf/pinot-core,com.linkedin.pinot.core.operator.filter.predicate,NotEqualsPredicateEvaluatorFactory.DoubleRawValueBasedNeqPredicateEvaluator,0,19,0,2,0,5,0,4,0,3
pinot-perf/pinot-core,com.linkedin.pinot.core.operator.filter.predicate,BaseDictionaryBasedPredicateEvaluator,36,42,0,10,9,11,9,8,9,3
pinot-perf/pinot-core,com.linkedin.pinot.core.operator.filter.predicate,NotEqualsPredicateEvaluatorFactory.FloatRawValueBasedNeqPredicateEvaluator,0,19,0,2,0,5,0,4,0,3
pinot-perf/pinot-core,com.linkedin.pinot.core.operator.filter.predicate,InPredicateEvaluatorFactory.StringRawValueBasedInPredicateEvaluator,0,25,0,0,0,7,0,3,0,3
pinot-perf/pinot-core,com.linkedin.pinot.core.operator.filter.predicate,EqualsPredicateEvaluatorFactory.DoubleRawValueBasedEqPredicateEvaluator,0,19,0,2,0,5,0,4,0,3
pinot-perf/pinot-core,com.linkedin.pinot.core.operator.filter.predicate,BasePredicateEvaluator,0,7,0,0,0,2,0,2,0,2
pinot-perf/pinot-core,com.linkedin.pinot.core.operator.filter.predicate,RangePredicateEvaluatorFactory.new Object() {...},5,35,0,0,0,1,0,1,0,1
pinot-perf/pinot-core,com.linkedin.pinot.core.operator.filter.predicate,NotEqualsPredicateEvaluatorFactory.DictionaryBasedNeqPredicateEvaluator,0,108,1,15,0,24,1,13,0,6
pinot-perf/pinot-core,com.linkedin.pinot.core.operator.filter.predicate,NotInPredicateEvaluatorFactory.IntRawValueBasedNotInPredicateEvaluator,0,46,0,4,0,8,0,5,0,3
pinot-perf/pinot-core,com.linkedin.pinot.core.operator.filter.predicate,NotInPredicateEvaluatorFactory.DoubleRawValueBasedNotInPredicateEvaluator,0,46,0,4,0,8,0,5,0,3
pinot-perf/pinot-core,com.linkedin.pinot.core.operator.filter.predicate,PredicateEvaluatorProvider.new Object() {...},6,41,0,0,0,1,0,1,0,1
pinot-perf/pinot-core,com.linkedin.pinot.core.operator.filter.predicate,InPredicateEvaluatorFactory.DoubleRawValueBasedInPredicateEvaluator,0,42,0,2,0,8,0,4,0,3
pinot-perf/pinot-core,com.linkedin.pinot.core.operator.filter.predicate,NotInPredicateEvaluatorFactory.StringRawValueBasedNotInPredicateEvaluator,0,29,0,2,0,7,0,4,0,3
pinot-perf/pinot-core,com.linkedin.pinot.core.operator.filter.predicate,NotInPredicateEvaluatorFactory,15,36,1,5,3,7,2,6,1,2
pinot-perf/pinot-core,com.linkedin.pinot.core.operator.filter.predicate,RegexpLikePredicateEvaluatorFactory,23,6,2,0,4,1,3,1,2,1
pinot-perf/pinot-core,com.linkedin.pinot.core.operator.filter.predicate,InPredicateEvaluatorFactory,15,36,1,5,3,7,2,6,1,2
pinot-perf/pinot-core,com.linkedin.pinot.core.operator.filter.predicate,EqualsPredicateEvaluatorFactory.new Object() {...},5,35,0,0,0,1,0,1,0,1
pinot-perf/pinot-core,com.linkedin.pinot.core.operator.filter.predicate,InPredicateEvaluatorFactory.FloatRawValueBasedInPredicateEvaluator,0,42,0,2,0,8,0,4,0,3
pinot-perf/pinot-core,com.linkedin.pinot.core.operator.filter.predicate,RegexpLikePredicateEvaluatorFactory.DictionaryBasedRegexpLikePredicateEvaluator,33,25,6,0,8,7,4,4,1,4
pinot-perf/pinot-core,com.linkedin.pinot.core.operator.filter.predicate,EqualsPredicateEvaluatorFactory,15,36,1,5,3,7,2,6,1,2
pinot-perf/pinot-core,com.linkedin.pinot.core.operator.filter.predicate,InPredicateEvaluatorFactory.new Object() {...},5,35,0,0,0,1,0,1,0,1
pinot-perf/pinot-core,com.linkedin.pinot.core.operator.filter.predicate,NotInPredicateEvaluatorFactory.new Object() {...},5,35,0,0,0,1,0,1,0,1
pinot-perf/pinot-core,com.linkedin.pinot.core.operator.filter.predicate,RangePredicateEvaluatorFactory.FloatRawValueBasedRangePredicateEvaluator,0,89,0,16,0,16,0,11,0,3
pinot-perf/pinot-core,com.linkedin.pinot.core.operator.filter.predicate,EqualsPredicateEvaluatorFactory.IntRawValueBasedEqPredicateEvaluator,0,18,0,2,0,5,0,4,0,3
pinot-perf/pinot-core,com.linkedin.pinot.core.operator.filter.predicate,NotEqualsPredicateEvaluatorFactory.new Object() {...},5,35,0,0,0,1,0,1,0,1
pinot-perf/pinot-core,com.linkedin.pinot.core.operator.filter.predicate,EqualsPredicateEvaluatorFactory.LongRawValueBasedEqPredicateEvaluator,0,19,0,2,0,5,0,4,0,3
pinot-perf/pinot-core,com.linkedin.pinot.core.operator.filter.predicate,RangePredicateEvaluatorFactory.OfflineDictionaryBasedRangePredicateEvaluator,0,141,1,23,0,33,1,16,0,5
pinot-perf/pinot-core,com.linkedin.pinot.core.operator.filter.predicate,EqualsPredicateEvaluatorFactory.FloatRawValueBasedEqPredicateEvaluator,0,19,0,2,0,5,0,4,0,3
pinot-perf/pinot-core,com.linkedin.pinot.core.operator.filter.predicate,RangePredicateEvaluatorFactory.LongRawValueBasedRangePredicateEvaluator,2,87,0,16,1,15,1,10,1,2
pinot-perf/pinot-core,com.linkedin.pinot.core.operator.filter.predicate,RangePredicateEvaluatorFactory.DoubleRawValueBasedRangePredicateEvaluator,0,89,0,16,0,16,0,11,0,3
pinot-perf/pinot-core,com.linkedin.pinot.core.operator.filter.predicate,InPredicateEvaluatorFactory.IntRawValueBasedInPredicateEvaluator,0,42,0,2,0,8,0,4,0,3
pinot-perf/pinot-core,com.linkedin.pinot.core.operator.filter.predicate,NotEqualsPredicateEvaluatorFactory,15,36,1,5,3,7,2,6,1,2
pinot-perf/pinot-core,com.linkedin.pinot.core.operator.filter.predicate,NotInPredicateEvaluatorFactory.LongRawValueBasedNotInPredicateEvaluator,0,46,0,4,0,8,0,5,0,3
pinot-perf/pinot-core,com.linkedin.pinot.core.operator.filter.predicate,InPredicateEvaluatorFactory.DictionaryBasedInPredicateEvaluator,0,60,1,5,0,14,1,7,0,5
pinot-perf/pinot-core,com.linkedin.pinot.core.segment.index.readers,FloatDictionary,0,62,0,4,0,14,0,11,0,9
pinot-perf/pinot-core,com.linkedin.pinot.core.segment.index.readers,BaseDictionary,21,87,2,8,4,17,2,9,1,5
pinot-perf/pinot-core,com.linkedin.pinot.core.segment.index.readers,LongDictionary,0,62,0,4,0,14,0,11,0,9
pinot-perf/pinot-core,com.linkedin.pinot.core.segment.index.readers,OnHeapLongDictionary,66,60,6,2,11,12,7,5,4,4
pinot-perf/pinot-core,com.linkedin.pinot.core.segment.index.readers,ImmutableDictionaryReader,17,393,4,38,3,99,5,34,1,17
pinot-perf/pinot-core,com.linkedin.pinot.core.segment.index.readers,OnHeapDoubleDictionary,62,60,6,2,10,12,6,5,3,4
pinot-perf/pinot-core,com.linkedin.pinot.core.segment.index.readers,BitmapInvertedIndexReader,72,147,8,10,6,40,7,9,0,7
pinot-perf/pinot-core,com.linkedin.pinot.core.segment.index.readers,OnHeapIntDictionary,62,78,6,2,10,15,6,8,3,7
pinot-perf/pinot-core,com.linkedin.pinot.core.segment.index.readers,OnHeapStringDictionary,48,104,6,8,7,20,5,7,0,5
pinot-perf/pinot-core,com.linkedin.pinot.core.segment.index.readers,OnHeapDictionary,24,7,0,0,6,2,6,1,6,1
pinot-perf/pinot-core,com.linkedin.pinot.core.segment.index.readers,DoubleDictionary,0,62,0,4,0,14,0,11,0,9
pinot-perf/pinot-core,com.linkedin.pinot.core.segment.index.readers,StringDictionary,16,59,0,4,4,12,4,8,4,6
pinot-perf/pinot-core,com.linkedin.pinot.core.segment.index.readers,IntDictionary,0,62,0,4,0,14,0,11,0,9
pinot-perf/pinot-core,com.linkedin.pinot.core.segment.index.readers,OnHeapFloatDictionary,62,66,6,2,10,13,6,6,3,5
pinot-perf/pinot-core,com.linkedin.pinot.core.query.config,QueryPlannerConfig,28,23,3,1,3,7,3,3,1,3
pinot-perf/pinot-core,com.linkedin.pinot.core.query.config,SegmentPrunerConfig,23,85,3,3,2,17,2,7,0,6
pinot-perf/pinot-core,com.linkedin.pinot.core.query.config,QueryExecutorConfig,26,60,3,1,3,14,3,6,1,6
pinot-perf/pinot-core,com.linkedin.pinot.core.indexsegment.realtime,RealtimeSegmentLoader,3,0,0,0,1,0,1,0,1,0
pinot-perf/pinot-core,com.linkedin.pinot.core.query.utils,Pair,8,30,0,0,4,7,2,4,2,4
pinot-perf/pinot-core,com.linkedin.pinot.core.query.utils,TrieNode,43,0,0,0,17,0,9,0,9,0
pinot-perf/pinot-core,com.linkedin.pinot.core.operator.query,DictionaryBasedAggregationOperator.new Object() {...},3,23,0,0,0,1,0,1,0,1
pinot-perf/pinot-core,com.linkedin.pinot.core.operator.query,AggregationOperator,2,75,0,2,1,17,1,4,1,3
pinot-perf/pinot-core,com.linkedin.pinot.core.operator.query,MSelectionOnlyOperator,2,154,0,8,1,29,1,7,1,3
pinot-perf/pinot-core,com.linkedin.pinot.core.operator.query,MetadataBasedAggregationOperator.new Object() {...},4,29,0,0,0,1,0,1,0,1
pinot-perf/pinot-core,com.linkedin.pinot.core.operator.query,DictionaryBasedAggregationOperator,15,132,1,5,2,26,2,6,1,3
pinot-perf/pinot-core,com.linkedin.pinot.core.operator.query,MetadataBasedAggregationOperator,71,99,4,3,13,20,5,4,1,3
pinot-perf/pinot-core,com.linkedin.pinot.core.operator.query,MSelectionOrderByOperator,11,176,2,10,3,31,3,8,1,4
pinot-perf/pinot-core,com.linkedin.pinot.core.operator.query,AggregationGroupByOperator,2,89,0,2,1,20,1,4,1,3
pinot-perf/pinot-core,com.linkedin.pinot.core.data.manager.config,TableDataManagerConfig,21,100,4,5,2,24,5,10,1,9
pinot-perf/pinot-core,com.linkedin.pinot.core.data.manager.config,TableDataManagerConfig.new Object() {...},2,17,0,0,0,1,0,1,0,1
pinot-perf/pinot-core,com.linkedin.pinot.core.query.aggregation,DefaultAggregationExecutor,3,195,3,11,1,37,3,10,0,6
pinot-perf/pinot-core,com.linkedin.pinot.core.query.aggregation,AggregationFunctionContext,0,42,0,0,0,11,0,5,0,5
pinot-perf/pinot-core,com.linkedin.pinot.core.query.aggregation,ObjectAggregationResultHolder,28,10,0,0,2,4,2,3,2,3
pinot-perf/pinot-core,com.linkedin.pinot.core.query.aggregation,DoubleAggregationResultHolder,28,13,0,0,2,6,2,3,2,3
pinot-perf/pinot-core,com.linkedin.pinot.core.realtime.impl,RealtimeSegmentStatsHistory,180,340,27,43,10,91,20,34,2,17
pinot-perf/pinot-core,com.linkedin.pinot.core.realtime.impl,RealtimeSegmentImpl.new Object() {...},5,35,0,0,0,1,0,1,0,1
pinot-perf/pinot-core,com.linkedin.pinot.core.realtime.impl,RealtimeSegmentImpl.new SegmentMetadataImpl() {...},0,16,0,0,0,3,0,3,0,3
pinot-perf/pinot-core,com.linkedin.pinot.core.realtime.impl,RealtimeSegmentConfig.Builder,5,87,0,0,2,25,1,13,1,13
pinot-perf/pinot-core,com.linkedin.pinot.core.realtime.impl,FileBasedStreamProviderImpl,27,43,0,2,8,11,6,5,6,4
pinot-perf/pinot-core,com.linkedin.pinot.core.realtime.impl,RealtimeSegmentStatsHistory.ColumnStats,15,17,0,0,1,7,1,5,1,5
pinot-perf/pinot-core,com.linkedin.pinot.core.realtime.impl,RealtimeSegmentConfig,0,75,0,0,0,26,0,13,0,13
pinot-perf/pinot-core,com.linkedin.pinot.core.realtime.impl,RealtimeSegmentImpl,470,1008,34,74,79,194,31,49,6,15
pinot-perf/pinot-core,com.linkedin.pinot.core.realtime.impl,FileBasedStreamProviderConfig,22,18,0,0,11,7,9,3,9,3
pinot-perf/pinot-core,com.linkedin.pinot.core.realtime.impl,RealtimeSegmentStatsHistory.SegmentStats,67,42,2,0,6,14,2,9,1,9
pinot-perf/pinot-core,com.linkedin.pinot.core.data.readers,RecordReaderUtils.new Object() {...},5,35,0,0,0,1,0,1,0,1
pinot-perf/pinot-core,com.linkedin.pinot.core.data.readers,CSVRecordReaderConfig,20,21,0,0,9,7,5,5,5,5
pinot-perf/pinot-core,com.linkedin.pinot.core.data.readers,ThriftRecordReaderConfig,4,10,0,0,1,4,1,3,1,3
pinot-perf/pinot-core,com.linkedin.pinot.core.data.readers,AvroRecordReader,38,127,4,6,7,34,3,11,0,9
pinot-perf/pinot-core,com.linkedin.pinot.core.data.readers,CSVRecordReader,62,148,22,10,12,39,17,10,1,7
pinot-perf/pinot-core,com.linkedin.pinot.core.data.readers,PinotSegmentRecordReader,128,177,4,12,25,36,4,14,1,7
pinot-perf/pinot-core,com.linkedin.pinot.core.data.readers,PinotSegmentColumnReader,52,144,6,8,9,32,6,8,1,6
pinot-perf/pinot-core,com.linkedin.pinot.core.data.readers,FileFormat,5,73,0,0,0,7,1,3,1,3
pinot-perf/pinot-core,com.linkedin.pinot.core.data.readers,GenericRowRecordReader,0,48,0,2,0,13,0,8,0,7
pinot-perf/pinot-core,com.linkedin.pinot.core.data.readers,RecordReaderFactory.new Object() {...},6,41,0,0,0,1,0,1,0,1
pinot-perf/pinot-core,com.linkedin.pinot.core.data.readers,RecordReaderUtils,53,168,10,24,9,38,11,16,1,7
pinot-perf/pinot-core,com.linkedin.pinot.core.data.readers,PinotSegmentRecordReader.new Object() {...},5,35,0,0,0,1,0,1,0,1
pinot-perf/pinot-core,com.linkedin.pinot.core.data.readers,ThriftRecordReader,32,215,4,18,9,56,5,14,1,7
pinot-perf/pinot-core,com.linkedin.pinot.core.data.readers,JSONRecordReader,9,109,0,6,4,30,1,11,1,8
pinot-perf/pinot-core,com.linkedin.pinot.core.data.readers,RecordReaderFactory,45,37,5,1,7,6,6,1,1,1
pinot-perf/pinot-core,com.linkedin.pinot.core.realtime.converter.stats,RealtimeNoDictionaryColStatistics.new Object() {...},4,29,0,0,0,1,0,1,0,1
pinot-perf/pinot-core,com.linkedin.pinot.core.realtime.converter.stats,RealtimeSegmentStatsContainer,5,81,1,5,0,16,1,7,0,5
pinot-perf/pinot-core,com.linkedin.pinot.core.realtime.converter.stats,RealtimeSegmentSegmentCreationDataSource,5,29,1,1,1,8,1,3,0,3
pinot-perf/pinot-core,com.linkedin.pinot.core.realtime.converter.stats,RealtimeNoDictionaryColStatistics,16,315,5,35,6,83,7,35,2,17
pinot-perf/pinot-core,com.linkedin.pinot.core.realtime.converter.stats,RealtimeColumnStatistics,78,208,13,23,15,50,10,24,2,14
pinot-perf/pinot-core,com.linkedin.pinot.core.io.compression,SnappyDecompressor,0,7,0,0,0,2,0,2,0,2
pinot-perf/pinot-core,com.linkedin.pinot.core.io.compression,ChunkCompressorFactory.CompressionType,5,41,0,0,0,7,1,4,1,4
pinot-perf/pinot-core,com.linkedin.pinot.core.io.compression,SnappyCompressor,0,7,0,0,0,2,0,2,0,2
pinot-perf/pinot-core,com.linkedin.pinot.core.io.compression,ChunkCompressorFactory,27,26,2,4,4,6,3,4,1,2
pinot-perf/pinot-core,com.linkedin.pinot.core.io.compression,PassThroughCompressor,0,13,0,0,0,4,0,2,0,2
pinot-perf/pinot-core,com.linkedin.pinot.core.io.compression,ChunkCompressorFactory.new Object() {...},2,17,0,0,0,1,0,1,0,1
pinot-perf/pinot-core,com.linkedin.pinot.core.io.compression,PassThroughDecompressor,0,10,0,0,0,3,0,2,0,2
pinot-perf/pinot-core,com.linkedin.pinot.core.realtime.impl.dictionary,DoubleOffHeapMutableDictionary,66,163,8,16,12,43,10,19,4,13
pinot-perf/pinot-core,com.linkedin.pinot.core.realtime.impl.dictionary,MutableDictionaryFactory,11,77,2,12,4,14,3,10,1,1
pinot-perf/pinot-core,com.linkedin.pinot.core.realtime.impl.dictionary,MutableDictionaryFactory.new Object() {...},5,35,0,0,0,1,0,1,0,1
pinot-perf/pinot-core,com.linkedin.pinot.core.realtime.impl.dictionary,LongOffHeapMutableDictionary,39,190,6,18,8,47,8,21,4,13
pinot-perf/pinot-core,com.linkedin.pinot.core.realtime.impl.dictionary,BaseOffHeapMutableDictionary.ValueToDictId,0,15,0,0,0,6,0,3,0,3
pinot-perf/pinot-core,com.linkedin.pinot.core.realtime.impl.dictionary,DoubleOnHeapMutableDictionary,58,121,9,15,11,34,9,15,3,9
pinot-perf/pinot-core,com.linkedin.pinot.core.realtime.impl.dictionary,StringOnHeapMutableDictionary,16,144,0,24,4,40,4,20,4,8
pinot-perf/pinot-core,com.linkedin.pinot.core.realtime.impl.dictionary,BaseOffHeapMutableDictionary,107,804,13,65,24,143,21,41,10,13
pinot-perf/pinot-core,com.linkedin.pinot.core.realtime.impl.dictionary,BaseOnHeapMutableDictionary,12,89,2,6,2,20,3,9,2,6
pinot-perf/pinot-core,com.linkedin.pinot.core.realtime.impl.dictionary,IntOnHeapMutableDictionary,14,162,0,24,2,43,2,22,2,10
pinot-perf/pinot-core,com.linkedin.pinot.core.realtime.impl.dictionary,FloatOnHeapMutableDictionary,24,156,3,21,5,40,5,19,3,9
pinot-perf/pinot-core,com.linkedin.pinot.core.realtime.impl.dictionary,StringOffHeapMutableDictionary,7,217,0,24,1,55,1,27,1,15
pinot-perf/pinot-core,com.linkedin.pinot.core.realtime.impl.dictionary,IntOffHeapMutableDictionary,23,203,0,24,3,52,3,26,3,14
pinot-perf/pinot-core,com.linkedin.pinot.core.realtime.impl.dictionary,LongOnHeapMutableDictionary,19,162,3,21,4,41,4,20,2,10
pinot-perf/pinot-core,com.linkedin.pinot.core.realtime.impl.dictionary,FloatOffHeapMutableDictionary,33,196,3,21,6,49,6,23,4,13
pinot-perf/pinot-core,com.linkedin.pinot.core.realtime.impl.dictionary,MutableDictionary,0,10,0,0,0,3,0,3,0,3
pinot-perf/pinot-core,com.linkedin.pinot.core.operator.filter,StarTreeIndexBasedFilterOperator.new Comparator() {...},6,28,2,4,2,7,2,6,0,3
pinot-perf/pinot-core,com.linkedin.pinot.core.operator.filter,StarTreeIndexBasedFilterOperator.new Object() {...},6,41,0,0,0,1,0,1,0,1
pinot-perf/pinot-core,com.linkedin.pinot.core.operator.filter,StarTreeIndexBasedFilterOperator,5,613,0,68,2,145,2,40,2,6
pinot-perf/pinot-core,com.linkedin.pinot.core.operator.filter,SortedInvertedIndexBasedFilterOperator.SortedBlock,39,21,0,0,3,6,3,2,3,2
pinot-perf/pinot-core,com.linkedin.pinot.core.operator.filter,FilterOperatorUtils,3,53,0,10,2,11,1,7,1,2
pinot-perf/pinot-core,com.linkedin.pinot.core.operator.filter,ScanBasedFilterOperator.ScanBlock,39,9,0,0,3,4,3,2,3,2
pinot-perf/pinot-core,com.linkedin.pinot.core.operator.filter,EmptyFilterOperator,2,14,0,0,1,6,1,5,1,5
pinot-perf/pinot-core,com.linkedin.pinot.core.operator.filter,StarTreeIndexBasedFilterOperator.StarTreeResult,0,9,0,0,0,4,0,1,0,1
pinot-perf/pinot-core,com.linkedin.pinot.core.operator.filter,SortedInvertedIndexBasedFilterOperator,5,225,4,22,3,47,5,12,1,3
pinot-perf/pinot-core,com.linkedin.pinot.core.operator.filter,BaseFilterOperator,0,3,0,0,0,1,0,1,0,1
pinot-perf/pinot-core,com.linkedin.pinot.core.operator.filter,IntRanges,3,61,0,8,1,9,1,8,1,4
pinot-perf/pinot-core,com.linkedin.pinot.core.operator.filter,MatchEntireSegmentOperator,4,12,0,0,2,4,2,2,2,2
pinot-perf/pinot-core,com.linkedin.pinot.core.operator.filter,FilterOperatorUtils.new Comparator() {...},14,36,1,9,1,12,1,7,0,3
pinot-perf/pinot-core,com.linkedin.pinot.core.operator.filter,AndOperator,4,59,1,5,2,15,2,5,1,3
pinot-perf/pinot-core,com.linkedin.pinot.core.operator.filter,OrOperator,5,58,2,4,3,14,3,4,1,3
pinot-perf/pinot-core,com.linkedin.pinot.core.operator.filter,BitmapBasedFilterOperator,11,133,4,10,2,28,5,8,1,5
pinot-perf/pinot-core,com.linkedin.pinot.core.operator.filter,StarTreeIndexBasedFilterOperator.SearchEntry,0,12,0,0,0,5,0,1,0,1
pinot-perf/pinot-core,com.linkedin.pinot.core.operator.filter,ScanBasedFilterOperator,2,72,0,2,1,17,1,4,1,3
pinot-perf/pinot-core,com.linkedin.pinot.core.segment.index.data.source,ColumnDataSource,1,146,1,9,0,30,1,12,0,8
pinot-perf/pinot-core,com.linkedin.pinot.core.segment.index.data.source,ColumnDataSource.new DataSourceMetadata() {...},0,34,0,4,0,6,0,8,0,6
pinot-perf/pinot-core,com.linkedin.pinot.core.minion,SegmentPurger.PurgeRecordReader,20,138,5,13,5,35,6,10,1,6
pinot-perf/pinot-core,com.linkedin.pinot.core.minion,RawIndexConverter,160,308,21,13,25,54,15,7,1,4
pinot-perf/pinot-core,com.linkedin.pinot.core.minion,BackfillDateTimeColumn,102,41,3,1,23,9,3,3,1,3
pinot-perf/pinot-core,com.linkedin.pinot.core.minion,BackfillDateTimeColumn.BackfillDateTimeRecordReader,4,114,0,2,2,25,1,8,1,7
pinot-perf/pinot-core,com.linkedin.pinot.core.minion,SegmentPurger,37,132,10,4,1,28,7,5,0,5
pinot-perf/pinot-core,com.linkedin.pinot.core.data.manager.offline,OfflineTableDataManager,0,18,0,0,0,6,0,4,0,4
pinot-perf/pinot-core,com.linkedin.pinot.core.data.manager.offline,OfflineSegmentDataManager,13,17,0,0,1,7,1,4,1,4
pinot-perf/pinot-core,com.linkedin.pinot.core.data.manager.offline,SegmentDataManager,0,21,0,0,0,6,0,4,0,4
pinot-perf/pinot-core,com.linkedin.pinot.core.data.manager.offline,TableDataManagerProvider,20,44,4,6,3,8,5,3,1,1
pinot-perf/pinot-core,com.linkedin.pinot.core.data.manager.offline,AbstractTableDataManager,57,405,3,25,6,100,5,24,2,13
pinot-perf/pinot-core,com.linkedin.pinot.core.common.predicate,InPredicate,0,6,0,0,0,2,0,1,0,1
pinot-perf/pinot-core,com.linkedin.pinot.core.common.predicate,BaseInPredicate,29,27,0,2,2,4,1,3,1,2
pinot-perf/pinot-core,com.linkedin.pinot.core.common.predicate,NotInPredicate,0,6,0,0,0,2,0,1,0,1
pinot-perf/pinot-core,com.linkedin.pinot.core.common.predicate,NEqPredicate,26,12,0,0,1,3,1,2,1,2
pinot-perf/pinot-core,com.linkedin.pinot.core.common.predicate,RegexpLikePredicate,27,22,1,1,1,5,2,2,1,2
pinot-perf/pinot-core,com.linkedin.pinot.core.common.predicate,RangePredicate,26,98,0,8,1,19,1,9,1,5
pinot-perf/pinot-core,com.linkedin.pinot.core.common.predicate,EqPredicate,26,12,0,0,1,3,1,2,1,2
pinot-perf/pinot-core,com.linkedin.pinot.core.segment.index.loader,IndexLoadingConfig,15,229,5,15,3,70,5,26,0,21
pinot-perf/pinot-core,com.linkedin.pinot.core.segment.index.loader,V3RemoveIndexException,0,4,0,0,0,2,0,1,0,1
pinot-perf/pinot-core,com.linkedin.pinot.core.segment.index.loader,LoaderUtils,3,177,3,17,2,35,4,11,1,4
pinot-perf/pinot-core,com.linkedin.pinot.core.segment.index.loader,Loaders.IndexSegment,33,198,7,11,1,33,6,7,1,3
pinot-perf/pinot-core,com.linkedin.pinot.core.segment.index.loader,Loaders,3,4,0,0,2,1,1,1,1,1
pinot-perf/pinot-core,com.linkedin.pinot.core.segment.index.loader,SegmentPreProcessor,16,119,6,10,1,24,6,5,0,3
pinot-perf/pinot-core,com.linkedin.pinot.server.realtime,ControllerLeaderLocator,9,114,1,5,3,31,2,7,1,5
pinot-perf/pinot-core,com.linkedin.pinot.server.realtime,ServerSegmentCompletionProtocolHandler,103,232,10,8,29,52,11,11,2,11
pinot-perf/pinot-core,com.linkedin.pinot.core.util,AvroUtils.new Object() {...},3,23,0,0,0,1,0,1,0,1
pinot-perf/pinot-core,com.linkedin.pinot.core.util,BaseIndexedPriorityQueue,0,72,0,0,0,16,0,6,0,6
pinot-perf/pinot-core,com.linkedin.pinot.core.util,AvroUtils,127,345,16,46,15,77,15,29,2,10
pinot-perf/pinot-core,com.linkedin.pinot.core.util,IntDoubleIndexedPriorityQueue,35,293,5,31,9,73,5,24,1,10
pinot-perf/pinot-core,com.linkedin.pinot.core.util,SortedRangeIntersection,7,282,4,44,3,65,5,21,1,1
pinot-perf/pinot-core,com.linkedin.pinot.core.util,SizeUtil,29,0,0,0,5,0,3,0,3,0
pinot-perf/pinot-core,com.linkedin.pinot.core.util,CrcUtils,60,205,12,20,0,40,8,14,0,6
pinot-perf/pinot-core,com.linkedin.pinot.core.util,IntObjectIndexedPriorityQueue,36,285,5,31,9,71,5,24,1,10
pinot-perf/pinot-core,com.linkedin.pinot.core.io.util,FixedByteValueReaderWriter,0,115,0,6,0,23,0,13,0,10
pinot-perf/pinot-core,com.linkedin.pinot.core.io.util,FixedBitIntReaderWriter,1,69,1,1,0,14,1,6,0,6
pinot-perf/pinot-core,com.linkedin.pinot.core.io.util,PinotDataBitSet,0,651,0,38,0,118,0,30,0,11
pinot-perf/pinot-core,com.linkedin.pinot.core.io.writer.impl.v1,FixedByteChunkSingleValueWriter,0,85,0,2,0,25,0,8,0,7
pinot-perf/pinot-core,com.linkedin.pinot.core.io.writer.impl.v1,BaseChunkSingleValueWriter,42,176,1,3,11,44,9,6,8,5
pinot-perf/pinot-core,com.linkedin.pinot.core.io.writer.impl.v1,FixedBitMultiValueWriter,60,272,5,7,13,48,18,6,13,5
pinot-perf/pinot-core,com.linkedin.pinot.core.io.writer.impl.v1,VarByteChunkSingleValueWriter,4,124,0,6,1,28,1,8,1,5
pinot-perf/pinot-core,com.linkedin.pinot.core.io.writer.impl.v1,FixedBitSingleValueWriter,35,39,0,0,7,8,7,3,7,3
pinot-perf/pinot-core,com.linkedin.pinot.core.realtime.impl.invertedindex,RealtimeInvertedIndexReader.ThreadSafeMutableRoaringBitmap,5,33,1,1,0,10,1,3,0,3
pinot-perf/pinot-core,com.linkedin.pinot.core.realtime.impl.invertedindex,RealtimeInvertedIndexReader,12,68,0,2,0,21,0,5,0,4
pinot-perf/pinot-core,com.linkedin.pinot.core.io.readerwriter.impl,FixedByteSingleColumnSingleValueReaderWriter.ReaderWithOffset,0,52,0,0,0,11,0,7,0,7
pinot-perf/pinot-core,com.linkedin.pinot.core.io.readerwriter.impl,FixedByteSingleColumnSingleValueReaderWriter,0,359,0,14,0,69,0,23,0,16
pinot-perf/pinot-core,com.linkedin.pinot.core.io.readerwriter.impl,FixedByteSingleColumnSingleValueReaderWriter.WriterWithOffset,0,53,0,0,0,14,0,6,0,6
pinot-perf/pinot-core,com.linkedin.pinot.core.io.readerwriter.impl,FixedByteSingleColumnMultiValueReaderWriter,236,814,15,39,41,153,15,37,6,19
pinot-perf/pinot-core,com.linkedin.pinot.core.segment.index.loader.invertedindex,InvertedIndexHandler,96,229,17,21,7,47,12,12,0,5
pinot-perf/pinot-core,com.linkedin.pinot.core.query.reduce,HavingClauseComparisonTree,350,0,44,0,64,0,30,0,8,0
pinot-perf/pinot-core,com.linkedin.pinot.core.query.reduce,ComparisonFunction,6,0,0,0,2,0,2,0,2,0
pinot-perf/pinot-core,com.linkedin.pinot.core.query.reduce,GreaterThanComparison,76,0,4,0,18,0,6,0,4,0
pinot-perf/pinot-core,com.linkedin.pinot.core.query.reduce,BetweenComparison,88,0,6,0,20,0,8,0,5,0
pinot-perf/pinot-core,com.linkedin.pinot.core.query.reduce,EqualComparison,76,0,4,0,18,0,6,0,4,0
pinot-perf/pinot-core,com.linkedin.pinot.core.query.reduce,NotEqualComparison,76,0,4,0,18,0,6,0,4,0
pinot-perf/pinot-core,com.linkedin.pinot.core.query.reduce,LessEqualComparison,76,0,4,0,18,0,6,0,4,0
pinot-perf/pinot-core,com.linkedin.pinot.core.query.reduce,InAndNotInComparison,128,0,14,0,31,0,11,0,4,0
pinot-perf/pinot-core,com.linkedin.pinot.core.query.reduce,BrokerReduceService.new Object() {...},3,23,0,0,0,1,0,1,0,1
pinot-perf/pinot-core,com.linkedin.pinot.core.query.reduce,CombineService,44,135,10,22,11,37,10,9,1,2
pinot-perf/pinot-core,com.linkedin.pinot.core.query.reduce,LessThanComparison,76,0,4,0,18,0,6,0,4,0
pinot-perf/pinot-core,com.linkedin.pinot.core.query.reduce,GreaterEqualComparison,76,0,4,0,18,0,6,0,4,0
pinot-perf/pinot-core,com.linkedin.pinot.core.query.reduce,BrokerReduceService,183,710,30,82,27,171,23,41,0,7
pinot-perf/pinot-core,com.linkedin.pinot.core.segment.creator.impl.inv,OffHeapBitmapInvertedIndexCreator,144,546,26,30,9,87,18,16,0,6
pinot-perf/pinot-core,com.linkedin.pinot.core.segment.creator.impl.inv,OnHeapBitmapInvertedIndexCreator,38,161,7,11,2,27,5,10,0,6
pinot-perf/pinot-core,com.linkedin.pinot.core.realtime.impl.fwdindex,ByteBufferUtils,112,0,14,0,32,0,13,0,3,0
pinot-perf/pinot-core,com.linkedin.pinot.core.realtime.impl.fwdindex,ByteBufferUtils.new Object() {...},33,0,0,0,1,0,1,0,1,0
pinot-perf/pinot-core,com.linkedin.pinot.core.realtime.impl.fwdindex,DimensionTuple,77,0,2,0,21,0,8,0,7,0
pinot-perf/pinot-core,com.linkedin.pinot.core.data.manager.realtime,HLRealtimeSegmentDataManager.new Runnable() {...},97,422,9,17,17,79,8,7,0,2
pinot-perf/pinot-core,com.linkedin.pinot.core.data.manager.realtime,HLRealtimeSegmentDataManager.new TimerTask() {...},0,10,0,0,0,3,0,2,0,2
pinot-perf/pinot-core,com.linkedin.pinot.core.data.manager.realtime,LLRealtimeSegmentDataManager,529,1615,50,94,111,308,46,58,5,25
pinot-perf/pinot-core,com.linkedin.pinot.core.data.manager.realtime,SegmentBuildTimeLeaseExtender.LeaseExtender,52,9,8,0,16,3,5,1,1,1
pinot-perf/pinot-core,com.linkedin.pinot.core.data.manager.realtime,LLRealtimeSegmentDataManager.State,5,149,0,14,0,13,1,12,1,5
pinot-perf/pinot-core,com.linkedin.pinot.core.data.manager.realtime,HLRealtimeSegmentDataManager,57,404,8,8,12,72,7,8,0,7
pinot-perf/pinot-core,com.linkedin.pinot.core.data.manager.realtime,RealtimeTableDataManager.new FilenameFilter() {...},8,6,2,0,1,1,2,1,1,1
pinot-perf/pinot-core,com.linkedin.pinot.core.data.manager.realtime,LLRealtimeSegmentDataManager.PartitionConsumer,45,317,4,23,10,64,4,14,0,2
pinot-perf/pinot-core,com.linkedin.pinot.core.data.manager.realtime,SegmentBuildTimeLeaseExtender,10,133,2,6,1,32,2,9,0,7
pinot-perf/pinot-core,com.linkedin.pinot.core.data.manager.realtime,RealtimeSegmentDataManager,7,13,1,3,1,3,1,3,0,2
pinot-perf/pinot-core,com.linkedin.pinot.core.data.manager.realtime,TimerService,3,7,0,0,1,1,1,1,1,1
pinot-perf/pinot-core,com.linkedin.pinot.core.data.manager.realtime,RealtimeTableDataManager,359,300,20,20,53,69,18,14,1,11
pinot-perf/pinot-core,com.linkedin.pinot.core.data.manager.realtime,LLRealtimeSegmentDataManager.new Object() {...},14,93,0,0,0,2,0,1,0,1
pinot-perf/pinot-core,com.linkedin.pinot.core.data.manager.realtime,LLRealtimeSegmentDataManager.SegmentFileAndOffset,0,29,0,2,0,9,0,5,0,4
pinot-perf/pinot-core,com.linkedin.pinot.core.segment.index.converter,SegmentV1V2ToV3FormatConverter,237,509,40,34,20,88,29,24,1,15
pinot-perf/pinot-core,com.linkedin.pinot.core.segment.index.converter,SegmentFormatConverterFactory,23,12,4,2,3,2,4,1,1,1
pinot-perf/pinot-core,com.linkedin.pinot.core.segment.index.converter,SegmentV1V2ToV3FormatConverter.new FilenameFilter() {...},0,14,0,0,0,2,0,2,0,2
pinot-perf/pinot-core,com.linkedin.pinot.core.util.trace,TraceContext.Trace,29,49,2,2,5,10,2,4,1,3
pinot-perf/pinot-core,com.linkedin.pinot.core.util.trace,TraceContext.Trace.LogEntry,0,18,0,0,0,5,0,2,0,2
pinot-perf/pinot-core,com.linkedin.pinot.core.util.trace,TraceContext,51,80,3,1,9,19,5,8,3,8
pinot-perf/pinot-core,com.linkedin.pinot.core.util.trace,TraceContext.new ThreadLocal() {...},0,5,0,0,0,2,0,2,0,2
pinot-perf/pinot-core,com.linkedin.pinot.core.util.trace,TraceRunnable,7,20,2,4,0,9,1,4,0,2
pinot-perf/pinot-core,com.linkedin.pinot.core.util.trace,TraceContext.TraceEntry,0,9,0,0,0,4,0,1,0,1
pinot-perf/pinot-core,com.linkedin.pinot.core.util.trace,TraceCallable,5,23,3,3,1,7,3,2,0,2
pinot-perf/pinot-core,com.linkedin.pinot.core.operator,BReusableFilteredDocIdSetOperator,3,96,1,11,1,23,2,9,1,4
pinot-perf/pinot-core,com.linkedin.pinot.core.operator,BReusableFilteredDocIdSetOperator.new ThreadLocal() {...},0,6,0,0,0,2,0,2,0,2
pinot-perf/pinot-core,com.linkedin.pinot.core.operator,UResultOperator,2,13,0,0,1,4,1,2,1,2
pinot-perf/pinot-core,com.linkedin.pinot.core.operator,MCombineGroupByOperator.new TraceRunnable() {...},45,136,1,11,4,25,1,7,0,2
pinot-perf/pinot-core,com.linkedin.pinot.core.operator,MCombineOperator,44,201,1,9,11,39,2,7,1,3
pinot-perf/pinot-core,com.linkedin.pinot.core.operator,BaseOperator,29,12,1,1,8,4,2,3,1,3
pinot-perf/pinot-core,com.linkedin.pinot.core.operator,ExecutionStatistics,25,59,0,0,1,17,1,7,1,7
pinot-perf/pinot-core,com.linkedin.pinot.core.operator,MCombineGroupByOperator,118,213,18,16,8,45,13,9,1,4
pinot-perf/pinot-core,com.linkedin.pinot.core.operator,MProjectionOperator,11,93,0,4,3,19,3,6,3,4
pinot-perf/pinot-core,com.linkedin.pinot.core.operator,MCombineOperator.new TraceRunnable() {...},26,59,3,7,6,13,3,5,0,3
pinot-perf/pinot-core,com.linkedin.pinot.core.operator,MCombineOperator.new TraceCallable() {...},10,93,2,6,3,18,2,4,0,2
pinot-perf/pinot-core,com.linkedin.pinot.core.query.scheduler.resources,UnboundedResourceManager,0,21,0,0,0,5,0,4,0,4
pinot-perf/pinot-core,com.linkedin.pinot.core.query.scheduler.resources,BoundedAccountingExecutor.QueryAccountingRunnable,12,35,4,2,0,13,3,2,0,2
pinot-perf/pinot-core,com.linkedin.pinot.core.query.scheduler.resources,PolicyBasedResourceManager,7,66,2,2,2,14,2,5,0,5
pinot-perf/pinot-core,com.linkedin.pinot.core.query.scheduler.resources,ResourceLimitPolicy,21,111,2,2,2,17,2,6,0,6
pinot-perf/pinot-core,com.linkedin.pinot.core.query.scheduler.resources,UnboundedResourceManager.new QueryExecutorService() {...},0,13,0,0,0,3,0,2,0,2
pinot-perf/pinot-core,com.linkedin.pinot.core.query.scheduler.resources,QueryExecutorService,43,22,0,0,11,6,11,4,11,4
pinot-perf/pinot-core,com.linkedin.pinot.core.query.scheduler.resources,BoundedAccountingExecutor,11,65,1,1,3,19,1,6,0,6
pinot-perf/pinot-core,com.linkedin.pinot.core.query.scheduler.resources,ResourceManager,3,100,0,2,1,21,1,8,1,7
pinot-perf/pinot-core,com.linkedin.pinot.core.segment.index.column,ColumnIndexContainer.new Object() {...},5,35,0,0,0,1,0,1,0,1
pinot-perf/pinot-core,com.linkedin.pinot.core.segment.index.column,ColumnIndexContainer,24,241,3,28,2,45,3,22,0,7
pinot-perf/pinot-core,com.linkedin.pinot.core.data.partition,PartitionFunctionFactory.new Object() {...},3,23,0,0,0,1,0,1,0,1
pinot-perf/pinot-core,com.linkedin.pinot.core.data.partition,PartitionFunctionFactory,15,23,1,3,3,5,2,3,1,1
pinot-perf/pinot-core,com.linkedin.pinot.core.data.partition,PartitionFunctionFactory.PartitionFunctionType,17,80,1,3,1,11,2,5,1,4
pinot-perf/pinot-core,com.linkedin.pinot.core.data.partition,ByteArrayPartitionFunction,1,39,1,1,0,8,1,4,0,4
pinot-perf/pinot-core,com.linkedin.pinot.core.data.partition,ModuloPartitionFunction,15,44,2,4,1,10,2,5,0,4
pinot-perf/pinot-core,com.linkedin.pinot.core.data.partition,MurmurPartitionFunction,3,45,2,2,0,9,2,5,0,5
pinot-perf/pinot-core,com.linkedin.pinot.core.indexsegment.generator,SegmentGeneratorConfig,428,625,17,25,92,161,31,67,19,58
pinot-perf/pinot-core,com.linkedin.pinot.core.indexsegment.generator,SegmentVersion,0,48,0,0,0,4,0,4,0,4
pinot-perf/pinot-core,com.linkedin.pinot.core.indexsegment.generator,SegmentGeneratorConfig.TimeColumnType,5,33,0,0,0,2,1,3,1,3
pinot-perf/pinot-core,com.linkedin.pinot.core.query.pruner,ValidSegmentPruner,2,14,0,2,1,6,1,4,1,3
pinot-perf/pinot-core,com.linkedin.pinot.core.query.pruner,SegmentPrunerServiceImpl,8,78,3,9,4,15,4,6,1,3
pinot-perf/pinot-core,com.linkedin.pinot.core.query.pruner,AbstractSegmentPruner,32,76,3,16,4,22,3,12,0,3
pinot-perf/pinot-core,com.linkedin.pinot.core.query.pruner,ColumnValueSegmentPruner,4,199,5,57,2,56,6,30,1,4
pinot-perf/pinot-core,com.linkedin.pinot.core.query.pruner,PartitionSegmentPruner,2,106,3,19,1,27,3,13,0,5
pinot-perf/pinot-core,com.linkedin.pinot.core.query.pruner,AbstractSegmentPruner.new Object() {...},7,51,0,0,0,2,0,1,0,1
pinot-perf/pinot-core,com.linkedin.pinot.core.query.pruner,SegmentPrunerProvider,30,42,1,1,6,11,2,2,1,2
pinot-perf/pinot-core,com.linkedin.pinot.core.query.pruner,DataSchemaSegmentPruner,16,174,11,35,8,33,12,16,1,4
pinot-perf/pinot-core,com.linkedin.pinot.core.io.reader.impl,UnSortedValueReaderContext,0,3,0,0,0,1,0,1,0,1
pinot-perf/pinot-core,com.linkedin.pinot.core.io.reader.impl,FixedByteSingleValueMultiColReader,119,212,17,13,19,43,19,16,6,14
pinot-perf/pinot-core,com.linkedin.pinot.core.io.reader.impl,ChunkReaderContext,0,20,0,0,0,8,0,4,0,4
pinot-perf/pinot-core,com.linkedin.pinot.core.io.writer.impl,MmapMemoryManager.new FilenameFilter() {...},0,12,0,0,0,2,0,2,0,2
pinot-perf/pinot-core,com.linkedin.pinot.core.io.writer.impl,OffHeapStringStore.Buffer,2,170,1,9,1,31,1,10,0,6
pinot-perf/pinot-core,com.linkedin.pinot.core.io.writer.impl,FixedByteSingleValueMultiColWriter,18,216,0,4,4,44,2,12,2,10
pinot-perf/pinot-core,com.linkedin.pinot.core.io.writer.impl,DirectMemoryManager,0,20,0,0,0,6,0,4,0,4
pinot-perf/pinot-core,com.linkedin.pinot.core.io.writer.impl,MutableOffHeapByteArrayStore,51,224,5,13,8,47,5,15,1,10
pinot-perf/pinot-core,com.linkedin.pinot.core.io.writer.impl,MutableOffHeapByteArrayStore.Buffer,2,210,1,17,1,41,1,15,0,7
pinot-perf/pinot-core,com.linkedin.pinot.core.io.writer.impl,OffHeapStringStore,14,164,1,9,1,37,1,12,0,8
pinot-perf/pinot-core,com.linkedin.pinot.core.io.writer.impl,MmapMemoryManager,49,273,4,12,9,55,4,12,0,8
pinot-perf/pinot-core,com.linkedin.pinot.core.query.scheduler,TableBasedGroupMapper,0,7,0,0,0,2,0,2,0,2
pinot-perf/pinot-core,com.linkedin.pinot.core.query.scheduler,OutOfCapacityError,0,4,0,0,0,2,0,1,0,1
pinot-perf/pinot-core,com.linkedin.pinot.core.query.scheduler,PriorityScheduler.new Runnable() {...},25,76,3,5,8,19,2,4,0,2
pinot-perf/pinot-core,com.linkedin.pinot.core.query.scheduler,PriorityScheduler,13,135,0,10,3,35,0,12,0,7
pinot-perf/pinot-core,com.linkedin.pinot.core.query.scheduler,AbstractSchedulerGroup,0,129,0,4,0,39,0,19,0,17
pinot-perf/pinot-core,com.linkedin.pinot.core.query.scheduler,PriorityScheduler.1.new Runnable() {...},0,49,0,4,0,8,0,4,0,2
pinot-perf/pinot-core,com.linkedin.pinot.core.query.scheduler,QueryScheduler,47,204,0,2,9,39,1,10,1,9
pinot-perf/pinot-core,com.linkedin.pinot.core.query.scheduler,QuerySchedulerFactory,83,30,7,1,17,7,6,2,2,2
pinot-perf/pinot-core,com.linkedin.pinot.core.query.scheduler,SchedulerQueryContext,0,36,0,0,0,13,0,7,0,7
pinot-perf/pinot-core,com.linkedin.pinot.core.query.scheduler,QueryScheduler.new Callable() {...},0,20,0,0,0,2,0,2,0,2
pinot-perf/pinot-core,com.linkedin.pinot.core.query.scheduler,MultiLevelPriorityQueue,75,346,10,30,5,83,8,22,0,10
pinot-perf/pinot-core,com.linkedin.pinot.core.segment.index.loader.defaultcolumn,V1DefaultColumnHandler,0,25,0,2,0,8,0,4,0,3
pinot-perf/pinot-core,com.linkedin.pinot.core.segment.index.loader.defaultcolumn,BaseDefaultColumnHandler.new Object() {...},11,79,0,0,0,3,0,1,0,1
pinot-perf/pinot-core,com.linkedin.pinot.core.segment.index.loader.defaultcolumn,BaseDefaultColumnHandler,77,576,13,53,4,128,11,32,0,6
pinot-perf/pinot-core,com.linkedin.pinot.core.segment.index.loader.defaultcolumn,DefaultColumnHandlerFactory,3,20,0,2,2,3,1,2,1,1
pinot-perf/pinot-core,com.linkedin.pinot.core.segment.index.loader.defaultcolumn,V3DefaultColumnHandler,14,99,2,4,1,19,2,4,0,3
pinot-perf/pinot-core,com.linkedin.pinot.core.segment.index.loader.defaultcolumn,BaseDefaultColumnHandler.DefaultColumnAction,5,83,0,4,0,8,1,6,1,4
pinot-perf/pinot-core,com.linkedin.pinot.core.operator.dociditerators,BitmapDocIdIterator,39,79,7,13,6,22,8,9,2,5
pinot-perf/pinot-core,com.linkedin.pinot.core.operator.dociditerators,SVScanDocIdIterator.FloatMatcher,0,10,0,0,0,2,0,2,0,2
pinot-perf/pinot-core,com.linkedin.pinot.core.operator.dociditerators,SVScanDocIdIterator.LongMatcher,10,0,0,0,2,0,2,0,2,0
pinot-perf/pinot-core,com.linkedin.pinot.core.operator.dociditerators,SVScanDocIdIterator.StringMatcher,10,0,0,0,2,0,2,0,2,0
pinot-perf/pinot-core,com.linkedin.pinot.core.operator.dociditerators,MVScanDocIdIterator,73,190,10,20,16,50,12,13,3,7
pinot-perf/pinot-core,com.linkedin.pinot.core.operator.dociditerators,SVScanDocIdIterator.new Object() {...},5,35,0,0,0,1,0,1,0,1
pinot-perf/pinot-core,com.linkedin.pinot.core.operator.dociditerators,SVScanDocIdIterator.ValueMatcher,0,7,0,0,0,3,0,2,0,2
pinot-perf/pinot-core,com.linkedin.pinot.core.operator.dociditerators,SVScanDocIdIterator.DoubleMatcher,0,10,0,0,0,2,0,2,0,2
pinot-perf/pinot-core,com.linkedin.pinot.core.operator.dociditerators,ArrayBasedDocIdIterator,7,86,2,10,3,20,3,7,1,3
pinot-perf/pinot-core,com.linkedin.pinot.core.operator.dociditerators,OrDocIdIterator,7,234,2,34,3,60,3,20,1,4
pinot-perf/pinot-core,com.linkedin.pinot.core.operator.dociditerators,SortedDocIdIterator,34,199,8,20,6,30,10,9,2,3
pinot-perf/pinot-core,com.linkedin.pinot.core.operator.dociditerators,SVScanDocIdIterator.IntMatcher,0,10,0,0,0,2,0,2,0,2
pinot-perf/pinot-core,com.linkedin.pinot.core.operator.dociditerators,EmptyBlockDocIdIterator,4,12,0,0,2,5,2,4,2,4
pinot-perf/pinot-core,com.linkedin.pinot.core.operator.dociditerators,SizeBasedDocIdIterator,16,24,2,2,5,7,3,3,2,2
pinot-perf/pinot-core,com.linkedin.pinot.core.operator.dociditerators,AndDocIdIterator,113,146,18,18,22,36,14,10,2,4
pinot-perf/pinot-core,com.linkedin.pinot.core.operator.dociditerators,SVScanDocIdIterator,70,225,10,28,13,58,12,20,3,8
pinot-perf/pinot-core,com.linkedin.pinot.core.operator.dociditerators,RangelessBitmapDocIdIterator,23,53,2,10,3,15,3,7,1,3
pinot-perf/pinot-core,com.linkedin.pinot.core.query.scheduler.fcfs,BoundedFCFSScheduler,40,0,0,0,8,0,4,0,4,0
pinot-perf/pinot-core,com.linkedin.pinot.core.query.scheduler.fcfs,FCFSSchedulerGroup,4,58,4,16,2,20,4,9,0,3
pinot-perf/pinot-core,com.linkedin.pinot.core.query.scheduler.fcfs,FCFSQueryScheduler,5,47,1,1,1,14,1,5,0,5
pinot-perf/pinot-core,com.linkedin.pinot.core.query.scheduler.fcfs,BoundedFCFSScheduler.new SchedulerGroupFactory() {...},8,0,0,0,2,0,2,0,2,0
pinot-perf/pinot-core,com.linkedin.pinot.core.io.readerwriter,BaseSingleColumnSingleValueReaderWriter,72,21,0,0,18,6,18,6,18,6
pinot-perf/pinot-core,com.linkedin.pinot.core.io.readerwriter,RealtimeIndexOffHeapMemoryManager,1,130,1,7,0,29,1,7,0,4
pinot-perf/pinot-core,com.linkedin.pinot.core.io.readerwriter,BaseSingleColumnMultiValueReaderWriter,64,10,0,0,16,3,16,3,16,3
pinot-perf/pinot-core,com.linkedin.pinot.core.plan,SelectionPlanNode,84,85,3,7,9,13,3,6,1,3
pinot-perf/pinot-core,com.linkedin.pinot.core.plan,TransformPlanNode.new ThreadLocal() {...},0,7,0,0,0,2,0,2,0,2
pinot-perf/pinot-core,com.linkedin.pinot.core.plan,FilterPlanNode,25,181,0,22,3,44,1,15,1,4
pinot-perf/pinot-core,com.linkedin.pinot.core.plan,InstanceResponsePlanNode,42,30,0,0,5,9,1,3,1,3
pinot-perf/pinot-core,com.linkedin.pinot.core.plan,AggregationPlanNode,69,43,0,0,7,9,1,3,1,3
pinot-perf/pinot-core,com.linkedin.pinot.core.plan,AggregationFunctionInitializer,6,12,0,0,2,5,1,2,1,2
pinot-perf/pinot-core,com.linkedin.pinot.core.plan,AggregationGroupByPlanNode,82,59,0,0,8,12,1,3,1,3
pinot-perf/pinot-core,com.linkedin.pinot.core.plan,CombinePlanNode,77,194,3,21,9,32,3,13,1,3
pinot-perf/pinot-core,com.linkedin.pinot.core.plan,ColumnarDataSourcePlanNode,48,19,0,0,5,6,1,3,1,3
pinot-perf/pinot-core,com.linkedin.pinot.core.plan,GlobalPlanImplV0,5,41,0,0,2,12,1,3,1,3
pinot-perf/pinot-core,com.linkedin.pinot.core.plan,MetadataBasedAggregationPlanNode,83,77,5,5,15,13,5,4,1,3
pinot-perf/pinot-core,com.linkedin.pinot.core.plan,CombinePlanNode.new TraceCallable() {...},0,18,0,0,0,2,0,2,0,2
pinot-perf/pinot-core,com.linkedin.pinot.core.plan,DictionaryBasedAggregationPlanNode,16,71,0,4,4,11,1,5,1,3
pinot-perf/pinot-core,com.linkedin.pinot.core.plan,DocIdSetPlanNode,62,76,3,1,8,18,3,4,1,4
pinot-perf/pinot-core,com.linkedin.pinot.core.plan,TransformPlanNode,92,165,9,15,14,38,10,9,2,5
pinot-perf/pinot-core,com.linkedin.pinot.core.plan,ProjectionPlanNode,78,109,3,5,10,21,3,5,1,3
pinot-perf/pinot-core,com.linkedin.pinot.core.realtime.converter,RealtimeSegmentConverter,47,272,11,23,7,60,9,11,0,3
pinot-perf/pinot-core,com.linkedin.pinot.core.realtime.converter,RealtimeSegmentRecordReader,6,90,0,4,1,22,1,10,1,8
pinot-perf/pinot-core,com.linkedin.pinot.core.data.extractors,PlainFieldExtractor,67,478,5,47,14,117,6,34,1,13
pinot-perf/pinot-core,com.linkedin.pinot.core.data.extractors,PinotDataType.new PinotDataType() {...},16,28,0,0,3,6,3,6,3,6
pinot-perf/pinot-core,com.linkedin.pinot.core.data.extractors,PinotDataType.new PinotDataType() {...},16,28,0,0,3,6,3,6,3,6
pinot-perf/pinot-core,com.linkedin.pinot.core.data.extractors,PinotDataType.new PinotDataType() {...},16,28,0,0,3,6,3,6,3,6
pinot-perf/pinot-core,com.linkedin.pinot.core.data.extractors,PinotDataType.new PinotDataType() {...},16,28,0,0,3,6,3,6,3,6
pinot-perf/pinot-core,com.linkedin.pinot.core.data.extractors,PinotDataType.new PinotDataType() {...},49,62,0,0,5,5,5,5,5,5
pinot-perf/pinot-core,com.linkedin.pinot.core.data.extractors,PinotDataType.new PinotDataType() {...},18,26,0,0,4,5,4,5,4,5
pinot-perf/pinot-core,com.linkedin.pinot.core.data.extractors,PinotDataType.new PinotDataType() {...},19,29,0,0,4,5,4,5,4,5
pinot-perf/pinot-core,com.linkedin.pinot.core.data.extractors,PinotDataType.new PinotDataType() {...},18,26,0,0,4,5,4,5,4,5
pinot-perf/pinot-core,com.linkedin.pinot.core.data.extractors,FieldExtractorFactory,9,5,0,0,2,1,2,1,2,1
pinot-perf/pinot-core,com.linkedin.pinot.core.data.extractors,PinotDataType.new PinotDataType() {...},21,30,0,0,4,6,4,6,4,6
pinot-perf/pinot-core,com.linkedin.pinot.core.data.extractors,PinotDataType.new Object() {...},18,117,0,0,0,2,0,1,0,1
pinot-perf/pinot-core,com.linkedin.pinot.core.data.extractors,PinotDataType.new PinotDataType() {...},8,10,0,0,1,2,1,2,1,2
pinot-perf/pinot-core,com.linkedin.pinot.core.data.extractors,PinotDataType.new PinotDataType() {...},18,6,0,0,1,1,1,1,1,1
pinot-perf/pinot-core,com.linkedin.pinot.core.data.extractors,PinotDataType.new PinotDataType() {...},0,10,0,0,0,2,0,2,0,2
pinot-perf/pinot-core,com.linkedin.pinot.core.data.extractors,PinotDataType.new PinotDataType() {...},0,10,0,0,0,2,0,2,0,2
pinot-perf/pinot-core,com.linkedin.pinot.core.data.extractors,PinotDataType.new PinotDataType() {...},0,10,0,0,0,2,0,2,0,2
pinot-perf/pinot-core,com.linkedin.pinot.core.data.extractors,PinotDataType.new PinotDataType() {...},0,10,0,0,0,2,0,2,0,2
pinot-perf/pinot-core,com.linkedin.pinot.core.data.extractors,PinotDataType.new PinotDataType() {...},4,6,0,0,1,1,1,1,1,1
pinot-perf/pinot-core,com.linkedin.pinot.core.data.extractors,PinotDataType.new PinotDataType() {...},60,62,0,0,4,5,4,5,4,5
pinot-perf/pinot-core,com.linkedin.pinot.core.data.extractors,PinotDataType.new PinotDataType() {...},4,6,0,0,1,1,1,1,1,1
pinot-perf/pinot-core,com.linkedin.pinot.core.data.extractors,PinotDataType.new PinotDataType() {...},4,6,0,0,1,1,1,1,1,1
pinot-perf/pinot-core,com.linkedin.pinot.core.data.extractors,PinotDataType,231,537,24,48,37,91,23,45,8,16
pinot-perf/pinot-core,com.linkedin.pinot.core.common,DataFetcher,156,515,6,20,31,109,7,27,4,17
pinot-perf/pinot-core,com.linkedin.pinot.core.common,MinionConstants,3,0,0,0,2,0,1,0,1,0
pinot-perf/pinot-core,com.linkedin.pinot.core.common,Constants,3,0,0,0,1,0,1,0,1,0
pinot-perf/pinot-core,com.linkedin.pinot.core.common,DataSource,0,3,0,0,0,1,0,1,0,1
pinot-perf/pinot-core,com.linkedin.pinot.core.common,BlockMultiValIterator,24,3,0,0,6,1,6,1,6,1
pinot-perf/pinot-core,com.linkedin.pinot.core.common,MinionConstants.ConvertToRawIndexTask,3,0,0,0,1,0,1,0,1,0
pinot-perf/pinot-core,com.linkedin.pinot.core.common,BlockSingleValIterator,28,3,0,0,7,1,7,1,7,1
pinot-perf/pinot-core,com.linkedin.pinot.core.common,MinionConstants.PurgeTask,3,0,0,0,1,0,1,0,1,0
pinot-perf/pinot-core,com.linkedin.pinot.core.common,DataFetcher.new ThreadLocal() {...},0,6,0,0,0,2,0,2,0,2
pinot-perf/pinot-core,com.linkedin.pinot.core.common,DataFetcher.new ThreadLocal() {...},0,6,0,0,0,2,0,2,0,2
pinot-perf/pinot-core,com.linkedin.pinot.core.common,BaseBlockValSet,88,3,0,0,22,1,22,1,22,1
pinot-perf/pinot-core,com.linkedin.pinot.core.common,Predicate,51,89,6,9,3,27,7,10,2,5
pinot-perf/pinot-core,com.linkedin.pinot.core.common,Predicate.new Object() {...},6,41,0,0,0,1,0,1,0,1
pinot-perf/pinot-core,com.linkedin.pinot.core.common,DataBlockCache,140,593,20,36,27,122,18,30,4,16
pinot-perf/pinot-core,com.linkedin.pinot.core.common,Predicate.Type,5,83,0,4,0,8,1,6,1,4
pinot-perf/pinot-core,com.linkedin.pinot.core.query.scheduler.tokenbucket,TokenSchedulerGroup.TokenLockManager,0,16,0,0,0,6,0,2,0,2
pinot-perf/pinot-core,com.linkedin.pinot.core.query.scheduler.tokenbucket,TokenSchedulerGroup,113,203,18,12,13,40,15,10,3,7
pinot-perf/pinot-core,com.linkedin.pinot.core.query.scheduler.tokenbucket,TokenPriorityScheduler,37,0,0,0,7,0,3,0,3,0
pinot-perf/pinot-core,com.linkedin.pinot.core.query.scheduler.tokenbucket,TokenPriorityScheduler.new SchedulerGroupFactory() {...},31,0,0,0,5,0,2,0,2,0
pinot-perf/pinot-core,com.linkedin.pinot.core.operator.docidsets,ArrayBasedDocIdSet,6,17,0,0,2,5,2,2,2,2
pinot-perf/pinot-core,com.linkedin.pinot.core.operator.docidsets,BitmapDocIdSet,0,107,0,10,0,33,0,13,0,8
pinot-perf/pinot-core,com.linkedin.pinot.core.operator.docidsets,ScanBasedSingleValueDocIdSet,5,56,0,0,1,17,1,7,1,7
pinot-perf/pinot-core,com.linkedin.pinot.core.operator.docidsets,StarTreeDocIdSet.RangeBasedDocIdIterator,81,0,10,0,17,0,9,0,4,0
pinot-perf/pinot-core,com.linkedin.pinot.core.operator.docidsets,SortedDocIdSet,8,71,3,5,3,18,4,9,1,8
pinot-perf/pinot-core,com.linkedin.pinot.core.operator.docidsets,StarTreeDocIdSet,42,0,0,0,13,0,8,0,8,0
pinot-perf/pinot-core,com.linkedin.pinot.core.operator.docidsets,OrBlockDocIdSet,30,206,4,18,6,47,4,15,1,7
pinot-perf/pinot-core,com.linkedin.pinot.core.operator.docidsets,AndBlockDocIdSet,272,398,31,43,57,88,20,29,2,10
pinot-perf/pinot-core,com.linkedin.pinot.core.operator.docidsets,ScanBasedMultiValueDocIdSet,5,47,0,0,1,14,1,7,1,7
pinot-perf/pinot-core,com.linkedin.pinot.core.operator.docidsets,EmptyFilterBlockDocIdSet,8,14,0,0,5,6,5,5,5,5
pinot-perf/pinot-core,com.linkedin.pinot.core.operator.docidsets,SizeBasedDocIdSet,11,14,0,0,5,5,5,3,5,3
pinot-perf/pinot-core,com.linkedin.pinot.core.operator.docidsets,BitmapBasedBlockDocIdSet,15,0,0,0,5,0,3,0,3,0
pinot-perf/pinot-core,com.linkedin.pinot.core.query.aggregation.function.customobject,QuantileDigest.SizeOf,3,0,0,0,1,0,1,0,1,0
pinot-perf/pinot-core,com.linkedin.pinot.core.query.aggregation.function.customobject,AvgPair,0,120,0,10,0,31,0,14,0,9
pinot-perf/pinot-core,com.linkedin.pinot.core.query.aggregation.function.customobject,QuantileDigest.new QuantileDigest.Callback() {...},16,0,0,0,3,0,2,0,2,0
pinot-perf/pinot-core,com.linkedin.pinot.core.query.aggregation.function.customobject,QuantileDigest.new QuantileDigest.Callback() {...},4,18,0,0,2,4,0,2,0,2
pinot-perf/pinot-core,com.linkedin.pinot.core.query.aggregation.function.customobject,QuantileDigest.new QuantileDigest.Callback() {...},0,117,0,20,0,22,0,12,0,2
pinot-perf/pinot-core,com.linkedin.pinot.core.query.aggregation.function.customobject,QuantileDigest.new QuantileDigest.Callback() {...},4,28,1,3,1,5,1,3,0,2
pinot-perf/pinot-core,com.linkedin.pinot.core.query.aggregation.function.customobject,QuantileDigest.new QuantileDigest.Callback() {...},36,0,2,0,6,0,3,0,2,0
pinot-perf/pinot-core,com.linkedin.pinot.core.query.aggregation.function.customobject,QuantileDigest.new QuantileDigest.Callback() {...},0,61,0,4,0,9,0,4,0,2
pinot-perf/pinot-core,com.linkedin.pinot.core.query.aggregation.function.customobject,QuantileDigest.new QuantileDigest.Callback() {...},98,0,4,0,12,0,4,0,2,0
pinot-perf/pinot-core,com.linkedin.pinot.core.query.aggregation.function.customobject,QuantileDigest.new QuantileDigest.Callback() {...},23,0,2,0,5,0,3,0,2,0
pinot-perf/pinot-core,com.linkedin.pinot.core.query.aggregation.function.customobject,QuantileDigest.new QuantileDigest.Callback() {...},23,0,2,0,5,0,3,0,2,0
pinot-perf/pinot-core,com.linkedin.pinot.core.query.aggregation.function.customobject,QuantileDigest.Bucket,109,0,14,0,22,0,13,0,6,0
pinot-perf/pinot-core,com.linkedin.pinot.core.query.aggregation.function.customobject,MinMaxRangePair,26,81,4,8,7,22,3,12,1,8
pinot-perf/pinot-core,com.linkedin.pinot.core.query.aggregation.function.customobject,QuantileDigest.Flags,3,0,0,0,1,0,1,0,1,0
pinot-perf/pinot-core,com.linkedin.pinot.core.query.aggregation.function.customobject,QuantileDigest.TraversalOrder,9,29,0,0,0,2,2,2,2,2
pinot-perf/pinot-core,com.linkedin.pinot.core.query.aggregation.function.customobject,QuantileDigest.new Function() {...},10,0,0,0,2,0,2,0,2,0
pinot-perf/pinot-core,com.linkedin.pinot.core.query.aggregation.function.customobject,QuantileDigest.Node,163,74,24,12,13,14,18,11,5,6
pinot-perf/pinot-core,com.linkedin.pinot.core.query.aggregation.function.customobject,QuantileDigest.SerializationHolder,22,0,0,0,10,0,5,0,5,0
pinot-perf/pinot-core,com.linkedin.pinot.core.query.aggregation.function.customobject,QuantileDigest.Builder,26,0,0,0,7,0,4,0,4,0
pinot-perf/pinot-core,com.linkedin.pinot.core.query.aggregation.function.customobject,QuantileDigest,869,952,95,89,128,202,84,62,23,31
pinot-perf/pinot-core,com.linkedin.pinot.core.segment.creator.impl,SegmentColumnarIndexCreator,70,1167,10,68,9,216,10,43,0,12
pinot-perf/pinot-core,com.linkedin.pinot.core.segment.creator.impl,SegmentIndexCreationDriverImpl.new Object() {...},2,17,0,0,0,1,0,1,0,1
pinot-perf/pinot-core,com.linkedin.pinot.core.segment.creator.impl,V1Constants.MetadataKeys.StarTree,3,0,0,0,1,0,1,0,1,0
pinot-perf/pinot-core,com.linkedin.pinot.core.segment.creator.impl,V1Constants,3,0,0,0,2,0,1,0,1,0
pinot-perf/pinot-core,com.linkedin.pinot.core.segment.creator.impl,SegmentDictionaryCreator.new Object() {...},6,41,0,0,0,1,0,1,0,1
pinot-perf/pinot-core,com.linkedin.pinot.core.segment.creator.impl,V1Constants.Str,7,0,0,0,2,0,2,0,2,0
pinot-perf/pinot-core,com.linkedin.pinot.core.segment.creator.impl,V1Constants.MetadataKeys.Column,3,13,0,0,1,1,1,1,1,1
pinot-perf/pinot-core,com.linkedin.pinot.core.segment.creator.impl,V1Constants.MetadataKeys,3,0,0,0,2,0,1,0,1,0
pinot-perf/pinot-core,com.linkedin.pinot.core.segment.creator.impl,SegmentColumnarIndexCreator.new Object() {...},5,35,0,0,0,1,0,1,0,1
pinot-perf/pinot-core,com.linkedin.pinot.core.segment.creator.impl,V1Constants.Indexes,3,0,0,0,1,0,1,0,1,0
pinot-perf/pinot-core,com.linkedin.pinot.core.segment.creator.impl,V1Constants.Numbers,3,13,0,0,1,4,1,1,1,1
pinot-perf/pinot-core,com.linkedin.pinot.core.segment.creator.impl,V1Constants.Dict,3,29,0,0,1,4,1,1,1,1
pinot-perf/pinot-core,com.linkedin.pinot.core.segment.creator.impl,V1Constants.MetadataKeys.Segment,3,0,0,0,1,0,1,0,1,0
pinot-perf/pinot-core,com.linkedin.pinot.core.segment.creator.impl,SegmentIndexCreationDriverImpl,154,1063,22,51,18,227,19,41,1,22
pinot-perf/pinot-core,com.linkedin.pinot.core.segment.creator.impl,SegmentCreationDriverFactory,3,4,0,0,1,1,1,1,1,1
pinot-perf/pinot-core,com.linkedin.pinot.core.segment.creator.impl,SegmentDictionaryCreator,91,695,10,54,9,123,8,38,0,8
pinot-perf/pinot-core,com.linkedin.pinot.core.segment.index.loader.columnminmaxvalue,ColumnMinMaxValueGenerator.new Object() {...},5,35,0,0,0,1,0,1,0,1
pinot-perf/pinot-core,com.linkedin.pinot.core.segment.index.loader.columnminmaxvalue,ColumnMinMaxValueGenerator,223,211,39,25,9,49,25,13,0,4
pinot-perf/pinot-core,com.linkedin.pinot.core.segment.index.loader.columnminmaxvalue,ColumnMinMaxValueGeneratorMode,0,61,0,0,0,6,0,4,0,4
pinot-perf/pinot-core,com.linkedin.pinot.core.query.selection.iterator,FloatSelectionColumnIterator,0,18,0,0,0,5,0,2,0,2
pinot-perf/pinot-core,com.linkedin.pinot.core.query.selection.iterator,DoubleArraySelectionColumnIterator,39,0,2,0,8,0,3,0,2,0
pinot-perf/pinot-core,com.linkedin.pinot.core.query.selection.iterator,FloatArraySelectionColumnIterator,0,39,0,2,0,8,0,3,0,2
pinot-perf/pinot-core,com.linkedin.pinot.core.query.selection.iterator,IntArraySelectionColumnIterator,0,39,0,2,0,8,0,3,0,2
pinot-perf/pinot-core,com.linkedin.pinot.core.query.selection.iterator,StringSelectionColumnIterator,17,0,0,0,5,0,2,0,2,0
pinot-perf/pinot-core,com.linkedin.pinot.core.query.selection.iterator,SelectionSingleValueColumnWithDictIterator,0,26,0,0,0,6,0,2,0,2
pinot-perf/pinot-core,com.linkedin.pinot.core.query.selection.iterator,DoubleSelectionColumnIterator,0,18,0,0,0,5,0,2,0,2
pinot-perf/pinot-core,com.linkedin.pinot.core.query.selection.iterator,LongArraySelectionColumnIterator,0,39,0,2,0,8,0,3,0,2
pinot-perf/pinot-core,com.linkedin.pinot.core.query.selection.iterator,LongSelectionColumnIterator,18,0,0,0,5,0,2,0,2,0
pinot-perf/pinot-core,com.linkedin.pinot.core.query.selection.iterator,IntSelectionColumnIterator,0,18,0,0,0,5,0,2,0,2
pinot-perf/pinot-core,com.linkedin.pinot.core.query.selection.iterator,SelectionMultiValueColumnIterator,0,20,0,0,0,5,0,1,0,1
pinot-perf/pinot-core,com.linkedin.pinot.core.query.selection.iterator,StringArraySelectionColumnIterator,0,38,0,2,0,8,0,3,0,2
pinot-perf/pinot-core,com.linkedin.pinot.core.segment.memory,PinotLByteBuffer,811,0,32,0,152,0,73,0,57,0
pinot-perf/pinot-core,com.linkedin.pinot.core.segment.memory,PinotByteBuffer,218,535,24,26,29,99,40,34,20,29
pinot-perf/pinot-core,com.linkedin.pinot.core.segment.memory,PinotDataBuffer,31,70,6,8,5,16,6,9,0,8
pinot-perf/pinot-core,com.linkedin.pinot.core.segment.index,SegmentMetadataImpl,173,1037,19,65,38,221,20,65,4,39
pinot-perf/pinot-core,com.linkedin.pinot.core.segment.index,ColumnMetadata.new Object() {...},10,73,0,0,0,3,0,1,0,1
pinot-perf/pinot-core,com.linkedin.pinot.core.segment.index,IndexSegmentImpl,110,134,4,8,21,37,4,15,2,11
pinot-perf/pinot-core,com.linkedin.pinot.core.segment.index,ColumnMetadata,192,572,13,22,35,135,12,43,1,33
pinot-perf/pinot-core,com.linkedin.pinot.core.segment.index,SegmentMetadataImpl.new Object() {...},1,11,0,0,0,1,0,1,0,1
pinot-perf/pinot-core,com.linkedin.pinot.core.segment.index,ColumnMetadata.Builder,10,211,0,0,4,59,2,30,2,30
pinot-perf/pinot-core,com.linkedin.pinot.core.segment.index,IndexSegmentImpl.new Iterator() {...},99,0,6,0,16,0,7,0,4,0
pinot-perf/pinot-core,com.linkedin.pinot.core.indexsegment.columnar,ColumnarSegmentLoader,3,14,0,0,2,3,1,3,1,3
pinot-perf/pinot-core,com.linkedin.pinot.core.startree,OffHeapStarTree,161,253,23,15,25,49,17,10,2,6
pinot-perf/pinot-core,com.linkedin.pinot.core.startree,OffHeapStarTreeBuilder,497,2089,79,149,54,418,55,97,3,35
pinot-perf/pinot-core,com.linkedin.pinot.core.startree,MetricBuffer.new Object() {...},5,35,0,0,0,1,0,1,0,1
pinot-perf/pinot-core,com.linkedin.pinot.core.startree,MetricBuffer,188,268,15,23,29,51,14,18,2,5
pinot-perf/pinot-core,com.linkedin.pinot.core.startree,OffHeapStarTreeBuilder.new Iterator() {...},4,106,0,6,1,21,1,6,1,3
pinot-perf/pinot-core,com.linkedin.pinot.core.startree,OffHeapStarTreeBuilder.new Comparator() {...},0,24,0,0,0,2,0,2,0,2
pinot-perf/pinot-core,com.linkedin.pinot.core.startree,OffHeapStarTreeBuilder.new Comparator() {...},0,12,0,0,0,2,0,2,0,2
pinot-perf/pinot-core,com.linkedin.pinot.core.startree,OffHeapStarTreeBuilder.new Iterator() {...},4,62,0,2,1,10,1,4,1,3
pinot-perf/pinot-core,com.linkedin.pinot.core.startree,StarTreeBuilderConfig,0,59,0,0,0,26,0,17,0,17
pinot-perf/pinot-core,com.linkedin.pinot.core.startree,StarTreeDataTable,12,337,0,18,0,68,0,16,0,7
pinot-perf/pinot-core,com.linkedin.pinot.core.startree,DimensionBuffer,33,74,2,4,7,18,2,9,1,7
pinot-perf/pinot-core,com.linkedin.pinot.core.startree,StarTreeDataTable.new Iterator() {...},4,70,0,2,1,9,1,4,1,3
pinot-perf/pinot-core,com.linkedin.pinot.core.startree,StarTreeDataTable.new IntComparator() {...},4,102,0,4,1,11,1,4,1,2
pinot-perf/pinot-core,com.linkedin.pinot.core.startree,StarTreeDataTable.new Swapper() {...},0,28,0,0,0,5,0,2,0,2
pinot-perf/pinot-core,com.linkedin.pinot.core.startree,OffHeapStarTreeNode,9,186,3,15,4,46,4,16,1,10
pinot-perf/pinot-core,com.linkedin.pinot.core.startree,OffHeapStarTreeBuilder.TreeNode,0,12,0,0,0,4,0,1,0,1
pinot-perf/pinot-core,com.linkedin.pinot.core.startree,OffHeapStarTreeNode.new Iterator() {...},4,39,0,2,1,5,1,4,1,3
pinot-perf/pinot-core,com.linkedin.pinot.core.operator.transform.function.time.converter,CustomTimeUnitConverter,24,138,6,16,2,25,6,10,0,3
pinot-perf/pinot-core,com.linkedin.pinot.core.operator.transform.function.time.converter,TimeConverterFactory,3,17,0,2,2,4,1,2,1,1
pinot-perf/pinot-core,com.linkedin.pinot.core.operator.transform.function.time.converter,CustomTimeUnitConverter.CustomTimeUnit,0,48,0,0,0,4,0,4,0,4
pinot-perf/pinot-core,com.linkedin.pinot.core.operator.transform.function.time.converter,CustomTimeUnitConverter.new Object() {...},3,23,0,0,0,1,0,1,0,1
pinot-perf/pinot-core,com.linkedin.pinot.core.operator.transform.function.time.converter,JavaTimeUnitConverter,0,25,0,2,0,6,0,3,0,2
pinot-perf/pinot-core,com.linkedin.pinot.core.data,GenericRow.new TypeReference() {...},0,3,0,0,0,1,0,1,0,1
pinot-perf/pinot-core,com.linkedin.pinot.core.data,GenericRow,100,74,6,4,23,19,8,11,5,9
pinot-perf/pinot-core,com.linkedin.pinot.core.segment.creator,ForwardIndexType,9,19,0,0,0,2,2,2,2,2
pinot-perf/pinot-core,com.linkedin.pinot.core.segment.creator,RecordReaderSegmentCreationDataSource,16,56,0,2,7,17,0,5,0,4
pinot-perf/pinot-core,com.linkedin.pinot.core.segment.creator,StatsCollectorConfig,0,53,0,6,0,13,0,8,0,5
[...]
pinot-perf/pinot-common,com.linkedin.pinot.common.protocols,SegmentCompletionProtocol.ExtendBuildTimeRequest,6,0,0,0,2,0,1,0,1,0
pinot-perf/pinot-common,com.linkedin.pinot.common.protocols,SegmentCompletionProtocol.SegmentCommitEndRequest,0,6,0,0,0,2,0,1,0,1
pinot-perf/pinot-common,com.linkedin.pinot.common.protocols,SegmentCompletionProtocol.SegmentCommitUploadRequest,0,6,0,0,0,2,0,1,0,1
pinot-perf/pinot-common,com.linkedin.pinot.common.protocols,SegmentCompletionProtocol,3,76,0,0,2,12,1,4,1,4
pinot-perf/pinot-common,com.linkedin.pinot.common.utils.primitive,MutableLongValue,97,0,4,0,29,0,17,0,15,0
pinot-perf/pinot-common,com.linkedin.pinot.common.request,InstanceRequest.new Object() {...},40,0,0,0,1,0,1,0,1,0
pinot-perf/pinot-common,com.linkedin.pinot.common.request,Selection.SelectionTupleScheme,211,0,32,0,51,0,19,0,3,0
pinot-perf/pinot-common,com.linkedin.pinot.common.request,SelectionSort.SelectionSortStandardScheme,14,87,6,9,5,30,6,5,0,3
pinot-perf/pinot-common,com.linkedin.pinot.common.request,QueryType.QueryTypeStandardSchemeFactory,0,8,0,0,0,2,0,2,0,2
pinot-perf/pinot-common,com.linkedin.pinot.common.request,Selection.SelectionTupleSchemeFactory,5,3,0,0,1,1,1,1,1,1
pinot-perf/pinot-common,com.linkedin.pinot.common.request,FilterQueryMap,253,178,45,7,73,40,39,13,15,11
pinot-perf/pinot-common,com.linkedin.pinot.common.request,FilterQuery._Fields,48,104,8,2,12,16,11,5,5,4
pinot-perf/pinot-common,com.linkedin.pinot.common.request,BrokerRequest.BrokerRequestStandardScheme,407,368,69,56,108,107,51,22,0,3
pinot-perf/pinot-common,com.linkedin.pinot.common.request,SelectionSort.SelectionSortStandardSchemeFactory,0,8,0,0,0,2,0,2,0,2
pinot-perf/pinot-common,com.linkedin.pinot.common.request,FilterQuery.FilterQueryStandardSchemeFactory,0,8,0,0,0,2,0,2,0,2
pinot-perf/pinot-common,com.linkedin.pinot.common.request,QueryType.QueryTypeTupleScheme,148,0,30,0,43,0,18,0,3,0
pinot-perf/pinot-common,com.linkedin.pinot.common.request,HavingFilterQuery.HavingFilterQueryTupleScheme,228,0,32,0,54,0,19,0,3,0
pinot-perf/pinot-common,com.linkedin.pinot.common.request,HavingFilterQuery.HavingFilterQueryStandardScheme,292,0,38,0,81,0,24,0,3,0
pinot-perf/pinot-common,com.linkedin.pinot.common.request,QueryType.QueryTypeTupleSchemeFactory,5,3,0,0,1,1,1,1,1,1
pinot-perf/pinot-common,com.linkedin.pinot.common.request,InstanceRequest.InstanceRequestStandardScheme,25,217,11,23,10,62,11,11,0,3
pinot-perf/pinot-common,com.linkedin.pinot.common.request,GroupBy.GroupByStandardScheme,19,207,8,22,7,56,8,11,0,3
pinot-perf/pinot-common,com.linkedin.pinot.common.request,GroupBy._Fields,44,80,6,2,10,14,9,5,5,4
pinot-perf/pinot-common,com.linkedin.pinot.common.request,HavingFilterQueryMap.HavingFilterQueryMapTupleScheme,111,0,10,0,25,0,8,0,3,0
pinot-perf/pinot-common,com.linkedin.pinot.common.request,FilterQuery.FilterQueryTupleScheme,223,0,32,0,53,0,19,0,3,0
pinot-perf/pinot-common,com.linkedin.pinot.common.request,FilterQueryMap.new Object() {...},12,0,0,0,1,0,1,0,1,0
pinot-perf/pinot-common,com.linkedin.pinot.common.request,AggregationInfo._Fields,44,80,6,2,10,14,9,5,5,4
pinot-perf/pinot-common,com.linkedin.pinot.common.request,QuerySource._Fields,40,56,4,2,8,12,7,5,5,4
pinot-perf/pinot-common,com.linkedin.pinot.common.request,SelectionSort.SelectionSortTupleScheme,73,0,12,0,22,0,9,0,3,0
pinot-perf/pinot-common,com.linkedin.pinot.common.request,AggregationInfo,490,250,105,7,142,55,76,19,17,19
pinot-perf/pinot-common,com.linkedin.pinot.common.request,GroupBy.GroupByStandardSchemeFactory,0,8,0,0,0,2,0,2,0,2
pinot-perf/pinot-common,com.linkedin.pinot.common.request,HavingFilterQueryMap,348,83,52,0,97,16,48,4,22,4
pinot-perf/pinot-common,com.linkedin.pinot.common.request,Selection._Fields,46,92,7,2,11,15,10,5,5,4
pinot-perf/pinot-common,com.linkedin.pinot.common.request,SelectionSort,362,175,70,3,106,40,53,14,15,14
pinot-perf/pinot-common,com.linkedin.pinot.common.request,GroupBy,459,327,99,21,129,76,75,28,19,21
pinot-perf/pinot-common,com.linkedin.pinot.common.request,HavingFilterQueryMap._Fields,40,56,4,2,8,12,7,5,5,4
pinot-perf/pinot-common,com.linkedin.pinot.common.request,BrokerRequest,2184,893,523,72,646,168,345,81,48,58
pinot-perf/pinot-common,com.linkedin.pinot.common.request,HavingFilterQuery.HavingFilterQueryStandardSchemeFactory,5,3,0,0,1,1,1,1,1,1
pinot-perf/pinot-common,com.linkedin.pinot.common.request,InstanceRequest.InstanceRequestTupleSchemeFactory,5,3,0,0,1,1,1,1,1,1
pinot-perf/pinot-common,com.linkedin.pinot.common.request,FilterQuery.new Object() {...},40,0,0,0,1,0,1,0,1,0
pinot-perf/pinot-common,com.linkedin.pinot.common.request,BrokerRequest.BrokerRequestTupleSchemeFactory,5,3,0,0,1,1,1,1,1,1
pinot-perf/pinot-common,com.linkedin.pinot.common.request,QueryType.new Object() {...},40,0,0,0,1,0,1,0,1,0
pinot-perf/pinot-common,com.linkedin.pinot.common.request,BrokerRequest.BrokerRequestStandardSchemeFactory,0,8,0,0,0,2,0,2,0,2
pinot-perf/pinot-common,com.linkedin.pinot.common.request,FilterQuery,771,357,167,19,219,81,118,32,23,28
pinot-perf/pinot-common,com.linkedin.pinot.common.request,FilterOperator,7,125,1,8,1,22,2,12,1,5
pinot-perf/pinot-common,com.linkedin.pinot.common.request,FilterQueryMap.FilterQueryMapTupleScheme,111,0,10,0,25,0,8,0,3,0
pinot-perf/pinot-common,com.linkedin.pinot.common.request,FilterQueryMap._Fields,40,56,4,2,8,12,7,5,5,4
pinot-perf/pinot-common,com.linkedin.pinot.common.request,FilterQueryMap.FilterQueryMapTupleSchemeFactory,5,3,0,0,1,1,1,1,1,1
pinot-perf/pinot-common,com.linkedin.pinot.common.request,AggregationInfo.AggregationInfoTupleSchemeFactory,5,3,0,0,1,1,1,1,1,1
pinot-perf/pinot-common,com.linkedin.pinot.common.request,Selection.SelectionStandardSchemeFactory,0,8,0,0,0,2,0,2,0,2
pinot-perf/pinot-common,com.linkedin.pinot.common.request,QueryType.QueryTypeStandardScheme,124,64,23,5,38,23,17,2,1,2
pinot-perf/pinot-common,com.linkedin.pinot.common.request,GroupBy.new Object() {...},26,0,0,0,1,0,1,0,1,0
pinot-perf/pinot-common,com.linkedin.pinot.common.request,FilterQuery.FilterQueryTupleSchemeFactory,5,3,0,0,1,1,1,1,1,1
pinot-perf/pinot-common,com.linkedin.pinot.common.request,QuerySource.QuerySourceStandardScheme,9,62,4,6,3,23,4,4,0,3
pinot-perf/pinot-common,com.linkedin.pinot.common.request,SelectionSort.new Object() {...},19,0,0,0,1,0,1,0,1,0
pinot-perf/pinot-common,com.linkedin.pinot.common.request,BrokerRequest._Fields,70,236,19,2,23,27,22,5,5,4
pinot-perf/pinot-common,com.linkedin.pinot.common.request,GroupBy.GroupByTupleSchemeFactory,5,3,0,0,1,1,1,1,1,1
pinot-perf/pinot-common,com.linkedin.pinot.common.request,BrokerRequest.BrokerRequestTupleScheme,623,0,108,0,154,0,57,0,3,0
pinot-perf/pinot-common,com.linkedin.pinot.common.request,QuerySource.QuerySourceTupleSchemeFactory,5,3,0,0,1,1,1,1,1,1
pinot-perf/pinot-common,com.linkedin.pinot.common.request,QuerySource,244,114,43,3,72,28,37,10,14,10
pinot-perf/pinot-common,com.linkedin.pinot.common.request,AggregationInfo.AggregationInfoStandardSchemeFactory,0,8,0,0,0,2,0,2,0,2
pinot-perf/pinot-common,com.linkedin.pinot.common.request,InstanceRequest.InstanceRequestStandardSchemeFactory,0,8,0,0,0,2,0,2,0,2
pinot-perf/pinot-common,com.linkedin.pinot.common.request,HavingFilterQueryMap.HavingFilterQueryMapStandardSchemeFactory,5,3,0,0,1,1,1,1,1,1
pinot-perf/pinot-common,com.linkedin.pinot.common.request,QueryType,773,262,146,0,223,50,106,17,27,17
pinot-perf/pinot-common,com.linkedin.pinot.common.request,HavingFilterQueryMap.HavingFilterQueryMapStandardScheme,138,0,14,0,38,0,10,0,3,0
pinot-perf/pinot-common,com.linkedin.pinot.common.request,Selection.new Object() {...},33,0,0,0,1,0,1,0,1,0
pinot-perf/pinot-common,com.linkedin.pinot.common.request,HavingFilterQueryMap.HavingFilterQueryMapTupleSchemeFactory,5,3,0,0,1,1,1,1,1,1
pinot-perf/pinot-common,com.linkedin.pinot.common.request,HavingFilterQuery,922,207,186,0,261,39,138,12,39,12
pinot-perf/pinot-common,com.linkedin.pinot.common.request,Selection,625,347,135,14,176,75,95,29,21,24
pinot-perf/pinot-common,com.linkedin.pinot.common.request,FilterQueryMap.FilterQueryMapStandardScheme,9,129,4,10,3,35,4,6,0,3
pinot-perf/pinot-common,com.linkedin.pinot.common.request,InstanceRequest,749,365,161,17,211,84,113,30,20,28
pinot-perf/pinot-common,com.linkedin.pinot.common.request,AggregationInfo.AggregationInfoStandardScheme,19,176,8,18,7,49,8,9,0,3
pinot-perf/pinot-common,com.linkedin.pinot.common.request,SelectionSort._Fields,42,68,5,2,9,13,8,5,5,4
pinot-perf/pinot-common,com.linkedin.pinot.common.request,GroupBy.GroupByTupleScheme,182,0,26,0,43,0,16,0,3,0
pinot-perf/pinot-common,com.linkedin.pinot.common.request,QuerySource.QuerySourceTupleScheme,48,0,6,0,15,0,6,0,3,0
pinot-perf/pinot-common,com.linkedin.pinot.common.request,HavingFilterQuery._Fields,48,104,8,2,12,16,11,5,5,4
pinot-perf/pinot-common,com.linkedin.pinot.common.request,QueryType._Fields,48,104,8,2,12,16,11,5,5,4
pinot-perf/pinot-common,com.linkedin.pinot.common.request,InstanceRequest.InstanceRequestTupleScheme,169,0,22,0,43,0,14,0,3,0
pinot-perf/pinot-common,com.linkedin.pinot.common.request,QuerySource.new Object() {...},12,0,0,0,1,0,1,0,1,0
pinot-perf/pinot-common,com.linkedin.pinot.common.request,SelectionSort.SelectionSortTupleSchemeFactory,5,3,0,0,1,1,1,1,1,1
pinot-perf/pinot-common,com.linkedin.pinot.common.request,FilterQuery.FilterQueryStandardScheme,29,258,9,29,11,69,9,15,0,3
pinot-perf/pinot-common,com.linkedin.pinot.common.request,HavingFilterQuery.new Object() {...},40,0,0,0,1,0,1,0,1,0
pinot-perf/pinot-common,com.linkedin.pinot.common.request,Selection.SelectionStandardScheme,24,236,8,27,9,64,8,14,0,3
pinot-perf/pinot-common,com.linkedin.pinot.common.request,AggregationInfo.AggregationInfoTupleScheme,155,0,22,0,38,0,14,0,3,0
pinot-perf/pinot-common,com.linkedin.pinot.common.request,InstanceRequest._Fields,48,104,8,2,12,16,11,5,5,4
pinot-perf/pinot-common,com.linkedin.pinot.common.request,AggregationInfo.new Object() {...},26,0,0,0,1,0,1,0,1,0
pinot-perf/pinot-common,com.linkedin.pinot.common.request,QuerySource.QuerySourceStandardSchemeFactory,0,8,0,0,0,2,0,2,0,2
pinot-perf/pinot-common,com.linkedin.pinot.common.request,BrokerRequest.new Object() {...},117,0,0,0,1,0,1,0,1,0
pinot-perf/pinot-common,com.linkedin.pinot.common.request,FilterQueryMap.FilterQueryMapStandardSchemeFactory,0,8,0,0,0,2,0,2,0,2
pinot-perf/pinot-common,com.linkedin.pinot.common.request,HavingFilterQuery.HavingFilterQueryTupleSchemeFactory,5,3,0,0,1,1,1,1,1,1
pinot-perf/pinot-common,com.linkedin.pinot.common.request,HavingFilterQueryMap.new Object() {...},12,0,0,0,1,0,1,0,1,0
pinot-perf/pinot-common,com.linkedin.pinot.common.data,MetricFieldSpec,2,262,4,20,0,49,4,25,0,17
pinot-perf/pinot-common,com.linkedin.pinot.common.data,FieldSpec.DataType,74,322,13,34,11,58,13,35,0,13
pinot-perf/pinot-common,com.linkedin.pinot.common.data,FieldSpec.new Object() {...},27,175,0,0,0,3,0,1,0,1
pinot-perf/pinot-common,com.linkedin.pinot.common.data,TimeGranularitySpec,96,353,13,21,18,77,13,28,3,21
pinot-perf/pinot-common,com.linkedin.pinot.common.data,DimensionFieldSpec,0,45,0,0,0,8,0,5,0,5
pinot-perf/pinot-common,com.linkedin.pinot.common.data,Schema.new Object() {...},9,63,0,0,0,2,0,1,0,1
pinot-perf/pinot-common,com.linkedin.pinot.common.data,TimeGranularitySpec.TimeFormat,9,29,0,0,0,3,2,2,2,2
pinot-perf/pinot-common,com.linkedin.pinot.common.data,MetricFieldSpec.DerivedMetricType,0,28,0,0,0,2,0,4,0,4
pinot-perf/pinot-common,com.linkedin.pinot.common.data,DateTimeFormatPatternSpec,21,131,5,9,6,24,6,10,1,8
pinot-perf/pinot-common,com.linkedin.pinot.common.data,FieldSpec,175,316,12,39,22,82,12,41,2,17
pinot-perf/pinot-common,com.linkedin.pinot.common.data,StarTreeIndexSpec,127,67,16,0,22,24,13,16,5,16
pinot-perf/pinot-common,com.linkedin.pinot.common.data,DateTimeFormatSpec,26,358,7,19,7,58,8,22,1,16
pinot-perf/pinot-common,com.linkedin.pinot.common.data,Schema.SchemaBuilder,5,276,1,1,1,49,1,24,0,24
pinot-perf/pinot-common,com.linkedin.pinot.common.data,DateTimeFieldSpec,4,123,0,6,2,29,1,14,1,11
pinot-perf/pinot-common,com.linkedin.pinot.common.data,DateTimeFormatUnitSpec.DateTimeTransformUnit,0,98,0,0,0,9,0,4,0,4
pinot-perf/pinot-common,com.linkedin.pinot.common.data,DateTimeFieldSpec.TimeFormat,0,38,0,0,0,3,0,4,0,4
pinot-perf/pinot-common,com.linkedin.pinot.common.data,Schema,112,597,20,62,27,138,23,60,4,34
pinot-perf/pinot-common,com.linkedin.pinot.common.data,DateTimeGranularitySpec,8,107,4,4,3,25,5,6,1,6
pinot-perf/pinot-common,com.linkedin.pinot.common.data,FieldSpec.FieldType,0,58,0,0,0,5,0,4,0,4
pinot-perf/pinot-common,com.linkedin.pinot.common.data,TimeFieldSpec,13,340,0,12,6,73,5,29,5,23
pinot-perf/pinot-common,com.linkedin.pinot.common.data,DateTimeFormatUnitSpec,10,83,6,12,3,21,6,9,0,6
pinot-perf/pinot-common,com.linkedin.pinot.common.metrics,AggregatedMeter,262,0,14,0,58,0,23,0,16,0
pinot-perf/pinot-common,com.linkedin.pinot.common.metrics,AggregatedLongGauge,97,0,6,0,25,0,11,0,8,0
pinot-perf/pinot-common,com.linkedin.pinot.common.metrics,MetricsHelper,82,188,11,17,19,48,12,18,4,12
pinot-perf/pinot-common,com.linkedin.pinot.common.metrics,ControllerGauge,8,163,0,0,1,19,2,5,2,5
pinot-perf/pinot-common,com.linkedin.pinot.common.metrics,AggregatedMetricsRegistry,39,0,0,0,8,0,6,0,6,0
pinot-perf/pinot-common,com.linkedin.pinot.common.metrics,BrokerMetrics,2,17,0,0,1,6,1,4,1,4
pinot-perf/pinot-common,com.linkedin.pinot.common.metrics,ValidationMetrics.CurrentTimeMillisDeltaGauge,24,9,4,0,4,3,3,1,1,1
pinot-perf/pinot-common,com.linkedin.pinot.common.metrics,ControllerMetrics,3,10,0,0,1,4,1,3,1,3
pinot-perf/pinot-common,com.linkedin.pinot.common.metrics,LatencyMetric,112,0,2,0,22,0,10,0,9,0
pinot-perf/pinot-common,com.linkedin.pinot.common.metrics,ValidationMetrics.CurrentTimeMillisDeltaGaugeHours,28,16,4,0,4,4,3,1,1,1
pinot-perf/pinot-common,com.linkedin.pinot.common.metrics,BrokerQueryPhase,9,98,0,0,0,13,2,3,2,3
pinot-perf/pinot-common,com.linkedin.pinot.common.metrics,ControllerTimer,33,0,0,0,7,0,6,0,6,0
pinot-perf/pinot-common,com.linkedin.pinot.common.metrics,ServerMeter,5,322,0,0,0,33,1,6,1,6
pinot-perf/pinot-common,com.linkedin.pinot.common.metrics,ServerMetrics,2,17,0,0,1,6,1,4,1,4
pinot-perf/pinot-common,com.linkedin.pinot.common.metrics,ValidationMetrics,46,187,3,1,10,34,4,9,2,9
pinot-perf/pinot-common,com.linkedin.pinot.common.metrics,BrokerMeter,5,334,0,0,0,34,1,6,1,6
pinot-perf/pinot-common,com.linkedin.pinot.common.metrics,ServerTimer,45,0,0,0,8,0,6,0,6,0
pinot-perf/pinot-common,com.linkedin.pinot.common.metrics,AggregatedHistogram,254,18,20,0,60,6,22,2,12,2
pinot-perf/pinot-common,com.linkedin.pinot.common.metrics,ValidationMetrics.StoredValueGaugeFactory,0,13,0,0,0,2,0,2,0,2
pinot-perf/pinot-common,com.linkedin.pinot.common.metrics,AggregatedCounter,103,18,12,0,25,6,13,2,7,2
pinot-perf/pinot-common,com.linkedin.pinot.common.metrics,AbstractMetrics.new Callable() {...},10,9,0,0,1,1,1,1,1,1
pinot-perf/pinot-common,com.linkedin.pinot.common.metrics,AbstractMetrics.new Callable() {...},10,9,0,0,1,1,1,1,1,1
pinot-perf/pinot-common,com.linkedin.pinot.common.metrics,AbstractMetrics.new Gauge() {...},17,9,0,0,5,1,1,1,1,1
pinot-perf/pinot-common,com.linkedin.pinot.common.metrics,AbstractMetrics.new Callable() {...},10,9,0,0,1,1,1,1,1,1
pinot-perf/pinot-common,com.linkedin.pinot.common.metrics,JmxReporterMetricsRegistryRegistrationListener,0,9,0,0,0,3,0,2,0,2
pinot-perf/pinot-common,com.linkedin.pinot.common.metrics,ValidationMetrics.StoredValueGauge,8,9,0,0,1,3,1,1,1,1
pinot-perf/pinot-common,com.linkedin.pinot.common.metrics,ServerGauge,8,187,0,0,1,21,2,5,2,5
pinot-perf/pinot-common,com.linkedin.pinot.common.metrics,BrokerTimer,12,43,0,0,1,8,3,3,3,3
pinot-perf/pinot-common,com.linkedin.pinot.common.metrics,ControllerMeter,5,394,0,0,0,39,1,6,1,6
pinot-perf/pinot-common,com.linkedin.pinot.common.metrics,MetricsHelper.TimerContext,2,27,1,1,1,9,1,3,0,3
pinot-perf/pinot-common,com.linkedin.pinot.common.metrics,ValidationMetrics.CurrentTimeMillisDeltaGaugeHoursFactory,0,13,0,0,0,2,0,2,0,2
pinot-perf/pinot-common,com.linkedin.pinot.common.metrics,BrokerGauge,31,8,0,0,8,1,5,2,5,2
pinot-perf/pinot-common,com.linkedin.pinot.common.metrics,ValidationMetrics.CurrentTimeMillisDeltaGaugeFactory,0,13,0,0,0,2,0,2,0,2
pinot-perf/pinot-common,com.linkedin.pinot.common.metrics,ServerQueryPhase,9,98,0,0,0,13,2,3,2,3
pinot-perf/pinot-common,com.linkedin.pinot.common.metrics,AbstractMetrics,124,565,6,30,16,101,9,32,3,20
pinot-perf/pinot-common,com.linkedin.pinot.common.response,ProcessingException.new Object() {...},19,0,0,0,1,0,1,0,1,0
pinot-perf/pinot-common,com.linkedin.pinot.common.response,ProcessingException.ProcessingExceptionTupleSchemeFactory,5,3,0,0,1,1,1,1,1,1
pinot-perf/pinot-common,com.linkedin.pinot.common.response,ProcessingException._Fields,42,68,5,2,9,13,8,5,5,4
pinot-perf/pinot-common,com.linkedin.pinot.common.response,ProcessingException,355,197,68,5,104,47,57,11,19,11
pinot-perf/pinot-common,com.linkedin.pinot.common.response,ProcessingException.ProcessingExceptionStandardSchemeFactory,5,3,0,0,1,1,1,1,1,1
pinot-perf/pinot-common,com.linkedin.pinot.common.response,ProcessingException.ProcessingExceptionTupleScheme,60,0,6,0,18,0,6,0,3,0
pinot-perf/pinot-common,com.linkedin.pinot.common.response,ProcessingException.ProcessingExceptionStandardScheme,98,0,13,0,34,0,10,0,3,0
pinot-perf/pinot-common,com.linkedin.pinot.common.response,BrokerResponseFactory,92,30,9,5,12,8,10,4,3,4
pinot-perf/pinot-common,com.linkedin.pinot.common.response,ServerInstance,46,258,11,11,16,57,11,17,1,16
pinot-perf/pinot-common,com.linkedin.pinot.common.response,BrokerResponseFactory.ResponseType,9,19,0,0,0,2,2,2,2,2
pinot-perf/pinot-common,com.linkedin.pinot.common.messages,SegmentReloadMessage,3,39,1,1,1,10,1,2,0,2
pinot-perf/pinot-common,com.linkedin.pinot.common.messages,SegmentRefreshMessage,20,34,1,1,2,10,2,2,1,2
pinot-perf/pinot-common,com.linkedin.pinot.common.utils.request,HavingQueryTree,87,21,10,0,14,8,7,3,2,3
pinot-perf/pinot-common,com.linkedin.pinot.common.utils.request,FilterQueryTree,0,139,1,11,0,31,1,12,0,7
pinot-perf/pinot-common,com.linkedin.pinot.common.utils.request,QueryTree,0,9,0,0,0,3,0,3,0,3
pinot-perf/pinot-common,com.linkedin.pinot.common.utils.request,RequestUtils,20,486,11,53,7,118,11,32,1,10
pinot-perf/pinot-common,com.linkedin.pinot.pql.parsers.utils,JSONUtil,309,0,46,0,94,0,34,0,11,0
pinot-perf/pinot-common,com.linkedin.pinot.pql.parsers.utils,JSONUtil.FastJSONArray,425,0,56,0,100,0,50,0,22,0
pinot-perf/pinot-common,com.linkedin.pinot.pql.parsers.utils,Pair,23,0,0,0,10,0,5,0,5,0
pinot-perf/pinot-common,com.linkedin.pinot.pql.parsers.utils,PQLParserUtils,318,0,32,0,72,0,20,0,4,0
pinot-perf/pinot-common,com.linkedin.pinot.pql.parsers.utils,JSONUtil.FastJSONObject,478,0,56,0,113,0,53,0,25,0
pinot-perf/pinot-common,com.linkedin.pinot.common.utils.time,TimeUtils,7,87,0,10,3,12,3,9,3,4
pinot-perf/pinot-common,com.linkedin.pinot.common.utils.time,DefaultTimeConverter.new Object() {...},6,41,0,0,0,1,0,1,0,1
pinot-perf/pinot-common,com.linkedin.pinot.common.utils.time,DefaultTimeConverter,38,105,8,15,6,23,8,10,0,4
pinot-perf/pinot-common,com.linkedin.pinot.common.utils.time,TimeConverterProvider,3,10,0,0,1,3,1,1,1,1
pinot-perf/pinot-common,com.linkedin.pinot.common.utils.retry,AttemptFailureException,8,0,0,0,4,0,2,0,2,0
pinot-perf/pinot-common,com.linkedin.pinot.common.utils.retry,AttemptsExceededException,4,0,0,0,2,0,1,0,1,0
pinot-perf/pinot-common,com.linkedin.pinot.common.utils.retry,RetryPolicies,3,18,0,0,2,3,1,3,1,3
pinot-perf/pinot-common,com.linkedin.pinot.common.utils.retry,NoDelayRetryPolicy,2,4,0,0,1,2,1,1,1,1
pinot-perf/pinot-common,com.linkedin.pinot.common.utils.retry,FixedDelayRetryPolicy,3,7,0,0,1,3,1,1,1,1
pinot-perf/pinot-common,com.linkedin.pinot.common.utils.retry,BaseRetryPolicy,21,23,1,3,3,10,1,3,0,2
pinot-perf/pinot-common,com.linkedin.pinot.common.utils.retry,ExponentialBackoffRetryPolicy,0,33,0,0,0,9,0,2,0,2
pinot-perf/pinot-common,com.linkedin.pinot.common.utils.retry,RetriableOperationException,4,0,0,0,2,0,1,0,1,0
