<?xml version="1.0" encoding="UTF-8"?>
<testsuite xmlns:xsi="http://www.w3.org/2001/XMLSchema-instance" xsi:schemaLocation="https://maven.apache.org/surefire/maven-surefire-plugin/xsd/surefire-test-report.xsd" name="com.blazebit.persistence.testsuite.OptimizedKeysetPaginationNullsTest" time="2.202" tests="118" errors="0" skipped="0" failures="0">
  <properties>
[...]
</properties>
  <testcase name="matrixText[0]" classname="com.blazebit.persistence.testsuite.OptimizedKeysetPaginationNullsTest" time="0.038"/>
  <testcase name="matrixText[1]" classname="com.blazebit.persistence.testsuite.OptimizedKeysetPaginationNullsTest" time="0.018"/>
  <testcase name="matrixText[2]" classname="com.blazebit.persistence.testsuite.OptimizedKeysetPaginationNullsTest" time="0.016"/>
  <testcase name="matrixText[3]" classname="com.blazebit.persistence.testsuite.OptimizedKeysetPaginationNullsTest" time="0.019"/>
  <testcase name="matrixText[4]" classname="com.blazebit.persistence.testsuite.OptimizedKeysetPaginationNullsTest" time="0.018"/>
  <testcase name="matrixText[5]" classname="com.blazebit.persistence.testsuite.OptimizedKeysetPaginationNullsTest" time="0.018"/>
  <testcase name="matrixText[6]" classname="com.blazebit.persistence.testsuite.OptimizedKeysetPaginationNullsTest" time="0.019"/>
  <testcase name="matrixText[7]" classname="com.blazebit.persistence.testsuite.OptimizedKeysetPaginationNullsTest" time="0.019"/>
  <testcase name="matrixText[8]" classname="com.blazebit.persistence.testsuite.OptimizedKeysetPaginationNullsTest" time="0.019"/>
  <testcase name="matrixText[9]" classname="com.blazebit.persistence.testsuite.OptimizedKeysetPaginationNullsTest" time="0.018"/>
  <testcase name="matrixText[10]" classname="com.blazebit.persistence.testsuite.OptimizedKeysetPaginationNullsTest" time="0.018"/>
  <testcase name="matrixText[11]" classname="com.blazebit.persistence.testsuite.OptimizedKeysetPaginationNullsTest" time="0.022"/>
  <testcase name="matrixText[12]" classname="com.blazebit.persistence.testsuite.OptimizedKeysetPaginationNullsTest" time="0.021"/>
  <testcase name="matrixText[13]" classname="com.blazebit.persistence.testsuite.OptimizedKeysetPaginationNullsTest" time="0.017"/>
  <testcase name="matrixText[14]" classname="com.blazebit.persistence.testsuite.OptimizedKeysetPaginationNullsTest" time="0.02"/>
  <testcase name="matrixText[15]" classname="com.blazebit.persistence.testsuite.OptimizedKeysetPaginationNullsTest" time="0.02"/>
  <testcase name="matrixText[16]" classname="com.blazebit.persistence.testsuite.OptimizedKeysetPaginationNullsTest" time="0.02"/>
  <testcase name="matrixText[17]" classname="com.blazebit.persistence.testsuite.OptimizedKeysetPaginationNullsTest" time="0.018"/>
  <testcase name="matrixText[18]" classname="com.blazebit.persistence.testsuite.OptimizedKeysetPaginationNullsTest" time="0.018"/>
  <testcase name="matrixText[19]" classname="com.blazebit.persistence.testsuite.OptimizedKeysetPaginationNullsTest" time="0.019"/>
  <testcase name="matrixText[20]" classname="com.blazebit.persistence.testsuite.OptimizedKeysetPaginationNullsTest" time="0.018"/>
  <testcase name="matrixText[21]" classname="com.blazebit.persistence.testsuite.OptimizedKeysetPaginationNullsTest" time="0.018"/>
  <testcase name="matrixText[22]" classname="com.blazebit.persistence.testsuite.OptimizedKeysetPaginationNullsTest" time="0.018"/>
  <testcase name="matrixText[23]" classname="com.blazebit.persistence.testsuite.OptimizedKeysetPaginationNullsTest" time="0.018"/>
  <testcase name="matrixText[24]" classname="com.blazebit.persistence.testsuite.OptimizedKeysetPaginationNullsTest" time="0.018"/>
  <testcase name="matrixText[25]" classname="com.blazebit.persistence.testsuite.OptimizedKeysetPaginationNullsTest" time="0.035"/>
  <testcase name="matrixText[26]" classname="com.blazebit.persistence.testsuite.OptimizedKeysetPaginationNullsTest" time="0.017"/>
  <testcase name="matrixText[27]" classname="com.blazebit.persistence.testsuite.OptimizedKeysetPaginationNullsTest" time="0.019"/>
  <testcase name="matrixText[28]" classname="com.blazebit.persistence.testsuite.OptimizedKeysetPaginationNullsTest" time="0.019"/>
  <testcase name="matrixText[29]" classname="com.blazebit.persistence.testsuite.OptimizedKeysetPaginationNullsTest" time="0.016"/>
  <testcase name="matrixText[30]" classname="com.blazebit.persistence.testsuite.OptimizedKeysetPaginationNullsTest" time="0.019"/>
  <testcase name="matrixText[31]" classname="com.blazebit.persistence.testsuite.OptimizedKeysetPaginationNullsTest" time="0.019"/>
  <testcase name="matrixText[32]" classname="com.blazebit.persistence.testsuite.OptimizedKeysetPaginationNullsTest" time="0.018"/>
  <testcase name="matrixText[33]" classname="com.blazebit.persistence.testsuite.OptimizedKeysetPaginationNullsTest" time="0.018"/>
  <testcase name="matrixText[34]" classname="com.blazebit.persistence.testsuite.OptimizedKeysetPaginationNullsTest" time="0.017"/>
  <testcase name="matrixText[35]" classname="com.blazebit.persistence.testsuite.OptimizedKeysetPaginationNullsTest" time="0.019"/>
  <testcase name="matrixText[36]" classname="com.blazebit.persistence.testsuite.OptimizedKeysetPaginationNullsTest" time="0.03"/>
  <testcase name="matrixText[37]" classname="com.blazebit.persistence.testsuite.OptimizedKeysetPaginationNullsTest" time="0.03"/>
  <testcase name="matrixText[38]" classname="com.blazebit.persistence.testsuite.OptimizedKeysetPaginationNullsTest" time="0.029"/>
  <testcase name="matrixText[39]" classname="com.blazebit.persistence.testsuite.OptimizedKeysetPaginationNullsTest" time="0.021"/>
  <testcase name="matrixText[40]" classname="com.blazebit.persistence.testsuite.OptimizedKeysetPaginationNullsTest" time="0.018"/>
  <testcase name="matrixText[41]" classname="com.blazebit.persistence.testsuite.OptimizedKeysetPaginationNullsTest" time="0.022"/>
  <testcase name="matrixText[42]" classname="com.blazebit.persistence.testsuite.OptimizedKeysetPaginationNullsTest" time="0.02"/>
  <testcase name="matrixText[43]" classname="com.blazebit.persistence.testsuite.OptimizedKeysetPaginationNullsTest" time="0.019"/>
  <testcase name="matrixText[44]" classname="com.blazebit.persistence.testsuite.OptimizedKeysetPaginationNullsTest" time="0.019"/>
  <testcase name="matrixText[45]" classname="com.blazebit.persistence.testsuite.OptimizedKeysetPaginationNullsTest" time="0.019"/>
  <testcase name="matrixText[46]" classname="com.blazebit.persistence.testsuite.OptimizedKeysetPaginationNullsTest" time="0.019"/>
  <testcase name="matrixText[47]" classname="com.blazebit.persistence.testsuite.OptimizedKeysetPaginationNullsTest" time="0.018"/>
  <testcase name="matrixText[48]" classname="com.blazebit.persistence.testsuite.OptimizedKeysetPaginationNullsTest" time="0.019"/>
  <testcase name="matrixText[49]" classname="com.blazebit.persistence.testsuite.OptimizedKeysetPaginationNullsTest" time="0.018"/>
  <testcase name="matrixText[50]" classname="com.blazebit.persistence.testsuite.OptimizedKeysetPaginationNullsTest" time="0.017"/>
  <testcase name="matrixText[51]" classname="com.blazebit.persistence.testsuite.OptimizedKeysetPaginationNullsTest" time="0.017"/>
  <testcase name="matrixText[52]" classname="com.blazebit.persistence.testsuite.OptimizedKeysetPaginationNullsTest" time="0.018"/>
  <testcase name="matrixText[53]" classname="com.blazebit.persistence.testsuite.OptimizedKeysetPaginationNullsTest" time="0.018"/>
  <testcase name="matrixText[54]" classname="com.blazebit.persistence.testsuite.OptimizedKeysetPaginationNullsTest" time="0.018"/>
  <testcase name="matrixText[55]" classname="com.blazebit.persistence.testsuite.OptimizedKeysetPaginationNullsTest" time="0.019"/>
  <testcase name="matrixText[56]" classname="com.blazebit.persistence.testsuite.OptimizedKeysetPaginationNullsTest" time="0.019"/>
  <testcase name="matrixText[57]" classname="com.blazebit.persistence.testsuite.OptimizedKeysetPaginationNullsTest" time="0.018"/>
  <testcase name="matrixText[58]" classname="com.blazebit.persistence.testsuite.OptimizedKeysetPaginationNullsTest" time="0.037"/>
  <testcase name="matrixText[59]" classname="com.blazebit.persistence.testsuite.OptimizedKeysetPaginationNullsTest" time="0.017"/>
  <testcase name="matrixText[60]" classname="com.blazebit.persistence.testsuite.OptimizedKeysetPaginationNullsTest" time="0.018"/>
  <testcase name="matrixText[61]" classname="com.blazebit.persistence.testsuite.OptimizedKeysetPaginationNullsTest" time="0.016"/>
  <testcase name="matrixText[62]" classname="com.blazebit.persistence.testsuite.OptimizedKeysetPaginationNullsTest" time="0.016"/>
  <testcase name="matrixText[63]" classname="com.blazebit.persistence.testsuite.OptimizedKeysetPaginationNullsTest" time="0.017"/>
  <testcase name="matrixText[64]" classname="com.blazebit.persistence.testsuite.OptimizedKeysetPaginationNullsTest" time="0.016"/>
  <testcase name="matrixText[65]" classname="com.blazebit.persistence.testsuite.OptimizedKeysetPaginationNullsTest" time="0.017"/>
  <testcase name="matrixText[66]" classname="com.blazebit.persistence.testsuite.OptimizedKeysetPaginationNullsTest" time="0.017"/>
  <testcase name="matrixText[67]" classname="com.blazebit.persistence.testsuite.OptimizedKeysetPaginationNullsTest" time="0.018"/>
  <testcase name="matrixText[68]" classname="com.blazebit.persistence.testsuite.OptimizedKeysetPaginationNullsTest" time="0.017"/>
  <testcase name="matrixText[69]" classname="com.blazebit.persistence.testsuite.OptimizedKeysetPaginationNullsTest" time="0.017"/>
  <testcase name="matrixText[70]" classname="com.blazebit.persistence.testsuite.OptimizedKeysetPaginationNullsTest" time="0.017"/>
  <testcase name="matrixText[71]" classname="com.blazebit.persistence.testsuite.OptimizedKeysetPaginationNullsTest" time="0.017"/>
  <testcase name="matrixText[72]" classname="com.blazebit.persistence.testsuite.OptimizedKeysetPaginationNullsTest" time="0.015"/>
  <testcase name="matrixText[73]" classname="com.blazebit.persistence.testsuite.OptimizedKeysetPaginationNullsTest" time="0.017"/>
  <testcase name="matrixText[74]" classname="com.blazebit.persistence.testsuite.OptimizedKeysetPaginationNullsTest" time="0.018"/>
  <testcase name="matrixText[75]" classname="com.blazebit.persistence.testsuite.OptimizedKeysetPaginationNullsTest" time="0.017"/>
  <testcase name="matrixText[76]" classname="com.blazebit.persistence.testsuite.OptimizedKeysetPaginationNullsTest" time="0.017"/>
  <testcase name="matrixText[77]" classname="com.blazebit.persistence.testsuite.OptimizedKeysetPaginationNullsTest" time="0.017"/>
  <testcase name="matrixText[78]" classname="com.blazebit.persistence.testsuite.OptimizedKeysetPaginationNullsTest" time="0.016"/>
  <testcase name="matrixText[79]" classname="com.blazebit.persistence.testsuite.OptimizedKeysetPaginationNullsTest" time="0.017"/>
  <testcase name="matrixText[80]" classname="com.blazebit.persistence.testsuite.OptimizedKeysetPaginationNullsTest" time="0.017"/>
  <testcase name="matrixText[81]" classname="com.blazebit.persistence.testsuite.OptimizedKeysetPaginationNullsTest" time="0.018"/>
  <testcase name="matrixText[82]" classname="com.blazebit.persistence.testsuite.OptimizedKeysetPaginationNullsTest" time="0.018"/>
  <testcase name="matrixText[83]" classname="com.blazebit.persistence.testsuite.OptimizedKeysetPaginationNullsTest" time="0.017"/>
  <testcase name="matrixText[84]" classname="com.blazebit.persistence.testsuite.OptimizedKeysetPaginationNullsTest" time="0.016"/>
  <testcase name="matrixText[85]" classname="com.blazebit.persistence.testsuite.OptimizedKeysetPaginationNullsTest" time="0.015"/>
  <testcase name="matrixText[86]" classname="com.blazebit.persistence.testsuite.OptimizedKeysetPaginationNullsTest" time="0.017"/>
  <testcase name="matrixText[87]" classname="com.blazebit.persistence.testsuite.OptimizedKeysetPaginationNullsTest" time="0.017"/>
  <testcase name="matrixText[88]" classname="com.blazebit.persistence.testsuite.OptimizedKeysetPaginationNullsTest" time="0.015"/>
  <testcase name="matrixText[89]" classname="com.blazebit.persistence.testsuite.OptimizedKeysetPaginationNullsTest" time="0.017"/>
  <testcase name="matrixText[90]" classname="com.blazebit.persistence.testsuite.OptimizedKeysetPaginationNullsTest" time="0.018"/>
  <testcase name="matrixText[91]" classname="com.blazebit.persistence.testsuite.OptimizedKeysetPaginationNullsTest" time="0.017"/>
  <testcase name="matrixText[92]" classname="com.blazebit.persistence.testsuite.OptimizedKeysetPaginationNullsTest" time="0.033"/>
  <testcase name="matrixText[93]" classname="com.blazebit.persistence.testsuite.OptimizedKeysetPaginationNullsTest" time="0.018"/>
  <testcase name="matrixText[94]" classname="com.blazebit.persistence.testsuite.OptimizedKeysetPaginationNullsTest" time="0.017"/>
  <testcase name="matrixText[95]" classname="com.blazebit.persistence.testsuite.OptimizedKeysetPaginationNullsTest" time="0.016"/>
  <testcase name="matrixText[96]" classname="com.blazebit.persistence.testsuite.OptimizedKeysetPaginationNullsTest" time="0.017"/>
  <testcase name="matrixText[97]" classname="com.blazebit.persistence.testsuite.OptimizedKeysetPaginationNullsTest" time="0.015"/>
  <testcase name="matrixText[98]" classname="com.blazebit.persistence.testsuite.OptimizedKeysetPaginationNullsTest" time="0.018"/>
  <testcase name="matrixText[99]" classname="com.blazebit.persistence.testsuite.OptimizedKeysetPaginationNullsTest" time="0.017"/>
  <testcase name="matrixText[100]" classname="com.blazebit.persistence.testsuite.OptimizedKeysetPaginationNullsTest" time="0.018"/>
  <testcase name="matrixText[101]" classname="com.blazebit.persistence.testsuite.OptimizedKeysetPaginationNullsTest" time="0.018"/>
  <testcase name="matrixText[102]" classname="com.blazebit.persistence.testsuite.OptimizedKeysetPaginationNullsTest" time="0.017"/>
  <testcase name="matrixText[103]" classname="com.blazebit.persistence.testsuite.OptimizedKeysetPaginationNullsTest" time="0.018"/>
  <testcase name="matrixText[104]" classname="com.blazebit.persistence.testsuite.OptimizedKeysetPaginationNullsTest" time="0.017"/>
  <testcase name="matrixText[105]" classname="com.blazebit.persistence.testsuite.OptimizedKeysetPaginationNullsTest" time="0.018"/>
  <testcase name="matrixText[106]" classname="com.blazebit.persistence.testsuite.OptimizedKeysetPaginationNullsTest" time="0.017"/>
  <testcase name="matrixText[107]" classname="com.blazebit.persistence.testsuite.OptimizedKeysetPaginationNullsTest" time="0.017"/>
  <testcase name="matrixText[108]" classname="com.blazebit.persistence.testsuite.OptimizedKeysetPaginationNullsTest" time="0.019"/>
  <testcase name="matrixText[109]" classname="com.blazebit.persistence.testsuite.OptimizedKeysetPaginationNullsTest" time="0.016"/>
  <testcase name="matrixText[110]" classname="com.blazebit.persistence.testsuite.OptimizedKeysetPaginationNullsTest" time="0.017"/>
  <testcase name="matrixText[111]" classname="com.blazebit.persistence.testsuite.OptimizedKeysetPaginationNullsTest" time="0.016"/>
  <testcase name="matrixText[112]" classname="com.blazebit.persistence.testsuite.OptimizedKeysetPaginationNullsTest" time="0.018"/>
  <testcase name="matrixText[113]" classname="com.blazebit.persistence.testsuite.OptimizedKeysetPaginationNullsTest" time="0.016"/>
  <testcase name="matrixText[114]" classname="com.blazebit.persistence.testsuite.OptimizedKeysetPaginationNullsTest" time="0.016"/>
  <testcase name="matrixText[115]" classname="com.blazebit.persistence.testsuite.OptimizedKeysetPaginationNullsTest" time="0.016"/>
  <testcase name="matrixText[116]" classname="com.blazebit.persistence.testsuite.OptimizedKeysetPaginationNullsTest" time="0.017"/>
  <testcase name="matrixText[117]" classname="com.blazebit.persistence.testsuite.OptimizedKeysetPaginationNullsTest" time="0.017"/>
</testsuite>