-------------------------------------------------------------------------------
Test set: com.linkedin.pinot.integration.tests.HybridClusterIntegrationTest
-------------------------------------------------------------------------------
Tests run: 6, Failures: 0, Errors: 0, Skipped: 0, Time elapsed: 92.704 sec - in com.linkedin.pinot.integration.tests.HybridClusterIntegrationTest
testBrokerDebugOutput(com.linkedin.pinot.integration.tests.HybridClusterIntegrationTest)  Time elapsed: 0.063 sec
testGeneratedQueriesWithMultiValues(com.linkedin.pinot.integration.tests.HybridClusterIntegrationTest)  Time elapsed: 25.688 sec
testInstanceShutdown(com.linkedin.pinot.integration.tests.HybridClusterIntegrationTest)  Time elapsed: 5.157 sec
testQueriesFromQueryFile(com.linkedin.pinot.integration.tests.HybridClusterIntegrationTest)  Time elapsed: 24.937 sec
testQueryExceptions(com.linkedin.pinot.integration.tests.HybridClusterIntegrationTest)  Time elapsed: 0.054 sec
testSegmentListApi(com.linkedin.pinot.integration.tests.HybridClusterIntegrationTest)  Time elapsed: 0.042 sec
