-------------------------------------------------------------------------------
Test set: com.linkedin.pinot.integration.tests.MultiNodesOfflineClusterIntegrationTest
-------------------------------------------------------------------------------
Tests run: 5, Failures: 0, Errors: 0, Skipped: 0, Time elapsed: 94.491 sec - in com.linkedin.pinot.integration.tests.MultiNodesOfflineClusterIntegrationTest
testGeneratedQueriesWithMultiValues(com.linkedin.pinot.integration.tests.MultiNodesOfflineClusterIntegrationTest)  Time elapsed: 28.082 sec
testInstanceShutdown(com.linkedin.pinot.integration.tests.MultiNodesOfflineClusterIntegrationTest)  Time elapsed: 6.207 sec
testQueriesFromQueryFile(com.linkedin.pinot.integration.tests.MultiNodesOfflineClusterIntegrationTest)  Time elapsed: 31.023 sec
testQueryExceptions(com.linkedin.pinot.integration.tests.MultiNodesOfflineClusterIntegrationTest)  Time elapsed: 0.052 sec
testInstancesStarted(com.linkedin.pinot.integration.tests.MultiNodesOfflineClusterIntegrationTest)  Time elapsed: 0.005 sec
