-------------------------------------------------------------------------------
Test set: com.linkedin.pinot.integration.tests.DeleteAPIHybridClusterIntegrationTest
-------------------------------------------------------------------------------
Tests run: 10, Failures: 0, Errors: 0, Skipped: 0, Time elapsed: 53.645 sec - in com.linkedin.pinot.integration.tests.DeleteAPIHybridClusterIntegrationTest
deleteFromDeleteAPI(com.linkedin.pinot.integration.tests.DeleteAPIHybridClusterIntegrationTest)  Time elapsed: 7.12 sec
deleteFromGetAPI(com.linkedin.pinot.integration.tests.DeleteAPIHybridClusterIntegrationTest)  Time elapsed: 8.725 sec
deleteRealtimeSegmentFromDeleteAPI(com.linkedin.pinot.integration.tests.DeleteAPIHybridClusterIntegrationTest)  Time elapsed: 0.303 sec
deleteRealtimeSegmentFromGetAPI(com.linkedin.pinot.integration.tests.DeleteAPIHybridClusterIntegrationTest)  Time elapsed: 0.29 sec
testSegmentListApi(com.linkedin.pinot.integration.tests.DeleteAPIHybridClusterIntegrationTest)  Time elapsed: 0.001 sec
testBrokerDebugOutput(com.linkedin.pinot.integration.tests.DeleteAPIHybridClusterIntegrationTest)  Time elapsed: 0 sec
testGeneratedQueriesWithMultiValues(com.linkedin.pinot.integration.tests.DeleteAPIHybridClusterIntegrationTest)  Time elapsed: 0 sec
testInstanceShutdown(com.linkedin.pinot.integration.tests.DeleteAPIHybridClusterIntegrationTest)  Time elapsed: 1.116 sec
testQueriesFromQueryFile(com.linkedin.pinot.integration.tests.DeleteAPIHybridClusterIntegrationTest)  Time elapsed: 0.001 sec
testQueryExceptions(com.linkedin.pinot.integration.tests.DeleteAPIHybridClusterIntegrationTest)  Time elapsed: 0.099 sec
