<?xml version="1.0" encoding="UTF-8"?>
<testng-results skipped="0" failed="0" total="10" passed="10">
  <reporter-output>
  </reporter-output>
  <suite name="Surefire suite" duration-ms="53146" started-at="2020-08-12T16:36:48Z" finished-at="2020-08-12T16:37:41Z">
    <groups>
    </groups>
    <test name="Surefire test" duration-ms="53146" started-at="2020-08-12T16:36:48Z" finished-at="2020-08-12T16:37:41Z">
      <class name="com.linkedin.pinot.integration.tests.DeleteAPIHybridClusterIntegrationTest">
        <test-method status="PASS" signature="setUp()" name="setUp" is-config="true" duration-ms="32722" started-at="2020-08-12T16:36:48Z" finished-at="2020-08-12T16:37:20Z">
        </test-method>
        <test-method status="PASS" signature="deleteFromDeleteAPI()" name="deleteFromDeleteAPI" duration-ms="7122" started-at="2020-08-12T16:37:20Z" finished-at="2020-08-12T16:37:27Z">
        </test-method>
        <test-method status="PASS" signature="deleteFromGetAPI()" name="deleteFromGetAPI" duration-ms="8726" started-at="2020-08-12T16:37:27Z" finished-at="2020-08-12T16:37:36Z">
        </test-method>
        <test-method status="PASS" signature="deleteRealtimeSegmentFromDeleteAPI()" name="deleteRealtimeSegmentFromDeleteAPI" duration-ms="303" started-at="2020-08-12T16:37:36Z" finished-at="2020-08-12T16:37:36Z">
        </test-method>
        <test-method status="PASS" signature="deleteRealtimeSegmentFromGetAPI()" name="deleteRealtimeSegmentFromGetAPI" duration-ms="290" started-at="2020-08-12T16:37:36Z" finished-at="2020-08-12T16:37:37Z">
        </test-method>
        <test-method status="PASS" signature="testSegmentListApi()" name="testSegmentListApi" duration-ms="1" started-at="2020-08-12T16:37:37Z" finished-at="2020-08-12T16:37:37Z">
        </test-method>
        <test-method status="PASS" signature="testBrokerDebugOutput()" name="testBrokerDebugOutput" duration-ms="0" started-at="2020-08-12T16:37:37Z" finished-at="2020-08-12T16:37:37Z">
        </test-method>
        <test-method status="PASS" signature="testGeneratedQueriesWithMultiValues()" name="testGeneratedQueriesWithMultiValues" duration-ms="1" started-at="2020-08-12T16:37:37Z" finished-at="2020-08-12T16:37:37Z">
        </test-method>
        <test-method status="PASS" signature="testInstanceShutdown()" name="testInstanceShutdown" duration-ms="1116" started-at="2020-08-12T16:37:37Z" finished-at="2020-08-12T16:37:38Z">
        </test-method>
        <test-method status="PASS" signature="testQueriesFromQueryFile()" name="testQueriesFromQueryFile" duration-ms="1" started-at="2020-08-12T16:37:38Z" finished-at="2020-08-12T16:37:38Z">
        </test-method>
        <test-method status="PASS" signature="testQueryExceptions()" name="testQueryExceptions" duration-ms="98" started-at="2020-08-12T16:37:38Z" finished-at="2020-08-12T16:37:38Z">
        </test-method>
        <test-method status="PASS" signature="tearDown()" name="tearDown" is-config="true" duration-ms="2737" started-at="2020-08-12T16:37:38Z" finished-at="2020-08-12T16:37:41Z">
        </test-method>
      </class>
    </test>
  </suite>
</testng-results>
