<?xml version="1.0" encoding="UTF-8"?>
<testsuite xmlns:xsi="http://www.w3.org/2001/XMLSchema-instance" xsi:schemaLocation="https://maven.apache.org/surefire/maven-surefire-plugin/xsd/surefire-test-report.xsd" name="org.axonframework.axonserver.connector.event.axon.ErrorCodeTest" time="0.087" tests="3" errors="0" skipped="0" failures="0">
  <properties>
[...]
</properties>
  <testcase name="testConvertUnknownFromCodeAndMessage" classname="org.axonframework.axonserver.connector.event.axon.ErrorCodeTest" time="0.07"/>
  <testcase name="testConvertWithoutSource" classname="org.axonframework.axonserver.connector.event.axon.ErrorCodeTest" time="0"/>
  <testcase name="testConvert4002FromCodeAndMessage" classname="org.axonframework.axonserver.connector.event.axon.ErrorCodeTest" time="0"/>
</testsuite>