-------------------------------------------------------------------------------
Test set: com.amazonaws.encryptionsdk.AllTestsSuite
-------------------------------------------------------------------------------
Tests run: 5726, Failures: 0, Errors: 57, Skipped: 0, Time elapsed: 60.658 s <<< FAILURE! - in com.amazonaws.encryptionsdk.AllTestsSuite
setValidFrameSize(com.amazonaws.encryptionsdk.AwsCryptoTest)  Time elapsed: 0.289 s  <<< ERROR!
org.mockito.exceptions.base.MockitoException: 

Mockito cannot mock this class: class com.amazonaws.encryptionsdk.internal.StaticMasterKey.

Mockito can only mock non-private & non-final classes.
If you're not sure why you're getting this error, please report to the mailing list.


Java               : 11
JVM vendor name    : Oracle Corporation
JVM vendor version : 11.0.8+10-LTS
JVM name           : Java HotSpot(TM) 64-Bit Server VM
JVM version        : 11.0.8+10-LTS
JVM info           : mixed mode
OS name            : Linux
OS version         : 4.15.0-106-generic


Underlying exception : java.lang.UnsupportedOperationException: Cannot define class using reflection
	at com.amazonaws.encryptionsdk.AwsCryptoTest.init(AwsCryptoTest.java:63)
Caused by: java.lang.UnsupportedOperationException: Cannot define class using reflection
	at com.amazonaws.encryptionsdk.AwsCryptoTest.init(AwsCryptoTest.java:63)
Caused by: java.lang.IllegalArgumentException: Unknown Java version: 11
	at com.amazonaws.encryptionsdk.AwsCryptoTest.init(AwsCryptoTest.java:63)

estimateCiphertextSize_usesCachedKeys(com.amazonaws.encryptionsdk.AwsCryptoTest)  Time elapsed: 0.037 s  <<< ERROR!
org.mockito.exceptions.base.MockitoException: 

Mockito cannot mock this class: class com.amazonaws.encryptionsdk.internal.StaticMasterKey.

Mockito can only mock non-private & non-final classes.
If you're not sure why you're getting this error, please report to the mailing list.


Java               : 11
JVM vendor name    : Oracle Corporation
JVM vendor version : 11.0.8+10-LTS
JVM name           : Java HotSpot(TM) 64-Bit Server VM
JVM version        : 11.0.8+10-LTS
JVM info           : mixed mode
OS name            : Linux
OS version         : 4.15.0-106-generic


Underlying exception : java.lang.UnsupportedOperationException: Cannot define class using reflection
	at com.amazonaws.encryptionsdk.AwsCryptoTest.init(AwsCryptoTest.java:63)
Caused by: java.lang.UnsupportedOperationException: Cannot define class using reflection
	at com.amazonaws.encryptionsdk.AwsCryptoTest.init(AwsCryptoTest.java:63)
Caused by: java.lang.IllegalArgumentException: Unknown Java version: 11
	at com.amazonaws.encryptionsdk.AwsCryptoTest.init(AwsCryptoTest.java:63)

encryptDecryptString(com.amazonaws.encryptionsdk.AwsCryptoTest)  Time elapsed: 0.031 s  <<< ERROR!
org.mockito.exceptions.base.MockitoException: 

Mockito cannot mock this class: class com.amazonaws.encryptionsdk.internal.StaticMasterKey.

Mockito can only mock non-private & non-final classes.
If you're not sure why you're getting this error, please report to the mailing list.


Java               : 11
JVM vendor name    : Oracle Corporation
JVM vendor version : 11.0.8+10-LTS
JVM name           : Java HotSpot(TM) 64-Bit Server VM
JVM version        : 11.0.8+10-LTS
JVM info           : mixed mode
OS name            : Linux
OS version         : 4.15.0-106-generic


Underlying exception : java.lang.UnsupportedOperationException: Cannot define class using reflection
	at com.amazonaws.encryptionsdk.AwsCryptoTest.init(AwsCryptoTest.java:63)
Caused by: java.lang.UnsupportedOperationException: Cannot define class using reflection
	at com.amazonaws.encryptionsdk.AwsCryptoTest.init(AwsCryptoTest.java:63)
Caused by: java.lang.IllegalArgumentException: Unknown Java version: 11
	at com.amazonaws.encryptionsdk.AwsCryptoTest.init(AwsCryptoTest.java:63)

estimateCiphertextSize(com.amazonaws.encryptionsdk.AwsCryptoTest)  Time elapsed: 0.028 s  <<< ERROR!
org.mockito.exceptions.base.MockitoException: 

Mockito cannot mock this class: class com.amazonaws.encryptionsdk.internal.StaticMasterKey.

Mockito can only mock non-private & non-final classes.
If you're not sure why you're getting this error, please report to the mailing list.


Java               : 11
JVM vendor name    : Oracle Corporation
JVM vendor version : 11.0.8+10-LTS
JVM name           : Java HotSpot(TM) 64-Bit Server VM
JVM version        : 11.0.8+10-LTS
JVM info           : mixed mode
OS name            : Linux
OS version         : 4.15.0-106-generic


Underlying exception : java.lang.UnsupportedOperationException: Cannot define class using reflection
	at com.amazonaws.encryptionsdk.AwsCryptoTest.init(AwsCryptoTest.java:63)
Caused by: java.lang.UnsupportedOperationException: Cannot define class using reflection
	at com.amazonaws.encryptionsdk.AwsCryptoTest.init(AwsCryptoTest.java:63)
Caused by: java.lang.IllegalArgumentException: Unknown Java version: 11
	at com.amazonaws.encryptionsdk.AwsCryptoTest.init(AwsCryptoTest.java:63)

encryptDecryptWithCustomManager(com.amazonaws.encryptionsdk.AwsCryptoTest)  Time elapsed: 0.026 s  <<< ERROR!
org.mockito.exceptions.base.MockitoException: 

Mockito cannot mock this class: class com.amazonaws.encryptionsdk.internal.StaticMasterKey.

Mockito can only mock non-private & non-final classes.
If you're not sure why you're getting this error, please report to the mailing list.


Java               : 11
JVM vendor name    : Oracle Corporation
JVM vendor version : 11.0.8+10-LTS
JVM name           : Java HotSpot(TM) 64-Bit Server VM
JVM version        : 11.0.8+10-LTS
JVM info           : mixed mode
OS name            : Linux
OS version         : 4.15.0-106-generic


Underlying exception : java.lang.UnsupportedOperationException: Cannot define class using reflection
	at com.amazonaws.encryptionsdk.AwsCryptoTest.init(AwsCryptoTest.java:63)
Caused by: java.lang.UnsupportedOperationException: Cannot define class using reflection
	at com.amazonaws.encryptionsdk.AwsCryptoTest.init(AwsCryptoTest.java:63)
Caused by: java.lang.IllegalArgumentException: Unknown Java version: 11
	at com.amazonaws.encryptionsdk.AwsCryptoTest.init(AwsCryptoTest.java:63)

encryptDecrypt(com.amazonaws.encryptionsdk.AwsCryptoTest)  Time elapsed: 0.026 s  <<< ERROR!
org.mockito.exceptions.base.MockitoException: 

Mockito cannot mock this class: class com.amazonaws.encryptionsdk.internal.StaticMasterKey.

Mockito can only mock non-private & non-final classes.
If you're not sure why you're getting this error, please report to the mailing list.


Java               : 11
JVM vendor name    : Oracle Corporation
JVM vendor version : 11.0.8+10-LTS
JVM name           : Java HotSpot(TM) 64-Bit Server VM
JVM version        : 11.0.8+10-LTS
JVM info           : mixed mode
OS name            : Linux
OS version         : 4.15.0-106-generic


Underlying exception : java.lang.UnsupportedOperationException: Cannot define class using reflection
	at com.amazonaws.encryptionsdk.AwsCryptoTest.init(AwsCryptoTest.java:63)
Caused by: java.lang.UnsupportedOperationException: Cannot define class using reflection
	at com.amazonaws.encryptionsdk.AwsCryptoTest.init(AwsCryptoTest.java:63)
Caused by: java.lang.IllegalArgumentException: Unknown Java version: 11
	at com.amazonaws.encryptionsdk.AwsCryptoTest.init(AwsCryptoTest.java:63)

encryptDecryptWithoutEncContext(com.amazonaws.encryptionsdk.AwsCryptoTest)  Time elapsed: 0.024 s  <<< ERROR!
org.mockito.exceptions.base.MockitoException: 

Mockito cannot mock this class: class com.amazonaws.encryptionsdk.internal.StaticMasterKey.

Mockito can only mock non-private & non-final classes.
If you're not sure why you're getting this error, please report to the mailing list.


Java               : 11
JVM vendor name    : Oracle Corporation
JVM vendor version : 11.0.8+10-LTS
JVM name           : Java HotSpot(TM) 64-Bit Server VM
JVM version        : 11.0.8+10-LTS
JVM info           : mixed mode
OS name            : Linux
OS version         : 4.15.0-106-generic


Underlying exception : java.lang.UnsupportedOperationException: Cannot define class using reflection
	at com.amazonaws.encryptionsdk.AwsCryptoTest.init(AwsCryptoTest.java:63)
Caused by: java.lang.UnsupportedOperationException: Cannot define class using reflection
	at com.amazonaws.encryptionsdk.AwsCryptoTest.init(AwsCryptoTest.java:63)
Caused by: java.lang.IllegalArgumentException: Unknown Java version: 11
	at com.amazonaws.encryptionsdk.AwsCryptoTest.init(AwsCryptoTest.java:63)

assertNullChecks(com.amazonaws.encryptionsdk.AwsCryptoTest)  Time elapsed: 0.025 s  <<< ERROR!
org.mockito.exceptions.base.MockitoException: 

Mockito cannot mock this class: class com.amazonaws.encryptionsdk.internal.StaticMasterKey.

Mockito can only mock non-private & non-final classes.
If you're not sure why you're getting this error, please report to the mailing list.


Java               : 11
JVM vendor name    : Oracle Corporation
JVM vendor version : 11.0.8+10-LTS
JVM name           : Java HotSpot(TM) 64-Bit Server VM
JVM version        : 11.0.8+10-LTS
JVM info           : mixed mode
OS name            : Linux
OS version         : 4.15.0-106-generic


Underlying exception : java.lang.UnsupportedOperationException: Cannot define class using reflection
	at com.amazonaws.encryptionsdk.AwsCryptoTest.init(AwsCryptoTest.java:63)
Caused by: java.lang.UnsupportedOperationException: Cannot define class using reflection
	at com.amazonaws.encryptionsdk.AwsCryptoTest.init(AwsCryptoTest.java:63)
Caused by: java.lang.IllegalArgumentException: Unknown Java version: 11
	at com.amazonaws.encryptionsdk.AwsCryptoTest.init(AwsCryptoTest.java:63)

whenCustomCMMIgnoresAlgorithm_throws(com.amazonaws.encryptionsdk.AwsCryptoTest)  Time elapsed: 0.022 s  <<< ERROR!
org.mockito.exceptions.base.MockitoException: 

Mockito cannot mock this class: class com.amazonaws.encryptionsdk.internal.StaticMasterKey.

Mockito can only mock non-private & non-final classes.
If you're not sure why you're getting this error, please report to the mailing list.


Java               : 11
JVM vendor name    : Oracle Corporation
JVM vendor version : 11.0.8+10-LTS
JVM name           : Java HotSpot(TM) 64-Bit Server VM
JVM version        : 11.0.8+10-LTS
JVM info           : mixed mode
OS name            : Linux
OS version         : 4.15.0-106-generic


Underlying exception : java.lang.UnsupportedOperationException: Cannot define class using reflection
	at com.amazonaws.encryptionsdk.AwsCryptoTest.init(AwsCryptoTest.java:63)
Caused by: java.lang.UnsupportedOperationException: Cannot define class using reflection
	at com.amazonaws.encryptionsdk.AwsCryptoTest.init(AwsCryptoTest.java:63)
Caused by: java.lang.IllegalArgumentException: Unknown Java version: 11
	at com.amazonaws.encryptionsdk.AwsCryptoTest.init(AwsCryptoTest.java:63)

emptyEncryptionContext(com.amazonaws.encryptionsdk.AwsCryptoTest)  Time elapsed: 0.021 s  <<< ERROR!
org.mockito.exceptions.base.MockitoException: 

Mockito cannot mock this class: class com.amazonaws.encryptionsdk.internal.StaticMasterKey.

Mockito can only mock non-private & non-final classes.
If you're not sure why you're getting this error, please report to the mailing list.


Java               : 11
JVM vendor name    : Oracle Corporation
JVM vendor version : 11.0.8+10-LTS
JVM name           : Java HotSpot(TM) 64-Bit Server VM
JVM version        : 11.0.8+10-LTS
JVM info           : mixed mode
OS name            : Linux
OS version         : 4.15.0-106-generic


Underlying exception : java.lang.UnsupportedOperationException: Cannot define class using reflection
	at com.amazonaws.encryptionsdk.AwsCryptoTest.init(AwsCryptoTest.java:63)
Caused by: java.lang.UnsupportedOperationException: Cannot define class using reflection
	at com.amazonaws.encryptionsdk.AwsCryptoTest.init(AwsCryptoTest.java:63)
Caused by: java.lang.IllegalArgumentException: Unknown Java version: 11
	at com.amazonaws.encryptionsdk.AwsCryptoTest.init(AwsCryptoTest.java:63)

estimateCiphertextSizeWithoutEncContext(com.amazonaws.encryptionsdk.AwsCryptoTest)  Time elapsed: 0.021 s  <<< ERROR!
org.mockito.exceptions.base.MockitoException: 

Mockito cannot mock this class: class com.amazonaws.encryptionsdk.internal.StaticMasterKey.

Mockito can only mock non-private & non-final classes.
If you're not sure why you're getting this error, please report to the mailing list.


Java               : 11
JVM vendor name    : Oracle Corporation
JVM vendor version : 11.0.8+10-LTS
JVM name           : Java HotSpot(TM) 64-Bit Server VM
JVM version        : 11.0.8+10-LTS
JVM info           : mixed mode
OS name            : Linux
OS version         : 4.15.0-106-generic


Underlying exception : java.lang.UnsupportedOperationException: Cannot define class using reflection
	at com.amazonaws.encryptionsdk.AwsCryptoTest.init(AwsCryptoTest.java:63)
Caused by: java.lang.UnsupportedOperationException: Cannot define class using reflection
	at com.amazonaws.encryptionsdk.AwsCryptoTest.init(AwsCryptoTest.java:63)
Caused by: java.lang.IllegalArgumentException: Unknown Java version: 11
	at com.amazonaws.encryptionsdk.AwsCryptoTest.init(AwsCryptoTest.java:63)

encryptBytesDecryptString(com.amazonaws.encryptionsdk.AwsCryptoTest)  Time elapsed: 0.023 s  <<< ERROR!
org.mockito.exceptions.base.MockitoException: 

Mockito cannot mock this class: class com.amazonaws.encryptionsdk.internal.StaticMasterKey.

Mockito can only mock non-private & non-final classes.
If you're not sure why you're getting this error, please report to the mailing list.


Java               : 11
JVM vendor name    : Oracle Corporation
JVM vendor version : 11.0.8+10-LTS
JVM name           : Java HotSpot(TM) 64-Bit Server VM
JVM version        : 11.0.8+10-LTS
JVM info           : mixed mode
OS name            : Linux
OS version         : 4.15.0-106-generic


Underlying exception : java.lang.UnsupportedOperationException: Cannot define class using reflection
	at com.amazonaws.encryptionsdk.AwsCryptoTest.init(AwsCryptoTest.java:63)
Caused by: java.lang.UnsupportedOperationException: Cannot define class using reflection
	at com.amazonaws.encryptionsdk.AwsCryptoTest.init(AwsCryptoTest.java:63)
Caused by: java.lang.IllegalArgumentException: Unknown Java version: 11
	at com.amazonaws.encryptionsdk.AwsCryptoTest.init(AwsCryptoTest.java:63)

encryptDecryptWithParsedCiphertext(com.amazonaws.encryptionsdk.AwsCryptoTest)  Time elapsed: 0.019 s  <<< ERROR!
org.mockito.exceptions.base.MockitoException: 

Mockito cannot mock this class: class com.amazonaws.encryptionsdk.internal.StaticMasterKey.

Mockito can only mock non-private & non-final classes.
If you're not sure why you're getting this error, please report to the mailing list.


Java               : 11
JVM vendor name    : Oracle Corporation
JVM vendor version : 11.0.8+10-LTS
JVM name           : Java HotSpot(TM) 64-Bit Server VM
JVM version        : 11.0.8+10-LTS
JVM info           : mixed mode
OS name            : Linux
OS version         : 4.15.0-106-generic


Underlying exception : java.lang.UnsupportedOperationException: Cannot define class using reflection
	at com.amazonaws.encryptionsdk.AwsCryptoTest.init(AwsCryptoTest.java:63)
Caused by: java.lang.UnsupportedOperationException: Cannot define class using reflection
	at com.amazonaws.encryptionsdk.AwsCryptoTest.init(AwsCryptoTest.java:63)
Caused by: java.lang.IllegalArgumentException: Unknown Java version: 11
	at com.amazonaws.encryptionsdk.AwsCryptoTest.init(AwsCryptoTest.java:63)

whenDecrypting_invokesMKPOnce(com.amazonaws.encryptionsdk.AwsCryptoTest)  Time elapsed: 0.019 s  <<< ERROR!
org.mockito.exceptions.base.MockitoException: 

Mockito cannot mock this class: class com.amazonaws.encryptionsdk.internal.StaticMasterKey.

Mockito can only mock non-private & non-final classes.
If you're not sure why you're getting this error, please report to the mailing list.


Java               : 11
JVM vendor name    : Oracle Corporation
JVM vendor version : 11.0.8+10-LTS
JVM name           : Java HotSpot(TM) 64-Bit Server VM
JVM version        : 11.0.8+10-LTS
JVM info           : mixed mode
OS name            : Linux
OS version         : 4.15.0-106-generic


Underlying exception : java.lang.UnsupportedOperationException: Cannot define class using reflection
	at com.amazonaws.encryptionsdk.AwsCryptoTest.init(AwsCryptoTest.java:63)
Caused by: java.lang.UnsupportedOperationException: Cannot define class using reflection
	at com.amazonaws.encryptionsdk.AwsCryptoTest.init(AwsCryptoTest.java:63)
Caused by: java.lang.IllegalArgumentException: Unknown Java version: 11
	at com.amazonaws.encryptionsdk.AwsCryptoTest.init(AwsCryptoTest.java:63)

setNegativeFrameSize(com.amazonaws.encryptionsdk.AwsCryptoTest)  Time elapsed: 0.02 s  <<< ERROR!
org.mockito.exceptions.base.MockitoException: 

Mockito cannot mock this class: class com.amazonaws.encryptionsdk.internal.StaticMasterKey.

Mockito can only mock non-private & non-final classes.
If you're not sure why you're getting this error, please report to the mailing list.


Java               : 11
JVM vendor name    : Oracle Corporation
JVM vendor version : 11.0.8+10-LTS
JVM name           : Java HotSpot(TM) 64-Bit Server VM
JVM version        : 11.0.8+10-LTS
JVM info           : mixed mode
OS name            : Linux
OS version         : 4.15.0-106-generic


Underlying exception : java.lang.UnsupportedOperationException: Cannot define class using reflection
	at com.amazonaws.encryptionsdk.AwsCryptoTest.init(AwsCryptoTest.java:63)
Caused by: java.lang.UnsupportedOperationException: Cannot define class using reflection
	at com.amazonaws.encryptionsdk.AwsCryptoTest.init(AwsCryptoTest.java:63)
Caused by: java.lang.IllegalArgumentException: Unknown Java version: 11
	at com.amazonaws.encryptionsdk.AwsCryptoTest.init(AwsCryptoTest.java:63)

encryptDecryptWithBadSignature(com.amazonaws.encryptionsdk.AwsCryptoTest)  Time elapsed: 0.02 s  <<< ERROR!
org.mockito.exceptions.base.MockitoException: 

Mockito cannot mock this class: class com.amazonaws.encryptionsdk.internal.StaticMasterKey.

Mockito can only mock non-private & non-final classes.
If you're not sure why you're getting this error, please report to the mailing list.


Java               : 11
JVM vendor name    : Oracle Corporation
JVM vendor version : 11.0.8+10-LTS
JVM name           : Java HotSpot(TM) 64-Bit Server VM
JVM version        : 11.0.8+10-LTS
JVM info           : mixed mode
OS name            : Linux
OS version         : 4.15.0-106-generic


Underlying exception : java.lang.UnsupportedOperationException: Cannot define class using reflection
	at com.amazonaws.encryptionsdk.AwsCryptoTest.init(AwsCryptoTest.java:63)
Caused by: java.lang.UnsupportedOperationException: Cannot define class using reflection
	at com.amazonaws.encryptionsdk.AwsCryptoTest.init(AwsCryptoTest.java:63)
Caused by: java.lang.IllegalArgumentException: Unknown Java version: 11
	at com.amazonaws.encryptionsdk.AwsCryptoTest.init(AwsCryptoTest.java:63)

encryptStringDecryptBytes(com.amazonaws.encryptionsdk.AwsCryptoTest)  Time elapsed: 0.019 s  <<< ERROR!
org.mockito.exceptions.base.MockitoException: 

Mockito cannot mock this class: class com.amazonaws.encryptionsdk.internal.StaticMasterKey.

Mockito can only mock non-private & non-final classes.
If you're not sure why you're getting this error, please report to the mailing list.


Java               : 11
JVM vendor name    : Oracle Corporation
JVM vendor version : 11.0.8+10-LTS
JVM name           : Java HotSpot(TM) 64-Bit Server VM
JVM version        : 11.0.8+10-LTS
JVM info           : mixed mode
OS name            : Linux
OS version         : 4.15.0-106-generic


Underlying exception : java.lang.UnsupportedOperationException: Cannot define class using reflection
	at com.amazonaws.encryptionsdk.AwsCryptoTest.init(AwsCryptoTest.java:63)
Caused by: java.lang.UnsupportedOperationException: Cannot define class using reflection
	at com.amazonaws.encryptionsdk.AwsCryptoTest.init(AwsCryptoTest.java:63)
Caused by: java.lang.IllegalArgumentException: Unknown Java version: 11
	at com.amazonaws.encryptionsdk.AwsCryptoTest.init(AwsCryptoTest.java:63)

setCryptoAlgorithm(com.amazonaws.encryptionsdk.AwsCryptoTest)  Time elapsed: 0.016 s  <<< ERROR!
org.mockito.exceptions.base.MockitoException: 

Mockito cannot mock this class: class com.amazonaws.encryptionsdk.internal.StaticMasterKey.

Mockito can only mock non-private & non-final classes.
If you're not sure why you're getting this error, please report to the mailing list.


Java               : 11
JVM vendor name    : Oracle Corporation
JVM vendor version : 11.0.8+10-LTS
JVM name           : Java HotSpot(TM) 64-Bit Server VM
JVM version        : 11.0.8+10-LTS
JVM info           : mixed mode
OS name            : Linux
OS version         : 4.15.0-106-generic


Underlying exception : java.lang.UnsupportedOperationException: Cannot define class using reflection
	at com.amazonaws.encryptionsdk.AwsCryptoTest.init(AwsCryptoTest.java:63)
Caused by: java.lang.UnsupportedOperationException: Cannot define class using reflection
	at com.amazonaws.encryptionsdk.AwsCryptoTest.init(AwsCryptoTest.java:63)
Caused by: java.lang.IllegalArgumentException: Unknown Java version: 11
	at com.amazonaws.encryptionsdk.AwsCryptoTest.init(AwsCryptoTest.java:63)

encryptDecryptStringWithoutEncContext(com.amazonaws.encryptionsdk.AwsCryptoTest)  Time elapsed: 0.018 s  <<< ERROR!
org.mockito.exceptions.base.MockitoException: 

Mockito cannot mock this class: class com.amazonaws.encryptionsdk.internal.StaticMasterKey.

Mockito can only mock non-private & non-final classes.
If you're not sure why you're getting this error, please report to the mailing list.


Java               : 11
JVM vendor name    : Oracle Corporation
JVM vendor version : 11.0.8+10-LTS
JVM name           : Java HotSpot(TM) 64-Bit Server VM
JVM version        : 11.0.8+10-LTS
JVM info           : mixed mode
OS name            : Linux
OS version         : 4.15.0-106-generic


Underlying exception : java.lang.UnsupportedOperationException: Cannot define class using reflection
	at com.amazonaws.encryptionsdk.AwsCryptoTest.init(AwsCryptoTest.java:63)
Caused by: java.lang.UnsupportedOperationException: Cannot define class using reflection
	at com.amazonaws.encryptionsdk.AwsCryptoTest.init(AwsCryptoTest.java:63)
Caused by: java.lang.IllegalArgumentException: Unknown Java version: 11
	at com.amazonaws.encryptionsdk.AwsCryptoTest.init(AwsCryptoTest.java:63)

whenStreamSizeSetEarly_streamSizePassedToCMM(com.amazonaws.encryptionsdk.CryptoInputStreamTest$NonParameterized)  Time elapsed: 0.009 s  <<< ERROR!
org.mockito.exceptions.base.MockitoException: 

Mockito cannot mock this class: class com.amazonaws.encryptionsdk.DefaultCryptoMaterialsManager.

Mockito can only mock non-private & non-final classes.
If you're not sure why you're getting this error, please report to the mailing list.


Java               : 11
JVM vendor name    : Oracle Corporation
JVM vendor version : 11.0.8+10-LTS
JVM name           : Java HotSpot(TM) 64-Bit Server VM
JVM version        : 11.0.8+10-LTS
JVM info           : mixed mode
OS name            : Linux
OS version         : 4.15.0-106-generic


Underlying exception : java.lang.UnsupportedOperationException: Cannot define class using reflection
	at com.amazonaws.encryptionsdk.CryptoInputStreamTest$NonParameterized.whenStreamSizeSetEarly_streamSizePassedToCMM(CryptoInputStreamTest.java:607)
Caused by: java.lang.UnsupportedOperationException: Cannot define class using reflection
	at com.amazonaws.encryptionsdk.CryptoInputStreamTest$NonParameterized.whenStreamSizeSetEarly_streamSizePassedToCMM(CryptoInputStreamTest.java:607)
Caused by: java.lang.IllegalArgumentException: Unknown Java version: 11

whenStreamSizeSetLate_andExceeded_exceptionThrown(com.amazonaws.encryptionsdk.CryptoInputStreamTest$NonParameterized)  Time elapsed: 0.007 s  <<< ERROR!
org.mockito.exceptions.base.MockitoException: 

Mockito cannot mock this class: class com.amazonaws.encryptionsdk.DefaultCryptoMaterialsManager.

Mockito can only mock non-private & non-final classes.
If you're not sure why you're getting this error, please report to the mailing list.


Java               : 11
JVM vendor name    : Oracle Corporation
JVM vendor version : 11.0.8+10-LTS
JVM name           : Java HotSpot(TM) 64-Bit Server VM
JVM version        : 11.0.8+10-LTS
JVM info           : mixed mode
OS name            : Linux
OS version         : 4.15.0-106-generic


Underlying exception : java.lang.UnsupportedOperationException: Cannot define class using reflection
	at com.amazonaws.encryptionsdk.CryptoInputStreamTest$NonParameterized.whenStreamSizeSetLate_andExceeded_exceptionThrown(CryptoInputStreamTest.java:635)
Caused by: java.lang.UnsupportedOperationException: Cannot define class using reflection
	at com.amazonaws.encryptionsdk.CryptoInputStreamTest$NonParameterized.whenStreamSizeSetLate_andExceeded_exceptionThrown(CryptoInputStreamTest.java:635)
Caused by: java.lang.IllegalArgumentException: Unknown Java version: 11

whenStreamSizeSetEarly_andExceeded_exceptionThrown(com.amazonaws.encryptionsdk.CryptoInputStreamTest$NonParameterized)  Time elapsed: 0.006 s  <<< ERROR!
org.mockito.exceptions.base.MockitoException: 

Mockito cannot mock this class: class com.amazonaws.encryptionsdk.DefaultCryptoMaterialsManager.

Mockito can only mock non-private & non-final classes.
If you're not sure why you're getting this error, please report to the mailing list.


Java               : 11
JVM vendor name    : Oracle Corporation
JVM vendor version : 11.0.8+10-LTS
JVM name           : Java HotSpot(TM) 64-Bit Server VM
JVM version        : 11.0.8+10-LTS
JVM info           : mixed mode
OS name            : Linux
OS version         : 4.15.0-106-generic


Underlying exception : java.lang.UnsupportedOperationException: Cannot define class using reflection
	at com.amazonaws.encryptionsdk.CryptoInputStreamTest$NonParameterized.whenStreamSizeSetEarly_andExceeded_exceptionThrown(CryptoInputStreamTest.java:624)
Caused by: java.lang.UnsupportedOperationException: Cannot define class using reflection
	at com.amazonaws.encryptionsdk.CryptoInputStreamTest$NonParameterized.whenStreamSizeSetEarly_andExceeded_exceptionThrown(CryptoInputStreamTest.java:624)
Caused by: java.lang.IllegalArgumentException: Unknown Java version: 11

whenStreamSizeSet_afterBeingExceeded_exceptionThrown(com.amazonaws.encryptionsdk.CryptoInputStreamTest$NonParameterized)  Time elapsed: 0.006 s  <<< ERROR!
org.mockito.exceptions.base.MockitoException: 

Mockito cannot mock this class: class com.amazonaws.encryptionsdk.DefaultCryptoMaterialsManager.

Mockito can only mock non-private & non-final classes.
If you're not sure why you're getting this error, please report to the mailing list.


Java               : 11
JVM vendor name    : Oracle Corporation
JVM vendor version : 11.0.8+10-LTS
JVM name           : Java HotSpot(TM) 64-Bit Server VM
JVM version        : 11.0.8+10-LTS
JVM info           : mixed mode
OS name            : Linux
OS version         : 4.15.0-106-generic


Underlying exception : java.lang.UnsupportedOperationException: Cannot define class using reflection
	at com.amazonaws.encryptionsdk.CryptoInputStreamTest$NonParameterized.whenStreamSizeSet_afterBeingExceeded_exceptionThrown(CryptoInputStreamTest.java:649)
Caused by: java.lang.UnsupportedOperationException: Cannot define class using reflection
	at com.amazonaws.encryptionsdk.CryptoInputStreamTest$NonParameterized.whenStreamSizeSet_afterBeingExceeded_exceptionThrown(CryptoInputStreamTest.java:649)
Caused by: java.lang.IllegalArgumentException: Unknown Java version: 11

whenStreamSizeSetEarly_streamSizePassedToCMM(com.amazonaws.encryptionsdk.CryptoOutputStreamTest$NonParameterized)  Time elapsed: 0.006 s  <<< ERROR!
org.mockito.exceptions.base.MockitoException: 

Mockito cannot mock this class: class com.amazonaws.encryptionsdk.DefaultCryptoMaterialsManager.

Mockito can only mock non-private & non-final classes.
If you're not sure why you're getting this error, please report to the mailing list.


Java               : 11
JVM vendor name    : Oracle Corporation
JVM vendor version : 11.0.8+10-LTS
JVM name           : Java HotSpot(TM) 64-Bit Server VM
JVM version        : 11.0.8+10-LTS
JVM info           : mixed mode
OS name            : Linux
OS version         : 4.15.0-106-generic


Underlying exception : java.lang.UnsupportedOperationException: Cannot define class using reflection
	at com.amazonaws.encryptionsdk.CryptoOutputStreamTest$NonParameterized.whenStreamSizeSetEarly_streamSizePassedToCMM(CryptoOutputStreamTest.java:593)
Caused by: java.lang.UnsupportedOperationException: Cannot define class using reflection
	at com.amazonaws.encryptionsdk.CryptoOutputStreamTest$NonParameterized.whenStreamSizeSetEarly_streamSizePassedToCMM(CryptoOutputStreamTest.java:593)
Caused by: java.lang.IllegalArgumentException: Unknown Java version: 11

whenStreamSizeSetLate_andExceeded_exceptionThrown(com.amazonaws.encryptionsdk.CryptoOutputStreamTest$NonParameterized)  Time elapsed: 0.007 s  <<< ERROR!
org.mockito.exceptions.base.MockitoException: 

Mockito cannot mock this class: class com.amazonaws.encryptionsdk.DefaultCryptoMaterialsManager.

Mockito can only mock non-private & non-final classes.
If you're not sure why you're getting this error, please report to the mailing list.


Java               : 11
JVM vendor name    : Oracle Corporation
JVM vendor version : 11.0.8+10-LTS
JVM name           : Java HotSpot(TM) 64-Bit Server VM
JVM version        : 11.0.8+10-LTS
JVM info           : mixed mode
OS name            : Linux
OS version         : 4.15.0-106-generic


Underlying exception : java.lang.UnsupportedOperationException: Cannot define class using reflection
	at com.amazonaws.encryptionsdk.CryptoOutputStreamTest$NonParameterized.whenStreamSizeSetLate_andExceeded_exceptionThrown(CryptoOutputStreamTest.java:620)
Caused by: java.lang.UnsupportedOperationException: Cannot define class using reflection
	at com.amazonaws.encryptionsdk.CryptoOutputStreamTest$NonParameterized.whenStreamSizeSetLate_andExceeded_exceptionThrown(CryptoOutputStreamTest.java:620)
Caused by: java.lang.IllegalArgumentException: Unknown Java version: 11

whenStreamSizeSetEarly_andExceeded_exceptionThrown(com.amazonaws.encryptionsdk.CryptoOutputStreamTest$NonParameterized)  Time elapsed: 0.005 s  <<< ERROR!
org.mockito.exceptions.base.MockitoException: 

Mockito cannot mock this class: class com.amazonaws.encryptionsdk.DefaultCryptoMaterialsManager.

Mockito can only mock non-private & non-final classes.
If you're not sure why you're getting this error, please report to the mailing list.


Java               : 11
JVM vendor name    : Oracle Corporation
JVM vendor version : 11.0.8+10-LTS
JVM name           : Java HotSpot(TM) 64-Bit Server VM
JVM version        : 11.0.8+10-LTS
JVM info           : mixed mode
OS name            : Linux
OS version         : 4.15.0-106-generic


Underlying exception : java.lang.UnsupportedOperationException: Cannot define class using reflection
	at com.amazonaws.encryptionsdk.CryptoOutputStreamTest$NonParameterized.whenStreamSizeSetEarly_andExceeded_exceptionThrown(CryptoOutputStreamTest.java:609)
Caused by: java.lang.UnsupportedOperationException: Cannot define class using reflection
	at com.amazonaws.encryptionsdk.CryptoOutputStreamTest$NonParameterized.whenStreamSizeSetEarly_andExceeded_exceptionThrown(CryptoOutputStreamTest.java:609)
Caused by: java.lang.IllegalArgumentException: Unknown Java version: 11

whenStreamSizeSet_afterBeingExceeded_exceptionThrown(com.amazonaws.encryptionsdk.CryptoOutputStreamTest$NonParameterized)  Time elapsed: 0.005 s  <<< ERROR!
org.mockito.exceptions.base.MockitoException: 

Mockito cannot mock this class: class com.amazonaws.encryptionsdk.DefaultCryptoMaterialsManager.

Mockito can only mock non-private & non-final classes.
If you're not sure why you're getting this error, please report to the mailing list.


Java               : 11
JVM vendor name    : Oracle Corporation
JVM vendor version : 11.0.8+10-LTS
JVM name           : Java HotSpot(TM) 64-Bit Server VM
JVM version        : 11.0.8+10-LTS
JVM info           : mixed mode
OS name            : Linux
OS version         : 4.15.0-106-generic


Underlying exception : java.lang.UnsupportedOperationException: Cannot define class using reflection
	at com.amazonaws.encryptionsdk.CryptoOutputStreamTest$NonParameterized.whenStreamSizeSet_afterBeingExceeded_exceptionThrown(CryptoOutputStreamTest.java:632)
Caused by: java.lang.UnsupportedOperationException: Cannot define class using reflection
	at com.amazonaws.encryptionsdk.CryptoOutputStreamTest$NonParameterized.whenStreamSizeSet_afterBeingExceeded_exceptionThrown(CryptoOutputStreamTest.java:632)
Caused by: java.lang.IllegalArgumentException: Unknown Java version: 11

encrypt_forwardsPlaintextWhenAvailable(com.amazonaws.encryptionsdk.DefaultCryptoMaterialsManagerTest)  Time elapsed: 0.016 s  <<< ERROR!
org.mockito.exceptions.base.MockitoException: 

Mockito cannot mock this class: class com.amazonaws.encryptionsdk.internal.StaticMasterKey.

Mockito can only mock non-private & non-final classes.
If you're not sure why you're getting this error, please report to the mailing list.


Java               : 11
JVM vendor name    : Oracle Corporation
JVM vendor version : 11.0.8+10-LTS
JVM name           : Java HotSpot(TM) 64-Bit Server VM
JVM version        : 11.0.8+10-LTS
JVM info           : mixed mode
OS name            : Linux
OS version         : 4.15.0-106-generic


Underlying exception : java.lang.UnsupportedOperationException: Cannot define class using reflection
	at com.amazonaws.encryptionsdk.DefaultCryptoMaterialsManagerTest.encrypt_forwardsPlaintextWhenAvailable(DefaultCryptoMaterialsManagerTest.java:149)
Caused by: java.lang.UnsupportedOperationException: Cannot define class using reflection
	at com.amazonaws.encryptionsdk.DefaultCryptoMaterialsManagerTest.encrypt_forwardsPlaintextWhenAvailable(DefaultCryptoMaterialsManagerTest.java:149)
Caused by: java.lang.IllegalArgumentException: Unknown Java version: 11

encrypt_setsStreamingWhenNoSizeAvailable(com.amazonaws.encryptionsdk.DefaultCryptoMaterialsManagerTest)  Time elapsed: 0.015 s  <<< ERROR!
org.mockito.exceptions.base.MockitoException: 

Mockito cannot mock this class: class com.amazonaws.encryptionsdk.internal.StaticMasterKey.

Mockito can only mock non-private & non-final classes.
If you're not sure why you're getting this error, please report to the mailing list.


Java               : 11
JVM vendor name    : Oracle Corporation
JVM vendor version : 11.0.8+10-LTS
JVM name           : Java HotSpot(TM) 64-Bit Server VM
JVM version        : 11.0.8+10-LTS
JVM info           : mixed mode
OS name            : Linux
OS version         : 4.15.0-106-generic


Underlying exception : java.lang.UnsupportedOperationException: Cannot define class using reflection
	at com.amazonaws.encryptionsdk.DefaultCryptoMaterialsManagerTest.encrypt_setsStreamingWhenNoSizeAvailable(DefaultCryptoMaterialsManagerTest.java:181)
Caused by: java.lang.UnsupportedOperationException: Cannot define class using reflection
	at com.amazonaws.encryptionsdk.DefaultCryptoMaterialsManagerTest.encrypt_setsStreamingWhenNoSizeAvailable(DefaultCryptoMaterialsManagerTest.java:181)
Caused by: java.lang.IllegalArgumentException: Unknown Java version: 11

encrypt_dispatchesMultipleMasterKeys(com.amazonaws.encryptionsdk.DefaultCryptoMaterialsManagerTest)  Time elapsed: 0.015 s  <<< ERROR!
org.mockito.exceptions.base.MockitoException: 

Mockito cannot mock this class: class com.amazonaws.encryptionsdk.internal.StaticMasterKey.

Mockito can only mock non-private & non-final classes.
If you're not sure why you're getting this error, please report to the mailing list.


Java               : 11
JVM vendor name    : Oracle Corporation
JVM vendor version : 11.0.8+10-LTS
JVM name           : Java HotSpot(TM) 64-Bit Server VM
JVM version        : 11.0.8+10-LTS
JVM info           : mixed mode
OS name            : Linux
OS version         : 4.15.0-106-generic


Underlying exception : java.lang.UnsupportedOperationException: Cannot define class using reflection
	at com.amazonaws.encryptionsdk.DefaultCryptoMaterialsManagerTest.encrypt_dispatchesMultipleMasterKeys(DefaultCryptoMaterialsManagerTest.java:105)
Caused by: java.lang.UnsupportedOperationException: Cannot define class using reflection
	at com.amazonaws.encryptionsdk.DefaultCryptoMaterialsManagerTest.encrypt_dispatchesMultipleMasterKeys(DefaultCryptoMaterialsManagerTest.java:105)
Caused by: java.lang.IllegalArgumentException: Unknown Java version: 11

decrypt_onDecryptFailure(com.amazonaws.encryptionsdk.DefaultCryptoMaterialsManagerTest)  Time elapsed: 0.014 s  <<< ERROR!
java.lang.Exception: Unexpected exception, expected<com.amazonaws.encryptionsdk.exception.CannotUnwrapDataKeyException> but was<org.mockito.exceptions.base.MockitoException>
	at com.amazonaws.encryptionsdk.DefaultCryptoMaterialsManagerTest.decrypt_onDecryptFailure(DefaultCryptoMaterialsManagerTest.java:280)
Caused by: java.lang.UnsupportedOperationException: Cannot define class using reflection
	at com.amazonaws.encryptionsdk.DefaultCryptoMaterialsManagerTest.decrypt_onDecryptFailure(DefaultCryptoMaterialsManagerTest.java:280)
Caused by: java.lang.IllegalArgumentException: Unknown Java version: 11

encrypt_forwardsPlaintextSizeWhenAvailable(com.amazonaws.encryptionsdk.DefaultCryptoMaterialsManagerTest)  Time elapsed: 0.015 s  <<< ERROR!
org.mockito.exceptions.base.MockitoException: 

Mockito cannot mock this class: class com.amazonaws.encryptionsdk.internal.StaticMasterKey.

Mockito can only mock non-private & non-final classes.
If you're not sure why you're getting this error, please report to the mailing list.


Java               : 11
JVM vendor name    : Oracle Corporation
JVM vendor version : 11.0.8+10-LTS
JVM name           : Java HotSpot(TM) 64-Bit Server VM
JVM version        : 11.0.8+10-LTS
JVM info           : mixed mode
OS name            : Linux
OS version         : 4.15.0-106-generic


Underlying exception : java.lang.UnsupportedOperationException: Cannot define class using reflection
	at com.amazonaws.encryptionsdk.DefaultCryptoMaterialsManagerTest.encrypt_forwardsPlaintextSizeWhenAvailable(DefaultCryptoMaterialsManagerTest.java:165)
Caused by: java.lang.UnsupportedOperationException: Cannot define class using reflection
	at com.amazonaws.encryptionsdk.DefaultCryptoMaterialsManagerTest.encrypt_forwardsPlaintextSizeWhenAvailable(DefaultCryptoMaterialsManagerTest.java:165)
Caused by: java.lang.IllegalArgumentException: Unknown Java version: 11

pythonTestVecs(com.amazonaws.encryptionsdk.caching.CacheIdentifierTests)  Time elapsed: 0.008 s  <<< ERROR!
org.mockito.exceptions.base.MockitoException: 

Mockito cannot mock this class: interface com.amazonaws.encryptionsdk.caching.CryptoMaterialsCache.

Mockito can only mock non-private & non-final classes.
If you're not sure why you're getting this error, please report to the mailing list.


Java               : 11
JVM vendor name    : Oracle Corporation
JVM vendor version : 11.0.8+10-LTS
JVM name           : Java HotSpot(TM) 64-Bit Server VM
JVM version        : 11.0.8+10-LTS
JVM info           : mixed mode
OS name            : Linux
OS version         : 4.15.0-106-generic


Underlying exception : java.lang.UnsupportedOperationException: Cannot define class using reflection
	at com.amazonaws.encryptionsdk.caching.CacheIdentifierTests.getCMM(CacheIdentifierTests.java:191)
	at com.amazonaws.encryptionsdk.caching.CacheIdentifierTests.assertEncryptId(CacheIdentifierTests.java:98)
	at com.amazonaws.encryptionsdk.caching.CacheIdentifierTests.pythonTestVecs(CacheIdentifierTests.java:53)
Caused by: java.lang.UnsupportedOperationException: Cannot define class using reflection
	at com.amazonaws.encryptionsdk.caching.CacheIdentifierTests.getCMM(CacheIdentifierTests.java:191)
	at com.amazonaws.encryptionsdk.caching.CacheIdentifierTests.assertEncryptId(CacheIdentifierTests.java:98)
	at com.amazonaws.encryptionsdk.caching.CacheIdentifierTests.pythonTestVecs(CacheIdentifierTests.java:53)
Caused by: java.lang.IllegalArgumentException: Unknown Java version: 11

decryptDigestTestVector(com.amazonaws.encryptionsdk.caching.CacheIdentifierTests)  Time elapsed: 0.005 s  <<< ERROR!
org.mockito.exceptions.base.MockitoException: 

Mockito cannot mock this class: interface com.amazonaws.encryptionsdk.caching.CryptoMaterialsCache.

Mockito can only mock non-private & non-final classes.
If you're not sure why you're getting this error, please report to the mailing list.


Java               : 11
JVM vendor name    : Oracle Corporation
JVM vendor version : 11.0.8+10-LTS
JVM name           : Java HotSpot(TM) 64-Bit Server VM
JVM version        : 11.0.8+10-LTS
JVM info           : mixed mode
OS name            : Linux
OS version         : 4.15.0-106-generic


Underlying exception : java.lang.UnsupportedOperationException: Cannot define class using reflection
	at com.amazonaws.encryptionsdk.caching.CacheIdentifierTests.getCMM(CacheIdentifierTests.java:191)
	at com.amazonaws.encryptionsdk.caching.CacheIdentifierTests.decryptDigestTestVector(CacheIdentifierTests.java:164)
Caused by: java.lang.UnsupportedOperationException: Cannot define class using reflection
	at com.amazonaws.encryptionsdk.caching.CacheIdentifierTests.getCMM(CacheIdentifierTests.java:191)
	at com.amazonaws.encryptionsdk.caching.CacheIdentifierTests.decryptDigestTestVector(CacheIdentifierTests.java:164)
Caused by: java.lang.IllegalArgumentException: Unknown Java version: 11

encryptDigestTestVector(com.amazonaws.encryptionsdk.caching.CacheIdentifierTests)  Time elapsed: 0.005 s  <<< ERROR!
org.mockito.exceptions.base.MockitoException: 

Mockito cannot mock this class: interface com.amazonaws.encryptionsdk.caching.CryptoMaterialsCache.

Mockito can only mock non-private & non-final classes.
If you're not sure why you're getting this error, please report to the mailing list.


Java               : 11
JVM vendor name    : Oracle Corporation
JVM vendor version : 11.0.8+10-LTS
JVM name           : Java HotSpot(TM) 64-Bit Server VM
JVM version        : 11.0.8+10-LTS
JVM info           : mixed mode
OS name            : Linux
OS version         : 4.15.0-106-generic


Underlying exception : java.lang.UnsupportedOperationException: Cannot define class using reflection
	at com.amazonaws.encryptionsdk.caching.CacheIdentifierTests.getCMM(CacheIdentifierTests.java:191)
	at com.amazonaws.encryptionsdk.caching.CacheIdentifierTests.encryptDigestTestVector(CacheIdentifierTests.java:113)
Caused by: java.lang.UnsupportedOperationException: Cannot define class using reflection
	at com.amazonaws.encryptionsdk.caching.CacheIdentifierTests.getCMM(CacheIdentifierTests.java:191)
	at com.amazonaws.encryptionsdk.caching.CacheIdentifierTests.encryptDigestTestVector(CacheIdentifierTests.java:113)
Caused by: java.lang.IllegalArgumentException: Unknown Java version: 11

testBuilderValidation(com.amazonaws.encryptionsdk.caching.CachingCryptoMaterialsManagerTest)  Time elapsed: 0.006 s  <<< ERROR!
org.mockito.exceptions.base.MockitoException: 

Mockito cannot mock this class: interface com.amazonaws.encryptionsdk.caching.CryptoMaterialsCache.

Mockito can only mock non-private & non-final classes.
If you're not sure why you're getting this error, please report to the mailing list.


Java               : 11
JVM vendor name    : Oracle Corporation
JVM vendor version : 11.0.8+10-LTS
JVM name           : Java HotSpot(TM) 64-Bit Server VM
JVM version        : 11.0.8+10-LTS
JVM info           : mixed mode
OS name            : Linux
OS version         : 4.15.0-106-generic


Underlying exception : java.lang.UnsupportedOperationException: Cannot define class using reflection
	at com.amazonaws.encryptionsdk.caching.CachingCryptoMaterialsManagerTest.setUp(CachingCryptoMaterialsManagerTest.java:47)
Caused by: java.lang.UnsupportedOperationException: Cannot define class using reflection
	at com.amazonaws.encryptionsdk.caching.CachingCryptoMaterialsManagerTest.setUp(CachingCryptoMaterialsManagerTest.java:47)
Caused by: java.lang.IllegalArgumentException: Unknown Java version: 11

whenCacheIsEmpty_performsCacheMiss(com.amazonaws.encryptionsdk.caching.CachingCryptoMaterialsManagerTest)  Time elapsed: 0.005 s  <<< ERROR!
org.mockito.exceptions.base.MockitoException: 

Mockito cannot mock this class: interface com.amazonaws.encryptionsdk.caching.CryptoMaterialsCache.

Mockito can only mock non-private & non-final classes.
If you're not sure why you're getting this error, please report to the mailing list.


Java               : 11
JVM vendor name    : Oracle Corporation
JVM vendor version : 11.0.8+10-LTS
JVM name           : Java HotSpot(TM) 64-Bit Server VM
JVM version        : 11.0.8+10-LTS
JVM info           : mixed mode
OS name            : Linux
OS version         : 4.15.0-106-generic


Underlying exception : java.lang.UnsupportedOperationException: Cannot define class using reflection
	at com.amazonaws.encryptionsdk.caching.CachingCryptoMaterialsManagerTest.setUp(CachingCryptoMaterialsManagerTest.java:47)
Caused by: java.lang.UnsupportedOperationException: Cannot define class using reflection
	at com.amazonaws.encryptionsdk.caching.CachingCryptoMaterialsManagerTest.setUp(CachingCryptoMaterialsManagerTest.java:47)
Caused by: java.lang.IllegalArgumentException: Unknown Java version: 11

whenCacheMisses_correctHintAndUsagePassed(com.amazonaws.encryptionsdk.caching.CachingCryptoMaterialsManagerTest)  Time elapsed: 0.005 s  <<< ERROR!
org.mockito.exceptions.base.MockitoException: 

Mockito cannot mock this class: interface com.amazonaws.encryptionsdk.caching.CryptoMaterialsCache.

Mockito can only mock non-private & non-final classes.
If you're not sure why you're getting this error, please report to the mailing list.


Java               : 11
JVM vendor name    : Oracle Corporation
JVM vendor version : 11.0.8+10-LTS
JVM name           : Java HotSpot(TM) 64-Bit Server VM
JVM version        : 11.0.8+10-LTS
JVM info           : mixed mode
OS name            : Linux
OS version         : 4.15.0-106-generic


Underlying exception : java.lang.UnsupportedOperationException: Cannot define class using reflection
	at com.amazonaws.encryptionsdk.caching.CachingCryptoMaterialsManagerTest.setUp(CachingCryptoMaterialsManagerTest.java:47)
Caused by: java.lang.UnsupportedOperationException: Cannot define class using reflection
	at com.amazonaws.encryptionsdk.caching.CachingCryptoMaterialsManagerTest.setUp(CachingCryptoMaterialsManagerTest.java:47)
Caused by: java.lang.IllegalArgumentException: Unknown Java version: 11

whenCacheEntryIsExhausted_byMessageLimit_performsCacheMiss(com.amazonaws.encryptionsdk.caching.CachingCryptoMaterialsManagerTest)  Time elapsed: 0.007 s  <<< ERROR!
org.mockito.exceptions.base.MockitoException: 

Mockito cannot mock this class: interface com.amazonaws.encryptionsdk.caching.CryptoMaterialsCache.

Mockito can only mock non-private & non-final classes.
If you're not sure why you're getting this error, please report to the mailing list.


Java               : 11
JVM vendor name    : Oracle Corporation
JVM vendor version : 11.0.8+10-LTS
JVM name           : Java HotSpot(TM) 64-Bit Server VM
JVM version        : 11.0.8+10-LTS
JVM info           : mixed mode
OS name            : Linux
OS version         : 4.15.0-106-generic


Underlying exception : java.lang.UnsupportedOperationException: Cannot define class using reflection
	at com.amazonaws.encryptionsdk.caching.CachingCryptoMaterialsManagerTest.setUp(CachingCryptoMaterialsManagerTest.java:47)
Caused by: java.lang.UnsupportedOperationException: Cannot define class using reflection
	at com.amazonaws.encryptionsdk.caching.CachingCryptoMaterialsManagerTest.setUp(CachingCryptoMaterialsManagerTest.java:47)
Caused by: java.lang.IllegalArgumentException: Unknown Java version: 11

whenStreaming_cacheMiss_withNoSizeHint_doesNotCache(com.amazonaws.encryptionsdk.caching.CachingCryptoMaterialsManagerTest)  Time elapsed: 0.004 s  <<< ERROR!
org.mockito.exceptions.base.MockitoException: 

Mockito cannot mock this class: interface com.amazonaws.encryptionsdk.caching.CryptoMaterialsCache.

Mockito can only mock non-private & non-final classes.
If you're not sure why you're getting this error, please report to the mailing list.


Java               : 11
JVM vendor name    : Oracle Corporation
JVM vendor version : 11.0.8+10-LTS
JVM name           : Java HotSpot(TM) 64-Bit Server VM
JVM version        : 11.0.8+10-LTS
JVM info           : mixed mode
OS name            : Linux
OS version         : 4.15.0-106-generic


Underlying exception : java.lang.UnsupportedOperationException: Cannot define class using reflection
	at com.amazonaws.encryptionsdk.caching.CachingCryptoMaterialsManagerTest.setUp(CachingCryptoMaterialsManagerTest.java:47)
Caused by: java.lang.UnsupportedOperationException: Cannot define class using reflection
	at com.amazonaws.encryptionsdk.caching.CachingCryptoMaterialsManagerTest.setUp(CachingCryptoMaterialsManagerTest.java:47)
Caused by: java.lang.IllegalArgumentException: Unknown Java version: 11

whenBuilderReused_uniquePartitionSet(com.amazonaws.encryptionsdk.caching.CachingCryptoMaterialsManagerTest)  Time elapsed: 0.005 s  <<< ERROR!
org.mockito.exceptions.base.MockitoException: 

Mockito cannot mock this class: interface com.amazonaws.encryptionsdk.caching.CryptoMaterialsCache.

Mockito can only mock non-private & non-final classes.
If you're not sure why you're getting this error, please report to the mailing list.


Java               : 11
JVM vendor name    : Oracle Corporation
JVM vendor version : 11.0.8+10-LTS
JVM name           : Java HotSpot(TM) 64-Bit Server VM
JVM version        : 11.0.8+10-LTS
JVM info           : mixed mode
OS name            : Linux
OS version         : 4.15.0-106-generic


Underlying exception : java.lang.UnsupportedOperationException: Cannot define class using reflection
	at com.amazonaws.encryptionsdk.caching.CachingCryptoMaterialsManagerTest.setUp(CachingCryptoMaterialsManagerTest.java:47)
Caused by: java.lang.UnsupportedOperationException: Cannot define class using reflection
	at com.amazonaws.encryptionsdk.caching.CachingCryptoMaterialsManagerTest.setUp(CachingCryptoMaterialsManagerTest.java:47)
Caused by: java.lang.IllegalArgumentException: Unknown Java version: 11

whenDecryptCacheMisses_correctHintPassed(com.amazonaws.encryptionsdk.caching.CachingCryptoMaterialsManagerTest)  Time elapsed: 0.004 s  <<< ERROR!
org.mockito.exceptions.base.MockitoException: 

Mockito cannot mock this class: interface com.amazonaws.encryptionsdk.caching.CryptoMaterialsCache.

Mockito can only mock non-private & non-final classes.
If you're not sure why you're getting this error, please report to the mailing list.


Java               : 11
JVM vendor name    : Oracle Corporation
JVM vendor version : 11.0.8+10-LTS
JVM name           : Java HotSpot(TM) 64-Bit Server VM
JVM version        : 11.0.8+10-LTS
JVM info           : mixed mode
OS name            : Linux
OS version         : 4.15.0-106-generic


Underlying exception : java.lang.UnsupportedOperationException: Cannot define class using reflection
	at com.amazonaws.encryptionsdk.caching.CachingCryptoMaterialsManagerTest.setUp(CachingCryptoMaterialsManagerTest.java:47)
Caused by: java.lang.UnsupportedOperationException: Cannot define class using reflection
	at com.amazonaws.encryptionsdk.caching.CachingCryptoMaterialsManagerTest.setUp(CachingCryptoMaterialsManagerTest.java:47)
Caused by: java.lang.IllegalArgumentException: Unknown Java version: 11

whenInitialUsageExceedsLimit_cacheIsBypassed(com.amazonaws.encryptionsdk.caching.CachingCryptoMaterialsManagerTest)  Time elapsed: 0.005 s  <<< ERROR!
org.mockito.exceptions.base.MockitoException: 

Mockito cannot mock this class: interface com.amazonaws.encryptionsdk.caching.CryptoMaterialsCache.

Mockito can only mock non-private & non-final classes.
If you're not sure why you're getting this error, please report to the mailing list.


Java               : 11
JVM vendor name    : Oracle Corporation
JVM vendor version : 11.0.8+10-LTS
JVM name           : Java HotSpot(TM) 64-Bit Server VM
JVM version        : 11.0.8+10-LTS
JVM info           : mixed mode
OS name            : Linux
OS version         : 4.15.0-106-generic


Underlying exception : java.lang.UnsupportedOperationException: Cannot define class using reflection
	at com.amazonaws.encryptionsdk.caching.CachingCryptoMaterialsManagerTest.setUp(CachingCryptoMaterialsManagerTest.java:47)
Caused by: java.lang.UnsupportedOperationException: Cannot define class using reflection
	at com.amazonaws.encryptionsdk.caching.CachingCryptoMaterialsManagerTest.setUp(CachingCryptoMaterialsManagerTest.java:47)
Caused by: java.lang.IllegalArgumentException: Unknown Java version: 11

whenDecrypting_andEntryExpired_cacheMiss(com.amazonaws.encryptionsdk.caching.CachingCryptoMaterialsManagerTest)  Time elapsed: 0.004 s  <<< ERROR!
org.mockito.exceptions.base.MockitoException: 

Mockito cannot mock this class: interface com.amazonaws.encryptionsdk.caching.CryptoMaterialsCache.

Mockito can only mock non-private & non-final classes.
If you're not sure why you're getting this error, please report to the mailing list.


Java               : 11
JVM vendor name    : Oracle Corporation
JVM vendor version : 11.0.8+10-LTS
JVM name           : Java HotSpot(TM) 64-Bit Server VM
JVM version        : 11.0.8+10-LTS
JVM info           : mixed mode
OS name            : Linux
OS version         : 4.15.0-106-generic


Underlying exception : java.lang.UnsupportedOperationException: Cannot define class using reflection
	at com.amazonaws.encryptionsdk.caching.CachingCryptoMaterialsManagerTest.setUp(CachingCryptoMaterialsManagerTest.java:47)
Caused by: java.lang.UnsupportedOperationException: Cannot define class using reflection
	at com.amazonaws.encryptionsdk.caching.CachingCryptoMaterialsManagerTest.setUp(CachingCryptoMaterialsManagerTest.java:47)
Caused by: java.lang.IllegalArgumentException: Unknown Java version: 11

whenEncryptCacheEntryIsExpired_performsCacheMiss(com.amazonaws.encryptionsdk.caching.CachingCryptoMaterialsManagerTest)  Time elapsed: 0.004 s  <<< ERROR!
org.mockito.exceptions.base.MockitoException: 

Mockito cannot mock this class: interface com.amazonaws.encryptionsdk.caching.CryptoMaterialsCache.

Mockito can only mock non-private & non-final classes.
If you're not sure why you're getting this error, please report to the mailing list.


Java               : 11
JVM vendor name    : Oracle Corporation
JVM vendor version : 11.0.8+10-LTS
JVM name           : Java HotSpot(TM) 64-Bit Server VM
JVM version        : 11.0.8+10-LTS
JVM info           : mixed mode
OS name            : Linux
OS version         : 4.15.0-106-generic


Underlying exception : java.lang.UnsupportedOperationException: Cannot define class using reflection
	at com.amazonaws.encryptionsdk.caching.CachingCryptoMaterialsManagerTest.setUp(CachingCryptoMaterialsManagerTest.java:47)
Caused by: java.lang.UnsupportedOperationException: Cannot define class using reflection
	at com.amazonaws.encryptionsdk.caching.CachingCryptoMaterialsManagerTest.setUp(CachingCryptoMaterialsManagerTest.java:47)
Caused by: java.lang.IllegalArgumentException: Unknown Java version: 11

whenAlgorithmIsUncachable_resultNotStoredInCache(com.amazonaws.encryptionsdk.caching.CachingCryptoMaterialsManagerTest)  Time elapsed: 0.004 s  <<< ERROR!
org.mockito.exceptions.base.MockitoException: 

Mockito cannot mock this class: interface com.amazonaws.encryptionsdk.caching.CryptoMaterialsCache.

Mockito can only mock non-private & non-final classes.
If you're not sure why you're getting this error, please report to the mailing list.


Java               : 11
JVM vendor name    : Oracle Corporation
JVM vendor version : 11.0.8+10-LTS
JVM name           : Java HotSpot(TM) 64-Bit Server VM
JVM version        : 11.0.8+10-LTS
JVM info           : mixed mode
OS name            : Linux
OS version         : 4.15.0-106-generic


Underlying exception : java.lang.UnsupportedOperationException: Cannot define class using reflection
	at com.amazonaws.encryptionsdk.caching.CachingCryptoMaterialsManagerTest.setUp(CachingCryptoMaterialsManagerTest.java:47)
Caused by: java.lang.UnsupportedOperationException: Cannot define class using reflection
	at com.amazonaws.encryptionsdk.caching.CachingCryptoMaterialsManagerTest.setUp(CachingCryptoMaterialsManagerTest.java:47)
Caused by: java.lang.IllegalArgumentException: Unknown Java version: 11

whenCacheEntryIsExhausted_byByteLimit_performsCacheMiss(com.amazonaws.encryptionsdk.caching.CachingCryptoMaterialsManagerTest)  Time elapsed: 0.004 s  <<< ERROR!
org.mockito.exceptions.base.MockitoException: 

Mockito cannot mock this class: interface com.amazonaws.encryptionsdk.caching.CryptoMaterialsCache.

Mockito can only mock non-private & non-final classes.
If you're not sure why you're getting this error, please report to the mailing list.


Java               : 11
JVM vendor name    : Oracle Corporation
JVM vendor version : 11.0.8+10-LTS
JVM name           : Java HotSpot(TM) 64-Bit Server VM
JVM version        : 11.0.8+10-LTS
JVM info           : mixed mode
OS name            : Linux
OS version         : 4.15.0-106-generic


Underlying exception : java.lang.UnsupportedOperationException: Cannot define class using reflection
	at com.amazonaws.encryptionsdk.caching.CachingCryptoMaterialsManagerTest.setUp(CachingCryptoMaterialsManagerTest.java:47)
Caused by: java.lang.UnsupportedOperationException: Cannot define class using reflection
	at com.amazonaws.encryptionsdk.caching.CachingCryptoMaterialsManagerTest.setUp(CachingCryptoMaterialsManagerTest.java:47)
Caused by: java.lang.IllegalArgumentException: Unknown Java version: 11

whenDecrypting_cacheHit(com.amazonaws.encryptionsdk.caching.CachingCryptoMaterialsManagerTest)  Time elapsed: 0.005 s  <<< ERROR!
org.mockito.exceptions.base.MockitoException: 

Mockito cannot mock this class: interface com.amazonaws.encryptionsdk.caching.CryptoMaterialsCache.

Mockito can only mock non-private & non-final classes.
If you're not sure why you're getting this error, please report to the mailing list.


Java               : 11
JVM vendor name    : Oracle Corporation
JVM vendor version : 11.0.8+10-LTS
JVM name           : Java HotSpot(TM) 64-Bit Server VM
JVM version        : 11.0.8+10-LTS
JVM info           : mixed mode
OS name            : Linux
OS version         : 4.15.0-106-generic


Underlying exception : java.lang.UnsupportedOperationException: Cannot define class using reflection
	at com.amazonaws.encryptionsdk.caching.CachingCryptoMaterialsManagerTest.setUp(CachingCryptoMaterialsManagerTest.java:47)
Caused by: java.lang.UnsupportedOperationException: Cannot define class using reflection
	at com.amazonaws.encryptionsdk.caching.CachingCryptoMaterialsManagerTest.setUp(CachingCryptoMaterialsManagerTest.java:47)
Caused by: java.lang.IllegalArgumentException: Unknown Java version: 11

whenMKPPassed_itIsUsed(com.amazonaws.encryptionsdk.caching.CachingCryptoMaterialsManagerTest)  Time elapsed: 0.005 s  <<< ERROR!
org.mockito.exceptions.base.MockitoException: 

Mockito cannot mock this class: interface com.amazonaws.encryptionsdk.caching.CryptoMaterialsCache.

Mockito can only mock non-private & non-final classes.
If you're not sure why you're getting this error, please report to the mailing list.


Java               : 11
JVM vendor name    : Oracle Corporation
JVM vendor version : 11.0.8+10-LTS
JVM name           : Java HotSpot(TM) 64-Bit Server VM
JVM version        : 11.0.8+10-LTS
JVM info           : mixed mode
OS name            : Linux
OS version         : 4.15.0-106-generic


Underlying exception : java.lang.UnsupportedOperationException: Cannot define class using reflection
	at com.amazonaws.encryptionsdk.caching.CachingCryptoMaterialsManagerTest.setUp(CachingCryptoMaterialsManagerTest.java:47)
Caused by: java.lang.UnsupportedOperationException: Cannot define class using reflection
	at com.amazonaws.encryptionsdk.caching.CachingCryptoMaterialsManagerTest.setUp(CachingCryptoMaterialsManagerTest.java:47)
Caused by: java.lang.IllegalArgumentException: Unknown Java version: 11

whenCacheHasEntry_performsCacheHit(com.amazonaws.encryptionsdk.caching.CachingCryptoMaterialsManagerTest)  Time elapsed: 0.005 s  <<< ERROR!
org.mockito.exceptions.base.MockitoException: 

Mockito cannot mock this class: interface com.amazonaws.encryptionsdk.caching.CryptoMaterialsCache.

Mockito can only mock non-private & non-final classes.
If you're not sure why you're getting this error, please report to the mailing list.


Java               : 11
JVM vendor name    : Oracle Corporation
JVM vendor version : 11.0.8+10-LTS
JVM name           : Java HotSpot(TM) 64-Bit Server VM
JVM version        : 11.0.8+10-LTS
JVM info           : mixed mode
OS name            : Linux
OS version         : 4.15.0-106-generic


Underlying exception : java.lang.UnsupportedOperationException: Cannot define class using reflection
	at com.amazonaws.encryptionsdk.caching.CachingCryptoMaterialsManagerTest.setUp(CachingCryptoMaterialsManagerTest.java:47)
Caused by: java.lang.UnsupportedOperationException: Cannot define class using reflection
	at com.amazonaws.encryptionsdk.caching.CachingCryptoMaterialsManagerTest.setUp(CachingCryptoMaterialsManagerTest.java:47)
Caused by: java.lang.IllegalArgumentException: Unknown Java version: 11

whenDecrypting_cacheMiss(com.amazonaws.encryptionsdk.caching.CachingCryptoMaterialsManagerTest)  Time elapsed: 0.005 s  <<< ERROR!
org.mockito.exceptions.base.MockitoException: 

Mockito cannot mock this class: interface com.amazonaws.encryptionsdk.caching.CryptoMaterialsCache.

Mockito can only mock non-private & non-final classes.
If you're not sure why you're getting this error, please report to the mailing list.


Java               : 11
JVM vendor name    : Oracle Corporation
JVM vendor version : 11.0.8+10-LTS
JVM name           : Java HotSpot(TM) 64-Bit Server VM
JVM version        : 11.0.8+10-LTS
JVM info           : mixed mode
OS name            : Linux
OS version         : 4.15.0-106-generic


Underlying exception : java.lang.UnsupportedOperationException: Cannot define class using reflection
	at com.amazonaws.encryptionsdk.caching.CachingCryptoMaterialsManagerTest.setUp(CachingCryptoMaterialsManagerTest.java:47)
Caused by: java.lang.UnsupportedOperationException: Cannot define class using reflection
	at com.amazonaws.encryptionsdk.caching.CachingCryptoMaterialsManagerTest.setUp(CachingCryptoMaterialsManagerTest.java:47)
Caused by: java.lang.IllegalArgumentException: Unknown Java version: 11

testLegacyGrantTokenPassthrough(com.amazonaws.encryptionsdk.kms.KMSProviderBuilderMockTests)  Time elapsed: 0.297 s  <<< ERROR!
org.mockito.exceptions.base.MockitoException: 

Mockito cannot mock this class: class com.amazonaws.encryptionsdk.kms.MockKMSClient.

Mockito can only mock non-private & non-final classes.
If you're not sure why you're getting this error, please report to the mailing list.


Java               : 11
JVM vendor name    : Oracle Corporation
JVM vendor version : 11.0.8+10-LTS
JVM name           : Java HotSpot(TM) 64-Bit Server VM
JVM version        : 11.0.8+10-LTS
JVM info           : mixed mode
OS name            : Linux
OS version         : 4.15.0-106-generic


Underlying exception : java.lang.UnsupportedOperationException: Cannot define class using reflection
	at com.amazonaws.encryptionsdk.kms.KMSProviderBuilderMockTests.testLegacyGrantTokenPassthrough(KMSProviderBuilderMockTests.java:184)
Caused by: java.lang.UnsupportedOperationException: Cannot define class using reflection
	at com.amazonaws.encryptionsdk.kms.KMSProviderBuilderMockTests.testLegacyGrantTokenPassthrough(KMSProviderBuilderMockTests.java:184)
Caused by: java.lang.IllegalArgumentException: Unknown Java version: 11

testGrantTokenPassthrough_usingMKsetCall(com.amazonaws.encryptionsdk.kms.KMSProviderBuilderMockTests)  Time elapsed: 0.047 s  <<< ERROR!
org.mockito.exceptions.base.MockitoException: 

Mockito cannot mock this class: class com.amazonaws.encryptionsdk.kms.MockKMSClient.

Mockito can only mock non-private & non-final classes.
If you're not sure why you're getting this error, please report to the mailing list.


Java               : 11
JVM vendor name    : Oracle Corporation
JVM vendor version : 11.0.8+10-LTS
JVM name           : Java HotSpot(TM) 64-Bit Server VM
JVM version        : 11.0.8+10-LTS
JVM info           : mixed mode
OS name            : Linux
OS version         : 4.15.0-106-generic


Underlying exception : java.lang.UnsupportedOperationException: Cannot define class using reflection
	at com.amazonaws.encryptionsdk.kms.KMSProviderBuilderMockTests.testGrantTokenPassthrough_usingMKsetCall(KMSProviderBuilderMockTests.java:85)
Caused by: java.lang.UnsupportedOperationException: Cannot define class using reflection
	at com.amazonaws.encryptionsdk.kms.KMSProviderBuilderMockTests.testGrantTokenPassthrough_usingMKsetCall(KMSProviderBuilderMockTests.java:85)
Caused by: java.lang.IllegalArgumentException: Unknown Java version: 11

testBareAliasMapping_withLegacyCtor(com.amazonaws.encryptionsdk.kms.KMSProviderBuilderMockTests)  Time elapsed: 0.044 s  <<< ERROR!
org.mockito.exceptions.base.MockitoException: 

Mockito cannot mock this class: class com.amazonaws.encryptionsdk.kms.MockKMSClient.

Mockito can only mock non-private & non-final classes.
If you're not sure why you're getting this error, please report to the mailing list.


Java               : 11
JVM vendor name    : Oracle Corporation
JVM vendor version : 11.0.8+10-LTS
JVM name           : Java HotSpot(TM) 64-Bit Server VM
JVM version        : 11.0.8+10-LTS
JVM info           : mixed mode
OS name            : Linux
OS version         : 4.15.0-106-generic


Underlying exception : java.lang.UnsupportedOperationException: Cannot define class using reflection
	at com.amazonaws.encryptionsdk.kms.KMSProviderBuilderMockTests.testBareAliasMapping_withLegacyCtor(KMSProviderBuilderMockTests.java:65)
Caused by: java.lang.UnsupportedOperationException: Cannot define class using reflection
	at com.amazonaws.encryptionsdk.kms.KMSProviderBuilderMockTests.testBareAliasMapping_withLegacyCtor(KMSProviderBuilderMockTests.java:65)
Caused by: java.lang.IllegalArgumentException: Unknown Java version: 11

testUserAgentPassthrough(com.amazonaws.encryptionsdk.kms.KMSProviderBuilderMockTests)  Time elapsed: 0.042 s  <<< ERROR!
org.mockito.exceptions.base.MockitoException: 

Mockito cannot mock this class: class com.amazonaws.encryptionsdk.kms.MockKMSClient.

Mockito can only mock non-private & non-final classes.
If you're not sure why you're getting this error, please report to the mailing list.


Java               : 11
JVM vendor name    : Oracle Corporation
JVM vendor version : 11.0.8+10-LTS
JVM name           : Java HotSpot(TM) 64-Bit Server VM
JVM version        : 11.0.8+10-LTS
JVM info           : mixed mode
OS name            : Linux
OS version         : 4.15.0-106-generic


Underlying exception : java.lang.UnsupportedOperationException: Cannot define class using reflection
	at com.amazonaws.encryptionsdk.kms.KMSProviderBuilderMockTests.testUserAgentPassthrough(KMSProviderBuilderMockTests.java:210)
Caused by: java.lang.UnsupportedOperationException: Cannot define class using reflection
	at com.amazonaws.encryptionsdk.kms.KMSProviderBuilderMockTests.testUserAgentPassthrough(KMSProviderBuilderMockTests.java:210)
Caused by: java.lang.IllegalArgumentException: Unknown Java version: 11

testBareAliasMapping(com.amazonaws.encryptionsdk.kms.KMSProviderBuilderMockTests)  Time elapsed: 0.042 s  <<< ERROR!
org.mockito.exceptions.base.MockitoException: 

Mockito cannot mock this class: class com.amazonaws.encryptionsdk.kms.MockKMSClient.

Mockito can only mock non-private & non-final classes.
If you're not sure why you're getting this error, please report to the mailing list.


Java               : 11
JVM vendor name    : Oracle Corporation
JVM vendor version : 11.0.8+10-LTS
JVM name           : Java HotSpot(TM) 64-Bit Server VM
JVM version        : 11.0.8+10-LTS
JVM info           : mixed mode
OS name            : Linux
OS version         : 4.15.0-106-generic


Underlying exception : java.lang.UnsupportedOperationException: Cannot define class using reflection
	at com.amazonaws.encryptionsdk.kms.KMSProviderBuilderMockTests.testBareAliasMapping(KMSProviderBuilderMockTests.java:43)
Caused by: java.lang.UnsupportedOperationException: Cannot define class using reflection
	at com.amazonaws.encryptionsdk.kms.KMSProviderBuilderMockTests.testBareAliasMapping(KMSProviderBuilderMockTests.java:43)
Caused by: java.lang.IllegalArgumentException: Unknown Java version: 11

testGrantTokenPassthrough_usingMKPWithers(com.amazonaws.encryptionsdk.kms.KMSProviderBuilderMockTests)  Time elapsed: 0.042 s  <<< ERROR!
org.mockito.exceptions.base.MockitoException: 

Mockito cannot mock this class: class com.amazonaws.encryptionsdk.kms.MockKMSClient.

Mockito can only mock non-private & non-final classes.
If you're not sure why you're getting this error, please report to the mailing list.


Java               : 11
JVM vendor name    : Oracle Corporation
JVM vendor version : 11.0.8+10-LTS
JVM name           : Java HotSpot(TM) 64-Bit Server VM
JVM version        : 11.0.8+10-LTS
JVM info           : mixed mode
OS name            : Linux
OS version         : 4.15.0-106-generic


Underlying exception : java.lang.UnsupportedOperationException: Cannot define class using reflection
	at com.amazonaws.encryptionsdk.kms.KMSProviderBuilderMockTests.testGrantTokenPassthrough_usingMKPWithers(KMSProviderBuilderMockTests.java:136)
Caused by: java.lang.UnsupportedOperationException: Cannot define class using reflection
	at com.amazonaws.encryptionsdk.kms.KMSProviderBuilderMockTests.testGrantTokenPassthrough_usingMKPWithers(KMSProviderBuilderMockTests.java:136)
Caused by: java.lang.IllegalArgumentException: Unknown Java version: 11

