-------------------------------------------------------------------------------
Test set: io.lettuce.core.dynamic.output.OutputRegistryCommandOutputFactoryResolverUnitTests
-------------------------------------------------------------------------------
Tests run: 14, Failures: 0, Errors: 1, Skipped: 0, Time elapsed: 0.008 s <<< FAILURE! - in io.lettuce.core.dynamic.output.OutputRegistryCommandOutputFactoryResolverUnitTests
shouldResolveStreamingStringListOutput  Time elapsed: 0 s  <<< ERROR!
java.lang.NullPointerException
	at io.lettuce.core.dynamic.output.OutputRegistryCommandOutputFactoryResolverUnitTests.getStreamingCommandOutput(OutputRegistryCommandOutputFactoryResolverUnitTests.java:168)
	at io.lettuce.core.dynamic.output.OutputRegistryCommandOutputFactoryResolverUnitTests.shouldResolveStreamingStringListOutput(OutputRegistryCommandOutputFactoryResolverUnitTests.java:54)

