-------------------------------------------------------------------------------
Test set: io.lettuce.core.dynamic.RedisCommandsReactiveIntegrationTests
-------------------------------------------------------------------------------
Tests run: 6, Failures: 0, Errors: 6, Skipped: 0, Time elapsed: 0.74 s <<< FAILURE! - in io.lettuce.core.dynamic.RedisCommandsReactiveIntegrationTests
shouldHandlePresentValueRxJava  Time elapsed: 0.035 s  <<< ERROR!
org.junit.jupiter.api.extension.ParameterResolutionException: Failed to resolve parameter [io.lettuce.core.api.StatefulRedisConnection<java.lang.String, java.lang.String> arg0] in constructor [io.lettuce.core.dynamic.RedisCommandsReactiveIntegrationTests(io.lettuce.core.api.StatefulRedisConnection<java.lang.String, java.lang.String>)]
Caused by: io.lettuce.core.RedisConnectionException: Unable to connect to localhost:6479
Caused by: io.netty.channel.AbstractChannel$AnnotatedConnectException: syscall:getsockopt(..) failed: Connection refused: localhost/127.0.0.1:6479
Caused by: io.netty.channel.unix.Errors$NativeConnectException: syscall:getsockopt(..) failed: Connection refused

shouldHandleAbsentValueRxJava  Time elapsed: 0.001 s  <<< ERROR!
org.junit.jupiter.api.extension.ParameterResolutionException: Failed to resolve parameter [io.lettuce.core.api.StatefulRedisConnection<java.lang.String, java.lang.String> arg0] in constructor [io.lettuce.core.dynamic.RedisCommandsReactiveIntegrationTests(io.lettuce.core.api.StatefulRedisConnection<java.lang.String, java.lang.String>)]
Caused by: io.lettuce.core.RedisConnectionException: Unable to connect to localhost:6479
Caused by: io.netty.channel.AbstractChannel$AnnotatedConnectException: syscall:getsockopt(..) failed: Connection refused: localhost/127.0.0.1:6479
Caused by: io.netty.channel.unix.Errors$NativeConnectException: syscall:getsockopt(..) failed: Connection refused

reactive  Time elapsed: 0.001 s  <<< ERROR!
org.junit.jupiter.api.extension.ParameterResolutionException: Failed to resolve parameter [io.lettuce.core.api.StatefulRedisConnection<java.lang.String, java.lang.String> arg0] in constructor [io.lettuce.core.dynamic.RedisCommandsReactiveIntegrationTests(io.lettuce.core.api.StatefulRedisConnection<java.lang.String, java.lang.String>)]
Caused by: io.lettuce.core.RedisConnectionException: Unable to connect to localhost:6479
Caused by: io.netty.channel.AbstractChannel$AnnotatedConnectException: syscall:getsockopt(..) failed: Connection refused: localhost/127.0.0.1:6479
Caused by: io.netty.channel.unix.Errors$NativeConnectException: syscall:getsockopt(..) failed: Connection refused

shouldHandleAbsentValue  Time elapsed: 0.002 s  <<< ERROR!
org.junit.jupiter.api.extension.ParameterResolutionException: Failed to resolve parameter [io.lettuce.core.api.StatefulRedisConnection<java.lang.String, java.lang.String> arg0] in constructor [io.lettuce.core.dynamic.RedisCommandsReactiveIntegrationTests(io.lettuce.core.api.StatefulRedisConnection<java.lang.String, java.lang.String>)]
Caused by: io.lettuce.core.RedisConnectionException: Unable to connect to localhost:6479
Caused by: io.netty.channel.AbstractChannel$AnnotatedConnectException: syscall:getsockopt(..) failed: Connection refused: localhost/127.0.0.1:6479
Caused by: io.netty.channel.unix.Errors$NativeConnectException: syscall:getsockopt(..) failed: Connection refused

shouldHandlePresentValue  Time elapsed: 0.001 s  <<< ERROR!
org.junit.jupiter.api.extension.ParameterResolutionException: Failed to resolve parameter [io.lettuce.core.api.StatefulRedisConnection<java.lang.String, java.lang.String> arg0] in constructor [io.lettuce.core.dynamic.RedisCommandsReactiveIntegrationTests(io.lettuce.core.api.StatefulRedisConnection<java.lang.String, java.lang.String>)]
Caused by: io.lettuce.core.RedisConnectionException: Unable to connect to localhost:6479
Caused by: io.netty.channel.AbstractChannel$AnnotatedConnectException: syscall:getsockopt(..) failed: Connection refused: localhost/127.0.0.1:6479
Caused by: io.netty.channel.unix.Errors$NativeConnectException: syscall:getsockopt(..) failed: Connection refused

io.lettuce.core.dynamic.RedisCommandsReactiveIntegrationTests  Time elapsed: 0.042 s  <<< ERROR!
io.lettuce.core.RedisConnectionException: Unable to connect to localhost:6479
Caused by: io.netty.channel.AbstractChannel$AnnotatedConnectException: syscall:getsockopt(..) failed: Connection refused: localhost/127.0.0.1:6479
Caused by: io.netty.channel.unix.Errors$NativeConnectException: syscall:getsockopt(..) failed: Connection refused

