-------------------------------------------------------------------------------
Test set: io.lettuce.core.dynamic.ReactiveCommandSegmentCommandFactoryUnitTests
-------------------------------------------------------------------------------
Tests run: 3, Failures: 1, Errors: 0, Skipped: 0, Time elapsed: 0.022 s <<< FAILURE! - in io.lettuce.core.dynamic.ReactiveCommandSegmentCommandFactoryUnitTests
shouldResolveNonStreamingOutput  Time elapsed: 0.005 s  <<< FAILURE!
java.lang.AssertionError: 

Expecting:
 <KeyListOutput [output=[], error='null']>
not to be an instance of:<io.lettuce.core.output.StreamingOutput>
	at io.lettuce.core.dynamic.ReactiveCommandSegmentCommandFactoryUnitTests.shouldResolveNonStreamingOutput(ReactiveCommandSegmentCommandFactoryUnitTests.java:66)

