-------------------------------------------------------------------------------
Test set: spoon.test.ctElement.MetadataTest
-------------------------------------------------------------------------------
Tests run: 1, Failures: 0, Errors: 1, Skipped: 0, Time elapsed: 0.96 sec <<< FAILURE! - in spoon.test.ctElement.MetadataTest
testMetadata(spoon.test.ctElement.MetadataTest)  Time elapsed: 0.929 sec  <<< ERROR!
java.lang.NullPointerException
	at spoon.test.ctElement.MetadataTest.testMetadata(MetadataTest.java:26)

