<?xml version="1.0" encoding="UTF-8" ?>
<testsuite tests="1" failures="0" name="hu.oe.nik.szfmv.visualization.DashboardTest" time="0.01" errors="1" skipped="0">
  <properties>
[...]
</properties>
  <testcase classname="hu.oe.nik.szfmv.visualization.DashboardTest" name="allRequiredValuesReceivedOnUpdate" time="0.01">
    <error type="java.lang.NullPointerException">java.lang.NullPointerException
	at javax.swing.JComponent.paintComponent(JComponent.java:783)
	at hu.oe.nik.szfmv.visualization.Dashboard.paintComponent(Dashboard.java:139)
	at hu.oe.nik.szfmv.visualization.Dashboard.updateDisplayedValues(Dashboard.java:80)
	at hu.oe.nik.szfmv.visualization.DashboardTest.allRequiredValuesReceivedOnUpdate(DashboardTest.java:28)
	at sun.reflect.NativeMethodAccessorImpl.invoke0(Native Method)
	at sun.reflect.NativeMethodAccessorImpl.invoke(NativeMethodAccessorImpl.java:62)
	at sun.reflect.DelegatingMethodAccessorImpl.invoke(DelegatingMethodAccessorImpl.java:43)
	at java.lang.reflect.Method.invoke(Method.java:498)
	at org.junit.runners.model.FrameworkMethod$1.runReflectiveCall(FrameworkMethod.java:47)
	at org.junit.internal.runners.model.ReflectiveCallable.run(ReflectiveCallable.java:12)
	at org.junit.runners.model.FrameworkMethod.invokeExplosively(FrameworkMethod.java:44)
	at org.junit.internal.runners.statements.InvokeMethod.evaluate(InvokeMethod.java:17)
	at org.junit.internal.runners.statements.RunBefores.evaluate(RunBefores.java:26)
	at org.junit.runners.ParentRunner.runLeaf(ParentRunner.java:271)
	at org.junit.runners.BlockJUnit4ClassRunner.runChild(BlockJUnit4ClassRunner.java:70)
	at org.junit.runners.BlockJUnit4ClassRunner.runChild(BlockJUnit4ClassRunner.java:50)
	at org.junit.runners.ParentRunner$3.run(ParentRunner.java:238)
	at org.junit.runners.ParentRunner$1.schedule(ParentRunner.java:63)
	at org.junit.runners.ParentRunner.runChildren(ParentRunner.java:236)
	at org.junit.runners.ParentRunner.access$000(ParentRunner.java:53)
	at org.junit.runners.ParentRunner$2.evaluate(ParentRunner.java:229)
	at org.junit.runners.ParentRunner.run(ParentRunner.java:309)
	at org.apache.maven.surefire.junit4.JUnit4Provider.execute(JUnit4Provider.java:242)
	at org.apache.maven.surefire.junit4.JUnit4Provider.executeTestSet(JUnit4Provider.java:137)
	at org.apache.maven.surefire.junit4.JUnit4Provider.invoke(JUnit4Provider.java:112)
	at sun.reflect.NativeMethodAccessorImpl.invoke0(Native Method)
	at sun.reflect.NativeMethodAccessorImpl.invoke(NativeMethodAccessorImpl.java:62)
	at sun.reflect.DelegatingMethodAccessorImpl.invoke(DelegatingMethodAccessorImpl.java:43)
	at java.lang.reflect.Method.invoke(Method.java:498)
	at org.apache.maven.surefire.util.ReflectionUtils.invokeMethodWithArray(ReflectionUtils.java:189)
	at org.apache.maven.surefire.booter.ProviderFactory$ProviderProxy.invoke(ProviderFactory.java:165)
	at org.apache.maven.surefire.booter.ProviderFactory.invokeProvider(ProviderFactory.java:85)
	at org.apache.maven.surefire.booter.ForkedBooter.runSuitesInProcess(ForkedBooter.java:115)
	at org.apache.maven.surefire.booter.ForkedBooter.main(ForkedBooter.java:75)
</error>
    <system-out>[CALLSITE] Filepath: src/main/java/hu/oe/nik/szfmv/visualization/Dashboard.java, Line: 47, Element: initializeDashboard
[ENTRY] Filepath: src/main/java/hu/oe/nik/szfmv/visualization/Dashboard.java, Line: 65, Element: initializeDashboard
[CALLSITE] Filepath: src/main/java/hu/oe/nik/szfmv/visualization/Dashboard.java, Line: 67, Element: setLayout
[CALLSITE] Filepath: src/main/java/hu/oe/nik/szfmv/visualization/Dashboard.java, Line: 68, Element: &lt;init&gt;
[CALLSITE] Filepath: src/main/java/hu/oe/nik/szfmv/visualization/Dashboard.java, Line: 68, Element: setBackground
[CALLSITE] Filepath: src/main/java/hu/oe/nik/szfmv/visualization/Dashboard.java, Line: 69, Element: setBounds
[CALLSITE] Filepath: src/main/java/hu/oe/nik/szfmv/visualization/Dashboard.java, Line: 71, Element: initializeProgressBars
[ENTRY] Filepath: src/main/java/hu/oe/nik/szfmv/visualization/Dashboard.java, Line: 77, Element: initializeProgressBars
[CALLSITE] Filepath: src/main/java/hu/oe/nik/szfmv/visualization/Dashboard.java, Line: 78, Element: &lt;init&gt;
[CALLSITE] Filepath: src/main/java/hu/oe/nik/szfmv/visualization/Dashboard.java, Line: 78, Element: setBackground
[CALLSITE] Filepath: src/main/java/hu/oe/nik/szfmv/visualization/Dashboard.java, Line: 79, Element: setBounds
[CALLSITE] Filepath: src/main/java/hu/oe/nik/szfmv/visualization/Dashboard.java, Line: 85, Element: setText
[CALLSITE] Filepath: src/main/java/hu/oe/nik/szfmv/visualization/Dashboard.java, Line: 86, Element: setText
[CALLSITE] Filepath: src/main/java/hu/oe/nik/szfmv/visualization/Dashboard.java, Line: 87, Element: setStringPainted
[CALLSITE] Filepath: src/main/java/hu/oe/nik/szfmv/visualization/Dashboard.java, Line: 88, Element: setStringPainted
[CALLSITE] Filepath: src/main/java/hu/oe/nik/szfmv/visualization/Dashboard.java, Line: 90, Element: add
[CALLSITE] Filepath: src/main/java/hu/oe/nik/szfmv/visualization/Dashboard.java, Line: 91, Element: add
[CALLSITE] Filepath: src/main/java/hu/oe/nik/szfmv/visualization/Dashboard.java, Line: 92, Element: add
[CALLSITE] Filepath: src/main/java/hu/oe/nik/szfmv/visualization/Dashboard.java, Line: 93, Element: add
[CALLSITE] Filepath: src/main/java/hu/oe/nik/szfmv/visualization/Dashboard.java, Line: 94, Element: add
[ENTRY] Filepath: src/test/java/hu/oe/nik/szfmv/visualization/DashboardTest.java, Line: 21, Element: setUp
[ENTRY] Filepath: src/test/java/hu/oe/nik/szfmv/visualization/DashboardTest.java, Line: 30, Element: allRequiredValuesReceivedOnUpdate
[CALLSITE] Filepath: src/test/java/hu/oe/nik/szfmv/visualization/DashboardTest.java, Line: 31, Element: &lt;init&gt;
[CALLSITE] Filepath: src/test/java/hu/oe/nik/szfmv/visualization/DashboardTest.java, Line: 32, Element: updateDisplayedValues
[ENTRY] Filepath: src/main/java/hu/oe/nik/szfmv/visualization/Dashboard.java, Line: 54, Element: updateDisplayedValues
[CALLSITE] Filepath: src/main/java/hu/oe/nik/szfmv/visualization/Dashboard.java, Line: 55, Element: getGasPedalPosition
[CALLSITE] Filepath: src/main/java/hu/oe/nik/szfmv/visualization/Dashboard.java, Line: 55, Element: setValue
[ENTRY] Filepath: src/test/java/hu/oe/nik/szfmv/visualization/DashboardTest.java, Line: 40, Element: getGasPedalPosition
[CALLSITE] Filepath: src/main/java/hu/oe/nik/szfmv/visualization/Dashboard.java, Line: 56, Element: getBreakPedalPosition
[CALLSITE] Filepath: src/main/java/hu/oe/nik/szfmv/visualization/Dashboard.java, Line: 56, Element: setValue
[ENTRY] Filepath: src/test/java/hu/oe/nik/szfmv/visualization/DashboardTest.java, Line: 46, Element: getBreakPedalPosition
[CALLSITE] Filepath: src/main/java/hu/oe/nik/szfmv/visualization/Dashboard.java, Line: 57, Element: calculateSpeedometer
[ENTRY] Filepath: src/main/java/hu/oe/nik/szfmv/visualization/Dashboard.java, Line: 137, Element: calculateSpeedometer
[CALLSITE] Filepath: src/main/java/hu/oe/nik/szfmv/visualization/Dashboard.java, Line: 58, Element: calculateTachometer
[ENTRY] Filepath: src/main/java/hu/oe/nik/szfmv/visualization/Dashboard.java, Line: 120, Element: calculateTachometer
[CALLSITE] Filepath: src/main/java/hu/oe/nik/szfmv/visualization/Dashboard.java, Line: 59, Element: getGraphics
[CALLSITE] Filepath: src/main/java/hu/oe/nik/szfmv/visualization/Dashboard.java, Line: 59, Element: paintComponent
[ENTRY] Filepath: src/main/java/hu/oe/nik/szfmv/visualization/Dashboard.java, Line: 102, Element: paintComponent
[CALLSITE] Filepath: src/main/java/hu/oe/nik/szfmv/visualization/Dashboard.java, Line: 103, Element: paintComponent
</system-out>
  </testcase>
</testsuite>