<?xml version="1.0" encoding="UTF-8"?>
<testsuite xmlns:xsi="http://www.w3.org/2001/XMLSchema-instance" xsi:schemaLocation="https://maven.apache.org/surefire/maven-surefire-plugin/xsd/surefire-test-report.xsd" name="org.springframework.data.mapping.model.ClassGeneratingPropertyAccessorFactoryTests" time="0.503" tests="432" errors="0" skipped="0" failures="0">
  <properties>
[...]
</properties>
  <testcase name="shouldFailOnNullBean[InnerPrivateType/privateField]" classname="org.springframework.data.mapping.model.ClassGeneratingPropertyAccessorFactoryTests" time="0.004"/>
  <testcase name="accessorShouldDeclareConstructor[InnerPrivateType/privateField]" classname="org.springframework.data.mapping.model.ClassGeneratingPropertyAccessorFactoryTests" time="0.002"/>
  <testcase name="getPropertyShouldFailOnUnhandledProperty[InnerPrivateType/privateField]" classname="org.springframework.data.mapping.model.ClassGeneratingPropertyAccessorFactoryTests" time="0.003"/>
  <testcase name="shouldSetAndGetProperty[InnerPrivateType/privateField]" classname="org.springframework.data.mapping.model.ClassGeneratingPropertyAccessorFactoryTests" time="0.002"/>
  <testcase name="setPropertyShouldFailOnUnhandledProperty[InnerPrivateType/privateField]" classname="org.springframework.data.mapping.model.ClassGeneratingPropertyAccessorFactoryTests" time="0.002"/>
  <testcase name="shouldUseClassPropertyAccessorFactory[InnerPrivateType/privateField]" classname="org.springframework.data.mapping.model.ClassGeneratingPropertyAccessorFactoryTests" time="0"/>
  <testcase name="shouldFailOnNullBean[InnerPrivateType/packageDefaultField]" classname="org.springframework.data.mapping.model.ClassGeneratingPropertyAccessorFactoryTests" time="0.002"/>
  <testcase name="accessorShouldDeclareConstructor[InnerPrivateType/packageDefaultField]" classname="org.springframework.data.mapping.model.ClassGeneratingPropertyAccessorFactoryTests" time="0.002"/>
  <testcase name="getPropertyShouldFailOnUnhandledProperty[InnerPrivateType/packageDefaultField]" classname="org.springframework.data.mapping.model.ClassGeneratingPropertyAccessorFactoryTests" time="0.001"/>
  <testcase name="shouldSetAndGetProperty[InnerPrivateType/packageDefaultField]" classname="org.springframework.data.mapping.model.ClassGeneratingPropertyAccessorFactoryTests" time="0.002"/>
  <testcase name="setPropertyShouldFailOnUnhandledProperty[InnerPrivateType/packageDefaultField]" classname="org.springframework.data.mapping.model.ClassGeneratingPropertyAccessorFactoryTests" time="0.002"/>
  <testcase name="shouldUseClassPropertyAccessorFactory[InnerPrivateType/packageDefaultField]" classname="org.springframework.data.mapping.model.ClassGeneratingPropertyAccessorFactoryTests" time="0.001"/>
  <testcase name="shouldFailOnNullBean[InnerPrivateType/protectedField]" classname="org.springframework.data.mapping.model.ClassGeneratingPropertyAccessorFactoryTests" time="0.002"/>
  <testcase name="accessorShouldDeclareConstructor[InnerPrivateType/protectedField]" classname="org.springframework.data.mapping.model.ClassGeneratingPropertyAccessorFactoryTests" time="0.002"/>
  <testcase name="getPropertyShouldFailOnUnhandledProperty[InnerPrivateType/protectedField]" classname="org.springframework.data.mapping.model.ClassGeneratingPropertyAccessorFactoryTests" time="0.002"/>
  <testcase name="shouldSetAndGetProperty[InnerPrivateType/protectedField]" classname="org.springframework.data.mapping.model.ClassGeneratingPropertyAccessorFactoryTests" time="0.001"/>
  <testcase name="setPropertyShouldFailOnUnhandledProperty[InnerPrivateType/protectedField]" classname="org.springframework.data.mapping.model.ClassGeneratingPropertyAccessorFactoryTests" time="0.002"/>
  <testcase name="shouldUseClassPropertyAccessorFactory[InnerPrivateType/protectedField]" classname="org.springframework.data.mapping.model.ClassGeneratingPropertyAccessorFactoryTests" time="0.001"/>
  <testcase name="shouldFailOnNullBean[InnerPrivateType/publicField]" classname="org.springframework.data.mapping.model.ClassGeneratingPropertyAccessorFactoryTests" time="0.001"/>
  <testcase name="accessorShouldDeclareConstructor[InnerPrivateType/publicField]" classname="org.springframework.data.mapping.model.ClassGeneratingPropertyAccessorFactoryTests" time="0.002"/>
  <testcase name="getPropertyShouldFailOnUnhandledProperty[InnerPrivateType/publicField]" classname="org.springframework.data.mapping.model.ClassGeneratingPropertyAccessorFactoryTests" time="0.001"/>
  <testcase name="shouldSetAndGetProperty[InnerPrivateType/publicField]" classname="org.springframework.data.mapping.model.ClassGeneratingPropertyAccessorFactoryTests" time="0.002"/>
  <testcase name="setPropertyShouldFailOnUnhandledProperty[InnerPrivateType/publicField]" classname="org.springframework.data.mapping.model.ClassGeneratingPropertyAccessorFactoryTests" time="0.001"/>
  <testcase name="shouldUseClassPropertyAccessorFactory[InnerPrivateType/publicField]" classname="org.springframework.data.mapping.model.ClassGeneratingPropertyAccessorFactoryTests" time="0.001"/>
  <testcase name="shouldFailOnNullBean[InnerPrivateType/privateProperty]" classname="org.springframework.data.mapping.model.ClassGeneratingPropertyAccessorFactoryTests" time="0.001"/>
  <testcase name="accessorShouldDeclareConstructor[InnerPrivateType/privateProperty]" classname="org.springframework.data.mapping.model.ClassGeneratingPropertyAccessorFactoryTests" time="0.002"/>
  <testcase name="getPropertyShouldFailOnUnhandledProperty[InnerPrivateType/privateProperty]" classname="org.springframework.data.mapping.model.ClassGeneratingPropertyAccessorFactoryTests" time="0.002"/>
  <testcase name="shouldSetAndGetProperty[InnerPrivateType/privateProperty]" classname="org.springframework.data.mapping.model.ClassGeneratingPropertyAccessorFactoryTests" time="0.001"/>
  <testcase name="setPropertyShouldFailOnUnhandledProperty[InnerPrivateType/privateProperty]" classname="org.springframework.data.mapping.model.ClassGeneratingPropertyAccessorFactoryTests" time="0.002"/>
  <testcase name="shouldUseClassPropertyAccessorFactory[InnerPrivateType/privateProperty]" classname="org.springframework.data.mapping.model.ClassGeneratingPropertyAccessorFactoryTests" time="0"/>
  <testcase name="shouldFailOnNullBean[InnerPrivateType/packageDefaultProperty]" classname="org.springframework.data.mapping.model.ClassGeneratingPropertyAccessorFactoryTests" time="0.001"/>
  <testcase name="accessorShouldDeclareConstructor[InnerPrivateType/packageDefaultProperty]" classname="org.springframework.data.mapping.model.ClassGeneratingPropertyAccessorFactoryTests" time="0.002"/>
  <testcase name="getPropertyShouldFailOnUnhandledProperty[InnerPrivateType/packageDefaultProperty]" classname="org.springframework.data.mapping.model.ClassGeneratingPropertyAccessorFactoryTests" time="0.001"/>
  <testcase name="shouldSetAndGetProperty[InnerPrivateType/packageDefaultProperty]" classname="org.springframework.data.mapping.model.ClassGeneratingPropertyAccessorFactoryTests" time="0.001"/>
  <testcase name="setPropertyShouldFailOnUnhandledProperty[InnerPrivateType/packageDefaultProperty]" classname="org.springframework.data.mapping.model.ClassGeneratingPropertyAccessorFactoryTests" time="0.002"/>
  <testcase name="shouldUseClassPropertyAccessorFactory[InnerPrivateType/packageDefaultProperty]" classname="org.springframework.data.mapping.model.ClassGeneratingPropertyAccessorFactoryTests" time="0"/>
  <testcase name="shouldFailOnNullBean[InnerPrivateType/protectedProperty]" classname="org.springframework.data.mapping.model.ClassGeneratingPropertyAccessorFactoryTests" time="0.001"/>
  <testcase name="accessorShouldDeclareConstructor[InnerPrivateType/protectedProperty]" classname="org.springframework.data.mapping.model.ClassGeneratingPropertyAccessorFactoryTests" time="0.002"/>
  <testcase name="getPropertyShouldFailOnUnhandledProperty[InnerPrivateType/protectedProperty]" classname="org.springframework.data.mapping.model.ClassGeneratingPropertyAccessorFactoryTests" time="0.001"/>
  <testcase name="shouldSetAndGetProperty[InnerPrivateType/protectedProperty]" classname="org.springframework.data.mapping.model.ClassGeneratingPropertyAccessorFactoryTests" time="0.001"/>
  <testcase name="setPropertyShouldFailOnUnhandledProperty[InnerPrivateType/protectedProperty]" classname="org.springframework.data.mapping.model.ClassGeneratingPropertyAccessorFactoryTests" time="0.002"/>
  <testcase name="shouldUseClassPropertyAccessorFactory[InnerPrivateType/protectedProperty]" classname="org.springframework.data.mapping.model.ClassGeneratingPropertyAccessorFactoryTests" time="0"/>
  <testcase name="shouldFailOnNullBean[InnerPrivateType/publicProperty]" classname="org.springframework.data.mapping.model.ClassGeneratingPropertyAccessorFactoryTests" time="0.002"/>
  <testcase name="accessorShouldDeclareConstructor[InnerPrivateType/publicProperty]" classname="org.springframework.data.mapping.model.ClassGeneratingPropertyAccessorFactoryTests" time="0.002"/>
  <testcase name="getPropertyShouldFailOnUnhandledProperty[InnerPrivateType/publicProperty]" classname="org.springframework.data.mapping.model.ClassGeneratingPropertyAccessorFactoryTests" time="0.001"/>
  <testcase name="shouldSetAndGetProperty[InnerPrivateType/publicProperty]" classname="org.springframework.data.mapping.model.ClassGeneratingPropertyAccessorFactoryTests" time="0.001"/>
  <testcase name="setPropertyShouldFailOnUnhandledProperty[InnerPrivateType/publicProperty]" classname="org.springframework.data.mapping.model.ClassGeneratingPropertyAccessorFactoryTests" time="0.002"/>
  <testcase name="shouldUseClassPropertyAccessorFactory[InnerPrivateType/publicProperty]" classname="org.springframework.data.mapping.model.ClassGeneratingPropertyAccessorFactoryTests" time="0"/>
  <testcase name="shouldFailOnNullBean[InnerPrivateType/syntheticProperty]" classname="org.springframework.data.mapping.model.ClassGeneratingPropertyAccessorFactoryTests" time="0.001"/>
  <testcase name="accessorShouldDeclareConstructor[InnerPrivateType/syntheticProperty]" classname="org.springframework.data.mapping.model.ClassGeneratingPropertyAccessorFactoryTests" time="0.002"/>
  <testcase name="getPropertyShouldFailOnUnhandledProperty[InnerPrivateType/syntheticProperty]" classname="org.springframework.data.mapping.model.ClassGeneratingPropertyAccessorFactoryTests" time="0.001"/>
  <testcase name="shouldSetAndGetProperty[InnerPrivateType/syntheticProperty]" classname="org.springframework.data.mapping.model.ClassGeneratingPropertyAccessorFactoryTests" time="0.001"/>
  <testcase name="setPropertyShouldFailOnUnhandledProperty[InnerPrivateType/syntheticProperty]" classname="org.springframework.data.mapping.model.ClassGeneratingPropertyAccessorFactoryTests" time="0.002"/>
  <testcase name="shouldUseClassPropertyAccessorFactory[InnerPrivateType/syntheticProperty]" classname="org.springframework.data.mapping.model.ClassGeneratingPropertyAccessorFactoryTests" time="0"/>
  <testcase name="shouldFailOnNullBean[InnerTypeWithPrivateAncestor/privateField]" classname="org.springframework.data.mapping.model.ClassGeneratingPropertyAccessorFactoryTests" time="0.003"/>
  <testcase name="accessorShouldDeclareConstructor[InnerTypeWithPrivateAncestor/privateField]" classname="org.springframework.data.mapping.model.ClassGeneratingPropertyAccessorFactoryTests" time="0.001"/>
  <testcase name="getPropertyShouldFailOnUnhandledProperty[InnerTypeWithPrivateAncestor/privateField]" classname="org.springframework.data.mapping.model.ClassGeneratingPropertyAccessorFactoryTests" time="0.002"/>
  <testcase name="shouldSetAndGetProperty[InnerTypeWithPrivateAncestor/privateField]" classname="org.springframework.data.mapping.model.ClassGeneratingPropertyAccessorFactoryTests" time="0.001"/>
  <testcase name="setPropertyShouldFailOnUnhandledProperty[InnerTypeWithPrivateAncestor/privateField]" classname="org.springframework.data.mapping.model.ClassGeneratingPropertyAccessorFactoryTests" time="0.001"/>
  <testcase name="shouldUseClassPropertyAccessorFactory[InnerTypeWithPrivateAncestor/privateField]" classname="org.springframework.data.mapping.model.ClassGeneratingPropertyAccessorFactoryTests" time="0"/>
  <testcase name="shouldFailOnNullBean[InnerTypeWithPrivateAncestor/packageDefaultField]" classname="org.springframework.data.mapping.model.ClassGeneratingPropertyAccessorFactoryTests" time="0.001"/>
  <testcase name="accessorShouldDeclareConstructor[InnerTypeWithPrivateAncestor/packageDefaultField]" classname="org.springframework.data.mapping.model.ClassGeneratingPropertyAccessorFactoryTests" time="0.001"/>
  <testcase name="getPropertyShouldFailOnUnhandledProperty[InnerTypeWithPrivateAncestor/packageDefaultField]" classname="org.springframework.data.mapping.model.ClassGeneratingPropertyAccessorFactoryTests" time="0.002"/>
  <testcase name="shouldSetAndGetProperty[InnerTypeWithPrivateAncestor/packageDefaultField]" classname="org.springframework.data.mapping.model.ClassGeneratingPropertyAccessorFactoryTests" time="0.001"/>
  <testcase name="setPropertyShouldFailOnUnhandledProperty[InnerTypeWithPrivateAncestor/packageDefaultField]" classname="org.springframework.data.mapping.model.ClassGeneratingPropertyAccessorFactoryTests" time="0.001"/>
  <testcase name="shouldUseClassPropertyAccessorFactory[InnerTypeWithPrivateAncestor/packageDefaultField]" classname="org.springframework.data.mapping.model.ClassGeneratingPropertyAccessorFactoryTests" time="0"/>
  <testcase name="shouldFailOnNullBean[InnerTypeWithPrivateAncestor/protectedField]" classname="org.springframework.data.mapping.model.ClassGeneratingPropertyAccessorFactoryTests" time="0.001"/>
  <testcase name="accessorShouldDeclareConstructor[InnerTypeWithPrivateAncestor/protectedField]" classname="org.springframework.data.mapping.model.ClassGeneratingPropertyAccessorFactoryTests" time="0.001"/>
  <testcase name="getPropertyShouldFailOnUnhandledProperty[InnerTypeWithPrivateAncestor/protectedField]" classname="org.springframework.data.mapping.model.ClassGeneratingPropertyAccessorFactoryTests" time="0.002"/>
  <testcase name="shouldSetAndGetProperty[InnerTypeWithPrivateAncestor/protectedField]" classname="org.springframework.data.mapping.model.ClassGeneratingPropertyAccessorFactoryTests" time="0.001"/>
  <testcase name="setPropertyShouldFailOnUnhandledProperty[InnerTypeWithPrivateAncestor/protectedField]" classname="org.springframework.data.mapping.model.ClassGeneratingPropertyAccessorFactoryTests" time="0.001"/>
  <testcase name="shouldUseClassPropertyAccessorFactory[InnerTypeWithPrivateAncestor/protectedField]" classname="org.springframework.data.mapping.model.ClassGeneratingPropertyAccessorFactoryTests" time="0"/>
  <testcase name="shouldFailOnNullBean[InnerTypeWithPrivateAncestor/publicField]" classname="org.springframework.data.mapping.model.ClassGeneratingPropertyAccessorFactoryTests" time="0.001"/>
  <testcase name="accessorShouldDeclareConstructor[InnerTypeWithPrivateAncestor/publicField]" classname="org.springframework.data.mapping.model.ClassGeneratingPropertyAccessorFactoryTests" time="0.001"/>
  <testcase name="getPropertyShouldFailOnUnhandledProperty[InnerTypeWithPrivateAncestor/publicField]" classname="org.springframework.data.mapping.model.ClassGeneratingPropertyAccessorFactoryTests" time="0.001"/>
  <testcase name="shouldSetAndGetProperty[InnerTypeWithPrivateAncestor/publicField]" classname="org.springframework.data.mapping.model.ClassGeneratingPropertyAccessorFactoryTests" time="0.001"/>
  <testcase name="setPropertyShouldFailOnUnhandledProperty[InnerTypeWithPrivateAncestor/publicField]" classname="org.springframework.data.mapping.model.ClassGeneratingPropertyAccessorFactoryTests" time="0.001"/>
  <testcase name="shouldUseClassPropertyAccessorFactory[InnerTypeWithPrivateAncestor/publicField]" classname="org.springframework.data.mapping.model.ClassGeneratingPropertyAccessorFactoryTests" time="0"/>
  <testcase name="shouldFailOnNullBean[InnerTypeWithPrivateAncestor/privateProperty]" classname="org.springframework.data.mapping.model.ClassGeneratingPropertyAccessorFactoryTests" time="0.001"/>
  <testcase name="accessorShouldDeclareConstructor[InnerTypeWithPrivateAncestor/privateProperty]" classname="org.springframework.data.mapping.model.ClassGeneratingPropertyAccessorFactoryTests" time="0.001"/>
  <testcase name="getPropertyShouldFailOnUnhandledProperty[InnerTypeWithPrivateAncestor/privateProperty]" classname="org.springframework.data.mapping.model.ClassGeneratingPropertyAccessorFactoryTests" time="0.002"/>
  <testcase name="shouldSetAndGetProperty[InnerTypeWithPrivateAncestor/privateProperty]" classname="org.springframework.data.mapping.model.ClassGeneratingPropertyAccessorFactoryTests" time="0.001"/>
  <testcase name="setPropertyShouldFailOnUnhandledProperty[InnerTypeWithPrivateAncestor/privateProperty]" classname="org.springframework.data.mapping.model.ClassGeneratingPropertyAccessorFactoryTests" time="0.001"/>
  <testcase name="shouldUseClassPropertyAccessorFactory[InnerTypeWithPrivateAncestor/privateProperty]" classname="org.springframework.data.mapping.model.ClassGeneratingPropertyAccessorFactoryTests" time="0"/>
  <testcase name="shouldFailOnNullBean[InnerTypeWithPrivateAncestor/packageDefaultProperty]" classname="org.springframework.data.mapping.model.ClassGeneratingPropertyAccessorFactoryTests" time="0.001"/>
  <testcase name="accessorShouldDeclareConstructor[InnerTypeWithPrivateAncestor/packageDefaultProperty]" classname="org.springframework.data.mapping.model.ClassGeneratingPropertyAccessorFactoryTests" time="0.001"/>
  <testcase name="getPropertyShouldFailOnUnhandledProperty[InnerTypeWithPrivateAncestor/packageDefaultProperty]" classname="org.springframework.data.mapping.model.ClassGeneratingPropertyAccessorFactoryTests" time="0.001"/>
  <testcase name="shouldSetAndGetProperty[InnerTypeWithPrivateAncestor/packageDefaultProperty]" classname="org.springframework.data.mapping.model.ClassGeneratingPropertyAccessorFactoryTests" time="0.001"/>
  <testcase name="setPropertyShouldFailOnUnhandledProperty[InnerTypeWithPrivateAncestor/packageDefaultProperty]" classname="org.springframework.data.mapping.model.ClassGeneratingPropertyAccessorFactoryTests" time="0.001"/>
  <testcase name="shouldUseClassPropertyAccessorFactory[InnerTypeWithPrivateAncestor/packageDefaultProperty]" classname="org.springframework.data.mapping.model.ClassGeneratingPropertyAccessorFactoryTests" time="0.001"/>
  <testcase name="shouldFailOnNullBean[InnerTypeWithPrivateAncestor/protectedProperty]" classname="org.springframework.data.mapping.model.ClassGeneratingPropertyAccessorFactoryTests" time="0.001"/>
  <testcase name="accessorShouldDeclareConstructor[InnerTypeWithPrivateAncestor/protectedProperty]" classname="org.springframework.data.mapping.model.ClassGeneratingPropertyAccessorFactoryTests" time="0.001"/>
  <testcase name="getPropertyShouldFailOnUnhandledProperty[InnerTypeWithPrivateAncestor/protectedProperty]" classname="org.springframework.data.mapping.model.ClassGeneratingPropertyAccessorFactoryTests" time="0.002"/>
  <testcase name="shouldSetAndGetProperty[InnerTypeWithPrivateAncestor/protectedProperty]" classname="org.springframework.data.mapping.model.ClassGeneratingPropertyAccessorFactoryTests" time="0.001"/>
  <testcase name="setPropertyShouldFailOnUnhandledProperty[InnerTypeWithPrivateAncestor/protectedProperty]" classname="org.springframework.data.mapping.model.ClassGeneratingPropertyAccessorFactoryTests" time="0.001"/>
  <testcase name="shouldUseClassPropertyAccessorFactory[InnerTypeWithPrivateAncestor/protectedProperty]" classname="org.springframework.data.mapping.model.ClassGeneratingPropertyAccessorFactoryTests" time="0.001"/>
  <testcase name="shouldFailOnNullBean[InnerTypeWithPrivateAncestor/publicProperty]" classname="org.springframework.data.mapping.model.ClassGeneratingPropertyAccessorFactoryTests" time="0.001"/>
  <testcase name="accessorShouldDeclareConstructor[InnerTypeWithPrivateAncestor/publicProperty]" classname="org.springframework.data.mapping.model.ClassGeneratingPropertyAccessorFactoryTests" time="0.001"/>
  <testcase name="getPropertyShouldFailOnUnhandledProperty[InnerTypeWithPrivateAncestor/publicProperty]" classname="org.springframework.data.mapping.model.ClassGeneratingPropertyAccessorFactoryTests" time="0.001"/>
  <testcase name="shouldSetAndGetProperty[InnerTypeWithPrivateAncestor/publicProperty]" classname="org.springframework.data.mapping.model.ClassGeneratingPropertyAccessorFactoryTests" time="0.001"/>
  <testcase name="setPropertyShouldFailOnUnhandledProperty[InnerTypeWithPrivateAncestor/publicProperty]" classname="org.springframework.data.mapping.model.ClassGeneratingPropertyAccessorFactoryTests" time="0.002"/>
  <testcase name="shouldUseClassPropertyAccessorFactory[InnerTypeWithPrivateAncestor/publicProperty]" classname="org.springframework.data.mapping.model.ClassGeneratingPropertyAccessorFactoryTests" time="0"/>
  <testcase name="shouldFailOnNullBean[InnerTypeWithPrivateAncestor/syntheticProperty]" classname="org.springframework.data.mapping.model.ClassGeneratingPropertyAccessorFactoryTests" time="0.001"/>
  <testcase name="accessorShouldDeclareConstructor[InnerTypeWithPrivateAncestor/syntheticProperty]" classname="org.springframework.data.mapping.model.ClassGeneratingPropertyAccessorFactoryTests" time="0.001"/>
  <testcase name="getPropertyShouldFailOnUnhandledProperty[InnerTypeWithPrivateAncestor/syntheticProperty]" classname="org.springframework.data.mapping.model.ClassGeneratingPropertyAccessorFactoryTests" time="0.001"/>
  <testcase name="shouldSetAndGetProperty[InnerTypeWithPrivateAncestor/syntheticProperty]" classname="org.springframework.data.mapping.model.ClassGeneratingPropertyAccessorFactoryTests" time="0.001"/>
  <testcase name="setPropertyShouldFailOnUnhandledProperty[InnerTypeWithPrivateAncestor/syntheticProperty]" classname="org.springframework.data.mapping.model.ClassGeneratingPropertyAccessorFactoryTests" time="0.002"/>
  <testcase name="shouldUseClassPropertyAccessorFactory[InnerTypeWithPrivateAncestor/syntheticProperty]" classname="org.springframework.data.mapping.model.ClassGeneratingPropertyAccessorFactoryTests" time="0"/>
  <testcase name="shouldFailOnNullBean[InnerPackageDefaultType/privateField]" classname="org.springframework.data.mapping.model.ClassGeneratingPropertyAccessorFactoryTests" time="0.002"/>
  <testcase name="accessorShouldDeclareConstructor[InnerPackageDefaultType/privateField]" classname="org.springframework.data.mapping.model.ClassGeneratingPropertyAccessorFactoryTests" time="0.001"/>
  <testcase name="getPropertyShouldFailOnUnhandledProperty[InnerPackageDefaultType/privateField]" classname="org.springframework.data.mapping.model.ClassGeneratingPropertyAccessorFactoryTests" time="0.001"/>
  <testcase name="shouldSetAndGetProperty[InnerPackageDefaultType/privateField]" classname="org.springframework.data.mapping.model.ClassGeneratingPropertyAccessorFactoryTests" time="0.001"/>
  <testcase name="setPropertyShouldFailOnUnhandledProperty[InnerPackageDefaultType/privateField]" classname="org.springframework.data.mapping.model.ClassGeneratingPropertyAccessorFactoryTests" time="0.001"/>
  <testcase name="shouldUseClassPropertyAccessorFactory[InnerPackageDefaultType/privateField]" classname="org.springframework.data.mapping.model.ClassGeneratingPropertyAccessorFactoryTests" time="0"/>
  <testcase name="shouldFailOnNullBean[InnerPackageDefaultType/packageDefaultField]" classname="org.springframework.data.mapping.model.ClassGeneratingPropertyAccessorFactoryTests" time="0.001"/>
  <testcase name="accessorShouldDeclareConstructor[InnerPackageDefaultType/packageDefaultField]" classname="org.springframework.data.mapping.model.ClassGeneratingPropertyAccessorFactoryTests" time="0.001"/>
  <testcase name="getPropertyShouldFailOnUnhandledProperty[InnerPackageDefaultType/packageDefaultField]" classname="org.springframework.data.mapping.model.ClassGeneratingPropertyAccessorFactoryTests" time="0"/>
  <testcase name="shouldSetAndGetProperty[InnerPackageDefaultType/packageDefaultField]" classname="org.springframework.data.mapping.model.ClassGeneratingPropertyAccessorFactoryTests" time="0.001"/>
  <testcase name="setPropertyShouldFailOnUnhandledProperty[InnerPackageDefaultType/packageDefaultField]" classname="org.springframework.data.mapping.model.ClassGeneratingPropertyAccessorFactoryTests" time="0.001"/>
  <testcase name="shouldUseClassPropertyAccessorFactory[InnerPackageDefaultType/packageDefaultField]" classname="org.springframework.data.mapping.model.ClassGeneratingPropertyAccessorFactoryTests" time="0"/>
  <testcase name="shouldFailOnNullBean[InnerPackageDefaultType/protectedField]" classname="org.springframework.data.mapping.model.ClassGeneratingPropertyAccessorFactoryTests" time="0.001"/>
  <testcase name="accessorShouldDeclareConstructor[InnerPackageDefaultType/protectedField]" classname="org.springframework.data.mapping.model.ClassGeneratingPropertyAccessorFactoryTests" time="0.001"/>
  <testcase name="getPropertyShouldFailOnUnhandledProperty[InnerPackageDefaultType/protectedField]" classname="org.springframework.data.mapping.model.ClassGeneratingPropertyAccessorFactoryTests" time="0.001"/>
  <testcase name="shouldSetAndGetProperty[InnerPackageDefaultType/protectedField]" classname="org.springframework.data.mapping.model.ClassGeneratingPropertyAccessorFactoryTests" time="0.001"/>
  <testcase name="setPropertyShouldFailOnUnhandledProperty[InnerPackageDefaultType/protectedField]" classname="org.springframework.data.mapping.model.ClassGeneratingPropertyAccessorFactoryTests" time="0.001"/>
  <testcase name="shouldUseClassPropertyAccessorFactory[InnerPackageDefaultType/protectedField]" classname="org.springframework.data.mapping.model.ClassGeneratingPropertyAccessorFactoryTests" time="0"/>
  <testcase name="shouldFailOnNullBean[InnerPackageDefaultType/publicField]" classname="org.springframework.data.mapping.model.ClassGeneratingPropertyAccessorFactoryTests" time="0.001"/>
  <testcase name="accessorShouldDeclareConstructor[InnerPackageDefaultType/publicField]" classname="org.springframework.data.mapping.model.ClassGeneratingPropertyAccessorFactoryTests" time="0.001"/>
  <testcase name="getPropertyShouldFailOnUnhandledProperty[InnerPackageDefaultType/publicField]" classname="org.springframework.data.mapping.model.ClassGeneratingPropertyAccessorFactoryTests" time="0.001"/>
  <testcase name="shouldSetAndGetProperty[InnerPackageDefaultType/publicField]" classname="org.springframework.data.mapping.model.ClassGeneratingPropertyAccessorFactoryTests" time="0"/>
  <testcase name="setPropertyShouldFailOnUnhandledProperty[InnerPackageDefaultType/publicField]" classname="org.springframework.data.mapping.model.ClassGeneratingPropertyAccessorFactoryTests" time="0.001"/>
  <testcase name="shouldUseClassPropertyAccessorFactory[InnerPackageDefaultType/publicField]" classname="org.springframework.data.mapping.model.ClassGeneratingPropertyAccessorFactoryTests" time="0.001"/>
  <testcase name="shouldFailOnNullBean[InnerPackageDefaultType/privateProperty]" classname="org.springframework.data.mapping.model.ClassGeneratingPropertyAccessorFactoryTests" time="0.001"/>
  <testcase name="accessorShouldDeclareConstructor[InnerPackageDefaultType/privateProperty]" classname="org.springframework.data.mapping.model.ClassGeneratingPropertyAccessorFactoryTests" time="0.001"/>
  <testcase name="getPropertyShouldFailOnUnhandledProperty[InnerPackageDefaultType/privateProperty]" classname="org.springframework.data.mapping.model.ClassGeneratingPropertyAccessorFactoryTests" time="0.001"/>
  <testcase name="shouldSetAndGetProperty[InnerPackageDefaultType/privateProperty]" classname="org.springframework.data.mapping.model.ClassGeneratingPropertyAccessorFactoryTests" time="0.001"/>
  <testcase name="setPropertyShouldFailOnUnhandledProperty[InnerPackageDefaultType/privateProperty]" classname="org.springframework.data.mapping.model.ClassGeneratingPropertyAccessorFactoryTests" time="0.001"/>
  <testcase name="shouldUseClassPropertyAccessorFactory[InnerPackageDefaultType/privateProperty]" classname="org.springframework.data.mapping.model.ClassGeneratingPropertyAccessorFactoryTests" time="0"/>
  <testcase name="shouldFailOnNullBean[InnerPackageDefaultType/packageDefaultProperty]" classname="org.springframework.data.mapping.model.ClassGeneratingPropertyAccessorFactoryTests" time="0.001"/>
  <testcase name="accessorShouldDeclareConstructor[InnerPackageDefaultType/packageDefaultProperty]" classname="org.springframework.data.mapping.model.ClassGeneratingPropertyAccessorFactoryTests" time="0.001"/>
  <testcase name="getPropertyShouldFailOnUnhandledProperty[InnerPackageDefaultType/packageDefaultProperty]" classname="org.springframework.data.mapping.model.ClassGeneratingPropertyAccessorFactoryTests" time="0.001"/>
  <testcase name="shouldSetAndGetProperty[InnerPackageDefaultType/packageDefaultProperty]" classname="org.springframework.data.mapping.model.ClassGeneratingPropertyAccessorFactoryTests" time="0.001"/>
  <testcase name="setPropertyShouldFailOnUnhandledProperty[InnerPackageDefaultType/packageDefaultProperty]" classname="org.springframework.data.mapping.model.ClassGeneratingPropertyAccessorFactoryTests" time="0.001"/>
  <testcase name="shouldUseClassPropertyAccessorFactory[InnerPackageDefaultType/packageDefaultProperty]" classname="org.springframework.data.mapping.model.ClassGeneratingPropertyAccessorFactoryTests" time="0"/>
  <testcase name="shouldFailOnNullBean[InnerPackageDefaultType/protectedProperty]" classname="org.springframework.data.mapping.model.ClassGeneratingPropertyAccessorFactoryTests" time="0.001"/>
  <testcase name="accessorShouldDeclareConstructor[InnerPackageDefaultType/protectedProperty]" classname="org.springframework.data.mapping.model.ClassGeneratingPropertyAccessorFactoryTests" time="0.001"/>
  <testcase name="getPropertyShouldFailOnUnhandledProperty[InnerPackageDefaultType/protectedProperty]" classname="org.springframework.data.mapping.model.ClassGeneratingPropertyAccessorFactoryTests" time="0.001"/>
  <testcase name="shouldSetAndGetProperty[InnerPackageDefaultType/protectedProperty]" classname="org.springframework.data.mapping.model.ClassGeneratingPropertyAccessorFactoryTests" time="0.001"/>
  <testcase name="setPropertyShouldFailOnUnhandledProperty[InnerPackageDefaultType/protectedProperty]" classname="org.springframework.data.mapping.model.ClassGeneratingPropertyAccessorFactoryTests" time="0"/>
  <testcase name="shouldUseClassPropertyAccessorFactory[InnerPackageDefaultType/protectedProperty]" classname="org.springframework.data.mapping.model.ClassGeneratingPropertyAccessorFactoryTests" time="0.001"/>
  <testcase name="shouldFailOnNullBean[InnerPackageDefaultType/publicProperty]" classname="org.springframework.data.mapping.model.ClassGeneratingPropertyAccessorFactoryTests" time="0.001"/>
  <testcase name="accessorShouldDeclareConstructor[InnerPackageDefaultType/publicProperty]" classname="org.springframework.data.mapping.model.ClassGeneratingPropertyAccessorFactoryTests" time="0"/>
  <testcase name="getPropertyShouldFailOnUnhandledProperty[InnerPackageDefaultType/publicProperty]" classname="org.springframework.data.mapping.model.ClassGeneratingPropertyAccessorFactoryTests" time="0.001"/>
  <testcase name="shouldSetAndGetProperty[InnerPackageDefaultType/publicProperty]" classname="org.springframework.data.mapping.model.ClassGeneratingPropertyAccessorFactoryTests" time="0.001"/>
  <testcase name="setPropertyShouldFailOnUnhandledProperty[InnerPackageDefaultType/publicProperty]" classname="org.springframework.data.mapping.model.ClassGeneratingPropertyAccessorFactoryTests" time="0.024"/>
  <testcase name="shouldUseClassPropertyAccessorFactory[InnerPackageDefaultType/publicProperty]" classname="org.springframework.data.mapping.model.ClassGeneratingPropertyAccessorFactoryTests" time="0.001"/>
  <testcase name="shouldFailOnNullBean[InnerPackageDefaultType/syntheticProperty]" classname="org.springframework.data.mapping.model.ClassGeneratingPropertyAccessorFactoryTests" time="0.001"/>
  <testcase name="accessorShouldDeclareConstructor[InnerPackageDefaultType/syntheticProperty]" classname="org.springframework.data.mapping.model.ClassGeneratingPropertyAccessorFactoryTests" time="0.001"/>
  <testcase name="getPropertyShouldFailOnUnhandledProperty[InnerPackageDefaultType/syntheticProperty]" classname="org.springframework.data.mapping.model.ClassGeneratingPropertyAccessorFactoryTests" time="0.001"/>
  <testcase name="shouldSetAndGetProperty[InnerPackageDefaultType/syntheticProperty]" classname="org.springframework.data.mapping.model.ClassGeneratingPropertyAccessorFactoryTests" time="0.002"/>
  <testcase name="setPropertyShouldFailOnUnhandledProperty[InnerPackageDefaultType/syntheticProperty]" classname="org.springframework.data.mapping.model.ClassGeneratingPropertyAccessorFactoryTests" time="0.002"/>
  <testcase name="shouldUseClassPropertyAccessorFactory[InnerPackageDefaultType/syntheticProperty]" classname="org.springframework.data.mapping.model.ClassGeneratingPropertyAccessorFactoryTests" time="0"/>
  <testcase name="shouldFailOnNullBean[InnerProtectedType/privateField]" classname="org.springframework.data.mapping.model.ClassGeneratingPropertyAccessorFactoryTests" time="0.003"/>
  <testcase name="accessorShouldDeclareConstructor[InnerProtectedType/privateField]" classname="org.springframework.data.mapping.model.ClassGeneratingPropertyAccessorFactoryTests" time="0.001"/>
  <testcase name="getPropertyShouldFailOnUnhandledProperty[InnerProtectedType/privateField]" classname="org.springframework.data.mapping.model.ClassGeneratingPropertyAccessorFactoryTests" time="0.002"/>
  <testcase name="shouldSetAndGetProperty[InnerProtectedType/privateField]" classname="org.springframework.data.mapping.model.ClassGeneratingPropertyAccessorFactoryTests" time="0.001"/>
  <testcase name="setPropertyShouldFailOnUnhandledProperty[InnerProtectedType/privateField]" classname="org.springframework.data.mapping.model.ClassGeneratingPropertyAccessorFactoryTests" time="0.001"/>
  <testcase name="shouldUseClassPropertyAccessorFactory[InnerProtectedType/privateField]" classname="org.springframework.data.mapping.model.ClassGeneratingPropertyAccessorFactoryTests" time="0"/>
  <testcase name="shouldFailOnNullBean[InnerProtectedType/packageDefaultField]" classname="org.springframework.data.mapping.model.ClassGeneratingPropertyAccessorFactoryTests" time="0.001"/>
  <testcase name="accessorShouldDeclareConstructor[InnerProtectedType/packageDefaultField]" classname="org.springframework.data.mapping.model.ClassGeneratingPropertyAccessorFactoryTests" time="0.001"/>
  <testcase name="getPropertyShouldFailOnUnhandledProperty[InnerProtectedType/packageDefaultField]" classname="org.springframework.data.mapping.model.ClassGeneratingPropertyAccessorFactoryTests" time="0.001"/>
  <testcase name="shouldSetAndGetProperty[InnerProtectedType/packageDefaultField]" classname="org.springframework.data.mapping.model.ClassGeneratingPropertyAccessorFactoryTests" time="0.001"/>
  <testcase name="setPropertyShouldFailOnUnhandledProperty[InnerProtectedType/packageDefaultField]" classname="org.springframework.data.mapping.model.ClassGeneratingPropertyAccessorFactoryTests" time="0.001"/>
  <testcase name="shouldUseClassPropertyAccessorFactory[InnerProtectedType/packageDefaultField]" classname="org.springframework.data.mapping.model.ClassGeneratingPropertyAccessorFactoryTests" time="0"/>
  <testcase name="shouldFailOnNullBean[InnerProtectedType/protectedField]" classname="org.springframework.data.mapping.model.ClassGeneratingPropertyAccessorFactoryTests" time="0.001"/>
  <testcase name="accessorShouldDeclareConstructor[InnerProtectedType/protectedField]" classname="org.springframework.data.mapping.model.ClassGeneratingPropertyAccessorFactoryTests" time="0.001"/>
  <testcase name="getPropertyShouldFailOnUnhandledProperty[InnerProtectedType/protectedField]" classname="org.springframework.data.mapping.model.ClassGeneratingPropertyAccessorFactoryTests" time="0.001"/>
  <testcase name="shouldSetAndGetProperty[InnerProtectedType/protectedField]" classname="org.springframework.data.mapping.model.ClassGeneratingPropertyAccessorFactoryTests" time="0"/>
  <testcase name="setPropertyShouldFailOnUnhandledProperty[InnerProtectedType/protectedField]" classname="org.springframework.data.mapping.model.ClassGeneratingPropertyAccessorFactoryTests" time="0"/>
  <testcase name="shouldUseClassPropertyAccessorFactory[InnerProtectedType/protectedField]" classname="org.springframework.data.mapping.model.ClassGeneratingPropertyAccessorFactoryTests" time="0.001"/>
  <testcase name="shouldFailOnNullBean[InnerProtectedType/publicField]" classname="org.springframework.data.mapping.model.ClassGeneratingPropertyAccessorFactoryTests" time="0"/>
  <testcase name="accessorShouldDeclareConstructor[InnerProtectedType/publicField]" classname="org.springframework.data.mapping.model.ClassGeneratingPropertyAccessorFactoryTests" time="0.001"/>
  <testcase name="getPropertyShouldFailOnUnhandledProperty[InnerProtectedType/publicField]" classname="org.springframework.data.mapping.model.ClassGeneratingPropertyAccessorFactoryTests" time="0.001"/>
  <testcase name="shouldSetAndGetProperty[InnerProtectedType/publicField]" classname="org.springframework.data.mapping.model.ClassGeneratingPropertyAccessorFactoryTests" time="0.001"/>
  <testcase name="setPropertyShouldFailOnUnhandledProperty[InnerProtectedType/publicField]" classname="org.springframework.data.mapping.model.ClassGeneratingPropertyAccessorFactoryTests" time="0.001"/>
  <testcase name="shouldUseClassPropertyAccessorFactory[InnerProtectedType/publicField]" classname="org.springframework.data.mapping.model.ClassGeneratingPropertyAccessorFactoryTests" time="0"/>
  <testcase name="shouldFailOnNullBean[InnerProtectedType/privateProperty]" classname="org.springframework.data.mapping.model.ClassGeneratingPropertyAccessorFactoryTests" time="0.001"/>
  <testcase name="accessorShouldDeclareConstructor[InnerProtectedType/privateProperty]" classname="org.springframework.data.mapping.model.ClassGeneratingPropertyAccessorFactoryTests" time="0.001"/>
  <testcase name="getPropertyShouldFailOnUnhandledProperty[InnerProtectedType/privateProperty]" classname="org.springframework.data.mapping.model.ClassGeneratingPropertyAccessorFactoryTests" time="0.001"/>
  <testcase name="shouldSetAndGetProperty[InnerProtectedType/privateProperty]" classname="org.springframework.data.mapping.model.ClassGeneratingPropertyAccessorFactoryTests" time="0.001"/>
  <testcase name="setPropertyShouldFailOnUnhandledProperty[InnerProtectedType/privateProperty]" classname="org.springframework.data.mapping.model.ClassGeneratingPropertyAccessorFactoryTests" time="0.001"/>
  <testcase name="shouldUseClassPropertyAccessorFactory[InnerProtectedType/privateProperty]" classname="org.springframework.data.mapping.model.ClassGeneratingPropertyAccessorFactoryTests" time="0"/>
  <testcase name="shouldFailOnNullBean[InnerProtectedType/packageDefaultProperty]" classname="org.springframework.data.mapping.model.ClassGeneratingPropertyAccessorFactoryTests" time="0.001"/>
  <testcase name="accessorShouldDeclareConstructor[InnerProtectedType/packageDefaultProperty]" classname="org.springframework.data.mapping.model.ClassGeneratingPropertyAccessorFactoryTests" time="0.001"/>
  <testcase name="getPropertyShouldFailOnUnhandledProperty[InnerProtectedType/packageDefaultProperty]" classname="org.springframework.data.mapping.model.ClassGeneratingPropertyAccessorFactoryTests" time="0.001"/>
  <testcase name="shouldSetAndGetProperty[InnerProtectedType/packageDefaultProperty]" classname="org.springframework.data.mapping.model.ClassGeneratingPropertyAccessorFactoryTests" time="0.001"/>
  <testcase name="setPropertyShouldFailOnUnhandledProperty[InnerProtectedType/packageDefaultProperty]" classname="org.springframework.data.mapping.model.ClassGeneratingPropertyAccessorFactoryTests" time="0.001"/>
  <testcase name="shouldUseClassPropertyAccessorFactory[InnerProtectedType/packageDefaultProperty]" classname="org.springframework.data.mapping.model.ClassGeneratingPropertyAccessorFactoryTests" time="0"/>
  <testcase name="shouldFailOnNullBean[InnerProtectedType/protectedProperty]" classname="org.springframework.data.mapping.model.ClassGeneratingPropertyAccessorFactoryTests" time="0.001"/>
  <testcase name="accessorShouldDeclareConstructor[InnerProtectedType/protectedProperty]" classname="org.springframework.data.mapping.model.ClassGeneratingPropertyAccessorFactoryTests" time="0.001"/>
  <testcase name="getPropertyShouldFailOnUnhandledProperty[InnerProtectedType/protectedProperty]" classname="org.springframework.data.mapping.model.ClassGeneratingPropertyAccessorFactoryTests" time="0.001"/>
  <testcase name="shouldSetAndGetProperty[InnerProtectedType/protectedProperty]" classname="org.springframework.data.mapping.model.ClassGeneratingPropertyAccessorFactoryTests" time="0.001"/>
  <testcase name="setPropertyShouldFailOnUnhandledProperty[InnerProtectedType/protectedProperty]" classname="org.springframework.data.mapping.model.ClassGeneratingPropertyAccessorFactoryTests" time="0.001"/>
  <testcase name="shouldUseClassPropertyAccessorFactory[InnerProtectedType/protectedProperty]" classname="org.springframework.data.mapping.model.ClassGeneratingPropertyAccessorFactoryTests" time="0"/>
  <testcase name="shouldFailOnNullBean[InnerProtectedType/publicProperty]" classname="org.springframework.data.mapping.model.ClassGeneratingPropertyAccessorFactoryTests" time="0.001"/>
  <testcase name="accessorShouldDeclareConstructor[InnerProtectedType/publicProperty]" classname="org.springframework.data.mapping.model.ClassGeneratingPropertyAccessorFactoryTests" time="0.001"/>
  <testcase name="getPropertyShouldFailOnUnhandledProperty[InnerProtectedType/publicProperty]" classname="org.springframework.data.mapping.model.ClassGeneratingPropertyAccessorFactoryTests" time="0.001"/>
  <testcase name="shouldSetAndGetProperty[InnerProtectedType/publicProperty]" classname="org.springframework.data.mapping.model.ClassGeneratingPropertyAccessorFactoryTests" time="0.001"/>
  <testcase name="setPropertyShouldFailOnUnhandledProperty[InnerProtectedType/publicProperty]" classname="org.springframework.data.mapping.model.ClassGeneratingPropertyAccessorFactoryTests" time="0.074"/>
  <testcase name="shouldUseClassPropertyAccessorFactory[InnerProtectedType/publicProperty]" classname="org.springframework.data.mapping.model.ClassGeneratingPropertyAccessorFactoryTests" time="0.001"/>
  <testcase name="shouldFailOnNullBean[InnerProtectedType/syntheticProperty]" classname="org.springframework.data.mapping.model.ClassGeneratingPropertyAccessorFactoryTests" time="0.001"/>
  <testcase name="accessorShouldDeclareConstructor[InnerProtectedType/syntheticProperty]" classname="org.springframework.data.mapping.model.ClassGeneratingPropertyAccessorFactoryTests" time="0.001"/>
  <testcase name="getPropertyShouldFailOnUnhandledProperty[InnerProtectedType/syntheticProperty]" classname="org.springframework.data.mapping.model.ClassGeneratingPropertyAccessorFactoryTests" time="0.002"/>
  <testcase name="shouldSetAndGetProperty[InnerProtectedType/syntheticProperty]" classname="org.springframework.data.mapping.model.ClassGeneratingPropertyAccessorFactoryTests" time="0.001"/>
  <testcase name="setPropertyShouldFailOnUnhandledProperty[InnerProtectedType/syntheticProperty]" classname="org.springframework.data.mapping.model.ClassGeneratingPropertyAccessorFactoryTests" time="0.002"/>
  <testcase name="shouldUseClassPropertyAccessorFactory[InnerProtectedType/syntheticProperty]" classname="org.springframework.data.mapping.model.ClassGeneratingPropertyAccessorFactoryTests" time="0.001"/>
  <testcase name="shouldFailOnNullBean[InnerPublicType/privateField]" classname="org.springframework.data.mapping.model.ClassGeneratingPropertyAccessorFactoryTests" time="0.003"/>
  <testcase name="accessorShouldDeclareConstructor[InnerPublicType/privateField]" classname="org.springframework.data.mapping.model.ClassGeneratingPropertyAccessorFactoryTests" time="0.001"/>
  <testcase name="getPropertyShouldFailOnUnhandledProperty[InnerPublicType/privateField]" classname="org.springframework.data.mapping.model.ClassGeneratingPropertyAccessorFactoryTests" time="0.001"/>
  <testcase name="shouldSetAndGetProperty[InnerPublicType/privateField]" classname="org.springframework.data.mapping.model.ClassGeneratingPropertyAccessorFactoryTests" time="0.001"/>
  <testcase name="setPropertyShouldFailOnUnhandledProperty[InnerPublicType/privateField]" classname="org.springframework.data.mapping.model.ClassGeneratingPropertyAccessorFactoryTests" time="0.001"/>
  <testcase name="shouldUseClassPropertyAccessorFactory[InnerPublicType/privateField]" classname="org.springframework.data.mapping.model.ClassGeneratingPropertyAccessorFactoryTests" time="0.001"/>
  <testcase name="shouldFailOnNullBean[InnerPublicType/packageDefaultField]" classname="org.springframework.data.mapping.model.ClassGeneratingPropertyAccessorFactoryTests" time="0"/>
  <testcase name="accessorShouldDeclareConstructor[InnerPublicType/packageDefaultField]" classname="org.springframework.data.mapping.model.ClassGeneratingPropertyAccessorFactoryTests" time="0"/>
  <testcase name="getPropertyShouldFailOnUnhandledProperty[InnerPublicType/packageDefaultField]" classname="org.springframework.data.mapping.model.ClassGeneratingPropertyAccessorFactoryTests" time="0.001"/>
  <testcase name="shouldSetAndGetProperty[InnerPublicType/packageDefaultField]" classname="org.springframework.data.mapping.model.ClassGeneratingPropertyAccessorFactoryTests" time="0.001"/>
  <testcase name="setPropertyShouldFailOnUnhandledProperty[InnerPublicType/packageDefaultField]" classname="org.springframework.data.mapping.model.ClassGeneratingPropertyAccessorFactoryTests" time="0.001"/>
  <testcase name="shouldUseClassPropertyAccessorFactory[InnerPublicType/packageDefaultField]" classname="org.springframework.data.mapping.model.ClassGeneratingPropertyAccessorFactoryTests" time="0.001"/>
  <testcase name="shouldFailOnNullBean[InnerPublicType/protectedField]" classname="org.springframework.data.mapping.model.ClassGeneratingPropertyAccessorFactoryTests" time="0"/>
  <testcase name="accessorShouldDeclareConstructor[InnerPublicType/protectedField]" classname="org.springframework.data.mapping.model.ClassGeneratingPropertyAccessorFactoryTests" time="0"/>
  <testcase name="getPropertyShouldFailOnUnhandledProperty[InnerPublicType/protectedField]" classname="org.springframework.data.mapping.model.ClassGeneratingPropertyAccessorFactoryTests" time="0.001"/>
  <testcase name="shouldSetAndGetProperty[InnerPublicType/protectedField]" classname="org.springframework.data.mapping.model.ClassGeneratingPropertyAccessorFactoryTests" time="0.001"/>
  <testcase name="setPropertyShouldFailOnUnhandledProperty[InnerPublicType/protectedField]" classname="org.springframework.data.mapping.model.ClassGeneratingPropertyAccessorFactoryTests" time="0.001"/>
  <testcase name="shouldUseClassPropertyAccessorFactory[InnerPublicType/protectedField]" classname="org.springframework.data.mapping.model.ClassGeneratingPropertyAccessorFactoryTests" time="0"/>
  <testcase name="shouldFailOnNullBean[InnerPublicType/publicField]" classname="org.springframework.data.mapping.model.ClassGeneratingPropertyAccessorFactoryTests" time="0.001"/>
  <testcase name="accessorShouldDeclareConstructor[InnerPublicType/publicField]" classname="org.springframework.data.mapping.model.ClassGeneratingPropertyAccessorFactoryTests" time="0.001"/>
  <testcase name="getPropertyShouldFailOnUnhandledProperty[InnerPublicType/publicField]" classname="org.springframework.data.mapping.model.ClassGeneratingPropertyAccessorFactoryTests" time="0"/>
  <testcase name="shouldSetAndGetProperty[InnerPublicType/publicField]" classname="org.springframework.data.mapping.model.ClassGeneratingPropertyAccessorFactoryTests" time="0.001"/>
  <testcase name="setPropertyShouldFailOnUnhandledProperty[InnerPublicType/publicField]" classname="org.springframework.data.mapping.model.ClassGeneratingPropertyAccessorFactoryTests" time="0.001"/>
  <testcase name="shouldUseClassPropertyAccessorFactory[InnerPublicType/publicField]" classname="org.springframework.data.mapping.model.ClassGeneratingPropertyAccessorFactoryTests" time="0"/>
  <testcase name="shouldFailOnNullBean[InnerPublicType/privateProperty]" classname="org.springframework.data.mapping.model.ClassGeneratingPropertyAccessorFactoryTests" time="0.001"/>
  <testcase name="accessorShouldDeclareConstructor[InnerPublicType/privateProperty]" classname="org.springframework.data.mapping.model.ClassGeneratingPropertyAccessorFactoryTests" time="0.001"/>
  <testcase name="getPropertyShouldFailOnUnhandledProperty[InnerPublicType/privateProperty]" classname="org.springframework.data.mapping.model.ClassGeneratingPropertyAccessorFactoryTests" time="0.001"/>
  <testcase name="shouldSetAndGetProperty[InnerPublicType/privateProperty]" classname="org.springframework.data.mapping.model.ClassGeneratingPropertyAccessorFactoryTests" time="0.001"/>
  <testcase name="setPropertyShouldFailOnUnhandledProperty[InnerPublicType/privateProperty]" classname="org.springframework.data.mapping.model.ClassGeneratingPropertyAccessorFactoryTests" time="0.001"/>
  <testcase name="shouldUseClassPropertyAccessorFactory[InnerPublicType/privateProperty]" classname="org.springframework.data.mapping.model.ClassGeneratingPropertyAccessorFactoryTests" time="0"/>
  <testcase name="shouldFailOnNullBean[InnerPublicType/packageDefaultProperty]" classname="org.springframework.data.mapping.model.ClassGeneratingPropertyAccessorFactoryTests" time="0.001"/>
  <testcase name="accessorShouldDeclareConstructor[InnerPublicType/packageDefaultProperty]" classname="org.springframework.data.mapping.model.ClassGeneratingPropertyAccessorFactoryTests" time="0.001"/>
  <testcase name="getPropertyShouldFailOnUnhandledProperty[InnerPublicType/packageDefaultProperty]" classname="org.springframework.data.mapping.model.ClassGeneratingPropertyAccessorFactoryTests" time="0.001"/>
  <testcase name="shouldSetAndGetProperty[InnerPublicType/packageDefaultProperty]" classname="org.springframework.data.mapping.model.ClassGeneratingPropertyAccessorFactoryTests" time="0.001"/>
  <testcase name="setPropertyShouldFailOnUnhandledProperty[InnerPublicType/packageDefaultProperty]" classname="org.springframework.data.mapping.model.ClassGeneratingPropertyAccessorFactoryTests" time="0.001"/>
  <testcase name="shouldUseClassPropertyAccessorFactory[InnerPublicType/packageDefaultProperty]" classname="org.springframework.data.mapping.model.ClassGeneratingPropertyAccessorFactoryTests" time="0"/>
  <testcase name="shouldFailOnNullBean[InnerPublicType/protectedProperty]" classname="org.springframework.data.mapping.model.ClassGeneratingPropertyAccessorFactoryTests" time="0.001"/>
  <testcase name="accessorShouldDeclareConstructor[InnerPublicType/protectedProperty]" classname="org.springframework.data.mapping.model.ClassGeneratingPropertyAccessorFactoryTests" time="0.001"/>
  <testcase name="getPropertyShouldFailOnUnhandledProperty[InnerPublicType/protectedProperty]" classname="org.springframework.data.mapping.model.ClassGeneratingPropertyAccessorFactoryTests" time="0.001"/>
  <testcase name="shouldSetAndGetProperty[InnerPublicType/protectedProperty]" classname="org.springframework.data.mapping.model.ClassGeneratingPropertyAccessorFactoryTests" time="0.001"/>
  <testcase name="setPropertyShouldFailOnUnhandledProperty[InnerPublicType/protectedProperty]" classname="org.springframework.data.mapping.model.ClassGeneratingPropertyAccessorFactoryTests" time="0.001"/>
  <testcase name="shouldUseClassPropertyAccessorFactory[InnerPublicType/protectedProperty]" classname="org.springframework.data.mapping.model.ClassGeneratingPropertyAccessorFactoryTests" time="0"/>
  <testcase name="shouldFailOnNullBean[InnerPublicType/publicProperty]" classname="org.springframework.data.mapping.model.ClassGeneratingPropertyAccessorFactoryTests" time="0.001"/>
  <testcase name="accessorShouldDeclareConstructor[InnerPublicType/publicProperty]" classname="org.springframework.data.mapping.model.ClassGeneratingPropertyAccessorFactoryTests" time="0.001"/>
  <testcase name="getPropertyShouldFailOnUnhandledProperty[InnerPublicType/publicProperty]" classname="org.springframework.data.mapping.model.ClassGeneratingPropertyAccessorFactoryTests" time="0"/>
  <testcase name="shouldSetAndGetProperty[InnerPublicType/publicProperty]" classname="org.springframework.data.mapping.model.ClassGeneratingPropertyAccessorFactoryTests" time="0.001"/>
  <testcase name="setPropertyShouldFailOnUnhandledProperty[InnerPublicType/publicProperty]" classname="org.springframework.data.mapping.model.ClassGeneratingPropertyAccessorFactoryTests" time="0.001"/>
  <testcase name="shouldUseClassPropertyAccessorFactory[InnerPublicType/publicProperty]" classname="org.springframework.data.mapping.model.ClassGeneratingPropertyAccessorFactoryTests" time="0"/>
  <testcase name="shouldFailOnNullBean[InnerPublicType/syntheticProperty]" classname="org.springframework.data.mapping.model.ClassGeneratingPropertyAccessorFactoryTests" time="0.001"/>
  <testcase name="accessorShouldDeclareConstructor[InnerPublicType/syntheticProperty]" classname="org.springframework.data.mapping.model.ClassGeneratingPropertyAccessorFactoryTests" time="0.001"/>
  <testcase name="getPropertyShouldFailOnUnhandledProperty[InnerPublicType/syntheticProperty]" classname="org.springframework.data.mapping.model.ClassGeneratingPropertyAccessorFactoryTests" time="0"/>
  <testcase name="shouldSetAndGetProperty[InnerPublicType/syntheticProperty]" classname="org.springframework.data.mapping.model.ClassGeneratingPropertyAccessorFactoryTests" time="0"/>
  <testcase name="setPropertyShouldFailOnUnhandledProperty[InnerPublicType/syntheticProperty]" classname="org.springframework.data.mapping.model.ClassGeneratingPropertyAccessorFactoryTests" time="0.001"/>
  <testcase name="shouldUseClassPropertyAccessorFactory[InnerPublicType/syntheticProperty]" classname="org.springframework.data.mapping.model.ClassGeneratingPropertyAccessorFactoryTests" time="0"/>
  <testcase name="shouldFailOnNullBean[ClassGeneratingPropertyAccessorPackageDefaultType/privateField]" classname="org.springframework.data.mapping.model.ClassGeneratingPropertyAccessorFactoryTests" time="0.002"/>
  <testcase name="accessorShouldDeclareConstructor[ClassGeneratingPropertyAccessorPackageDefaultType/privateField]" classname="org.springframework.data.mapping.model.ClassGeneratingPropertyAccessorFactoryTests" time="0.001"/>
  <testcase name="getPropertyShouldFailOnUnhandledProperty[ClassGeneratingPropertyAccessorPackageDefaultType/privateField]" classname="org.springframework.data.mapping.model.ClassGeneratingPropertyAccessorFactoryTests" time="0.001"/>
  <testcase name="shouldSetAndGetProperty[ClassGeneratingPropertyAccessorPackageDefaultType/privateField]" classname="org.springframework.data.mapping.model.ClassGeneratingPropertyAccessorFactoryTests" time="0.001"/>
  <testcase name="setPropertyShouldFailOnUnhandledProperty[ClassGeneratingPropertyAccessorPackageDefaultType/privateField]" classname="org.springframework.data.mapping.model.ClassGeneratingPropertyAccessorFactoryTests" time="0.001"/>
  <testcase name="shouldUseClassPropertyAccessorFactory[ClassGeneratingPropertyAccessorPackageDefaultType/privateField]" classname="org.springframework.data.mapping.model.ClassGeneratingPropertyAccessorFactoryTests" time="0"/>
  <testcase name="shouldFailOnNullBean[ClassGeneratingPropertyAccessorPackageDefaultType/packageDefaultField]" classname="org.springframework.data.mapping.model.ClassGeneratingPropertyAccessorFactoryTests" time="0.001"/>
  <testcase name="accessorShouldDeclareConstructor[ClassGeneratingPropertyAccessorPackageDefaultType/packageDefaultField]" classname="org.springframework.data.mapping.model.ClassGeneratingPropertyAccessorFactoryTests" time="0"/>
  <testcase name="getPropertyShouldFailOnUnhandledProperty[ClassGeneratingPropertyAccessorPackageDefaultType/packageDefaultField]" classname="org.springframework.data.mapping.model.ClassGeneratingPropertyAccessorFactoryTests" time="0.001"/>
  <testcase name="shouldSetAndGetProperty[ClassGeneratingPropertyAccessorPackageDefaultType/packageDefaultField]" classname="org.springframework.data.mapping.model.ClassGeneratingPropertyAccessorFactoryTests" time="0.001"/>
  <testcase name="setPropertyShouldFailOnUnhandledProperty[ClassGeneratingPropertyAccessorPackageDefaultType/packageDefaultField]" classname="org.springframework.data.mapping.model.ClassGeneratingPropertyAccessorFactoryTests" time="0.001"/>
  <testcase name="shouldUseClassPropertyAccessorFactory[ClassGeneratingPropertyAccessorPackageDefaultType/packageDefaultField]" classname="org.springframework.data.mapping.model.ClassGeneratingPropertyAccessorFactoryTests" time="0"/>
  <testcase name="shouldFailOnNullBean[ClassGeneratingPropertyAccessorPackageDefaultType/protectedField]" classname="org.springframework.data.mapping.model.ClassGeneratingPropertyAccessorFactoryTests" time="0.001"/>
  <testcase name="accessorShouldDeclareConstructor[ClassGeneratingPropertyAccessorPackageDefaultType/protectedField]" classname="org.springframework.data.mapping.model.ClassGeneratingPropertyAccessorFactoryTests" time="0"/>
  <testcase name="getPropertyShouldFailOnUnhandledProperty[ClassGeneratingPropertyAccessorPackageDefaultType/protectedField]" classname="org.springframework.data.mapping.model.ClassGeneratingPropertyAccessorFactoryTests" time="0.001"/>
  <testcase name="shouldSetAndGetProperty[ClassGeneratingPropertyAccessorPackageDefaultType/protectedField]" classname="org.springframework.data.mapping.model.ClassGeneratingPropertyAccessorFactoryTests" time="0"/>
  <testcase name="setPropertyShouldFailOnUnhandledProperty[ClassGeneratingPropertyAccessorPackageDefaultType/protectedField]" classname="org.springframework.data.mapping.model.ClassGeneratingPropertyAccessorFactoryTests" time="0"/>
  <testcase name="shouldUseClassPropertyAccessorFactory[ClassGeneratingPropertyAccessorPackageDefaultType/protectedField]" classname="org.springframework.data.mapping.model.ClassGeneratingPropertyAccessorFactoryTests" time="0"/>
  <testcase name="shouldFailOnNullBean[ClassGeneratingPropertyAccessorPackageDefaultType/publicField]" classname="org.springframework.data.mapping.model.ClassGeneratingPropertyAccessorFactoryTests" time="0.001"/>
  <testcase name="accessorShouldDeclareConstructor[ClassGeneratingPropertyAccessorPackageDefaultType/publicField]" classname="org.springframework.data.mapping.model.ClassGeneratingPropertyAccessorFactoryTests" time="0.001"/>
  <testcase name="getPropertyShouldFailOnUnhandledProperty[ClassGeneratingPropertyAccessorPackageDefaultType/publicField]" classname="org.springframework.data.mapping.model.ClassGeneratingPropertyAccessorFactoryTests" time="0.001"/>
  <testcase name="shouldSetAndGetProperty[ClassGeneratingPropertyAccessorPackageDefaultType/publicField]" classname="org.springframework.data.mapping.model.ClassGeneratingPropertyAccessorFactoryTests" time="0"/>
  <testcase name="setPropertyShouldFailOnUnhandledProperty[ClassGeneratingPropertyAccessorPackageDefaultType/publicField]" classname="org.springframework.data.mapping.model.ClassGeneratingPropertyAccessorFactoryTests" time="0.001"/>
  <testcase name="shouldUseClassPropertyAccessorFactory[ClassGeneratingPropertyAccessorPackageDefaultType/publicField]" classname="org.springframework.data.mapping.model.ClassGeneratingPropertyAccessorFactoryTests" time="0"/>
  <testcase name="shouldFailOnNullBean[ClassGeneratingPropertyAccessorPackageDefaultType/privateProperty]" classname="org.springframework.data.mapping.model.ClassGeneratingPropertyAccessorFactoryTests" time="0.001"/>
  <testcase name="accessorShouldDeclareConstructor[ClassGeneratingPropertyAccessorPackageDefaultType/privateProperty]" classname="org.springframework.data.mapping.model.ClassGeneratingPropertyAccessorFactoryTests" time="0.001"/>
  <testcase name="getPropertyShouldFailOnUnhandledProperty[ClassGeneratingPropertyAccessorPackageDefaultType/privateProperty]" classname="org.springframework.data.mapping.model.ClassGeneratingPropertyAccessorFactoryTests" time="0.001"/>
  <testcase name="shouldSetAndGetProperty[ClassGeneratingPropertyAccessorPackageDefaultType/privateProperty]" classname="org.springframework.data.mapping.model.ClassGeneratingPropertyAccessorFactoryTests" time="0"/>
  <testcase name="setPropertyShouldFailOnUnhandledProperty[ClassGeneratingPropertyAccessorPackageDefaultType/privateProperty]" classname="org.springframework.data.mapping.model.ClassGeneratingPropertyAccessorFactoryTests" time="0.001"/>
  <testcase name="shouldUseClassPropertyAccessorFactory[ClassGeneratingPropertyAccessorPackageDefaultType/privateProperty]" classname="org.springframework.data.mapping.model.ClassGeneratingPropertyAccessorFactoryTests" time="0"/>
  <testcase name="shouldFailOnNullBean[ClassGeneratingPropertyAccessorPackageDefaultType/packageDefaultProperty]" classname="org.springframework.data.mapping.model.ClassGeneratingPropertyAccessorFactoryTests" time="0.001"/>
  <testcase name="accessorShouldDeclareConstructor[ClassGeneratingPropertyAccessorPackageDefaultType/packageDefaultProperty]" classname="org.springframework.data.mapping.model.ClassGeneratingPropertyAccessorFactoryTests" time="0.001"/>
  <testcase name="getPropertyShouldFailOnUnhandledProperty[ClassGeneratingPropertyAccessorPackageDefaultType/packageDefaultProperty]" classname="org.springframework.data.mapping.model.ClassGeneratingPropertyAccessorFactoryTests" time="0"/>
  <testcase name="shouldSetAndGetProperty[ClassGeneratingPropertyAccessorPackageDefaultType/packageDefaultProperty]" classname="org.springframework.data.mapping.model.ClassGeneratingPropertyAccessorFactoryTests" time="0.001"/>
  <testcase name="setPropertyShouldFailOnUnhandledProperty[ClassGeneratingPropertyAccessorPackageDefaultType/packageDefaultProperty]" classname="org.springframework.data.mapping.model.ClassGeneratingPropertyAccessorFactoryTests" time="0.001"/>
  <testcase name="shouldUseClassPropertyAccessorFactory[ClassGeneratingPropertyAccessorPackageDefaultType/packageDefaultProperty]" classname="org.springframework.data.mapping.model.ClassGeneratingPropertyAccessorFactoryTests" time="0"/>
  <testcase name="shouldFailOnNullBean[ClassGeneratingPropertyAccessorPackageDefaultType/protectedProperty]" classname="org.springframework.data.mapping.model.ClassGeneratingPropertyAccessorFactoryTests" time="0"/>
  <testcase name="accessorShouldDeclareConstructor[ClassGeneratingPropertyAccessorPackageDefaultType/protectedProperty]" classname="org.springframework.data.mapping.model.ClassGeneratingPropertyAccessorFactoryTests" time="0"/>
  <testcase name="getPropertyShouldFailOnUnhandledProperty[ClassGeneratingPropertyAccessorPackageDefaultType/protectedProperty]" classname="org.springframework.data.mapping.model.ClassGeneratingPropertyAccessorFactoryTests" time="0.001"/>
  <testcase name="shouldSetAndGetProperty[ClassGeneratingPropertyAccessorPackageDefaultType/protectedProperty]" classname="org.springframework.data.mapping.model.ClassGeneratingPropertyAccessorFactoryTests" time="0.001"/>
  <testcase name="setPropertyShouldFailOnUnhandledProperty[ClassGeneratingPropertyAccessorPackageDefaultType/protectedProperty]" classname="org.springframework.data.mapping.model.ClassGeneratingPropertyAccessorFactoryTests" time="0.001"/>
  <testcase name="shouldUseClassPropertyAccessorFactory[ClassGeneratingPropertyAccessorPackageDefaultType/protectedProperty]" classname="org.springframework.data.mapping.model.ClassGeneratingPropertyAccessorFactoryTests" time="0"/>
  <testcase name="shouldFailOnNullBean[ClassGeneratingPropertyAccessorPackageDefaultType/publicProperty]" classname="org.springframework.data.mapping.model.ClassGeneratingPropertyAccessorFactoryTests" time="0.001"/>
  <testcase name="accessorShouldDeclareConstructor[ClassGeneratingPropertyAccessorPackageDefaultType/publicProperty]" classname="org.springframework.data.mapping.model.ClassGeneratingPropertyAccessorFactoryTests" time="0.001"/>
  <testcase name="getPropertyShouldFailOnUnhandledProperty[ClassGeneratingPropertyAccessorPackageDefaultType/publicProperty]" classname="org.springframework.data.mapping.model.ClassGeneratingPropertyAccessorFactoryTests" time="0.002"/>
  <testcase name="shouldSetAndGetProperty[ClassGeneratingPropertyAccessorPackageDefaultType/publicProperty]" classname="org.springframework.data.mapping.model.ClassGeneratingPropertyAccessorFactoryTests" time="0.001"/>
  <testcase name="setPropertyShouldFailOnUnhandledProperty[ClassGeneratingPropertyAccessorPackageDefaultType/publicProperty]" classname="org.springframework.data.mapping.model.ClassGeneratingPropertyAccessorFactoryTests" time="0.001"/>
  <testcase name="shouldUseClassPropertyAccessorFactory[ClassGeneratingPropertyAccessorPackageDefaultType/publicProperty]" classname="org.springframework.data.mapping.model.ClassGeneratingPropertyAccessorFactoryTests" time="0"/>
  <testcase name="shouldFailOnNullBean[ClassGeneratingPropertyAccessorPackageDefaultType/syntheticProperty]" classname="org.springframework.data.mapping.model.ClassGeneratingPropertyAccessorFactoryTests" time="0.001"/>
  <testcase name="accessorShouldDeclareConstructor[ClassGeneratingPropertyAccessorPackageDefaultType/syntheticProperty]" classname="org.springframework.data.mapping.model.ClassGeneratingPropertyAccessorFactoryTests" time="0"/>
  <testcase name="getPropertyShouldFailOnUnhandledProperty[ClassGeneratingPropertyAccessorPackageDefaultType/syntheticProperty]" classname="org.springframework.data.mapping.model.ClassGeneratingPropertyAccessorFactoryTests" time="0.001"/>
  <testcase name="shouldSetAndGetProperty[ClassGeneratingPropertyAccessorPackageDefaultType/syntheticProperty]" classname="org.springframework.data.mapping.model.ClassGeneratingPropertyAccessorFactoryTests" time="0.001"/>
  <testcase name="setPropertyShouldFailOnUnhandledProperty[ClassGeneratingPropertyAccessorPackageDefaultType/syntheticProperty]" classname="org.springframework.data.mapping.model.ClassGeneratingPropertyAccessorFactoryTests" time="0.001"/>
  <testcase name="shouldUseClassPropertyAccessorFactory[ClassGeneratingPropertyAccessorPackageDefaultType/syntheticProperty]" classname="org.springframework.data.mapping.model.ClassGeneratingPropertyAccessorFactoryTests" time="0"/>
  <testcase name="shouldFailOnNullBean[ClassGeneratingPropertyAccessorPublicType/privateField]" classname="org.springframework.data.mapping.model.ClassGeneratingPropertyAccessorFactoryTests" time="0.003"/>
  <testcase name="accessorShouldDeclareConstructor[ClassGeneratingPropertyAccessorPublicType/privateField]" classname="org.springframework.data.mapping.model.ClassGeneratingPropertyAccessorFactoryTests" time="0"/>
  <testcase name="getPropertyShouldFailOnUnhandledProperty[ClassGeneratingPropertyAccessorPublicType/privateField]" classname="org.springframework.data.mapping.model.ClassGeneratingPropertyAccessorFactoryTests" time="0.001"/>
  <testcase name="shouldSetAndGetProperty[ClassGeneratingPropertyAccessorPublicType/privateField]" classname="org.springframework.data.mapping.model.ClassGeneratingPropertyAccessorFactoryTests" time="0.001"/>
  <testcase name="setPropertyShouldFailOnUnhandledProperty[ClassGeneratingPropertyAccessorPublicType/privateField]" classname="org.springframework.data.mapping.model.ClassGeneratingPropertyAccessorFactoryTests" time="0.001"/>
  <testcase name="shouldUseClassPropertyAccessorFactory[ClassGeneratingPropertyAccessorPublicType/privateField]" classname="org.springframework.data.mapping.model.ClassGeneratingPropertyAccessorFactoryTests" time="0"/>
  <testcase name="shouldFailOnNullBean[ClassGeneratingPropertyAccessorPublicType/packageDefaultField]" classname="org.springframework.data.mapping.model.ClassGeneratingPropertyAccessorFactoryTests" time="0"/>
  <testcase name="accessorShouldDeclareConstructor[ClassGeneratingPropertyAccessorPublicType/packageDefaultField]" classname="org.springframework.data.mapping.model.ClassGeneratingPropertyAccessorFactoryTests" time="0.001"/>
  <testcase name="getPropertyShouldFailOnUnhandledProperty[ClassGeneratingPropertyAccessorPublicType/packageDefaultField]" classname="org.springframework.data.mapping.model.ClassGeneratingPropertyAccessorFactoryTests" time="0.001"/>
  <testcase name="shouldSetAndGetProperty[ClassGeneratingPropertyAccessorPublicType/packageDefaultField]" classname="org.springframework.data.mapping.model.ClassGeneratingPropertyAccessorFactoryTests" time="0.001"/>
  <testcase name="setPropertyShouldFailOnUnhandledProperty[ClassGeneratingPropertyAccessorPublicType/packageDefaultField]" classname="org.springframework.data.mapping.model.ClassGeneratingPropertyAccessorFactoryTests" time="0.001"/>
  <testcase name="shouldUseClassPropertyAccessorFactory[ClassGeneratingPropertyAccessorPublicType/packageDefaultField]" classname="org.springframework.data.mapping.model.ClassGeneratingPropertyAccessorFactoryTests" time="0"/>
  <testcase name="shouldFailOnNullBean[ClassGeneratingPropertyAccessorPublicType/protectedField]" classname="org.springframework.data.mapping.model.ClassGeneratingPropertyAccessorFactoryTests" time="0.001"/>
  <testcase name="accessorShouldDeclareConstructor[ClassGeneratingPropertyAccessorPublicType/protectedField]" classname="org.springframework.data.mapping.model.ClassGeneratingPropertyAccessorFactoryTests" time="0.001"/>
  <testcase name="getPropertyShouldFailOnUnhandledProperty[ClassGeneratingPropertyAccessorPublicType/protectedField]" classname="org.springframework.data.mapping.model.ClassGeneratingPropertyAccessorFactoryTests" time="0.001"/>
  <testcase name="shouldSetAndGetProperty[ClassGeneratingPropertyAccessorPublicType/protectedField]" classname="org.springframework.data.mapping.model.ClassGeneratingPropertyAccessorFactoryTests" time="0.001"/>
  <testcase name="setPropertyShouldFailOnUnhandledProperty[ClassGeneratingPropertyAccessorPublicType/protectedField]" classname="org.springframework.data.mapping.model.ClassGeneratingPropertyAccessorFactoryTests" time="0.001"/>
  <testcase name="shouldUseClassPropertyAccessorFactory[ClassGeneratingPropertyAccessorPublicType/protectedField]" classname="org.springframework.data.mapping.model.ClassGeneratingPropertyAccessorFactoryTests" time="0"/>
  <testcase name="shouldFailOnNullBean[ClassGeneratingPropertyAccessorPublicType/publicField]" classname="org.springframework.data.mapping.model.ClassGeneratingPropertyAccessorFactoryTests" time="0.001"/>
  <testcase name="accessorShouldDeclareConstructor[ClassGeneratingPropertyAccessorPublicType/publicField]" classname="org.springframework.data.mapping.model.ClassGeneratingPropertyAccessorFactoryTests" time="0.001"/>
  <testcase name="getPropertyShouldFailOnUnhandledProperty[ClassGeneratingPropertyAccessorPublicType/publicField]" classname="org.springframework.data.mapping.model.ClassGeneratingPropertyAccessorFactoryTests" time="0.001"/>
  <testcase name="shouldSetAndGetProperty[ClassGeneratingPropertyAccessorPublicType/publicField]" classname="org.springframework.data.mapping.model.ClassGeneratingPropertyAccessorFactoryTests" time="0.001"/>
  <testcase name="setPropertyShouldFailOnUnhandledProperty[ClassGeneratingPropertyAccessorPublicType/publicField]" classname="org.springframework.data.mapping.model.ClassGeneratingPropertyAccessorFactoryTests" time="0.001"/>
  <testcase name="shouldUseClassPropertyAccessorFactory[ClassGeneratingPropertyAccessorPublicType/publicField]" classname="org.springframework.data.mapping.model.ClassGeneratingPropertyAccessorFactoryTests" time="0"/>
  <testcase name="shouldFailOnNullBean[ClassGeneratingPropertyAccessorPublicType/privateProperty]" classname="org.springframework.data.mapping.model.ClassGeneratingPropertyAccessorFactoryTests" time="0.001"/>
  <testcase name="accessorShouldDeclareConstructor[ClassGeneratingPropertyAccessorPublicType/privateProperty]" classname="org.springframework.data.mapping.model.ClassGeneratingPropertyAccessorFactoryTests" time="0.001"/>
  <testcase name="getPropertyShouldFailOnUnhandledProperty[ClassGeneratingPropertyAccessorPublicType/privateProperty]" classname="org.springframework.data.mapping.model.ClassGeneratingPropertyAccessorFactoryTests" time="0.001"/>
  <testcase name="shouldSetAndGetProperty[ClassGeneratingPropertyAccessorPublicType/privateProperty]" classname="org.springframework.data.mapping.model.ClassGeneratingPropertyAccessorFactoryTests" time="0"/>
  <testcase name="setPropertyShouldFailOnUnhandledProperty[ClassGeneratingPropertyAccessorPublicType/privateProperty]" classname="org.springframework.data.mapping.model.ClassGeneratingPropertyAccessorFactoryTests" time="0.001"/>
  <testcase name="shouldUseClassPropertyAccessorFactory[ClassGeneratingPropertyAccessorPublicType/privateProperty]" classname="org.springframework.data.mapping.model.ClassGeneratingPropertyAccessorFactoryTests" time="0"/>
  <testcase name="shouldFailOnNullBean[ClassGeneratingPropertyAccessorPublicType/packageDefaultProperty]" classname="org.springframework.data.mapping.model.ClassGeneratingPropertyAccessorFactoryTests" time="0.001"/>
  <testcase name="accessorShouldDeclareConstructor[ClassGeneratingPropertyAccessorPublicType/packageDefaultProperty]" classname="org.springframework.data.mapping.model.ClassGeneratingPropertyAccessorFactoryTests" time="0.001"/>
  <testcase name="getPropertyShouldFailOnUnhandledProperty[ClassGeneratingPropertyAccessorPublicType/packageDefaultProperty]" classname="org.springframework.data.mapping.model.ClassGeneratingPropertyAccessorFactoryTests" time="0.001"/>
  <testcase name="shouldSetAndGetProperty[ClassGeneratingPropertyAccessorPublicType/packageDefaultProperty]" classname="org.springframework.data.mapping.model.ClassGeneratingPropertyAccessorFactoryTests" time="0.001"/>
  <testcase name="setPropertyShouldFailOnUnhandledProperty[ClassGeneratingPropertyAccessorPublicType/packageDefaultProperty]" classname="org.springframework.data.mapping.model.ClassGeneratingPropertyAccessorFactoryTests" time="0.001"/>
  <testcase name="shouldUseClassPropertyAccessorFactory[ClassGeneratingPropertyAccessorPublicType/packageDefaultProperty]" classname="org.springframework.data.mapping.model.ClassGeneratingPropertyAccessorFactoryTests" time="0"/>
  <testcase name="shouldFailOnNullBean[ClassGeneratingPropertyAccessorPublicType/protectedProperty]" classname="org.springframework.data.mapping.model.ClassGeneratingPropertyAccessorFactoryTests" time="0.001"/>
  <testcase name="accessorShouldDeclareConstructor[ClassGeneratingPropertyAccessorPublicType/protectedProperty]" classname="org.springframework.data.mapping.model.ClassGeneratingPropertyAccessorFactoryTests" time="0.001"/>
  <testcase name="getPropertyShouldFailOnUnhandledProperty[ClassGeneratingPropertyAccessorPublicType/protectedProperty]" classname="org.springframework.data.mapping.model.ClassGeneratingPropertyAccessorFactoryTests" time="0.001"/>
  <testcase name="shouldSetAndGetProperty[ClassGeneratingPropertyAccessorPublicType/protectedProperty]" classname="org.springframework.data.mapping.model.ClassGeneratingPropertyAccessorFactoryTests" time="0.001"/>
  <testcase name="setPropertyShouldFailOnUnhandledProperty[ClassGeneratingPropertyAccessorPublicType/protectedProperty]" classname="org.springframework.data.mapping.model.ClassGeneratingPropertyAccessorFactoryTests" time="0.001"/>
  <testcase name="shouldUseClassPropertyAccessorFactory[ClassGeneratingPropertyAccessorPublicType/protectedProperty]" classname="org.springframework.data.mapping.model.ClassGeneratingPropertyAccessorFactoryTests" time="0"/>
  <testcase name="shouldFailOnNullBean[ClassGeneratingPropertyAccessorPublicType/publicProperty]" classname="org.springframework.data.mapping.model.ClassGeneratingPropertyAccessorFactoryTests" time="0.001"/>
  <testcase name="accessorShouldDeclareConstructor[ClassGeneratingPropertyAccessorPublicType/publicProperty]" classname="org.springframework.data.mapping.model.ClassGeneratingPropertyAccessorFactoryTests" time="0.001"/>
  <testcase name="getPropertyShouldFailOnUnhandledProperty[ClassGeneratingPropertyAccessorPublicType/publicProperty]" classname="org.springframework.data.mapping.model.ClassGeneratingPropertyAccessorFactoryTests" time="0"/>
  <testcase name="shouldSetAndGetProperty[ClassGeneratingPropertyAccessorPublicType/publicProperty]" classname="org.springframework.data.mapping.model.ClassGeneratingPropertyAccessorFactoryTests" time="0.001"/>
  <testcase name="setPropertyShouldFailOnUnhandledProperty[ClassGeneratingPropertyAccessorPublicType/publicProperty]" classname="org.springframework.data.mapping.model.ClassGeneratingPropertyAccessorFactoryTests" time="0.001"/>
  <testcase name="shouldUseClassPropertyAccessorFactory[ClassGeneratingPropertyAccessorPublicType/publicProperty]" classname="org.springframework.data.mapping.model.ClassGeneratingPropertyAccessorFactoryTests" time="0.001"/>
  <testcase name="shouldFailOnNullBean[ClassGeneratingPropertyAccessorPublicType/syntheticProperty]" classname="org.springframework.data.mapping.model.ClassGeneratingPropertyAccessorFactoryTests" time="0"/>
  <testcase name="accessorShouldDeclareConstructor[ClassGeneratingPropertyAccessorPublicType/syntheticProperty]" classname="org.springframework.data.mapping.model.ClassGeneratingPropertyAccessorFactoryTests" time="0"/>
  <testcase name="getPropertyShouldFailOnUnhandledProperty[ClassGeneratingPropertyAccessorPublicType/syntheticProperty]" classname="org.springframework.data.mapping.model.ClassGeneratingPropertyAccessorFactoryTests" time="0.001"/>
  <testcase name="shouldSetAndGetProperty[ClassGeneratingPropertyAccessorPublicType/syntheticProperty]" classname="org.springframework.data.mapping.model.ClassGeneratingPropertyAccessorFactoryTests" time="0.001"/>
  <testcase name="setPropertyShouldFailOnUnhandledProperty[ClassGeneratingPropertyAccessorPublicType/syntheticProperty]" classname="org.springframework.data.mapping.model.ClassGeneratingPropertyAccessorFactoryTests" time="0.002"/>
  <testcase name="shouldUseClassPropertyAccessorFactory[ClassGeneratingPropertyAccessorPublicType/syntheticProperty]" classname="org.springframework.data.mapping.model.ClassGeneratingPropertyAccessorFactoryTests" time="0"/>
  <testcase name="shouldFailOnNullBean[SubtypeOfTypeInOtherPackage/privateField]" classname="org.springframework.data.mapping.model.ClassGeneratingPropertyAccessorFactoryTests" time="0.003"/>
  <testcase name="accessorShouldDeclareConstructor[SubtypeOfTypeInOtherPackage/privateField]" classname="org.springframework.data.mapping.model.ClassGeneratingPropertyAccessorFactoryTests" time="0"/>
  <testcase name="getPropertyShouldFailOnUnhandledProperty[SubtypeOfTypeInOtherPackage/privateField]" classname="org.springframework.data.mapping.model.ClassGeneratingPropertyAccessorFactoryTests" time="0.002"/>
  <testcase name="shouldSetAndGetProperty[SubtypeOfTypeInOtherPackage/privateField]" classname="org.springframework.data.mapping.model.ClassGeneratingPropertyAccessorFactoryTests" time="0"/>
  <testcase name="setPropertyShouldFailOnUnhandledProperty[SubtypeOfTypeInOtherPackage/privateField]" classname="org.springframework.data.mapping.model.ClassGeneratingPropertyAccessorFactoryTests" time="0.002"/>
  <testcase name="shouldUseClassPropertyAccessorFactory[SubtypeOfTypeInOtherPackage/privateField]" classname="org.springframework.data.mapping.model.ClassGeneratingPropertyAccessorFactoryTests" time="0"/>
  <testcase name="shouldFailOnNullBean[SubtypeOfTypeInOtherPackage/packageDefaultField]" classname="org.springframework.data.mapping.model.ClassGeneratingPropertyAccessorFactoryTests" time="0.001"/>
  <testcase name="accessorShouldDeclareConstructor[SubtypeOfTypeInOtherPackage/packageDefaultField]" classname="org.springframework.data.mapping.model.ClassGeneratingPropertyAccessorFactoryTests" time="0"/>
  <testcase name="getPropertyShouldFailOnUnhandledProperty[SubtypeOfTypeInOtherPackage/packageDefaultField]" classname="org.springframework.data.mapping.model.ClassGeneratingPropertyAccessorFactoryTests" time="0.001"/>
  <testcase name="shouldSetAndGetProperty[SubtypeOfTypeInOtherPackage/packageDefaultField]" classname="org.springframework.data.mapping.model.ClassGeneratingPropertyAccessorFactoryTests" time="0.001"/>
  <testcase name="setPropertyShouldFailOnUnhandledProperty[SubtypeOfTypeInOtherPackage/packageDefaultField]" classname="org.springframework.data.mapping.model.ClassGeneratingPropertyAccessorFactoryTests" time="0.001"/>
  <testcase name="shouldUseClassPropertyAccessorFactory[SubtypeOfTypeInOtherPackage/packageDefaultField]" classname="org.springframework.data.mapping.model.ClassGeneratingPropertyAccessorFactoryTests" time="0"/>
  <testcase name="shouldFailOnNullBean[SubtypeOfTypeInOtherPackage/protectedField]" classname="org.springframework.data.mapping.model.ClassGeneratingPropertyAccessorFactoryTests" time="0.001"/>
  <testcase name="accessorShouldDeclareConstructor[SubtypeOfTypeInOtherPackage/protectedField]" classname="org.springframework.data.mapping.model.ClassGeneratingPropertyAccessorFactoryTests" time="0.001"/>
  <testcase name="getPropertyShouldFailOnUnhandledProperty[SubtypeOfTypeInOtherPackage/protectedField]" classname="org.springframework.data.mapping.model.ClassGeneratingPropertyAccessorFactoryTests" time="0.001"/>
  <testcase name="shouldSetAndGetProperty[SubtypeOfTypeInOtherPackage/protectedField]" classname="org.springframework.data.mapping.model.ClassGeneratingPropertyAccessorFactoryTests" time="0.001"/>
  <testcase name="setPropertyShouldFailOnUnhandledProperty[SubtypeOfTypeInOtherPackage/protectedField]" classname="org.springframework.data.mapping.model.ClassGeneratingPropertyAccessorFactoryTests" time="0.001"/>
  <testcase name="shouldUseClassPropertyAccessorFactory[SubtypeOfTypeInOtherPackage/protectedField]" classname="org.springframework.data.mapping.model.ClassGeneratingPropertyAccessorFactoryTests" time="0"/>
  <testcase name="shouldFailOnNullBean[SubtypeOfTypeInOtherPackage/publicField]" classname="org.springframework.data.mapping.model.ClassGeneratingPropertyAccessorFactoryTests" time="0.001"/>
  <testcase name="accessorShouldDeclareConstructor[SubtypeOfTypeInOtherPackage/publicField]" classname="org.springframework.data.mapping.model.ClassGeneratingPropertyAccessorFactoryTests" time="0"/>
  <testcase name="getPropertyShouldFailOnUnhandledProperty[SubtypeOfTypeInOtherPackage/publicField]" classname="org.springframework.data.mapping.model.ClassGeneratingPropertyAccessorFactoryTests" time="0.001"/>
  <testcase name="shouldSetAndGetProperty[SubtypeOfTypeInOtherPackage/publicField]" classname="org.springframework.data.mapping.model.ClassGeneratingPropertyAccessorFactoryTests" time="0.001"/>
  <testcase name="setPropertyShouldFailOnUnhandledProperty[SubtypeOfTypeInOtherPackage/publicField]" classname="org.springframework.data.mapping.model.ClassGeneratingPropertyAccessorFactoryTests" time="0.001"/>
  <testcase name="shouldUseClassPropertyAccessorFactory[SubtypeOfTypeInOtherPackage/publicField]" classname="org.springframework.data.mapping.model.ClassGeneratingPropertyAccessorFactoryTests" time="0"/>
  <testcase name="shouldFailOnNullBean[SubtypeOfTypeInOtherPackage/privateProperty]" classname="org.springframework.data.mapping.model.ClassGeneratingPropertyAccessorFactoryTests" time="0.001"/>
  <testcase name="accessorShouldDeclareConstructor[SubtypeOfTypeInOtherPackage/privateProperty]" classname="org.springframework.data.mapping.model.ClassGeneratingPropertyAccessorFactoryTests" time="0.001"/>
  <testcase name="getPropertyShouldFailOnUnhandledProperty[SubtypeOfTypeInOtherPackage/privateProperty]" classname="org.springframework.data.mapping.model.ClassGeneratingPropertyAccessorFactoryTests" time="0.001"/>
  <testcase name="shouldSetAndGetProperty[SubtypeOfTypeInOtherPackage/privateProperty]" classname="org.springframework.data.mapping.model.ClassGeneratingPropertyAccessorFactoryTests" time="0.001"/>
  <testcase name="setPropertyShouldFailOnUnhandledProperty[SubtypeOfTypeInOtherPackage/privateProperty]" classname="org.springframework.data.mapping.model.ClassGeneratingPropertyAccessorFactoryTests" time="0.001"/>
  <testcase name="shouldUseClassPropertyAccessorFactory[SubtypeOfTypeInOtherPackage/privateProperty]" classname="org.springframework.data.mapping.model.ClassGeneratingPropertyAccessorFactoryTests" time="0"/>
  <testcase name="shouldFailOnNullBean[SubtypeOfTypeInOtherPackage/packageDefaultProperty]" classname="org.springframework.data.mapping.model.ClassGeneratingPropertyAccessorFactoryTests" time="0.001"/>
  <testcase name="accessorShouldDeclareConstructor[SubtypeOfTypeInOtherPackage/packageDefaultProperty]" classname="org.springframework.data.mapping.model.ClassGeneratingPropertyAccessorFactoryTests" time="0"/>
  <testcase name="getPropertyShouldFailOnUnhandledProperty[SubtypeOfTypeInOtherPackage/packageDefaultProperty]" classname="org.springframework.data.mapping.model.ClassGeneratingPropertyAccessorFactoryTests" time="0.001"/>
  <testcase name="shouldSetAndGetProperty[SubtypeOfTypeInOtherPackage/packageDefaultProperty]" classname="org.springframework.data.mapping.model.ClassGeneratingPropertyAccessorFactoryTests" time="0.001"/>
  <testcase name="setPropertyShouldFailOnUnhandledProperty[SubtypeOfTypeInOtherPackage/packageDefaultProperty]" classname="org.springframework.data.mapping.model.ClassGeneratingPropertyAccessorFactoryTests" time="0.001"/>
  <testcase name="shouldUseClassPropertyAccessorFactory[SubtypeOfTypeInOtherPackage/packageDefaultProperty]" classname="org.springframework.data.mapping.model.ClassGeneratingPropertyAccessorFactoryTests" time="0"/>
  <testcase name="shouldFailOnNullBean[SubtypeOfTypeInOtherPackage/protectedProperty]" classname="org.springframework.data.mapping.model.ClassGeneratingPropertyAccessorFactoryTests" time="0.001"/>
  <testcase name="accessorShouldDeclareConstructor[SubtypeOfTypeInOtherPackage/protectedProperty]" classname="org.springframework.data.mapping.model.ClassGeneratingPropertyAccessorFactoryTests" time="0.001"/>
  <testcase name="getPropertyShouldFailOnUnhandledProperty[SubtypeOfTypeInOtherPackage/protectedProperty]" classname="org.springframework.data.mapping.model.ClassGeneratingPropertyAccessorFactoryTests" time="0.001"/>
  <testcase name="shouldSetAndGetProperty[SubtypeOfTypeInOtherPackage/protectedProperty]" classname="org.springframework.data.mapping.model.ClassGeneratingPropertyAccessorFactoryTests" time="0"/>
  <testcase name="setPropertyShouldFailOnUnhandledProperty[SubtypeOfTypeInOtherPackage/protectedProperty]" classname="org.springframework.data.mapping.model.ClassGeneratingPropertyAccessorFactoryTests" time="0.001"/>
  <testcase name="shouldUseClassPropertyAccessorFactory[SubtypeOfTypeInOtherPackage/protectedProperty]" classname="org.springframework.data.mapping.model.ClassGeneratingPropertyAccessorFactoryTests" time="0"/>
  <testcase name="shouldFailOnNullBean[SubtypeOfTypeInOtherPackage/publicProperty]" classname="org.springframework.data.mapping.model.ClassGeneratingPropertyAccessorFactoryTests" time="0.001"/>
  <testcase name="accessorShouldDeclareConstructor[SubtypeOfTypeInOtherPackage/publicProperty]" classname="org.springframework.data.mapping.model.ClassGeneratingPropertyAccessorFactoryTests" time="0.001"/>
  <testcase name="getPropertyShouldFailOnUnhandledProperty[SubtypeOfTypeInOtherPackage/publicProperty]" classname="org.springframework.data.mapping.model.ClassGeneratingPropertyAccessorFactoryTests" time="0.001"/>
  <testcase name="shouldSetAndGetProperty[SubtypeOfTypeInOtherPackage/publicProperty]" classname="org.springframework.data.mapping.model.ClassGeneratingPropertyAccessorFactoryTests" time="0"/>
  <testcase name="setPropertyShouldFailOnUnhandledProperty[SubtypeOfTypeInOtherPackage/publicProperty]" classname="org.springframework.data.mapping.model.ClassGeneratingPropertyAccessorFactoryTests" time="0.001"/>
  <testcase name="shouldUseClassPropertyAccessorFactory[SubtypeOfTypeInOtherPackage/publicProperty]" classname="org.springframework.data.mapping.model.ClassGeneratingPropertyAccessorFactoryTests" time="0"/>
  <testcase name="shouldFailOnNullBean[SubtypeOfTypeInOtherPackage/syntheticProperty]" classname="org.springframework.data.mapping.model.ClassGeneratingPropertyAccessorFactoryTests" time="0.001"/>
  <testcase name="accessorShouldDeclareConstructor[SubtypeOfTypeInOtherPackage/syntheticProperty]" classname="org.springframework.data.mapping.model.ClassGeneratingPropertyAccessorFactoryTests" time="0.001"/>
  <testcase name="getPropertyShouldFailOnUnhandledProperty[SubtypeOfTypeInOtherPackage/syntheticProperty]" classname="org.springframework.data.mapping.model.ClassGeneratingPropertyAccessorFactoryTests" time="0"/>
  <testcase name="shouldSetAndGetProperty[SubtypeOfTypeInOtherPackage/syntheticProperty]" classname="org.springframework.data.mapping.model.ClassGeneratingPropertyAccessorFactoryTests" time="0"/>
  <testcase name="setPropertyShouldFailOnUnhandledProperty[SubtypeOfTypeInOtherPackage/syntheticProperty]" classname="org.springframework.data.mapping.model.ClassGeneratingPropertyAccessorFactoryTests" time="0.001"/>
  <testcase name="shouldUseClassPropertyAccessorFactory[SubtypeOfTypeInOtherPackage/syntheticProperty]" classname="org.springframework.data.mapping.model.ClassGeneratingPropertyAccessorFactoryTests" time="0"/>
</testsuite>