<?xml version="1.0" encoding="UTF-8"?>
<testsuite xmlns:xsi="http://www.w3.org/2001/XMLSchema-instance" xsi:schemaLocation="https://maven.apache.org/surefire/maven-surefire-plugin/xsd/surefire-test-report.xsd" name="org.springframework.data.repository.query.parser.PartTreeUnitTests" time="0.02" tests="68" errors="0" skipped="0" failures="0">
  <properties>
[...]
</properties>
  <testcase name="identifiesFindFirstKUsersExplicit" classname="org.springframework.data.repository.query.parser.PartTreeUnitTests" time="0.001"/>
  <testcase name="identifiesExtendedDeleteByCorrectly" classname="org.springframework.data.repository.query.parser.PartTreeUnitTests" time="0"/>
  <testcase name="parsesContainingCorrectly" classname="org.springframework.data.repository.query.parser.PartTreeUnitTests" time="0.001"/>
  <testcase name="identifiesExtendedCountByCorrectly" classname="org.springframework.data.repository.query.parser.PartTreeUnitTests" time="0"/>
  <testcase name="doesNotFailOnPropertiesContainingAKeyword" classname="org.springframework.data.repository.query.parser.PartTreeUnitTests" time="0.001"/>
  <testcase name="identifiesFindTopKDistinctUsersExplicit" classname="org.springframework.data.repository.query.parser.PartTreeUnitTests" time="0"/>
  <testcase name="supportToStringWithoutSortOrder" classname="org.springframework.data.repository.query.parser.PartTreeUnitTests" time="0"/>
  <testcase name="identifiesSimpleDeleteByCorrectly" classname="org.springframework.data.repository.query.parser.PartTreeUnitTests" time="0"/>
  <testcase name="parsesSpecialUnicodeCharactersMixedWithRegularCharactersCorrectly_Korean" classname="org.springframework.data.repository.query.parser.PartTreeUnitTests" time="0.002"/>
  <testcase name="shouldNotSupportLimitingCountQueries" classname="org.springframework.data.repository.query.parser.PartTreeUnitTests" time="0"/>
  <testcase name="parsesLikeKeywordCorrectly" classname="org.springframework.data.repository.query.parser.PartTreeUnitTests" time="0"/>
  <testcase name="detectPropertyWithAndKeywordPart" classname="org.springframework.data.repository.query.parser.PartTreeUnitTests" time="0.001"/>
  <testcase name="rejectsNullDomainClass" classname="org.springframework.data.repository.query.parser.PartTreeUnitTests" time="0"/>
  <testcase name="parsesNearCorrectly" classname="org.springframework.data.repository.query.parser.PartTreeUnitTests" time="0"/>
  <testcase name="parsesStartingWithKeywordCorrectly" classname="org.springframework.data.repository.query.parser.PartTreeUnitTests" time="0"/>
  <testcase name="queryPrefixShouldBeSupportedInRepositoryQueryMethods" classname="org.springframework.data.repository.query.parser.PartTreeUnitTests" time="0"/>
  <testcase name="parsesSpecialCharactersOnlyCorrectly_Korean" classname="org.springframework.data.repository.query.parser.PartTreeUnitTests" time="0"/>
  <testcase name="identifiesSimpleCountByCorrectly" classname="org.springframework.data.repository.query.parser.PartTreeUnitTests" time="0"/>
  <testcase name="rejectsNullSource" classname="org.springframework.data.repository.query.parser.PartTreeUnitTests" time="0"/>
  <testcase name="parsesSpecialCharactersCorrectly" classname="org.springframework.data.repository.query.parser.PartTreeUnitTests" time="0.001"/>
  <testcase name="parsesNestedSpecialUnicodeCharactersMixedWithRegularCharactersCorrectly_KoreanNumbersSymbols" classname="org.springframework.data.repository.query.parser.PartTreeUnitTests" time="0.001"/>
  <testcase name="rejectsMultipleOrderBy" classname="org.springframework.data.repository.query.parser.PartTreeUnitTests" time="0"/>
  <testcase name="identifiesFindTopKUsersExplicit" classname="org.springframework.data.repository.query.parser.PartTreeUnitTests" time="0"/>
  <testcase name="hasSortIfOrderByIsGivenWithAllIgnoreCase" classname="org.springframework.data.repository.query.parser.PartTreeUnitTests" time="0.001"/>
  <testcase name="detectsSpecificIgnoreCase" classname="org.springframework.data.repository.query.parser.PartTreeUnitTests" time="0"/>
  <testcase name="identifiesCountAndDistinctByCorrectly" classname="org.springframework.data.repository.query.parser.PartTreeUnitTests" time="0"/>
  <testcase name="detectsSpecificIgnoringCase" classname="org.springframework.data.repository.query.parser.PartTreeUnitTests" time="0"/>
  <testcase name="parsesTrueKeywordCorrectly" classname="org.springframework.data.repository.query.parser.PartTreeUnitTests" time="0"/>
  <testcase name="identifiesFindFirstImplicit" classname="org.springframework.data.repository.query.parser.PartTreeUnitTests" time="0"/>
  <testcase name="hasSortIfOrderByIsGiven" classname="org.springframework.data.repository.query.parser.PartTreeUnitTests" time="0.001"/>
  <testcase name="buildsPartTreeFromEmptyPredicateCorrectly" classname="org.springframework.data.repository.query.parser.PartTreeUnitTests" time="0"/>
  <testcase name="identifiesFindFirstKDistinctUsersExplicit" classname="org.springframework.data.repository.query.parser.PartTreeUnitTests" time="0"/>
  <testcase name="supportToStringWithSortOrder" classname="org.springframework.data.repository.query.parser.PartTreeUnitTests" time="0"/>
  <testcase name="parsesGreaterThanEqualCorrectly" classname="org.springframework.data.repository.query.parser.PartTreeUnitTests" time="0"/>
  <testcase name="identifiesFindTop1Explicit" classname="org.springframework.data.repository.query.parser.PartTreeUnitTests" time="0"/>
  <testcase name="parsesWithinCorrectly" classname="org.springframework.data.repository.query.parser.PartTreeUnitTests" time="0"/>
  <testcase name="parsesBeforeKeywordCorrectly" classname="org.springframework.data.repository.query.parser.PartTreeUnitTests" time="0.001"/>
  <testcase name="parsesNestedSpecialUnicodeCharactersMixedWithRegularCharactersCorrectly_Korean" classname="org.springframework.data.repository.query.parser.PartTreeUnitTests" time="0"/>
  <testcase name="parsesCombinedAndAndOrPropertiesCorrectly" classname="org.springframework.data.repository.query.parser.PartTreeUnitTests" time="0.001"/>
  <testcase name="returnsAllPartsOfType" classname="org.springframework.data.repository.query.parser.PartTreeUnitTests" time="0"/>
  <testcase name="detectsDistinctCorrectly" classname="org.springframework.data.repository.query.parser.PartTreeUnitTests" time="0.003"/>
  <testcase name="identifiesExtendedRemoveByCorrectly" classname="org.springframework.data.repository.query.parser.PartTreeUnitTests" time="0"/>
  <testcase name="identifiesFindTopKExplicit" classname="org.springframework.data.repository.query.parser.PartTreeUnitTests" time="0.001"/>
  <testcase name="parsesOrPropertiesCorrectly" classname="org.springframework.data.repository.query.parser.PartTreeUnitTests" time="0"/>
  <testcase name="returnsAllParts" classname="org.springframework.data.repository.query.parser.PartTreeUnitTests" time="0"/>
  <testcase name="disablesFindFirstKImplicitIfNotPresent" classname="org.springframework.data.repository.query.parser.PartTreeUnitTests" time="0"/>
  <testcase name="parsesLessThanEqualCorrectly" classname="org.springframework.data.repository.query.parser.PartTreeUnitTests" time="0"/>
  <testcase name="parsesFalseKeywordCorrectly" classname="org.springframework.data.repository.query.parser.PartTreeUnitTests" time="0"/>
  <testcase name="identifiesSimpleRemoveByCorrectly" classname="org.springframework.data.repository.query.parser.PartTreeUnitTests" time="0"/>
  <testcase name="detectPropertyPathWithOrKeywordPart" classname="org.springframework.data.repository.query.parser.PartTreeUnitTests" time="0.001"/>
  <testcase name="parsesAfterKeywordCorrectly" classname="org.springframework.data.repository.query.parser.PartTreeUnitTests" time="0"/>
  <testcase name="detectsIgnoreAllCase" classname="org.springframework.data.repository.query.parser.PartTreeUnitTests" time="0"/>
  <testcase name="parsesContainingKeywordCorrectly" classname="org.springframework.data.repository.query.parser.PartTreeUnitTests" time="0"/>
  <testcase name="parsesNotLikeKeywordCorrectly" classname="org.springframework.data.repository.query.parser.PartTreeUnitTests" time="0"/>
  <testcase name="identifiesFindFirst1Explicit" classname="org.springframework.data.repository.query.parser.PartTreeUnitTests" time="0"/>
  <testcase name="identifiesFindFirstKExplicit" classname="org.springframework.data.repository.query.parser.PartTreeUnitTests" time="0"/>
  <testcase name="parsesExistsKeywordCorrectly" classname="org.springframework.data.repository.query.parser.PartTreeUnitTests" time="0"/>
  <testcase name="resolvesPropertyPathFromGettersOnInterfaces" classname="org.springframework.data.repository.query.parser.PartTreeUnitTests" time="0.001"/>
  <testcase name="parsesIsNotContainingCorrectly" classname="org.springframework.data.repository.query.parser.PartTreeUnitTests" time="0"/>
  <testcase name="parsesSimplePropertyCorrectly" classname="org.springframework.data.repository.query.parser.PartTreeUnitTests" time="0"/>
  <testcase name="identifiesSimpleExistsByCorrectly" classname="org.springframework.data.repository.query.parser.PartTreeUnitTests" time="0"/>
  <testcase name="buildsPartTreeForNotContainingCorrectly" classname="org.springframework.data.repository.query.parser.PartTreeUnitTests" time="0"/>
  <testcase name="identifiesFindTopImplicit" classname="org.springframework.data.repository.query.parser.PartTreeUnitTests" time="0"/>
  <testcase name="shouldNotSupportLimitingExistQueries" classname="org.springframework.data.repository.query.parser.PartTreeUnitTests" time="0"/>
  <testcase name="detectPropertyWithOrKeywordPart" classname="org.springframework.data.repository.query.parser.PartTreeUnitTests" time="0"/>
  <testcase name="parsesAndPropertiesCorrectly" classname="org.springframework.data.repository.query.parser.PartTreeUnitTests" time="0"/>
  <testcase name="parsesEndingWithKeywordCorrectly" classname="org.springframework.data.repository.query.parser.PartTreeUnitTests" time="0.001"/>
  <testcase name="parsesRegexKeywordCorrectly" classname="org.springframework.data.repository.query.parser.PartTreeUnitTests" time="0"/>
</testsuite>