<?xml version="1.0" encoding="UTF-8"?>
<testsuite xmlns:xsi="http://www.w3.org/2001/XMLSchema-instance" xsi:noNamespaceSchemaLocation="https://maven.apache.org/surefire/maven-surefire-plugin/xsd/surefire-test-report.xsd" name="io.lettuce.core.SyncAsyncApiConvergenceUnitTests" time="0.278" tests="1188" errors="0" skipped="0" failures="0">
  <properties>
[...]
</properties>
  <testcase name="testMethodPresentOnReactiveApi{Method}[1]" classname="io.lettuce.core.SyncAsyncApiConvergenceUnitTests" time="0"/>
  <testcase name="testMethodPresentOnReactiveApi{Method}[2]" classname="io.lettuce.core.SyncAsyncApiConvergenceUnitTests" time="0"/>
  <testcase name="testMethodPresentOnReactiveApi{Method}[3]" classname="io.lettuce.core.SyncAsyncApiConvergenceUnitTests" time="0"/>
  <testcase name="testMethodPresentOnReactiveApi{Method}[4]" classname="io.lettuce.core.SyncAsyncApiConvergenceUnitTests" time="0.001"/>
  <testcase name="testMethodPresentOnReactiveApi{Method}[5]" classname="io.lettuce.core.SyncAsyncApiConvergenceUnitTests" time="0"/>
  <testcase name="testMethodPresentOnReactiveApi{Method}[6]" classname="io.lettuce.core.SyncAsyncApiConvergenceUnitTests" time="0"/>
  <testcase name="testMethodPresentOnReactiveApi{Method}[7]" classname="io.lettuce.core.SyncAsyncApiConvergenceUnitTests" time="0"/>
  <testcase name="testMethodPresentOnReactiveApi{Method}[8]" classname="io.lettuce.core.SyncAsyncApiConvergenceUnitTests" time="0"/>
  <testcase name="testMethodPresentOnReactiveApi{Method}[9]" classname="io.lettuce.core.SyncAsyncApiConvergenceUnitTests" time="0"/>
  <testcase name="testMethodPresentOnReactiveApi{Method}[10]" classname="io.lettuce.core.SyncAsyncApiConvergenceUnitTests" time="0"/>
  <testcase name="testMethodPresentOnReactiveApi{Method}[11]" classname="io.lettuce.core.SyncAsyncApiConvergenceUnitTests" time="0"/>
  <testcase name="testMethodPresentOnReactiveApi{Method}[12]" classname="io.lettuce.core.SyncAsyncApiConvergenceUnitTests" time="0"/>
  <testcase name="testMethodPresentOnReactiveApi{Method}[13]" classname="io.lettuce.core.SyncAsyncApiConvergenceUnitTests" time="0"/>
  <testcase name="testMethodPresentOnReactiveApi{Method}[14]" classname="io.lettuce.core.SyncAsyncApiConvergenceUnitTests" time="0"/>
  <testcase name="testMethodPresentOnReactiveApi{Method}[15]" classname="io.lettuce.core.SyncAsyncApiConvergenceUnitTests" time="0"/>
  <testcase name="testMethodPresentOnReactiveApi{Method}[16]" classname="io.lettuce.core.SyncAsyncApiConvergenceUnitTests" time="0"/>
  <testcase name="testMethodPresentOnReactiveApi{Method}[17]" classname="io.lettuce.core.SyncAsyncApiConvergenceUnitTests" time="0"/>
  <testcase name="testMethodPresentOnReactiveApi{Method}[18]" classname="io.lettuce.core.SyncAsyncApiConvergenceUnitTests" time="0"/>
  <testcase name="testMethodPresentOnReactiveApi{Method}[19]" classname="io.lettuce.core.SyncAsyncApiConvergenceUnitTests" time="0"/>
  <testcase name="testMethodPresentOnReactiveApi{Method}[20]" classname="io.lettuce.core.SyncAsyncApiConvergenceUnitTests" time="0"/>
  <testcase name="testMethodPresentOnReactiveApi{Method}[21]" classname="io.lettuce.core.SyncAsyncApiConvergenceUnitTests" time="0"/>
  <testcase name="testMethodPresentOnReactiveApi{Method}[22]" classname="io.lettuce.core.SyncAsyncApiConvergenceUnitTests" time="0"/>
  <testcase name="testMethodPresentOnReactiveApi{Method}[23]" classname="io.lettuce.core.SyncAsyncApiConvergenceUnitTests" time="0.001"/>
  <testcase name="testMethodPresentOnReactiveApi{Method}[24]" classname="io.lettuce.core.SyncAsyncApiConvergenceUnitTests" time="0"/>
  <testcase name="testMethodPresentOnReactiveApi{Method}[25]" classname="io.lettuce.core.SyncAsyncApiConvergenceUnitTests" time="0"/>
  <testcase name="testMethodPresentOnReactiveApi{Method}[26]" classname="io.lettuce.core.SyncAsyncApiConvergenceUnitTests" time="0.001"/>
  <testcase name="testMethodPresentOnReactiveApi{Method}[27]" classname="io.lettuce.core.SyncAsyncApiConvergenceUnitTests" time="0"/>
  <testcase name="testMethodPresentOnReactiveApi{Method}[28]" classname="io.lettuce.core.SyncAsyncApiConvergenceUnitTests" time="0"/>
  <testcase name="testMethodPresentOnReactiveApi{Method}[29]" classname="io.lettuce.core.SyncAsyncApiConvergenceUnitTests" time="0"/>
  <testcase name="testMethodPresentOnReactiveApi{Method}[30]" classname="io.lettuce.core.SyncAsyncApiConvergenceUnitTests" time="0"/>
  <testcase name="testMethodPresentOnReactiveApi{Method}[31]" classname="io.lettuce.core.SyncAsyncApiConvergenceUnitTests" time="0"/>
  <testcase name="testMethodPresentOnReactiveApi{Method}[32]" classname="io.lettuce.core.SyncAsyncApiConvergenceUnitTests" time="0"/>
  <testcase name="testMethodPresentOnReactiveApi{Method}[33]" classname="io.lettuce.core.SyncAsyncApiConvergenceUnitTests" time="0"/>
  <testcase name="testMethodPresentOnReactiveApi{Method}[34]" classname="io.lettuce.core.SyncAsyncApiConvergenceUnitTests" time="0"/>
  <testcase name="testMethodPresentOnReactiveApi{Method}[35]" classname="io.lettuce.core.SyncAsyncApiConvergenceUnitTests" time="0"/>
  <testcase name="testMethodPresentOnReactiveApi{Method}[36]" classname="io.lettuce.core.SyncAsyncApiConvergenceUnitTests" time="0"/>
  <testcase name="testMethodPresentOnReactiveApi{Method}[37]" classname="io.lettuce.core.SyncAsyncApiConvergenceUnitTests" time="0"/>
  <testcase name="testMethodPresentOnReactiveApi{Method}[38]" classname="io.lettuce.core.SyncAsyncApiConvergenceUnitTests" time="0"/>
  <testcase name="testMethodPresentOnReactiveApi{Method}[39]" classname="io.lettuce.core.SyncAsyncApiConvergenceUnitTests" time="0"/>
  <testcase name="testMethodPresentOnReactiveApi{Method}[40]" classname="io.lettuce.core.SyncAsyncApiConvergenceUnitTests" time="0"/>
  <testcase name="testMethodPresentOnReactiveApi{Method}[41]" classname="io.lettuce.core.SyncAsyncApiConvergenceUnitTests" time="0"/>
  <testcase name="testMethodPresentOnReactiveApi{Method}[42]" classname="io.lettuce.core.SyncAsyncApiConvergenceUnitTests" time="0"/>
  <testcase name="testMethodPresentOnReactiveApi{Method}[43]" classname="io.lettuce.core.SyncAsyncApiConvergenceUnitTests" time="0"/>
  <testcase name="testMethodPresentOnReactiveApi{Method}[44]" classname="io.lettuce.core.SyncAsyncApiConvergenceUnitTests" time="0"/>
  <testcase name="testMethodPresentOnReactiveApi{Method}[45]" classname="io.lettuce.core.SyncAsyncApiConvergenceUnitTests" time="0.001"/>
  <testcase name="testMethodPresentOnReactiveApi{Method}[46]" classname="io.lettuce.core.SyncAsyncApiConvergenceUnitTests" time="0"/>
  <testcase name="testMethodPresentOnReactiveApi{Method}[47]" classname="io.lettuce.core.SyncAsyncApiConvergenceUnitTests" time="0"/>
  <testcase name="testMethodPresentOnReactiveApi{Method}[48]" classname="io.lettuce.core.SyncAsyncApiConvergenceUnitTests" time="0.001"/>
  <testcase name="testMethodPresentOnReactiveApi{Method}[49]" classname="io.lettuce.core.SyncAsyncApiConvergenceUnitTests" time="0"/>
  <testcase name="testMethodPresentOnReactiveApi{Method}[50]" classname="io.lettuce.core.SyncAsyncApiConvergenceUnitTests" time="0"/>
  <testcase name="testMethodPresentOnReactiveApi{Method}[51]" classname="io.lettuce.core.SyncAsyncApiConvergenceUnitTests" time="0"/>
  <testcase name="testMethodPresentOnReactiveApi{Method}[52]" classname="io.lettuce.core.SyncAsyncApiConvergenceUnitTests" time="0"/>
  <testcase name="testMethodPresentOnReactiveApi{Method}[53]" classname="io.lettuce.core.SyncAsyncApiConvergenceUnitTests" time="0"/>
  <testcase name="testMethodPresentOnReactiveApi{Method}[54]" classname="io.lettuce.core.SyncAsyncApiConvergenceUnitTests" time="0"/>
  <testcase name="testMethodPresentOnReactiveApi{Method}[55]" classname="io.lettuce.core.SyncAsyncApiConvergenceUnitTests" time="0"/>
  <testcase name="testMethodPresentOnReactiveApi{Method}[56]" classname="io.lettuce.core.SyncAsyncApiConvergenceUnitTests" time="0"/>
  <testcase name="testMethodPresentOnReactiveApi{Method}[57]" classname="io.lettuce.core.SyncAsyncApiConvergenceUnitTests" time="0"/>
  <testcase name="testMethodPresentOnReactiveApi{Method}[58]" classname="io.lettuce.core.SyncAsyncApiConvergenceUnitTests" time="0.001"/>
  <testcase name="testMethodPresentOnReactiveApi{Method}[59]" classname="io.lettuce.core.SyncAsyncApiConvergenceUnitTests" time="0"/>
  <testcase name="testMethodPresentOnReactiveApi{Method}[60]" classname="io.lettuce.core.SyncAsyncApiConvergenceUnitTests" time="0"/>
  <testcase name="testMethodPresentOnReactiveApi{Method}[61]" classname="io.lettuce.core.SyncAsyncApiConvergenceUnitTests" time="0"/>
  <testcase name="testMethodPresentOnReactiveApi{Method}[62]" classname="io.lettuce.core.SyncAsyncApiConvergenceUnitTests" time="0"/>
  <testcase name="testMethodPresentOnReactiveApi{Method}[63]" classname="io.lettuce.core.SyncAsyncApiConvergenceUnitTests" time="0"/>
  <testcase name="testMethodPresentOnReactiveApi{Method}[64]" classname="io.lettuce.core.SyncAsyncApiConvergenceUnitTests" time="0"/>
  <testcase name="testMethodPresentOnReactiveApi{Method}[65]" classname="io.lettuce.core.SyncAsyncApiConvergenceUnitTests" time="0"/>
  <testcase name="testMethodPresentOnReactiveApi{Method}[66]" classname="io.lettuce.core.SyncAsyncApiConvergenceUnitTests" time="0"/>
  <testcase name="testMethodPresentOnReactiveApi{Method}[67]" classname="io.lettuce.core.SyncAsyncApiConvergenceUnitTests" time="0"/>
  <testcase name="testMethodPresentOnReactiveApi{Method}[68]" classname="io.lettuce.core.SyncAsyncApiConvergenceUnitTests" time="0"/>
  <testcase name="testMethodPresentOnReactiveApi{Method}[69]" classname="io.lettuce.core.SyncAsyncApiConvergenceUnitTests" time="0"/>
  <testcase name="testMethodPresentOnReactiveApi{Method}[70]" classname="io.lettuce.core.SyncAsyncApiConvergenceUnitTests" time="0"/>
  <testcase name="testMethodPresentOnReactiveApi{Method}[71]" classname="io.lettuce.core.SyncAsyncApiConvergenceUnitTests" time="0"/>
  <testcase name="testMethodPresentOnReactiveApi{Method}[72]" classname="io.lettuce.core.SyncAsyncApiConvergenceUnitTests" time="0"/>
  <testcase name="testMethodPresentOnReactiveApi{Method}[73]" classname="io.lettuce.core.SyncAsyncApiConvergenceUnitTests" time="0"/>
  <testcase name="testMethodPresentOnReactiveApi{Method}[74]" classname="io.lettuce.core.SyncAsyncApiConvergenceUnitTests" time="0"/>
  <testcase name="testMethodPresentOnReactiveApi{Method}[75]" classname="io.lettuce.core.SyncAsyncApiConvergenceUnitTests" time="0"/>
  <testcase name="testMethodPresentOnReactiveApi{Method}[76]" classname="io.lettuce.core.SyncAsyncApiConvergenceUnitTests" time="0"/>
  <testcase name="testMethodPresentOnReactiveApi{Method}[77]" classname="io.lettuce.core.SyncAsyncApiConvergenceUnitTests" time="0"/>
  <testcase name="testMethodPresentOnReactiveApi{Method}[78]" classname="io.lettuce.core.SyncAsyncApiConvergenceUnitTests" time="0.001"/>
  <testcase name="testMethodPresentOnReactiveApi{Method}[79]" classname="io.lettuce.core.SyncAsyncApiConvergenceUnitTests" time="0"/>
  <testcase name="testMethodPresentOnReactiveApi{Method}[80]" classname="io.lettuce.core.SyncAsyncApiConvergenceUnitTests" time="0"/>
  <testcase name="testMethodPresentOnReactiveApi{Method}[81]" classname="io.lettuce.core.SyncAsyncApiConvergenceUnitTests" time="0"/>
  <testcase name="testMethodPresentOnReactiveApi{Method}[82]" classname="io.lettuce.core.SyncAsyncApiConvergenceUnitTests" time="0"/>
  <testcase name="testMethodPresentOnReactiveApi{Method}[83]" classname="io.lettuce.core.SyncAsyncApiConvergenceUnitTests" time="0"/>
  <testcase name="testMethodPresentOnReactiveApi{Method}[84]" classname="io.lettuce.core.SyncAsyncApiConvergenceUnitTests" time="0"/>
  <testcase name="testMethodPresentOnReactiveApi{Method}[85]" classname="io.lettuce.core.SyncAsyncApiConvergenceUnitTests" time="0"/>
  <testcase name="testMethodPresentOnReactiveApi{Method}[86]" classname="io.lettuce.core.SyncAsyncApiConvergenceUnitTests" time="0"/>
  <testcase name="testMethodPresentOnReactiveApi{Method}[87]" classname="io.lettuce.core.SyncAsyncApiConvergenceUnitTests" time="0"/>
  <testcase name="testMethodPresentOnReactiveApi{Method}[88]" classname="io.lettuce.core.SyncAsyncApiConvergenceUnitTests" time="0"/>
  <testcase name="testMethodPresentOnReactiveApi{Method}[89]" classname="io.lettuce.core.SyncAsyncApiConvergenceUnitTests" time="0"/>
  <testcase name="testMethodPresentOnReactiveApi{Method}[90]" classname="io.lettuce.core.SyncAsyncApiConvergenceUnitTests" time="0"/>
  <testcase name="testMethodPresentOnReactiveApi{Method}[91]" classname="io.lettuce.core.SyncAsyncApiConvergenceUnitTests" time="0"/>
  <testcase name="testMethodPresentOnReactiveApi{Method}[92]" classname="io.lettuce.core.SyncAsyncApiConvergenceUnitTests" time="0"/>
  <testcase name="testMethodPresentOnReactiveApi{Method}[93]" classname="io.lettuce.core.SyncAsyncApiConvergenceUnitTests" time="0"/>
  <testcase name="testMethodPresentOnReactiveApi{Method}[94]" classname="io.lettuce.core.SyncAsyncApiConvergenceUnitTests" time="0"/>
  <testcase name="testMethodPresentOnReactiveApi{Method}[95]" classname="io.lettuce.core.SyncAsyncApiConvergenceUnitTests" time="0.001"/>
  <testcase name="testMethodPresentOnReactiveApi{Method}[96]" classname="io.lettuce.core.SyncAsyncApiConvergenceUnitTests" time="0"/>
  <testcase name="testMethodPresentOnReactiveApi{Method}[97]" classname="io.lettuce.core.SyncAsyncApiConvergenceUnitTests" time="0"/>
  <testcase name="testMethodPresentOnReactiveApi{Method}[98]" classname="io.lettuce.core.SyncAsyncApiConvergenceUnitTests" time="0"/>
  <testcase name="testMethodPresentOnReactiveApi{Method}[99]" classname="io.lettuce.core.SyncAsyncApiConvergenceUnitTests" time="0"/>
  <testcase name="testMethodPresentOnReactiveApi{Method}[100]" classname="io.lettuce.core.SyncAsyncApiConvergenceUnitTests" time="0"/>
  <testcase name="testMethodPresentOnReactiveApi{Method}[101]" classname="io.lettuce.core.SyncAsyncApiConvergenceUnitTests" time="0"/>
  <testcase name="testMethodPresentOnReactiveApi{Method}[102]" classname="io.lettuce.core.SyncAsyncApiConvergenceUnitTests" time="0"/>
  <testcase name="testMethodPresentOnReactiveApi{Method}[103]" classname="io.lettuce.core.SyncAsyncApiConvergenceUnitTests" time="0"/>
  <testcase name="testMethodPresentOnReactiveApi{Method}[104]" classname="io.lettuce.core.SyncAsyncApiConvergenceUnitTests" time="0"/>
  <testcase name="testMethodPresentOnReactiveApi{Method}[105]" classname="io.lettuce.core.SyncAsyncApiConvergenceUnitTests" time="0"/>
  <testcase name="testMethodPresentOnReactiveApi{Method}[106]" classname="io.lettuce.core.SyncAsyncApiConvergenceUnitTests" time="0"/>
  <testcase name="testMethodPresentOnReactiveApi{Method}[107]" classname="io.lettuce.core.SyncAsyncApiConvergenceUnitTests" time="0"/>
  <testcase name="testMethodPresentOnReactiveApi{Method}[108]" classname="io.lettuce.core.SyncAsyncApiConvergenceUnitTests" time="0"/>
  <testcase name="testMethodPresentOnReactiveApi{Method}[109]" classname="io.lettuce.core.SyncAsyncApiConvergenceUnitTests" time="0"/>
  <testcase name="testMethodPresentOnReactiveApi{Method}[110]" classname="io.lettuce.core.SyncAsyncApiConvergenceUnitTests" time="0"/>
  <testcase name="testMethodPresentOnReactiveApi{Method}[111]" classname="io.lettuce.core.SyncAsyncApiConvergenceUnitTests" time="0"/>
  <testcase name="testMethodPresentOnReactiveApi{Method}[112]" classname="io.lettuce.core.SyncAsyncApiConvergenceUnitTests" time="0"/>
  <testcase name="testMethodPresentOnReactiveApi{Method}[113]" classname="io.lettuce.core.SyncAsyncApiConvergenceUnitTests" time="0"/>
  <testcase name="testMethodPresentOnReactiveApi{Method}[114]" classname="io.lettuce.core.SyncAsyncApiConvergenceUnitTests" time="0"/>
  <testcase name="testMethodPresentOnReactiveApi{Method}[115]" classname="io.lettuce.core.SyncAsyncApiConvergenceUnitTests" time="0"/>
  <testcase name="testMethodPresentOnReactiveApi{Method}[116]" classname="io.lettuce.core.SyncAsyncApiConvergenceUnitTests" time="0"/>
  <testcase name="testMethodPresentOnReactiveApi{Method}[117]" classname="io.lettuce.core.SyncAsyncApiConvergenceUnitTests" time="0"/>
  <testcase name="testMethodPresentOnReactiveApi{Method}[118]" classname="io.lettuce.core.SyncAsyncApiConvergenceUnitTests" time="0"/>
  <testcase name="testMethodPresentOnReactiveApi{Method}[119]" classname="io.lettuce.core.SyncAsyncApiConvergenceUnitTests" time="0"/>
  <testcase name="testMethodPresentOnReactiveApi{Method}[120]" classname="io.lettuce.core.SyncAsyncApiConvergenceUnitTests" time="0"/>
  <testcase name="testMethodPresentOnReactiveApi{Method}[121]" classname="io.lettuce.core.SyncAsyncApiConvergenceUnitTests" time="0"/>
  <testcase name="testMethodPresentOnReactiveApi{Method}[122]" classname="io.lettuce.core.SyncAsyncApiConvergenceUnitTests" time="0.001"/>
  <testcase name="testMethodPresentOnReactiveApi{Method}[123]" classname="io.lettuce.core.SyncAsyncApiConvergenceUnitTests" time="0"/>
  <testcase name="testMethodPresentOnReactiveApi{Method}[124]" classname="io.lettuce.core.SyncAsyncApiConvergenceUnitTests" time="0"/>
  <testcase name="testMethodPresentOnReactiveApi{Method}[125]" classname="io.lettuce.core.SyncAsyncApiConvergenceUnitTests" time="0"/>
  <testcase name="testMethodPresentOnReactiveApi{Method}[126]" classname="io.lettuce.core.SyncAsyncApiConvergenceUnitTests" time="0"/>
  <testcase name="testMethodPresentOnReactiveApi{Method}[127]" classname="io.lettuce.core.SyncAsyncApiConvergenceUnitTests" time="0"/>
  <testcase name="testMethodPresentOnReactiveApi{Method}[128]" classname="io.lettuce.core.SyncAsyncApiConvergenceUnitTests" time="0"/>
  <testcase name="testMethodPresentOnReactiveApi{Method}[129]" classname="io.lettuce.core.SyncAsyncApiConvergenceUnitTests" time="0"/>
  <testcase name="testMethodPresentOnReactiveApi{Method}[130]" classname="io.lettuce.core.SyncAsyncApiConvergenceUnitTests" time="0"/>
  <testcase name="testMethodPresentOnReactiveApi{Method}[131]" classname="io.lettuce.core.SyncAsyncApiConvergenceUnitTests" time="0"/>
  <testcase name="testMethodPresentOnReactiveApi{Method}[132]" classname="io.lettuce.core.SyncAsyncApiConvergenceUnitTests" time="0"/>
  <testcase name="testMethodPresentOnReactiveApi{Method}[133]" classname="io.lettuce.core.SyncAsyncApiConvergenceUnitTests" time="0"/>
  <testcase name="testMethodPresentOnReactiveApi{Method}[134]" classname="io.lettuce.core.SyncAsyncApiConvergenceUnitTests" time="0"/>
  <testcase name="testMethodPresentOnReactiveApi{Method}[135]" classname="io.lettuce.core.SyncAsyncApiConvergenceUnitTests" time="0"/>
  <testcase name="testMethodPresentOnReactiveApi{Method}[136]" classname="io.lettuce.core.SyncAsyncApiConvergenceUnitTests" time="0"/>
  <testcase name="testMethodPresentOnReactiveApi{Method}[137]" classname="io.lettuce.core.SyncAsyncApiConvergenceUnitTests" time="0"/>
  <testcase name="testMethodPresentOnReactiveApi{Method}[138]" classname="io.lettuce.core.SyncAsyncApiConvergenceUnitTests" time="0"/>
  <testcase name="testMethodPresentOnReactiveApi{Method}[139]" classname="io.lettuce.core.SyncAsyncApiConvergenceUnitTests" time="0.001"/>
  <testcase name="testMethodPresentOnReactiveApi{Method}[140]" classname="io.lettuce.core.SyncAsyncApiConvergenceUnitTests" time="0"/>
  <testcase name="testMethodPresentOnReactiveApi{Method}[141]" classname="io.lettuce.core.SyncAsyncApiConvergenceUnitTests" time="0"/>
  <testcase name="testMethodPresentOnReactiveApi{Method}[142]" classname="io.lettuce.core.SyncAsyncApiConvergenceUnitTests" time="0"/>
  <testcase name="testMethodPresentOnReactiveApi{Method}[143]" classname="io.lettuce.core.SyncAsyncApiConvergenceUnitTests" time="0"/>
  <testcase name="testMethodPresentOnReactiveApi{Method}[144]" classname="io.lettuce.core.SyncAsyncApiConvergenceUnitTests" time="0"/>
  <testcase name="testMethodPresentOnReactiveApi{Method}[145]" classname="io.lettuce.core.SyncAsyncApiConvergenceUnitTests" time="0"/>
  <testcase name="testMethodPresentOnReactiveApi{Method}[146]" classname="io.lettuce.core.SyncAsyncApiConvergenceUnitTests" time="0.001"/>
  <testcase name="testMethodPresentOnReactiveApi{Method}[147]" classname="io.lettuce.core.SyncAsyncApiConvergenceUnitTests" time="0"/>
  <testcase name="testMethodPresentOnReactiveApi{Method}[148]" classname="io.lettuce.core.SyncAsyncApiConvergenceUnitTests" time="0"/>
  <testcase name="testMethodPresentOnReactiveApi{Method}[149]" classname="io.lettuce.core.SyncAsyncApiConvergenceUnitTests" time="0"/>
  <testcase name="testMethodPresentOnReactiveApi{Method}[150]" classname="io.lettuce.core.SyncAsyncApiConvergenceUnitTests" time="0"/>
  <testcase name="testMethodPresentOnReactiveApi{Method}[151]" classname="io.lettuce.core.SyncAsyncApiConvergenceUnitTests" time="0"/>
  <testcase name="testMethodPresentOnReactiveApi{Method}[152]" classname="io.lettuce.core.SyncAsyncApiConvergenceUnitTests" time="0"/>
  <testcase name="testMethodPresentOnReactiveApi{Method}[153]" classname="io.lettuce.core.SyncAsyncApiConvergenceUnitTests" time="0"/>
  <testcase name="testMethodPresentOnReactiveApi{Method}[154]" classname="io.lettuce.core.SyncAsyncApiConvergenceUnitTests" time="0"/>
  <testcase name="testMethodPresentOnReactiveApi{Method}[155]" classname="io.lettuce.core.SyncAsyncApiConvergenceUnitTests" time="0"/>
  <testcase name="testMethodPresentOnReactiveApi{Method}[156]" classname="io.lettuce.core.SyncAsyncApiConvergenceUnitTests" time="0"/>
  <testcase name="testMethodPresentOnReactiveApi{Method}[157]" classname="io.lettuce.core.SyncAsyncApiConvergenceUnitTests" time="0"/>
  <testcase name="testMethodPresentOnReactiveApi{Method}[158]" classname="io.lettuce.core.SyncAsyncApiConvergenceUnitTests" time="0"/>
  <testcase name="testMethodPresentOnReactiveApi{Method}[159]" classname="io.lettuce.core.SyncAsyncApiConvergenceUnitTests" time="0"/>
  <testcase name="testMethodPresentOnReactiveApi{Method}[160]" classname="io.lettuce.core.SyncAsyncApiConvergenceUnitTests" time="0"/>
  <testcase name="testMethodPresentOnReactiveApi{Method}[161]" classname="io.lettuce.core.SyncAsyncApiConvergenceUnitTests" time="0"/>
  <testcase name="testMethodPresentOnReactiveApi{Method}[162]" classname="io.lettuce.core.SyncAsyncApiConvergenceUnitTests" time="0"/>
  <testcase name="testMethodPresentOnReactiveApi{Method}[163]" classname="io.lettuce.core.SyncAsyncApiConvergenceUnitTests" time="0"/>
  <testcase name="testMethodPresentOnReactiveApi{Method}[164]" classname="io.lettuce.core.SyncAsyncApiConvergenceUnitTests" time="0"/>
  <testcase name="testMethodPresentOnReactiveApi{Method}[165]" classname="io.lettuce.core.SyncAsyncApiConvergenceUnitTests" time="0"/>
  <testcase name="testMethodPresentOnReactiveApi{Method}[166]" classname="io.lettuce.core.SyncAsyncApiConvergenceUnitTests" time="0"/>
  <testcase name="testMethodPresentOnReactiveApi{Method}[167]" classname="io.lettuce.core.SyncAsyncApiConvergenceUnitTests" time="0"/>
  <testcase name="testMethodPresentOnReactiveApi{Method}[168]" classname="io.lettuce.core.SyncAsyncApiConvergenceUnitTests" time="0"/>
  <testcase name="testMethodPresentOnReactiveApi{Method}[169]" classname="io.lettuce.core.SyncAsyncApiConvergenceUnitTests" time="0"/>
  <testcase name="testMethodPresentOnReactiveApi{Method}[170]" classname="io.lettuce.core.SyncAsyncApiConvergenceUnitTests" time="0"/>
  <testcase name="testMethodPresentOnReactiveApi{Method}[171]" classname="io.lettuce.core.SyncAsyncApiConvergenceUnitTests" time="0"/>
  <testcase name="testMethodPresentOnReactiveApi{Method}[172]" classname="io.lettuce.core.SyncAsyncApiConvergenceUnitTests" time="0"/>
  <testcase name="testMethodPresentOnReactiveApi{Method}[173]" classname="io.lettuce.core.SyncAsyncApiConvergenceUnitTests" time="0"/>
  <testcase name="testMethodPresentOnReactiveApi{Method}[174]" classname="io.lettuce.core.SyncAsyncApiConvergenceUnitTests" time="0"/>
  <testcase name="testMethodPresentOnReactiveApi{Method}[175]" classname="io.lettuce.core.SyncAsyncApiConvergenceUnitTests" time="0"/>
  <testcase name="testMethodPresentOnReactiveApi{Method}[176]" classname="io.lettuce.core.SyncAsyncApiConvergenceUnitTests" time="0"/>
  <testcase name="testMethodPresentOnReactiveApi{Method}[177]" classname="io.lettuce.core.SyncAsyncApiConvergenceUnitTests" time="0"/>
  <testcase name="testMethodPresentOnReactiveApi{Method}[178]" classname="io.lettuce.core.SyncAsyncApiConvergenceUnitTests" time="0"/>
  <testcase name="testMethodPresentOnReactiveApi{Method}[179]" classname="io.lettuce.core.SyncAsyncApiConvergenceUnitTests" time="0"/>
  <testcase name="testMethodPresentOnReactiveApi{Method}[180]" classname="io.lettuce.core.SyncAsyncApiConvergenceUnitTests" time="0.001"/>
  <testcase name="testMethodPresentOnReactiveApi{Method}[181]" classname="io.lettuce.core.SyncAsyncApiConvergenceUnitTests" time="0"/>
  <testcase name="testMethodPresentOnReactiveApi{Method}[182]" classname="io.lettuce.core.SyncAsyncApiConvergenceUnitTests" time="0"/>
  <testcase name="testMethodPresentOnReactiveApi{Method}[183]" classname="io.lettuce.core.SyncAsyncApiConvergenceUnitTests" time="0.001"/>
  <testcase name="testMethodPresentOnReactiveApi{Method}[184]" classname="io.lettuce.core.SyncAsyncApiConvergenceUnitTests" time="0"/>
  <testcase name="testMethodPresentOnReactiveApi{Method}[185]" classname="io.lettuce.core.SyncAsyncApiConvergenceUnitTests" time="0"/>
  <testcase name="testMethodPresentOnReactiveApi{Method}[186]" classname="io.lettuce.core.SyncAsyncApiConvergenceUnitTests" time="0"/>
  <testcase name="testMethodPresentOnReactiveApi{Method}[187]" classname="io.lettuce.core.SyncAsyncApiConvergenceUnitTests" time="0"/>
  <testcase name="testMethodPresentOnReactiveApi{Method}[188]" classname="io.lettuce.core.SyncAsyncApiConvergenceUnitTests" time="0"/>
  <testcase name="testMethodPresentOnReactiveApi{Method}[189]" classname="io.lettuce.core.SyncAsyncApiConvergenceUnitTests" time="0"/>
  <testcase name="testMethodPresentOnReactiveApi{Method}[190]" classname="io.lettuce.core.SyncAsyncApiConvergenceUnitTests" time="0"/>
  <testcase name="testMethodPresentOnReactiveApi{Method}[191]" classname="io.lettuce.core.SyncAsyncApiConvergenceUnitTests" time="0"/>
  <testcase name="testMethodPresentOnReactiveApi{Method}[192]" classname="io.lettuce.core.SyncAsyncApiConvergenceUnitTests" time="0"/>
  <testcase name="testMethodPresentOnReactiveApi{Method}[193]" classname="io.lettuce.core.SyncAsyncApiConvergenceUnitTests" time="0"/>
  <testcase name="testMethodPresentOnReactiveApi{Method}[194]" classname="io.lettuce.core.SyncAsyncApiConvergenceUnitTests" time="0"/>
  <testcase name="testMethodPresentOnReactiveApi{Method}[195]" classname="io.lettuce.core.SyncAsyncApiConvergenceUnitTests" time="0"/>
  <testcase name="testMethodPresentOnReactiveApi{Method}[196]" classname="io.lettuce.core.SyncAsyncApiConvergenceUnitTests" time="0"/>
  <testcase name="testMethodPresentOnReactiveApi{Method}[197]" classname="io.lettuce.core.SyncAsyncApiConvergenceUnitTests" time="0"/>
  <testcase name="testMethodPresentOnReactiveApi{Method}[198]" classname="io.lettuce.core.SyncAsyncApiConvergenceUnitTests" time="0"/>
  <testcase name="testMethodPresentOnReactiveApi{Method}[199]" classname="io.lettuce.core.SyncAsyncApiConvergenceUnitTests" time="0"/>
  <testcase name="testMethodPresentOnReactiveApi{Method}[200]" classname="io.lettuce.core.SyncAsyncApiConvergenceUnitTests" time="0"/>
  <testcase name="testMethodPresentOnReactiveApi{Method}[201]" classname="io.lettuce.core.SyncAsyncApiConvergenceUnitTests" time="0"/>
  <testcase name="testMethodPresentOnReactiveApi{Method}[202]" classname="io.lettuce.core.SyncAsyncApiConvergenceUnitTests" time="0"/>
  <testcase name="testMethodPresentOnReactiveApi{Method}[203]" classname="io.lettuce.core.SyncAsyncApiConvergenceUnitTests" time="0"/>
  <testcase name="testMethodPresentOnReactiveApi{Method}[204]" classname="io.lettuce.core.SyncAsyncApiConvergenceUnitTests" time="0"/>
  <testcase name="testMethodPresentOnReactiveApi{Method}[205]" classname="io.lettuce.core.SyncAsyncApiConvergenceUnitTests" time="0"/>
  <testcase name="testMethodPresentOnReactiveApi{Method}[206]" classname="io.lettuce.core.SyncAsyncApiConvergenceUnitTests" time="0"/>
  <testcase name="testMethodPresentOnReactiveApi{Method}[207]" classname="io.lettuce.core.SyncAsyncApiConvergenceUnitTests" time="0"/>
  <testcase name="testMethodPresentOnReactiveApi{Method}[208]" classname="io.lettuce.core.SyncAsyncApiConvergenceUnitTests" time="0"/>
  <testcase name="testMethodPresentOnReactiveApi{Method}[209]" classname="io.lettuce.core.SyncAsyncApiConvergenceUnitTests" time="0"/>
  <testcase name="testMethodPresentOnReactiveApi{Method}[210]" classname="io.lettuce.core.SyncAsyncApiConvergenceUnitTests" time="0"/>
  <testcase name="testMethodPresentOnReactiveApi{Method}[211]" classname="io.lettuce.core.SyncAsyncApiConvergenceUnitTests" time="0"/>
  <testcase name="testMethodPresentOnReactiveApi{Method}[212]" classname="io.lettuce.core.SyncAsyncApiConvergenceUnitTests" time="0.001"/>
  <testcase name="testMethodPresentOnReactiveApi{Method}[213]" classname="io.lettuce.core.SyncAsyncApiConvergenceUnitTests" time="0"/>
  <testcase name="testMethodPresentOnReactiveApi{Method}[214]" classname="io.lettuce.core.SyncAsyncApiConvergenceUnitTests" time="0"/>
  <testcase name="testMethodPresentOnReactiveApi{Method}[215]" classname="io.lettuce.core.SyncAsyncApiConvergenceUnitTests" time="0"/>
  <testcase name="testMethodPresentOnReactiveApi{Method}[216]" classname="io.lettuce.core.SyncAsyncApiConvergenceUnitTests" time="0"/>
  <testcase name="testMethodPresentOnReactiveApi{Method}[217]" classname="io.lettuce.core.SyncAsyncApiConvergenceUnitTests" time="0"/>
  <testcase name="testMethodPresentOnReactiveApi{Method}[218]" classname="io.lettuce.core.SyncAsyncApiConvergenceUnitTests" time="0"/>
  <testcase name="testMethodPresentOnReactiveApi{Method}[219]" classname="io.lettuce.core.SyncAsyncApiConvergenceUnitTests" time="0"/>
  <testcase name="testMethodPresentOnReactiveApi{Method}[220]" classname="io.lettuce.core.SyncAsyncApiConvergenceUnitTests" time="0"/>
  <testcase name="testMethodPresentOnReactiveApi{Method}[221]" classname="io.lettuce.core.SyncAsyncApiConvergenceUnitTests" time="0"/>
  <testcase name="testMethodPresentOnReactiveApi{Method}[222]" classname="io.lettuce.core.SyncAsyncApiConvergenceUnitTests" time="0"/>
  <testcase name="testMethodPresentOnReactiveApi{Method}[223]" classname="io.lettuce.core.SyncAsyncApiConvergenceUnitTests" time="0"/>
  <testcase name="testMethodPresentOnReactiveApi{Method}[224]" classname="io.lettuce.core.SyncAsyncApiConvergenceUnitTests" time="0"/>
  <testcase name="testMethodPresentOnReactiveApi{Method}[225]" classname="io.lettuce.core.SyncAsyncApiConvergenceUnitTests" time="0"/>
  <testcase name="testMethodPresentOnReactiveApi{Method}[226]" classname="io.lettuce.core.SyncAsyncApiConvergenceUnitTests" time="0.001"/>
  <testcase name="testMethodPresentOnReactiveApi{Method}[227]" classname="io.lettuce.core.SyncAsyncApiConvergenceUnitTests" time="0"/>
  <testcase name="testMethodPresentOnReactiveApi{Method}[228]" classname="io.lettuce.core.SyncAsyncApiConvergenceUnitTests" time="0"/>
  <testcase name="testMethodPresentOnReactiveApi{Method}[229]" classname="io.lettuce.core.SyncAsyncApiConvergenceUnitTests" time="0"/>
  <testcase name="testMethodPresentOnReactiveApi{Method}[230]" classname="io.lettuce.core.SyncAsyncApiConvergenceUnitTests" time="0"/>
  <testcase name="testMethodPresentOnReactiveApi{Method}[231]" classname="io.lettuce.core.SyncAsyncApiConvergenceUnitTests" time="0"/>
  <testcase name="testMethodPresentOnReactiveApi{Method}[232]" classname="io.lettuce.core.SyncAsyncApiConvergenceUnitTests" time="0.001"/>
  <testcase name="testMethodPresentOnReactiveApi{Method}[233]" classname="io.lettuce.core.SyncAsyncApiConvergenceUnitTests" time="0"/>
  <testcase name="testMethodPresentOnReactiveApi{Method}[234]" classname="io.lettuce.core.SyncAsyncApiConvergenceUnitTests" time="0"/>
  <testcase name="testMethodPresentOnReactiveApi{Method}[235]" classname="io.lettuce.core.SyncAsyncApiConvergenceUnitTests" time="0"/>
  <testcase name="testMethodPresentOnReactiveApi{Method}[236]" classname="io.lettuce.core.SyncAsyncApiConvergenceUnitTests" time="0"/>
  <testcase name="testMethodPresentOnReactiveApi{Method}[237]" classname="io.lettuce.core.SyncAsyncApiConvergenceUnitTests" time="0"/>
  <testcase name="testMethodPresentOnReactiveApi{Method}[238]" classname="io.lettuce.core.SyncAsyncApiConvergenceUnitTests" time="0"/>
  <testcase name="testMethodPresentOnReactiveApi{Method}[239]" classname="io.lettuce.core.SyncAsyncApiConvergenceUnitTests" time="0"/>
  <testcase name="testMethodPresentOnReactiveApi{Method}[240]" classname="io.lettuce.core.SyncAsyncApiConvergenceUnitTests" time="0"/>
  <testcase name="testMethodPresentOnReactiveApi{Method}[241]" classname="io.lettuce.core.SyncAsyncApiConvergenceUnitTests" time="0"/>
  <testcase name="testMethodPresentOnReactiveApi{Method}[242]" classname="io.lettuce.core.SyncAsyncApiConvergenceUnitTests" time="0"/>
  <testcase name="testMethodPresentOnReactiveApi{Method}[243]" classname="io.lettuce.core.SyncAsyncApiConvergenceUnitTests" time="0"/>
  <testcase name="testMethodPresentOnReactiveApi{Method}[244]" classname="io.lettuce.core.SyncAsyncApiConvergenceUnitTests" time="0"/>
  <testcase name="testMethodPresentOnReactiveApi{Method}[245]" classname="io.lettuce.core.SyncAsyncApiConvergenceUnitTests" time="0"/>
  <testcase name="testMethodPresentOnReactiveApi{Method}[246]" classname="io.lettuce.core.SyncAsyncApiConvergenceUnitTests" time="0"/>
  <testcase name="testMethodPresentOnReactiveApi{Method}[247]" classname="io.lettuce.core.SyncAsyncApiConvergenceUnitTests" time="0"/>
  <testcase name="testMethodPresentOnReactiveApi{Method}[248]" classname="io.lettuce.core.SyncAsyncApiConvergenceUnitTests" time="0"/>
  <testcase name="testMethodPresentOnReactiveApi{Method}[249]" classname="io.lettuce.core.SyncAsyncApiConvergenceUnitTests" time="0.001"/>
  <testcase name="testMethodPresentOnReactiveApi{Method}[250]" classname="io.lettuce.core.SyncAsyncApiConvergenceUnitTests" time="0"/>
  <testcase name="testMethodPresentOnReactiveApi{Method}[251]" classname="io.lettuce.core.SyncAsyncApiConvergenceUnitTests" time="0.001"/>
  <testcase name="testMethodPresentOnReactiveApi{Method}[252]" classname="io.lettuce.core.SyncAsyncApiConvergenceUnitTests" time="0"/>
  <testcase name="testMethodPresentOnReactiveApi{Method}[253]" classname="io.lettuce.core.SyncAsyncApiConvergenceUnitTests" time="0"/>
  <testcase name="testMethodPresentOnReactiveApi{Method}[254]" classname="io.lettuce.core.SyncAsyncApiConvergenceUnitTests" time="0"/>
  <testcase name="testMethodPresentOnReactiveApi{Method}[255]" classname="io.lettuce.core.SyncAsyncApiConvergenceUnitTests" time="0"/>
  <testcase name="testMethodPresentOnReactiveApi{Method}[256]" classname="io.lettuce.core.SyncAsyncApiConvergenceUnitTests" time="0"/>
  <testcase name="testMethodPresentOnReactiveApi{Method}[257]" classname="io.lettuce.core.SyncAsyncApiConvergenceUnitTests" time="0"/>
  <testcase name="testMethodPresentOnReactiveApi{Method}[258]" classname="io.lettuce.core.SyncAsyncApiConvergenceUnitTests" time="0"/>
  <testcase name="testMethodPresentOnReactiveApi{Method}[259]" classname="io.lettuce.core.SyncAsyncApiConvergenceUnitTests" time="0"/>
  <testcase name="testMethodPresentOnReactiveApi{Method}[260]" classname="io.lettuce.core.SyncAsyncApiConvergenceUnitTests" time="0"/>
  <testcase name="testMethodPresentOnReactiveApi{Method}[261]" classname="io.lettuce.core.SyncAsyncApiConvergenceUnitTests" time="0"/>
  <testcase name="testMethodPresentOnReactiveApi{Method}[262]" classname="io.lettuce.core.SyncAsyncApiConvergenceUnitTests" time="0"/>
  <testcase name="testMethodPresentOnReactiveApi{Method}[263]" classname="io.lettuce.core.SyncAsyncApiConvergenceUnitTests" time="0"/>
  <testcase name="testMethodPresentOnReactiveApi{Method}[264]" classname="io.lettuce.core.SyncAsyncApiConvergenceUnitTests" time="0"/>
  <testcase name="testMethodPresentOnReactiveApi{Method}[265]" classname="io.lettuce.core.SyncAsyncApiConvergenceUnitTests" time="0"/>
  <testcase name="testMethodPresentOnReactiveApi{Method}[266]" classname="io.lettuce.core.SyncAsyncApiConvergenceUnitTests" time="0"/>
  <testcase name="testMethodPresentOnReactiveApi{Method}[267]" classname="io.lettuce.core.SyncAsyncApiConvergenceUnitTests" time="0"/>
  <testcase name="testMethodPresentOnReactiveApi{Method}[268]" classname="io.lettuce.core.SyncAsyncApiConvergenceUnitTests" time="0"/>
  <testcase name="testMethodPresentOnReactiveApi{Method}[269]" classname="io.lettuce.core.SyncAsyncApiConvergenceUnitTests" time="0.001"/>
  <testcase name="testMethodPresentOnReactiveApi{Method}[270]" classname="io.lettuce.core.SyncAsyncApiConvergenceUnitTests" time="0"/>
  <testcase name="testMethodPresentOnReactiveApi{Method}[271]" classname="io.lettuce.core.SyncAsyncApiConvergenceUnitTests" time="0"/>
  <testcase name="testMethodPresentOnReactiveApi{Method}[272]" classname="io.lettuce.core.SyncAsyncApiConvergenceUnitTests" time="0"/>
  <testcase name="testMethodPresentOnReactiveApi{Method}[273]" classname="io.lettuce.core.SyncAsyncApiConvergenceUnitTests" time="0"/>
  <testcase name="testMethodPresentOnReactiveApi{Method}[274]" classname="io.lettuce.core.SyncAsyncApiConvergenceUnitTests" time="0"/>
  <testcase name="testMethodPresentOnReactiveApi{Method}[275]" classname="io.lettuce.core.SyncAsyncApiConvergenceUnitTests" time="0"/>
  <testcase name="testMethodPresentOnReactiveApi{Method}[276]" classname="io.lettuce.core.SyncAsyncApiConvergenceUnitTests" time="0"/>
  <testcase name="testMethodPresentOnReactiveApi{Method}[277]" classname="io.lettuce.core.SyncAsyncApiConvergenceUnitTests" time="0"/>
  <testcase name="testMethodPresentOnReactiveApi{Method}[278]" classname="io.lettuce.core.SyncAsyncApiConvergenceUnitTests" time="0"/>
  <testcase name="testMethodPresentOnReactiveApi{Method}[279]" classname="io.lettuce.core.SyncAsyncApiConvergenceUnitTests" time="0"/>
  <testcase name="testMethodPresentOnReactiveApi{Method}[280]" classname="io.lettuce.core.SyncAsyncApiConvergenceUnitTests" time="0.001"/>
  <testcase name="testMethodPresentOnReactiveApi{Method}[281]" classname="io.lettuce.core.SyncAsyncApiConvergenceUnitTests" time="0"/>
  <testcase name="testMethodPresentOnReactiveApi{Method}[282]" classname="io.lettuce.core.SyncAsyncApiConvergenceUnitTests" time="0"/>
  <testcase name="testMethodPresentOnReactiveApi{Method}[283]" classname="io.lettuce.core.SyncAsyncApiConvergenceUnitTests" time="0"/>
  <testcase name="testMethodPresentOnReactiveApi{Method}[284]" classname="io.lettuce.core.SyncAsyncApiConvergenceUnitTests" time="0.001"/>
  <testcase name="testMethodPresentOnReactiveApi{Method}[285]" classname="io.lettuce.core.SyncAsyncApiConvergenceUnitTests" time="0"/>
  <testcase name="testMethodPresentOnReactiveApi{Method}[286]" classname="io.lettuce.core.SyncAsyncApiConvergenceUnitTests" time="0"/>
  <testcase name="testMethodPresentOnReactiveApi{Method}[287]" classname="io.lettuce.core.SyncAsyncApiConvergenceUnitTests" time="0"/>
  <testcase name="testMethodPresentOnReactiveApi{Method}[288]" classname="io.lettuce.core.SyncAsyncApiConvergenceUnitTests" time="0.001"/>
  <testcase name="testMethodPresentOnReactiveApi{Method}[289]" classname="io.lettuce.core.SyncAsyncApiConvergenceUnitTests" time="0"/>
  <testcase name="testMethodPresentOnReactiveApi{Method}[290]" classname="io.lettuce.core.SyncAsyncApiConvergenceUnitTests" time="0"/>
  <testcase name="testMethodPresentOnReactiveApi{Method}[291]" classname="io.lettuce.core.SyncAsyncApiConvergenceUnitTests" time="0"/>
  <testcase name="testMethodPresentOnReactiveApi{Method}[292]" classname="io.lettuce.core.SyncAsyncApiConvergenceUnitTests" time="0.001"/>
  <testcase name="testMethodPresentOnReactiveApi{Method}[293]" classname="io.lettuce.core.SyncAsyncApiConvergenceUnitTests" time="0"/>
  <testcase name="testMethodPresentOnReactiveApi{Method}[294]" classname="io.lettuce.core.SyncAsyncApiConvergenceUnitTests" time="0"/>
  <testcase name="testMethodPresentOnReactiveApi{Method}[295]" classname="io.lettuce.core.SyncAsyncApiConvergenceUnitTests" time="0"/>
  <testcase name="testMethodPresentOnReactiveApi{Method}[296]" classname="io.lettuce.core.SyncAsyncApiConvergenceUnitTests" time="0.001"/>
  <testcase name="testMethodPresentOnReactiveApi{Method}[297]" classname="io.lettuce.core.SyncAsyncApiConvergenceUnitTests" time="0"/>
  <testcase name="testMethodPresentOnReactiveApi{Method}[298]" classname="io.lettuce.core.SyncAsyncApiConvergenceUnitTests" time="0"/>
  <testcase name="testMethodPresentOnReactiveApi{Method}[299]" classname="io.lettuce.core.SyncAsyncApiConvergenceUnitTests" time="0"/>
  <testcase name="testMethodPresentOnReactiveApi{Method}[300]" classname="io.lettuce.core.SyncAsyncApiConvergenceUnitTests" time="0"/>
  <testcase name="testMethodPresentOnReactiveApi{Method}[301]" classname="io.lettuce.core.SyncAsyncApiConvergenceUnitTests" time="0"/>
  <testcase name="testMethodPresentOnReactiveApi{Method}[302]" classname="io.lettuce.core.SyncAsyncApiConvergenceUnitTests" time="0"/>
  <testcase name="testMethodPresentOnReactiveApi{Method}[303]" classname="io.lettuce.core.SyncAsyncApiConvergenceUnitTests" time="0"/>
  <testcase name="testMethodPresentOnReactiveApi{Method}[304]" classname="io.lettuce.core.SyncAsyncApiConvergenceUnitTests" time="0"/>
  <testcase name="testMethodPresentOnReactiveApi{Method}[305]" classname="io.lettuce.core.SyncAsyncApiConvergenceUnitTests" time="0"/>
  <testcase name="testMethodPresentOnReactiveApi{Method}[306]" classname="io.lettuce.core.SyncAsyncApiConvergenceUnitTests" time="0"/>
  <testcase name="testMethodPresentOnReactiveApi{Method}[307]" classname="io.lettuce.core.SyncAsyncApiConvergenceUnitTests" time="0"/>
  <testcase name="testMethodPresentOnReactiveApi{Method}[308]" classname="io.lettuce.core.SyncAsyncApiConvergenceUnitTests" time="0"/>
  <testcase name="testMethodPresentOnReactiveApi{Method}[309]" classname="io.lettuce.core.SyncAsyncApiConvergenceUnitTests" time="0"/>
  <testcase name="testMethodPresentOnReactiveApi{Method}[310]" classname="io.lettuce.core.SyncAsyncApiConvergenceUnitTests" time="0"/>
  <testcase name="testMethodPresentOnReactiveApi{Method}[311]" classname="io.lettuce.core.SyncAsyncApiConvergenceUnitTests" time="0"/>
  <testcase name="testMethodPresentOnReactiveApi{Method}[312]" classname="io.lettuce.core.SyncAsyncApiConvergenceUnitTests" time="0"/>
  <testcase name="testMethodPresentOnReactiveApi{Method}[313]" classname="io.lettuce.core.SyncAsyncApiConvergenceUnitTests" time="0"/>
  <testcase name="testMethodPresentOnReactiveApi{Method}[314]" classname="io.lettuce.core.SyncAsyncApiConvergenceUnitTests" time="0"/>
  <testcase name="testMethodPresentOnReactiveApi{Method}[315]" classname="io.lettuce.core.SyncAsyncApiConvergenceUnitTests" time="0"/>
  <testcase name="testMethodPresentOnReactiveApi{Method}[316]" classname="io.lettuce.core.SyncAsyncApiConvergenceUnitTests" time="0"/>
  <testcase name="testMethodPresentOnReactiveApi{Method}[317]" classname="io.lettuce.core.SyncAsyncApiConvergenceUnitTests" time="0"/>
  <testcase name="testMethodPresentOnReactiveApi{Method}[318]" classname="io.lettuce.core.SyncAsyncApiConvergenceUnitTests" time="0"/>
  <testcase name="testMethodPresentOnReactiveApi{Method}[319]" classname="io.lettuce.core.SyncAsyncApiConvergenceUnitTests" time="0"/>
  <testcase name="testMethodPresentOnReactiveApi{Method}[320]" classname="io.lettuce.core.SyncAsyncApiConvergenceUnitTests" time="0"/>
  <testcase name="testMethodPresentOnReactiveApi{Method}[321]" classname="io.lettuce.core.SyncAsyncApiConvergenceUnitTests" time="0"/>
  <testcase name="testMethodPresentOnReactiveApi{Method}[322]" classname="io.lettuce.core.SyncAsyncApiConvergenceUnitTests" time="0"/>
  <testcase name="testMethodPresentOnReactiveApi{Method}[323]" classname="io.lettuce.core.SyncAsyncApiConvergenceUnitTests" time="0"/>
  <testcase name="testMethodPresentOnReactiveApi{Method}[324]" classname="io.lettuce.core.SyncAsyncApiConvergenceUnitTests" time="0"/>
  <testcase name="testMethodPresentOnReactiveApi{Method}[325]" classname="io.lettuce.core.SyncAsyncApiConvergenceUnitTests" time="0"/>
  <testcase name="testMethodPresentOnReactiveApi{Method}[326]" classname="io.lettuce.core.SyncAsyncApiConvergenceUnitTests" time="0.001"/>
  <testcase name="testMethodPresentOnReactiveApi{Method}[327]" classname="io.lettuce.core.SyncAsyncApiConvergenceUnitTests" time="0"/>
  <testcase name="testMethodPresentOnReactiveApi{Method}[328]" classname="io.lettuce.core.SyncAsyncApiConvergenceUnitTests" time="0"/>
  <testcase name="testMethodPresentOnReactiveApi{Method}[329]" classname="io.lettuce.core.SyncAsyncApiConvergenceUnitTests" time="0"/>
  <testcase name="testMethodPresentOnReactiveApi{Method}[330]" classname="io.lettuce.core.SyncAsyncApiConvergenceUnitTests" time="0"/>
  <testcase name="testMethodPresentOnReactiveApi{Method}[331]" classname="io.lettuce.core.SyncAsyncApiConvergenceUnitTests" time="0"/>
  <testcase name="testMethodPresentOnReactiveApi{Method}[332]" classname="io.lettuce.core.SyncAsyncApiConvergenceUnitTests" time="0"/>
  <testcase name="testMethodPresentOnReactiveApi{Method}[333]" classname="io.lettuce.core.SyncAsyncApiConvergenceUnitTests" time="0"/>
  <testcase name="testMethodPresentOnReactiveApi{Method}[334]" classname="io.lettuce.core.SyncAsyncApiConvergenceUnitTests" time="0.001"/>
  <testcase name="testMethodPresentOnReactiveApi{Method}[335]" classname="io.lettuce.core.SyncAsyncApiConvergenceUnitTests" time="0"/>
  <testcase name="testMethodPresentOnReactiveApi{Method}[336]" classname="io.lettuce.core.SyncAsyncApiConvergenceUnitTests" time="0"/>
  <testcase name="testMethodPresentOnReactiveApi{Method}[337]" classname="io.lettuce.core.SyncAsyncApiConvergenceUnitTests" time="0"/>
  <testcase name="testMethodPresentOnReactiveApi{Method}[338]" classname="io.lettuce.core.SyncAsyncApiConvergenceUnitTests" time="0"/>
  <testcase name="testMethodPresentOnReactiveApi{Method}[339]" classname="io.lettuce.core.SyncAsyncApiConvergenceUnitTests" time="0"/>
  <testcase name="testMethodPresentOnReactiveApi{Method}[340]" classname="io.lettuce.core.SyncAsyncApiConvergenceUnitTests" time="0"/>
  <testcase name="testMethodPresentOnReactiveApi{Method}[341]" classname="io.lettuce.core.SyncAsyncApiConvergenceUnitTests" time="0"/>
  <testcase name="testMethodPresentOnReactiveApi{Method}[342]" classname="io.lettuce.core.SyncAsyncApiConvergenceUnitTests" time="0"/>
  <testcase name="testMethodPresentOnReactiveApi{Method}[343]" classname="io.lettuce.core.SyncAsyncApiConvergenceUnitTests" time="0"/>
  <testcase name="testMethodPresentOnReactiveApi{Method}[344]" classname="io.lettuce.core.SyncAsyncApiConvergenceUnitTests" time="0"/>
  <testcase name="testMethodPresentOnReactiveApi{Method}[345]" classname="io.lettuce.core.SyncAsyncApiConvergenceUnitTests" time="0.001"/>
  <testcase name="testMethodPresentOnReactiveApi{Method}[346]" classname="io.lettuce.core.SyncAsyncApiConvergenceUnitTests" time="0"/>
  <testcase name="testMethodPresentOnReactiveApi{Method}[347]" classname="io.lettuce.core.SyncAsyncApiConvergenceUnitTests" time="0"/>
  <testcase name="testMethodPresentOnReactiveApi{Method}[348]" classname="io.lettuce.core.SyncAsyncApiConvergenceUnitTests" time="0"/>
  <testcase name="testMethodPresentOnReactiveApi{Method}[349]" classname="io.lettuce.core.SyncAsyncApiConvergenceUnitTests" time="0"/>
  <testcase name="testMethodPresentOnReactiveApi{Method}[350]" classname="io.lettuce.core.SyncAsyncApiConvergenceUnitTests" time="0"/>
  <testcase name="testMethodPresentOnReactiveApi{Method}[351]" classname="io.lettuce.core.SyncAsyncApiConvergenceUnitTests" time="0"/>
  <testcase name="testMethodPresentOnReactiveApi{Method}[352]" classname="io.lettuce.core.SyncAsyncApiConvergenceUnitTests" time="0"/>
  <testcase name="testMethodPresentOnReactiveApi{Method}[353]" classname="io.lettuce.core.SyncAsyncApiConvergenceUnitTests" time="0"/>
  <testcase name="testMethodPresentOnReactiveApi{Method}[354]" classname="io.lettuce.core.SyncAsyncApiConvergenceUnitTests" time="0"/>
  <testcase name="testMethodPresentOnReactiveApi{Method}[355]" classname="io.lettuce.core.SyncAsyncApiConvergenceUnitTests" time="0"/>
  <testcase name="testMethodPresentOnReactiveApi{Method}[356]" classname="io.lettuce.core.SyncAsyncApiConvergenceUnitTests" time="0.001"/>
  <testcase name="testMethodPresentOnReactiveApi{Method}[357]" classname="io.lettuce.core.SyncAsyncApiConvergenceUnitTests" time="0"/>
  <testcase name="testMethodPresentOnReactiveApi{Method}[358]" classname="io.lettuce.core.SyncAsyncApiConvergenceUnitTests" time="0"/>
  <testcase name="testMethodPresentOnReactiveApi{Method}[359]" classname="io.lettuce.core.SyncAsyncApiConvergenceUnitTests" time="0"/>
  <testcase name="testMethodPresentOnReactiveApi{Method}[360]" classname="io.lettuce.core.SyncAsyncApiConvergenceUnitTests" time="0"/>
  <testcase name="testMethodPresentOnReactiveApi{Method}[361]" classname="io.lettuce.core.SyncAsyncApiConvergenceUnitTests" time="0"/>
  <testcase name="testMethodPresentOnReactiveApi{Method}[362]" classname="io.lettuce.core.SyncAsyncApiConvergenceUnitTests" time="0"/>
  <testcase name="testMethodPresentOnReactiveApi{Method}[363]" classname="io.lettuce.core.SyncAsyncApiConvergenceUnitTests" time="0"/>
  <testcase name="testMethodPresentOnReactiveApi{Method}[364]" classname="io.lettuce.core.SyncAsyncApiConvergenceUnitTests" time="0"/>
  <testcase name="testMethodPresentOnReactiveApi{Method}[365]" classname="io.lettuce.core.SyncAsyncApiConvergenceUnitTests" time="0"/>
  <testcase name="testMethodPresentOnReactiveApi{Method}[366]" classname="io.lettuce.core.SyncAsyncApiConvergenceUnitTests" time="0"/>
  <testcase name="testMethodPresentOnReactiveApi{Method}[367]" classname="io.lettuce.core.SyncAsyncApiConvergenceUnitTests" time="0"/>
  <testcase name="testMethodPresentOnReactiveApi{Method}[368]" classname="io.lettuce.core.SyncAsyncApiConvergenceUnitTests" time="0"/>
  <testcase name="testMethodPresentOnReactiveApi{Method}[369]" classname="io.lettuce.core.SyncAsyncApiConvergenceUnitTests" time="0"/>
  <testcase name="testMethodPresentOnReactiveApi{Method}[370]" classname="io.lettuce.core.SyncAsyncApiConvergenceUnitTests" time="0"/>
  <testcase name="testMethodPresentOnReactiveApi{Method}[371]" classname="io.lettuce.core.SyncAsyncApiConvergenceUnitTests" time="0"/>
  <testcase name="testMethodPresentOnReactiveApi{Method}[372]" classname="io.lettuce.core.SyncAsyncApiConvergenceUnitTests" time="0"/>
  <testcase name="testMethodPresentOnReactiveApi{Method}[373]" classname="io.lettuce.core.SyncAsyncApiConvergenceUnitTests" time="0"/>
  <testcase name="testMethodPresentOnReactiveApi{Method}[374]" classname="io.lettuce.core.SyncAsyncApiConvergenceUnitTests" time="0"/>
  <testcase name="testMethodPresentOnReactiveApi{Method}[375]" classname="io.lettuce.core.SyncAsyncApiConvergenceUnitTests" time="0"/>
  <testcase name="testMethodPresentOnReactiveApi{Method}[376]" classname="io.lettuce.core.SyncAsyncApiConvergenceUnitTests" time="0"/>
  <testcase name="testMethodPresentOnReactiveApi{Method}[377]" classname="io.lettuce.core.SyncAsyncApiConvergenceUnitTests" time="0"/>
  <testcase name="testMethodPresentOnReactiveApi{Method}[378]" classname="io.lettuce.core.SyncAsyncApiConvergenceUnitTests" time="0"/>
  <testcase name="testMethodPresentOnReactiveApi{Method}[379]" classname="io.lettuce.core.SyncAsyncApiConvergenceUnitTests" time="0.001"/>
  <testcase name="testMethodPresentOnReactiveApi{Method}[380]" classname="io.lettuce.core.SyncAsyncApiConvergenceUnitTests" time="0"/>
  <testcase name="testMethodPresentOnReactiveApi{Method}[381]" classname="io.lettuce.core.SyncAsyncApiConvergenceUnitTests" time="0"/>
  <testcase name="testMethodPresentOnReactiveApi{Method}[382]" classname="io.lettuce.core.SyncAsyncApiConvergenceUnitTests" time="0"/>
  <testcase name="testMethodPresentOnReactiveApi{Method}[383]" classname="io.lettuce.core.SyncAsyncApiConvergenceUnitTests" time="0"/>
  <testcase name="testMethodPresentOnReactiveApi{Method}[384]" classname="io.lettuce.core.SyncAsyncApiConvergenceUnitTests" time="0"/>
  <testcase name="testMethodPresentOnReactiveApi{Method}[385]" classname="io.lettuce.core.SyncAsyncApiConvergenceUnitTests" time="0"/>
  <testcase name="testMethodPresentOnReactiveApi{Method}[386]" classname="io.lettuce.core.SyncAsyncApiConvergenceUnitTests" time="0.001"/>
  <testcase name="testMethodPresentOnReactiveApi{Method}[387]" classname="io.lettuce.core.SyncAsyncApiConvergenceUnitTests" time="0"/>
  <testcase name="testMethodPresentOnReactiveApi{Method}[388]" classname="io.lettuce.core.SyncAsyncApiConvergenceUnitTests" time="0"/>
  <testcase name="testMethodPresentOnReactiveApi{Method}[389]" classname="io.lettuce.core.SyncAsyncApiConvergenceUnitTests" time="0"/>
  <testcase name="testMethodPresentOnReactiveApi{Method}[390]" classname="io.lettuce.core.SyncAsyncApiConvergenceUnitTests" time="0.001"/>
  <testcase name="testMethodPresentOnReactiveApi{Method}[391]" classname="io.lettuce.core.SyncAsyncApiConvergenceUnitTests" time="0"/>
  <testcase name="testMethodPresentOnReactiveApi{Method}[392]" classname="io.lettuce.core.SyncAsyncApiConvergenceUnitTests" time="0"/>
  <testcase name="testMethodPresentOnReactiveApi{Method}[393]" classname="io.lettuce.core.SyncAsyncApiConvergenceUnitTests" time="0"/>
  <testcase name="testMethodPresentOnReactiveApi{Method}[394]" classname="io.lettuce.core.SyncAsyncApiConvergenceUnitTests" time="0"/>
  <testcase name="testMethodPresentOnReactiveApi{Method}[395]" classname="io.lettuce.core.SyncAsyncApiConvergenceUnitTests" time="0"/>
  <testcase name="testMethodPresentOnReactiveApi{Method}[396]" classname="io.lettuce.core.SyncAsyncApiConvergenceUnitTests" time="0"/>
  <testcase name="testSameResultType{Method}[1]" classname="io.lettuce.core.SyncAsyncApiConvergenceUnitTests" time="0"/>
  <testcase name="testSameResultType{Method}[2]" classname="io.lettuce.core.SyncAsyncApiConvergenceUnitTests" time="0"/>
  <testcase name="testSameResultType{Method}[3]" classname="io.lettuce.core.SyncAsyncApiConvergenceUnitTests" time="0"/>
  <testcase name="testSameResultType{Method}[4]" classname="io.lettuce.core.SyncAsyncApiConvergenceUnitTests" time="0"/>
  <testcase name="testSameResultType{Method}[5]" classname="io.lettuce.core.SyncAsyncApiConvergenceUnitTests" time="0.001"/>
  <testcase name="testSameResultType{Method}[6]" classname="io.lettuce.core.SyncAsyncApiConvergenceUnitTests" time="0"/>
  <testcase name="testSameResultType{Method}[7]" classname="io.lettuce.core.SyncAsyncApiConvergenceUnitTests" time="0"/>
  <testcase name="testSameResultType{Method}[8]" classname="io.lettuce.core.SyncAsyncApiConvergenceUnitTests" time="0"/>
  <testcase name="testSameResultType{Method}[9]" classname="io.lettuce.core.SyncAsyncApiConvergenceUnitTests" time="0"/>
  <testcase name="testSameResultType{Method}[10]" classname="io.lettuce.core.SyncAsyncApiConvergenceUnitTests" time="0"/>
  <testcase name="testSameResultType{Method}[11]" classname="io.lettuce.core.SyncAsyncApiConvergenceUnitTests" time="0"/>
  <testcase name="testSameResultType{Method}[12]" classname="io.lettuce.core.SyncAsyncApiConvergenceUnitTests" time="0"/>
  <testcase name="testSameResultType{Method}[13]" classname="io.lettuce.core.SyncAsyncApiConvergenceUnitTests" time="0"/>
  <testcase name="testSameResultType{Method}[14]" classname="io.lettuce.core.SyncAsyncApiConvergenceUnitTests" time="0"/>
  <testcase name="testSameResultType{Method}[15]" classname="io.lettuce.core.SyncAsyncApiConvergenceUnitTests" time="0"/>
  <testcase name="testSameResultType{Method}[16]" classname="io.lettuce.core.SyncAsyncApiConvergenceUnitTests" time="0.001"/>
  <testcase name="testSameResultType{Method}[17]" classname="io.lettuce.core.SyncAsyncApiConvergenceUnitTests" time="0"/>
  <testcase name="testSameResultType{Method}[18]" classname="io.lettuce.core.SyncAsyncApiConvergenceUnitTests" time="0"/>
  <testcase name="testSameResultType{Method}[19]" classname="io.lettuce.core.SyncAsyncApiConvergenceUnitTests" time="0"/>
  <testcase name="testSameResultType{Method}[20]" classname="io.lettuce.core.SyncAsyncApiConvergenceUnitTests" time="0"/>
  <testcase name="testSameResultType{Method}[21]" classname="io.lettuce.core.SyncAsyncApiConvergenceUnitTests" time="0"/>
  <testcase name="testSameResultType{Method}[22]" classname="io.lettuce.core.SyncAsyncApiConvergenceUnitTests" time="0"/>
  <testcase name="testSameResultType{Method}[23]" classname="io.lettuce.core.SyncAsyncApiConvergenceUnitTests" time="0"/>
  <testcase name="testSameResultType{Method}[24]" classname="io.lettuce.core.SyncAsyncApiConvergenceUnitTests" time="0"/>
  <testcase name="testSameResultType{Method}[25]" classname="io.lettuce.core.SyncAsyncApiConvergenceUnitTests" time="0"/>
  <testcase name="testSameResultType{Method}[26]" classname="io.lettuce.core.SyncAsyncApiConvergenceUnitTests" time="0"/>
  <testcase name="testSameResultType{Method}[27]" classname="io.lettuce.core.SyncAsyncApiConvergenceUnitTests" time="0"/>
  <testcase name="testSameResultType{Method}[28]" classname="io.lettuce.core.SyncAsyncApiConvergenceUnitTests" time="0"/>
  <testcase name="testSameResultType{Method}[29]" classname="io.lettuce.core.SyncAsyncApiConvergenceUnitTests" time="0"/>
  <testcase name="testSameResultType{Method}[30]" classname="io.lettuce.core.SyncAsyncApiConvergenceUnitTests" time="0"/>
  <testcase name="testSameResultType{Method}[31]" classname="io.lettuce.core.SyncAsyncApiConvergenceUnitTests" time="0"/>
  <testcase name="testSameResultType{Method}[32]" classname="io.lettuce.core.SyncAsyncApiConvergenceUnitTests" time="0"/>
  <testcase name="testSameResultType{Method}[33]" classname="io.lettuce.core.SyncAsyncApiConvergenceUnitTests" time="0"/>
  <testcase name="testSameResultType{Method}[34]" classname="io.lettuce.core.SyncAsyncApiConvergenceUnitTests" time="0"/>
  <testcase name="testSameResultType{Method}[35]" classname="io.lettuce.core.SyncAsyncApiConvergenceUnitTests" time="0"/>
  <testcase name="testSameResultType{Method}[36]" classname="io.lettuce.core.SyncAsyncApiConvergenceUnitTests" time="0"/>
  <testcase name="testSameResultType{Method}[37]" classname="io.lettuce.core.SyncAsyncApiConvergenceUnitTests" time="0"/>
  <testcase name="testSameResultType{Method}[38]" classname="io.lettuce.core.SyncAsyncApiConvergenceUnitTests" time="0"/>
  <testcase name="testSameResultType{Method}[39]" classname="io.lettuce.core.SyncAsyncApiConvergenceUnitTests" time="0"/>
  <testcase name="testSameResultType{Method}[40]" classname="io.lettuce.core.SyncAsyncApiConvergenceUnitTests" time="0.001"/>
  <testcase name="testSameResultType{Method}[41]" classname="io.lettuce.core.SyncAsyncApiConvergenceUnitTests" time="0"/>
  <testcase name="testSameResultType{Method}[42]" classname="io.lettuce.core.SyncAsyncApiConvergenceUnitTests" time="0"/>
  <testcase name="testSameResultType{Method}[43]" classname="io.lettuce.core.SyncAsyncApiConvergenceUnitTests" time="0"/>
  <testcase name="testSameResultType{Method}[44]" classname="io.lettuce.core.SyncAsyncApiConvergenceUnitTests" time="0"/>
  <testcase name="testSameResultType{Method}[45]" classname="io.lettuce.core.SyncAsyncApiConvergenceUnitTests" time="0"/>
  <testcase name="testSameResultType{Method}[46]" classname="io.lettuce.core.SyncAsyncApiConvergenceUnitTests" time="0"/>
  <testcase name="testSameResultType{Method}[47]" classname="io.lettuce.core.SyncAsyncApiConvergenceUnitTests" time="0"/>
  <testcase name="testSameResultType{Method}[48]" classname="io.lettuce.core.SyncAsyncApiConvergenceUnitTests" time="0"/>
  <testcase name="testSameResultType{Method}[49]" classname="io.lettuce.core.SyncAsyncApiConvergenceUnitTests" time="0.001"/>
  <testcase name="testSameResultType{Method}[50]" classname="io.lettuce.core.SyncAsyncApiConvergenceUnitTests" time="0"/>
  <testcase name="testSameResultType{Method}[51]" classname="io.lettuce.core.SyncAsyncApiConvergenceUnitTests" time="0"/>
  <testcase name="testSameResultType{Method}[52]" classname="io.lettuce.core.SyncAsyncApiConvergenceUnitTests" time="0"/>
  <testcase name="testSameResultType{Method}[53]" classname="io.lettuce.core.SyncAsyncApiConvergenceUnitTests" time="0"/>
  <testcase name="testSameResultType{Method}[54]" classname="io.lettuce.core.SyncAsyncApiConvergenceUnitTests" time="0"/>
  <testcase name="testSameResultType{Method}[55]" classname="io.lettuce.core.SyncAsyncApiConvergenceUnitTests" time="0"/>
  <testcase name="testSameResultType{Method}[56]" classname="io.lettuce.core.SyncAsyncApiConvergenceUnitTests" time="0"/>
  <testcase name="testSameResultType{Method}[57]" classname="io.lettuce.core.SyncAsyncApiConvergenceUnitTests" time="0"/>
  <testcase name="testSameResultType{Method}[58]" classname="io.lettuce.core.SyncAsyncApiConvergenceUnitTests" time="0"/>
  <testcase name="testSameResultType{Method}[59]" classname="io.lettuce.core.SyncAsyncApiConvergenceUnitTests" time="0"/>
  <testcase name="testSameResultType{Method}[60]" classname="io.lettuce.core.SyncAsyncApiConvergenceUnitTests" time="0"/>
  <testcase name="testSameResultType{Method}[61]" classname="io.lettuce.core.SyncAsyncApiConvergenceUnitTests" time="0"/>
  <testcase name="testSameResultType{Method}[62]" classname="io.lettuce.core.SyncAsyncApiConvergenceUnitTests" time="0"/>
  <testcase name="testSameResultType{Method}[63]" classname="io.lettuce.core.SyncAsyncApiConvergenceUnitTests" time="0"/>
  <testcase name="testSameResultType{Method}[64]" classname="io.lettuce.core.SyncAsyncApiConvergenceUnitTests" time="0"/>
  <testcase name="testSameResultType{Method}[65]" classname="io.lettuce.core.SyncAsyncApiConvergenceUnitTests" time="0"/>
  <testcase name="testSameResultType{Method}[66]" classname="io.lettuce.core.SyncAsyncApiConvergenceUnitTests" time="0"/>
  <testcase name="testSameResultType{Method}[67]" classname="io.lettuce.core.SyncAsyncApiConvergenceUnitTests" time="0"/>
  <testcase name="testSameResultType{Method}[68]" classname="io.lettuce.core.SyncAsyncApiConvergenceUnitTests" time="0"/>
  <testcase name="testSameResultType{Method}[69]" classname="io.lettuce.core.SyncAsyncApiConvergenceUnitTests" time="0"/>
  <testcase name="testSameResultType{Method}[70]" classname="io.lettuce.core.SyncAsyncApiConvergenceUnitTests" time="0"/>
  <testcase name="testSameResultType{Method}[71]" classname="io.lettuce.core.SyncAsyncApiConvergenceUnitTests" time="0"/>
  <testcase name="testSameResultType{Method}[72]" classname="io.lettuce.core.SyncAsyncApiConvergenceUnitTests" time="0"/>
  <testcase name="testSameResultType{Method}[73]" classname="io.lettuce.core.SyncAsyncApiConvergenceUnitTests" time="0"/>
  <testcase name="testSameResultType{Method}[74]" classname="io.lettuce.core.SyncAsyncApiConvergenceUnitTests" time="0"/>
  <testcase name="testSameResultType{Method}[75]" classname="io.lettuce.core.SyncAsyncApiConvergenceUnitTests" time="0"/>
  <testcase name="testSameResultType{Method}[76]" classname="io.lettuce.core.SyncAsyncApiConvergenceUnitTests" time="0"/>
  <testcase name="testSameResultType{Method}[77]" classname="io.lettuce.core.SyncAsyncApiConvergenceUnitTests" time="0"/>
  <testcase name="testSameResultType{Method}[78]" classname="io.lettuce.core.SyncAsyncApiConvergenceUnitTests" time="0"/>
  <testcase name="testSameResultType{Method}[79]" classname="io.lettuce.core.SyncAsyncApiConvergenceUnitTests" time="0"/>
  <testcase name="testSameResultType{Method}[80]" classname="io.lettuce.core.SyncAsyncApiConvergenceUnitTests" time="0"/>
  <testcase name="testSameResultType{Method}[81]" classname="io.lettuce.core.SyncAsyncApiConvergenceUnitTests" time="0"/>
  <testcase name="testSameResultType{Method}[82]" classname="io.lettuce.core.SyncAsyncApiConvergenceUnitTests" time="0"/>
  <testcase name="testSameResultType{Method}[83]" classname="io.lettuce.core.SyncAsyncApiConvergenceUnitTests" time="0"/>
  <testcase name="testSameResultType{Method}[84]" classname="io.lettuce.core.SyncAsyncApiConvergenceUnitTests" time="0"/>
  <testcase name="testSameResultType{Method}[85]" classname="io.lettuce.core.SyncAsyncApiConvergenceUnitTests" time="0"/>
  <testcase name="testSameResultType{Method}[86]" classname="io.lettuce.core.SyncAsyncApiConvergenceUnitTests" time="0"/>
  <testcase name="testSameResultType{Method}[87]" classname="io.lettuce.core.SyncAsyncApiConvergenceUnitTests" time="0"/>
  <testcase name="testSameResultType{Method}[88]" classname="io.lettuce.core.SyncAsyncApiConvergenceUnitTests" time="0"/>
  <testcase name="testSameResultType{Method}[89]" classname="io.lettuce.core.SyncAsyncApiConvergenceUnitTests" time="0"/>
  <testcase name="testSameResultType{Method}[90]" classname="io.lettuce.core.SyncAsyncApiConvergenceUnitTests" time="0"/>
  <testcase name="testSameResultType{Method}[91]" classname="io.lettuce.core.SyncAsyncApiConvergenceUnitTests" time="0"/>
  <testcase name="testSameResultType{Method}[92]" classname="io.lettuce.core.SyncAsyncApiConvergenceUnitTests" time="0"/>
  <testcase name="testSameResultType{Method}[93]" classname="io.lettuce.core.SyncAsyncApiConvergenceUnitTests" time="0"/>
  <testcase name="testSameResultType{Method}[94]" classname="io.lettuce.core.SyncAsyncApiConvergenceUnitTests" time="0"/>
  <testcase name="testSameResultType{Method}[95]" classname="io.lettuce.core.SyncAsyncApiConvergenceUnitTests" time="0"/>
  <testcase name="testSameResultType{Method}[96]" classname="io.lettuce.core.SyncAsyncApiConvergenceUnitTests" time="0"/>
  <testcase name="testSameResultType{Method}[97]" classname="io.lettuce.core.SyncAsyncApiConvergenceUnitTests" time="0"/>
  <testcase name="testSameResultType{Method}[98]" classname="io.lettuce.core.SyncAsyncApiConvergenceUnitTests" time="0"/>
  <testcase name="testSameResultType{Method}[99]" classname="io.lettuce.core.SyncAsyncApiConvergenceUnitTests" time="0"/>
  <testcase name="testSameResultType{Method}[100]" classname="io.lettuce.core.SyncAsyncApiConvergenceUnitTests" time="0"/>
  <testcase name="testSameResultType{Method}[101]" classname="io.lettuce.core.SyncAsyncApiConvergenceUnitTests" time="0"/>
  <testcase name="testSameResultType{Method}[102]" classname="io.lettuce.core.SyncAsyncApiConvergenceUnitTests" time="0"/>
  <testcase name="testSameResultType{Method}[103]" classname="io.lettuce.core.SyncAsyncApiConvergenceUnitTests" time="0"/>
  <testcase name="testSameResultType{Method}[104]" classname="io.lettuce.core.SyncAsyncApiConvergenceUnitTests" time="0"/>
  <testcase name="testSameResultType{Method}[105]" classname="io.lettuce.core.SyncAsyncApiConvergenceUnitTests" time="0"/>
  <testcase name="testSameResultType{Method}[106]" classname="io.lettuce.core.SyncAsyncApiConvergenceUnitTests" time="0"/>
  <testcase name="testSameResultType{Method}[107]" classname="io.lettuce.core.SyncAsyncApiConvergenceUnitTests" time="0.001"/>
  <testcase name="testSameResultType{Method}[108]" classname="io.lettuce.core.SyncAsyncApiConvergenceUnitTests" time="0"/>
  <testcase name="testSameResultType{Method}[109]" classname="io.lettuce.core.SyncAsyncApiConvergenceUnitTests" time="0"/>
  <testcase name="testSameResultType{Method}[110]" classname="io.lettuce.core.SyncAsyncApiConvergenceUnitTests" time="0"/>
  <testcase name="testSameResultType{Method}[111]" classname="io.lettuce.core.SyncAsyncApiConvergenceUnitTests" time="0"/>
  <testcase name="testSameResultType{Method}[112]" classname="io.lettuce.core.SyncAsyncApiConvergenceUnitTests" time="0"/>
  <testcase name="testSameResultType{Method}[113]" classname="io.lettuce.core.SyncAsyncApiConvergenceUnitTests" time="0"/>
  <testcase name="testSameResultType{Method}[114]" classname="io.lettuce.core.SyncAsyncApiConvergenceUnitTests" time="0"/>
  <testcase name="testSameResultType{Method}[115]" classname="io.lettuce.core.SyncAsyncApiConvergenceUnitTests" time="0"/>
  <testcase name="testSameResultType{Method}[116]" classname="io.lettuce.core.SyncAsyncApiConvergenceUnitTests" time="0"/>
  <testcase name="testSameResultType{Method}[117]" classname="io.lettuce.core.SyncAsyncApiConvergenceUnitTests" time="0.001"/>
  <testcase name="testSameResultType{Method}[118]" classname="io.lettuce.core.SyncAsyncApiConvergenceUnitTests" time="0"/>
  <testcase name="testSameResultType{Method}[119]" classname="io.lettuce.core.SyncAsyncApiConvergenceUnitTests" time="0"/>
  <testcase name="testSameResultType{Method}[120]" classname="io.lettuce.core.SyncAsyncApiConvergenceUnitTests" time="0"/>
  <testcase name="testSameResultType{Method}[121]" classname="io.lettuce.core.SyncAsyncApiConvergenceUnitTests" time="0.001"/>
  <testcase name="testSameResultType{Method}[122]" classname="io.lettuce.core.SyncAsyncApiConvergenceUnitTests" time="0"/>
  <testcase name="testSameResultType{Method}[123]" classname="io.lettuce.core.SyncAsyncApiConvergenceUnitTests" time="0"/>
  <testcase name="testSameResultType{Method}[124]" classname="io.lettuce.core.SyncAsyncApiConvergenceUnitTests" time="0"/>
  <testcase name="testSameResultType{Method}[125]" classname="io.lettuce.core.SyncAsyncApiConvergenceUnitTests" time="0"/>
  <testcase name="testSameResultType{Method}[126]" classname="io.lettuce.core.SyncAsyncApiConvergenceUnitTests" time="0"/>
  <testcase name="testSameResultType{Method}[127]" classname="io.lettuce.core.SyncAsyncApiConvergenceUnitTests" time="0"/>
  <testcase name="testSameResultType{Method}[128]" classname="io.lettuce.core.SyncAsyncApiConvergenceUnitTests" time="0"/>
  <testcase name="testSameResultType{Method}[129]" classname="io.lettuce.core.SyncAsyncApiConvergenceUnitTests" time="0"/>
  <testcase name="testSameResultType{Method}[130]" classname="io.lettuce.core.SyncAsyncApiConvergenceUnitTests" time="0"/>
  <testcase name="testSameResultType{Method}[131]" classname="io.lettuce.core.SyncAsyncApiConvergenceUnitTests" time="0"/>
  <testcase name="testSameResultType{Method}[132]" classname="io.lettuce.core.SyncAsyncApiConvergenceUnitTests" time="0.001"/>
  <testcase name="testSameResultType{Method}[133]" classname="io.lettuce.core.SyncAsyncApiConvergenceUnitTests" time="0"/>
  <testcase name="testSameResultType{Method}[134]" classname="io.lettuce.core.SyncAsyncApiConvergenceUnitTests" time="0"/>
  <testcase name="testSameResultType{Method}[135]" classname="io.lettuce.core.SyncAsyncApiConvergenceUnitTests" time="0"/>
  <testcase name="testSameResultType{Method}[136]" classname="io.lettuce.core.SyncAsyncApiConvergenceUnitTests" time="0.001"/>
  <testcase name="testSameResultType{Method}[137]" classname="io.lettuce.core.SyncAsyncApiConvergenceUnitTests" time="0"/>
  <testcase name="testSameResultType{Method}[138]" classname="io.lettuce.core.SyncAsyncApiConvergenceUnitTests" time="0"/>
  <testcase name="testSameResultType{Method}[139]" classname="io.lettuce.core.SyncAsyncApiConvergenceUnitTests" time="0"/>
  <testcase name="testSameResultType{Method}[140]" classname="io.lettuce.core.SyncAsyncApiConvergenceUnitTests" time="0.001"/>
  <testcase name="testSameResultType{Method}[141]" classname="io.lettuce.core.SyncAsyncApiConvergenceUnitTests" time="0"/>
  <testcase name="testSameResultType{Method}[142]" classname="io.lettuce.core.SyncAsyncApiConvergenceUnitTests" time="0"/>
  <testcase name="testSameResultType{Method}[143]" classname="io.lettuce.core.SyncAsyncApiConvergenceUnitTests" time="0"/>
  <testcase name="testSameResultType{Method}[144]" classname="io.lettuce.core.SyncAsyncApiConvergenceUnitTests" time="0"/>
  <testcase name="testSameResultType{Method}[145]" classname="io.lettuce.core.SyncAsyncApiConvergenceUnitTests" time="0"/>
  <testcase name="testSameResultType{Method}[146]" classname="io.lettuce.core.SyncAsyncApiConvergenceUnitTests" time="0"/>
  <testcase name="testSameResultType{Method}[147]" classname="io.lettuce.core.SyncAsyncApiConvergenceUnitTests" time="0"/>
  <testcase name="testSameResultType{Method}[148]" classname="io.lettuce.core.SyncAsyncApiConvergenceUnitTests" time="0"/>
  <testcase name="testSameResultType{Method}[149]" classname="io.lettuce.core.SyncAsyncApiConvergenceUnitTests" time="0"/>
  <testcase name="testSameResultType{Method}[150]" classname="io.lettuce.core.SyncAsyncApiConvergenceUnitTests" time="0"/>
  <testcase name="testSameResultType{Method}[151]" classname="io.lettuce.core.SyncAsyncApiConvergenceUnitTests" time="0"/>
  <testcase name="testSameResultType{Method}[152]" classname="io.lettuce.core.SyncAsyncApiConvergenceUnitTests" time="0"/>
  <testcase name="testSameResultType{Method}[153]" classname="io.lettuce.core.SyncAsyncApiConvergenceUnitTests" time="0"/>
  <testcase name="testSameResultType{Method}[154]" classname="io.lettuce.core.SyncAsyncApiConvergenceUnitTests" time="0"/>
  <testcase name="testSameResultType{Method}[155]" classname="io.lettuce.core.SyncAsyncApiConvergenceUnitTests" time="0"/>
  <testcase name="testSameResultType{Method}[156]" classname="io.lettuce.core.SyncAsyncApiConvergenceUnitTests" time="0"/>
  <testcase name="testSameResultType{Method}[157]" classname="io.lettuce.core.SyncAsyncApiConvergenceUnitTests" time="0"/>
  <testcase name="testSameResultType{Method}[158]" classname="io.lettuce.core.SyncAsyncApiConvergenceUnitTests" time="0"/>
  <testcase name="testSameResultType{Method}[159]" classname="io.lettuce.core.SyncAsyncApiConvergenceUnitTests" time="0"/>
  <testcase name="testSameResultType{Method}[160]" classname="io.lettuce.core.SyncAsyncApiConvergenceUnitTests" time="0"/>
  <testcase name="testSameResultType{Method}[161]" classname="io.lettuce.core.SyncAsyncApiConvergenceUnitTests" time="0"/>
  <testcase name="testSameResultType{Method}[162]" classname="io.lettuce.core.SyncAsyncApiConvergenceUnitTests" time="0"/>
  <testcase name="testSameResultType{Method}[163]" classname="io.lettuce.core.SyncAsyncApiConvergenceUnitTests" time="0"/>
  <testcase name="testSameResultType{Method}[164]" classname="io.lettuce.core.SyncAsyncApiConvergenceUnitTests" time="0"/>
  <testcase name="testSameResultType{Method}[165]" classname="io.lettuce.core.SyncAsyncApiConvergenceUnitTests" time="0.001"/>
  <testcase name="testSameResultType{Method}[166]" classname="io.lettuce.core.SyncAsyncApiConvergenceUnitTests" time="0"/>
  <testcase name="testSameResultType{Method}[167]" classname="io.lettuce.core.SyncAsyncApiConvergenceUnitTests" time="0"/>
  <testcase name="testSameResultType{Method}[168]" classname="io.lettuce.core.SyncAsyncApiConvergenceUnitTests" time="0"/>
  <testcase name="testSameResultType{Method}[169]" classname="io.lettuce.core.SyncAsyncApiConvergenceUnitTests" time="0"/>
  <testcase name="testSameResultType{Method}[170]" classname="io.lettuce.core.SyncAsyncApiConvergenceUnitTests" time="0.001"/>
  <testcase name="testSameResultType{Method}[171]" classname="io.lettuce.core.SyncAsyncApiConvergenceUnitTests" time="0"/>
  <testcase name="testSameResultType{Method}[172]" classname="io.lettuce.core.SyncAsyncApiConvergenceUnitTests" time="0"/>
  <testcase name="testSameResultType{Method}[173]" classname="io.lettuce.core.SyncAsyncApiConvergenceUnitTests" time="0"/>
  <testcase name="testSameResultType{Method}[174]" classname="io.lettuce.core.SyncAsyncApiConvergenceUnitTests" time="0"/>
  <testcase name="testSameResultType{Method}[175]" classname="io.lettuce.core.SyncAsyncApiConvergenceUnitTests" time="0"/>
  <testcase name="testSameResultType{Method}[176]" classname="io.lettuce.core.SyncAsyncApiConvergenceUnitTests" time="0"/>
  <testcase name="testSameResultType{Method}[177]" classname="io.lettuce.core.SyncAsyncApiConvergenceUnitTests" time="0"/>
  <testcase name="testSameResultType{Method}[178]" classname="io.lettuce.core.SyncAsyncApiConvergenceUnitTests" time="0"/>
  <testcase name="testSameResultType{Method}[179]" classname="io.lettuce.core.SyncAsyncApiConvergenceUnitTests" time="0"/>
  <testcase name="testSameResultType{Method}[180]" classname="io.lettuce.core.SyncAsyncApiConvergenceUnitTests" time="0"/>
  <testcase name="testSameResultType{Method}[181]" classname="io.lettuce.core.SyncAsyncApiConvergenceUnitTests" time="0"/>
  <testcase name="testSameResultType{Method}[182]" classname="io.lettuce.core.SyncAsyncApiConvergenceUnitTests" time="0"/>
  <testcase name="testSameResultType{Method}[183]" classname="io.lettuce.core.SyncAsyncApiConvergenceUnitTests" time="0"/>
  <testcase name="testSameResultType{Method}[184]" classname="io.lettuce.core.SyncAsyncApiConvergenceUnitTests" time="0"/>
  <testcase name="testSameResultType{Method}[185]" classname="io.lettuce.core.SyncAsyncApiConvergenceUnitTests" time="0.001"/>
  <testcase name="testSameResultType{Method}[186]" classname="io.lettuce.core.SyncAsyncApiConvergenceUnitTests" time="0"/>
  <testcase name="testSameResultType{Method}[187]" classname="io.lettuce.core.SyncAsyncApiConvergenceUnitTests" time="0"/>
  <testcase name="testSameResultType{Method}[188]" classname="io.lettuce.core.SyncAsyncApiConvergenceUnitTests" time="0"/>
  <testcase name="testSameResultType{Method}[189]" classname="io.lettuce.core.SyncAsyncApiConvergenceUnitTests" time="0"/>
  <testcase name="testSameResultType{Method}[190]" classname="io.lettuce.core.SyncAsyncApiConvergenceUnitTests" time="0"/>
  <testcase name="testSameResultType{Method}[191]" classname="io.lettuce.core.SyncAsyncApiConvergenceUnitTests" time="0.001"/>
  <testcase name="testSameResultType{Method}[192]" classname="io.lettuce.core.SyncAsyncApiConvergenceUnitTests" time="0"/>
  <testcase name="testSameResultType{Method}[193]" classname="io.lettuce.core.SyncAsyncApiConvergenceUnitTests" time="0"/>
  <testcase name="testSameResultType{Method}[194]" classname="io.lettuce.core.SyncAsyncApiConvergenceUnitTests" time="0"/>
  <testcase name="testSameResultType{Method}[195]" classname="io.lettuce.core.SyncAsyncApiConvergenceUnitTests" time="0"/>
  <testcase name="testSameResultType{Method}[196]" classname="io.lettuce.core.SyncAsyncApiConvergenceUnitTests" time="0"/>
  <testcase name="testSameResultType{Method}[197]" classname="io.lettuce.core.SyncAsyncApiConvergenceUnitTests" time="0"/>
  <testcase name="testSameResultType{Method}[198]" classname="io.lettuce.core.SyncAsyncApiConvergenceUnitTests" time="0"/>
  <testcase name="testSameResultType{Method}[199]" classname="io.lettuce.core.SyncAsyncApiConvergenceUnitTests" time="0.001"/>
  <testcase name="testSameResultType{Method}[200]" classname="io.lettuce.core.SyncAsyncApiConvergenceUnitTests" time="0"/>
  <testcase name="testSameResultType{Method}[201]" classname="io.lettuce.core.SyncAsyncApiConvergenceUnitTests" time="0"/>
  <testcase name="testSameResultType{Method}[202]" classname="io.lettuce.core.SyncAsyncApiConvergenceUnitTests" time="0"/>
  <testcase name="testSameResultType{Method}[203]" classname="io.lettuce.core.SyncAsyncApiConvergenceUnitTests" time="0"/>
  <testcase name="testSameResultType{Method}[204]" classname="io.lettuce.core.SyncAsyncApiConvergenceUnitTests" time="0"/>
  <testcase name="testSameResultType{Method}[205]" classname="io.lettuce.core.SyncAsyncApiConvergenceUnitTests" time="0"/>
  <testcase name="testSameResultType{Method}[206]" classname="io.lettuce.core.SyncAsyncApiConvergenceUnitTests" time="0"/>
  <testcase name="testSameResultType{Method}[207]" classname="io.lettuce.core.SyncAsyncApiConvergenceUnitTests" time="0"/>
  <testcase name="testSameResultType{Method}[208]" classname="io.lettuce.core.SyncAsyncApiConvergenceUnitTests" time="0"/>
  <testcase name="testSameResultType{Method}[209]" classname="io.lettuce.core.SyncAsyncApiConvergenceUnitTests" time="0"/>
  <testcase name="testSameResultType{Method}[210]" classname="io.lettuce.core.SyncAsyncApiConvergenceUnitTests" time="0"/>
  <testcase name="testSameResultType{Method}[211]" classname="io.lettuce.core.SyncAsyncApiConvergenceUnitTests" time="0"/>
  <testcase name="testSameResultType{Method}[212]" classname="io.lettuce.core.SyncAsyncApiConvergenceUnitTests" time="0"/>
[...]
  <testcase name="testMethodPresentOnAsyncApi{Method}[246]" classname="io.lettuce.core.SyncAsyncApiConvergenceUnitTests" time="0"/>
  <testcase name="testMethodPresentOnAsyncApi{Method}[247]" classname="io.lettuce.core.SyncAsyncApiConvergenceUnitTests" time="0"/>
  <testcase name="testMethodPresentOnAsyncApi{Method}[248]" classname="io.lettuce.core.SyncAsyncApiConvergenceUnitTests" time="0"/>
  <testcase name="testMethodPresentOnAsyncApi{Method}[249]" classname="io.lettuce.core.SyncAsyncApiConvergenceUnitTests" time="0"/>
  <testcase name="testMethodPresentOnAsyncApi{Method}[250]" classname="io.lettuce.core.SyncAsyncApiConvergenceUnitTests" time="0"/>
  <testcase name="testMethodPresentOnAsyncApi{Method}[251]" classname="io.lettuce.core.SyncAsyncApiConvergenceUnitTests" time="0"/>
  <testcase name="testMethodPresentOnAsyncApi{Method}[252]" classname="io.lettuce.core.SyncAsyncApiConvergenceUnitTests" time="0"/>
  <testcase name="testMethodPresentOnAsyncApi{Method}[253]" classname="io.lettuce.core.SyncAsyncApiConvergenceUnitTests" time="0"/>
  <testcase name="testMethodPresentOnAsyncApi{Method}[254]" classname="io.lettuce.core.SyncAsyncApiConvergenceUnitTests" time="0"/>
  <testcase name="testMethodPresentOnAsyncApi{Method}[255]" classname="io.lettuce.core.SyncAsyncApiConvergenceUnitTests" time="0"/>
  <testcase name="testMethodPresentOnAsyncApi{Method}[256]" classname="io.lettuce.core.SyncAsyncApiConvergenceUnitTests" time="0"/>
  <testcase name="testMethodPresentOnAsyncApi{Method}[257]" classname="io.lettuce.core.SyncAsyncApiConvergenceUnitTests" time="0"/>
  <testcase name="testMethodPresentOnAsyncApi{Method}[258]" classname="io.lettuce.core.SyncAsyncApiConvergenceUnitTests" time="0"/>
  <testcase name="testMethodPresentOnAsyncApi{Method}[259]" classname="io.lettuce.core.SyncAsyncApiConvergenceUnitTests" time="0"/>
  <testcase name="testMethodPresentOnAsyncApi{Method}[260]" classname="io.lettuce.core.SyncAsyncApiConvergenceUnitTests" time="0"/>
  <testcase name="testMethodPresentOnAsyncApi{Method}[261]" classname="io.lettuce.core.SyncAsyncApiConvergenceUnitTests" time="0"/>
  <testcase name="testMethodPresentOnAsyncApi{Method}[262]" classname="io.lettuce.core.SyncAsyncApiConvergenceUnitTests" time="0"/>
  <testcase name="testMethodPresentOnAsyncApi{Method}[263]" classname="io.lettuce.core.SyncAsyncApiConvergenceUnitTests" time="0.001"/>
  <testcase name="testMethodPresentOnAsyncApi{Method}[264]" classname="io.lettuce.core.SyncAsyncApiConvergenceUnitTests" time="0"/>
  <testcase name="testMethodPresentOnAsyncApi{Method}[265]" classname="io.lettuce.core.SyncAsyncApiConvergenceUnitTests" time="0"/>
  <testcase name="testMethodPresentOnAsyncApi{Method}[266]" classname="io.lettuce.core.SyncAsyncApiConvergenceUnitTests" time="0"/>
  <testcase name="testMethodPresentOnAsyncApi{Method}[267]" classname="io.lettuce.core.SyncAsyncApiConvergenceUnitTests" time="0"/>
  <testcase name="testMethodPresentOnAsyncApi{Method}[268]" classname="io.lettuce.core.SyncAsyncApiConvergenceUnitTests" time="0"/>
  <testcase name="testMethodPresentOnAsyncApi{Method}[269]" classname="io.lettuce.core.SyncAsyncApiConvergenceUnitTests" time="0"/>
  <testcase name="testMethodPresentOnAsyncApi{Method}[270]" classname="io.lettuce.core.SyncAsyncApiConvergenceUnitTests" time="0"/>
  <testcase name="testMethodPresentOnAsyncApi{Method}[271]" classname="io.lettuce.core.SyncAsyncApiConvergenceUnitTests" time="0"/>
  <testcase name="testMethodPresentOnAsyncApi{Method}[272]" classname="io.lettuce.core.SyncAsyncApiConvergenceUnitTests" time="0"/>
  <testcase name="testMethodPresentOnAsyncApi{Method}[273]" classname="io.lettuce.core.SyncAsyncApiConvergenceUnitTests" time="0"/>
  <testcase name="testMethodPresentOnAsyncApi{Method}[274]" classname="io.lettuce.core.SyncAsyncApiConvergenceUnitTests" time="0"/>
  <testcase name="testMethodPresentOnAsyncApi{Method}[275]" classname="io.lettuce.core.SyncAsyncApiConvergenceUnitTests" time="0"/>
  <testcase name="testMethodPresentOnAsyncApi{Method}[276]" classname="io.lettuce.core.SyncAsyncApiConvergenceUnitTests" time="0"/>
  <testcase name="testMethodPresentOnAsyncApi{Method}[277]" classname="io.lettuce.core.SyncAsyncApiConvergenceUnitTests" time="0"/>
  <testcase name="testMethodPresentOnAsyncApi{Method}[278]" classname="io.lettuce.core.SyncAsyncApiConvergenceUnitTests" time="0"/>
  <testcase name="testMethodPresentOnAsyncApi{Method}[279]" classname="io.lettuce.core.SyncAsyncApiConvergenceUnitTests" time="0"/>
  <testcase name="testMethodPresentOnAsyncApi{Method}[280]" classname="io.lettuce.core.SyncAsyncApiConvergenceUnitTests" time="0"/>
  <testcase name="testMethodPresentOnAsyncApi{Method}[281]" classname="io.lettuce.core.SyncAsyncApiConvergenceUnitTests" time="0"/>
  <testcase name="testMethodPresentOnAsyncApi{Method}[282]" classname="io.lettuce.core.SyncAsyncApiConvergenceUnitTests" time="0"/>
  <testcase name="testMethodPresentOnAsyncApi{Method}[283]" classname="io.lettuce.core.SyncAsyncApiConvergenceUnitTests" time="0"/>
  <testcase name="testMethodPresentOnAsyncApi{Method}[284]" classname="io.lettuce.core.SyncAsyncApiConvergenceUnitTests" time="0.001"/>
  <testcase name="testMethodPresentOnAsyncApi{Method}[285]" classname="io.lettuce.core.SyncAsyncApiConvergenceUnitTests" time="0"/>
  <testcase name="testMethodPresentOnAsyncApi{Method}[286]" classname="io.lettuce.core.SyncAsyncApiConvergenceUnitTests" time="0"/>
  <testcase name="testMethodPresentOnAsyncApi{Method}[287]" classname="io.lettuce.core.SyncAsyncApiConvergenceUnitTests" time="0"/>
  <testcase name="testMethodPresentOnAsyncApi{Method}[288]" classname="io.lettuce.core.SyncAsyncApiConvergenceUnitTests" time="0"/>
  <testcase name="testMethodPresentOnAsyncApi{Method}[289]" classname="io.lettuce.core.SyncAsyncApiConvergenceUnitTests" time="0"/>
  <testcase name="testMethodPresentOnAsyncApi{Method}[290]" classname="io.lettuce.core.SyncAsyncApiConvergenceUnitTests" time="0"/>
  <testcase name="testMethodPresentOnAsyncApi{Method}[291]" classname="io.lettuce.core.SyncAsyncApiConvergenceUnitTests" time="0"/>
  <testcase name="testMethodPresentOnAsyncApi{Method}[292]" classname="io.lettuce.core.SyncAsyncApiConvergenceUnitTests" time="0"/>
  <testcase name="testMethodPresentOnAsyncApi{Method}[293]" classname="io.lettuce.core.SyncAsyncApiConvergenceUnitTests" time="0"/>
  <testcase name="testMethodPresentOnAsyncApi{Method}[294]" classname="io.lettuce.core.SyncAsyncApiConvergenceUnitTests" time="0"/>
  <testcase name="testMethodPresentOnAsyncApi{Method}[295]" classname="io.lettuce.core.SyncAsyncApiConvergenceUnitTests" time="0"/>
  <testcase name="testMethodPresentOnAsyncApi{Method}[296]" classname="io.lettuce.core.SyncAsyncApiConvergenceUnitTests" time="0"/>
  <testcase name="testMethodPresentOnAsyncApi{Method}[297]" classname="io.lettuce.core.SyncAsyncApiConvergenceUnitTests" time="0"/>
  <testcase name="testMethodPresentOnAsyncApi{Method}[298]" classname="io.lettuce.core.SyncAsyncApiConvergenceUnitTests" time="0"/>
  <testcase name="testMethodPresentOnAsyncApi{Method}[299]" classname="io.lettuce.core.SyncAsyncApiConvergenceUnitTests" time="0"/>
  <testcase name="testMethodPresentOnAsyncApi{Method}[300]" classname="io.lettuce.core.SyncAsyncApiConvergenceUnitTests" time="0"/>
  <testcase name="testMethodPresentOnAsyncApi{Method}[301]" classname="io.lettuce.core.SyncAsyncApiConvergenceUnitTests" time="0"/>
  <testcase name="testMethodPresentOnAsyncApi{Method}[302]" classname="io.lettuce.core.SyncAsyncApiConvergenceUnitTests" time="0"/>
  <testcase name="testMethodPresentOnAsyncApi{Method}[303]" classname="io.lettuce.core.SyncAsyncApiConvergenceUnitTests" time="0"/>
  <testcase name="testMethodPresentOnAsyncApi{Method}[304]" classname="io.lettuce.core.SyncAsyncApiConvergenceUnitTests" time="0"/>
  <testcase name="testMethodPresentOnAsyncApi{Method}[305]" classname="io.lettuce.core.SyncAsyncApiConvergenceUnitTests" time="0"/>
  <testcase name="testMethodPresentOnAsyncApi{Method}[306]" classname="io.lettuce.core.SyncAsyncApiConvergenceUnitTests" time="0"/>
  <testcase name="testMethodPresentOnAsyncApi{Method}[307]" classname="io.lettuce.core.SyncAsyncApiConvergenceUnitTests" time="0"/>
  <testcase name="testMethodPresentOnAsyncApi{Method}[308]" classname="io.lettuce.core.SyncAsyncApiConvergenceUnitTests" time="0"/>
  <testcase name="testMethodPresentOnAsyncApi{Method}[309]" classname="io.lettuce.core.SyncAsyncApiConvergenceUnitTests" time="0"/>
  <testcase name="testMethodPresentOnAsyncApi{Method}[310]" classname="io.lettuce.core.SyncAsyncApiConvergenceUnitTests" time="0"/>
  <testcase name="testMethodPresentOnAsyncApi{Method}[311]" classname="io.lettuce.core.SyncAsyncApiConvergenceUnitTests" time="0"/>
  <testcase name="testMethodPresentOnAsyncApi{Method}[312]" classname="io.lettuce.core.SyncAsyncApiConvergenceUnitTests" time="0"/>
  <testcase name="testMethodPresentOnAsyncApi{Method}[313]" classname="io.lettuce.core.SyncAsyncApiConvergenceUnitTests" time="0"/>
  <testcase name="testMethodPresentOnAsyncApi{Method}[314]" classname="io.lettuce.core.SyncAsyncApiConvergenceUnitTests" time="0"/>
  <testcase name="testMethodPresentOnAsyncApi{Method}[315]" classname="io.lettuce.core.SyncAsyncApiConvergenceUnitTests" time="0"/>
  <testcase name="testMethodPresentOnAsyncApi{Method}[316]" classname="io.lettuce.core.SyncAsyncApiConvergenceUnitTests" time="0"/>
  <testcase name="testMethodPresentOnAsyncApi{Method}[317]" classname="io.lettuce.core.SyncAsyncApiConvergenceUnitTests" time="0"/>
  <testcase name="testMethodPresentOnAsyncApi{Method}[318]" classname="io.lettuce.core.SyncAsyncApiConvergenceUnitTests" time="0"/>
  <testcase name="testMethodPresentOnAsyncApi{Method}[319]" classname="io.lettuce.core.SyncAsyncApiConvergenceUnitTests" time="0"/>
  <testcase name="testMethodPresentOnAsyncApi{Method}[320]" classname="io.lettuce.core.SyncAsyncApiConvergenceUnitTests" time="0"/>
  <testcase name="testMethodPresentOnAsyncApi{Method}[321]" classname="io.lettuce.core.SyncAsyncApiConvergenceUnitTests" time="0"/>
  <testcase name="testMethodPresentOnAsyncApi{Method}[322]" classname="io.lettuce.core.SyncAsyncApiConvergenceUnitTests" time="0"/>
  <testcase name="testMethodPresentOnAsyncApi{Method}[323]" classname="io.lettuce.core.SyncAsyncApiConvergenceUnitTests" time="0"/>
  <testcase name="testMethodPresentOnAsyncApi{Method}[324]" classname="io.lettuce.core.SyncAsyncApiConvergenceUnitTests" time="0"/>
  <testcase name="testMethodPresentOnAsyncApi{Method}[325]" classname="io.lettuce.core.SyncAsyncApiConvergenceUnitTests" time="0"/>
  <testcase name="testMethodPresentOnAsyncApi{Method}[326]" classname="io.lettuce.core.SyncAsyncApiConvergenceUnitTests" time="0"/>
  <testcase name="testMethodPresentOnAsyncApi{Method}[327]" classname="io.lettuce.core.SyncAsyncApiConvergenceUnitTests" time="0"/>
  <testcase name="testMethodPresentOnAsyncApi{Method}[328]" classname="io.lettuce.core.SyncAsyncApiConvergenceUnitTests" time="0"/>
  <testcase name="testMethodPresentOnAsyncApi{Method}[329]" classname="io.lettuce.core.SyncAsyncApiConvergenceUnitTests" time="0"/>
  <testcase name="testMethodPresentOnAsyncApi{Method}[330]" classname="io.lettuce.core.SyncAsyncApiConvergenceUnitTests" time="0"/>
  <testcase name="testMethodPresentOnAsyncApi{Method}[331]" classname="io.lettuce.core.SyncAsyncApiConvergenceUnitTests" time="0"/>
  <testcase name="testMethodPresentOnAsyncApi{Method}[332]" classname="io.lettuce.core.SyncAsyncApiConvergenceUnitTests" time="0"/>
  <testcase name="testMethodPresentOnAsyncApi{Method}[333]" classname="io.lettuce.core.SyncAsyncApiConvergenceUnitTests" time="0"/>
  <testcase name="testMethodPresentOnAsyncApi{Method}[334]" classname="io.lettuce.core.SyncAsyncApiConvergenceUnitTests" time="0"/>
  <testcase name="testMethodPresentOnAsyncApi{Method}[335]" classname="io.lettuce.core.SyncAsyncApiConvergenceUnitTests" time="0"/>
  <testcase name="testMethodPresentOnAsyncApi{Method}[336]" classname="io.lettuce.core.SyncAsyncApiConvergenceUnitTests" time="0"/>
  <testcase name="testMethodPresentOnAsyncApi{Method}[337]" classname="io.lettuce.core.SyncAsyncApiConvergenceUnitTests" time="0"/>
  <testcase name="testMethodPresentOnAsyncApi{Method}[338]" classname="io.lettuce.core.SyncAsyncApiConvergenceUnitTests" time="0"/>
  <testcase name="testMethodPresentOnAsyncApi{Method}[339]" classname="io.lettuce.core.SyncAsyncApiConvergenceUnitTests" time="0"/>
  <testcase name="testMethodPresentOnAsyncApi{Method}[340]" classname="io.lettuce.core.SyncAsyncApiConvergenceUnitTests" time="0"/>
  <testcase name="testMethodPresentOnAsyncApi{Method}[341]" classname="io.lettuce.core.SyncAsyncApiConvergenceUnitTests" time="0"/>
  <testcase name="testMethodPresentOnAsyncApi{Method}[342]" classname="io.lettuce.core.SyncAsyncApiConvergenceUnitTests" time="0"/>
  <testcase name="testMethodPresentOnAsyncApi{Method}[343]" classname="io.lettuce.core.SyncAsyncApiConvergenceUnitTests" time="0"/>
  <testcase name="testMethodPresentOnAsyncApi{Method}[344]" classname="io.lettuce.core.SyncAsyncApiConvergenceUnitTests" time="0"/>
  <testcase name="testMethodPresentOnAsyncApi{Method}[345]" classname="io.lettuce.core.SyncAsyncApiConvergenceUnitTests" time="0"/>
  <testcase name="testMethodPresentOnAsyncApi{Method}[346]" classname="io.lettuce.core.SyncAsyncApiConvergenceUnitTests" time="0"/>
  <testcase name="testMethodPresentOnAsyncApi{Method}[347]" classname="io.lettuce.core.SyncAsyncApiConvergenceUnitTests" time="0"/>
  <testcase name="testMethodPresentOnAsyncApi{Method}[348]" classname="io.lettuce.core.SyncAsyncApiConvergenceUnitTests" time="0"/>
  <testcase name="testMethodPresentOnAsyncApi{Method}[349]" classname="io.lettuce.core.SyncAsyncApiConvergenceUnitTests" time="0"/>
  <testcase name="testMethodPresentOnAsyncApi{Method}[350]" classname="io.lettuce.core.SyncAsyncApiConvergenceUnitTests" time="0"/>
  <testcase name="testMethodPresentOnAsyncApi{Method}[351]" classname="io.lettuce.core.SyncAsyncApiConvergenceUnitTests" time="0"/>
  <testcase name="testMethodPresentOnAsyncApi{Method}[352]" classname="io.lettuce.core.SyncAsyncApiConvergenceUnitTests" time="0"/>
  <testcase name="testMethodPresentOnAsyncApi{Method}[353]" classname="io.lettuce.core.SyncAsyncApiConvergenceUnitTests" time="0"/>
  <testcase name="testMethodPresentOnAsyncApi{Method}[354]" classname="io.lettuce.core.SyncAsyncApiConvergenceUnitTests" time="0"/>
  <testcase name="testMethodPresentOnAsyncApi{Method}[355]" classname="io.lettuce.core.SyncAsyncApiConvergenceUnitTests" time="0"/>
  <testcase name="testMethodPresentOnAsyncApi{Method}[356]" classname="io.lettuce.core.SyncAsyncApiConvergenceUnitTests" time="0"/>
  <testcase name="testMethodPresentOnAsyncApi{Method}[357]" classname="io.lettuce.core.SyncAsyncApiConvergenceUnitTests" time="0"/>
  <testcase name="testMethodPresentOnAsyncApi{Method}[358]" classname="io.lettuce.core.SyncAsyncApiConvergenceUnitTests" time="0"/>
  <testcase name="testMethodPresentOnAsyncApi{Method}[359]" classname="io.lettuce.core.SyncAsyncApiConvergenceUnitTests" time="0"/>
  <testcase name="testMethodPresentOnAsyncApi{Method}[360]" classname="io.lettuce.core.SyncAsyncApiConvergenceUnitTests" time="0"/>
  <testcase name="testMethodPresentOnAsyncApi{Method}[361]" classname="io.lettuce.core.SyncAsyncApiConvergenceUnitTests" time="0"/>
  <testcase name="testMethodPresentOnAsyncApi{Method}[362]" classname="io.lettuce.core.SyncAsyncApiConvergenceUnitTests" time="0"/>
  <testcase name="testMethodPresentOnAsyncApi{Method}[363]" classname="io.lettuce.core.SyncAsyncApiConvergenceUnitTests" time="0"/>
  <testcase name="testMethodPresentOnAsyncApi{Method}[364]" classname="io.lettuce.core.SyncAsyncApiConvergenceUnitTests" time="0.001"/>
  <testcase name="testMethodPresentOnAsyncApi{Method}[365]" classname="io.lettuce.core.SyncAsyncApiConvergenceUnitTests" time="0"/>
  <testcase name="testMethodPresentOnAsyncApi{Method}[366]" classname="io.lettuce.core.SyncAsyncApiConvergenceUnitTests" time="0"/>
  <testcase name="testMethodPresentOnAsyncApi{Method}[367]" classname="io.lettuce.core.SyncAsyncApiConvergenceUnitTests" time="0"/>
  <testcase name="testMethodPresentOnAsyncApi{Method}[368]" classname="io.lettuce.core.SyncAsyncApiConvergenceUnitTests" time="0"/>
  <testcase name="testMethodPresentOnAsyncApi{Method}[369]" classname="io.lettuce.core.SyncAsyncApiConvergenceUnitTests" time="0"/>
  <testcase name="testMethodPresentOnAsyncApi{Method}[370]" classname="io.lettuce.core.SyncAsyncApiConvergenceUnitTests" time="0"/>
  <testcase name="testMethodPresentOnAsyncApi{Method}[371]" classname="io.lettuce.core.SyncAsyncApiConvergenceUnitTests" time="0"/>
  <testcase name="testMethodPresentOnAsyncApi{Method}[372]" classname="io.lettuce.core.SyncAsyncApiConvergenceUnitTests" time="0"/>
  <testcase name="testMethodPresentOnAsyncApi{Method}[373]" classname="io.lettuce.core.SyncAsyncApiConvergenceUnitTests" time="0"/>
  <testcase name="testMethodPresentOnAsyncApi{Method}[374]" classname="io.lettuce.core.SyncAsyncApiConvergenceUnitTests" time="0"/>
  <testcase name="testMethodPresentOnAsyncApi{Method}[375]" classname="io.lettuce.core.SyncAsyncApiConvergenceUnitTests" time="0"/>
  <testcase name="testMethodPresentOnAsyncApi{Method}[376]" classname="io.lettuce.core.SyncAsyncApiConvergenceUnitTests" time="0"/>
  <testcase name="testMethodPresentOnAsyncApi{Method}[377]" classname="io.lettuce.core.SyncAsyncApiConvergenceUnitTests" time="0"/>
  <testcase name="testMethodPresentOnAsyncApi{Method}[378]" classname="io.lettuce.core.SyncAsyncApiConvergenceUnitTests" time="0"/>
  <testcase name="testMethodPresentOnAsyncApi{Method}[379]" classname="io.lettuce.core.SyncAsyncApiConvergenceUnitTests" time="0"/>
  <testcase name="testMethodPresentOnAsyncApi{Method}[380]" classname="io.lettuce.core.SyncAsyncApiConvergenceUnitTests" time="0"/>
  <testcase name="testMethodPresentOnAsyncApi{Method}[381]" classname="io.lettuce.core.SyncAsyncApiConvergenceUnitTests" time="0"/>
  <testcase name="testMethodPresentOnAsyncApi{Method}[382]" classname="io.lettuce.core.SyncAsyncApiConvergenceUnitTests" time="0"/>
  <testcase name="testMethodPresentOnAsyncApi{Method}[383]" classname="io.lettuce.core.SyncAsyncApiConvergenceUnitTests" time="0"/>
  <testcase name="testMethodPresentOnAsyncApi{Method}[384]" classname="io.lettuce.core.SyncAsyncApiConvergenceUnitTests" time="0"/>
  <testcase name="testMethodPresentOnAsyncApi{Method}[385]" classname="io.lettuce.core.SyncAsyncApiConvergenceUnitTests" time="0"/>
  <testcase name="testMethodPresentOnAsyncApi{Method}[386]" classname="io.lettuce.core.SyncAsyncApiConvergenceUnitTests" time="0"/>
  <testcase name="testMethodPresentOnAsyncApi{Method}[387]" classname="io.lettuce.core.SyncAsyncApiConvergenceUnitTests" time="0"/>
  <testcase name="testMethodPresentOnAsyncApi{Method}[388]" classname="io.lettuce.core.SyncAsyncApiConvergenceUnitTests" time="0.001"/>
  <testcase name="testMethodPresentOnAsyncApi{Method}[389]" classname="io.lettuce.core.SyncAsyncApiConvergenceUnitTests" time="0"/>
  <testcase name="testMethodPresentOnAsyncApi{Method}[390]" classname="io.lettuce.core.SyncAsyncApiConvergenceUnitTests" time="0"/>
  <testcase name="testMethodPresentOnAsyncApi{Method}[391]" classname="io.lettuce.core.SyncAsyncApiConvergenceUnitTests" time="0"/>
  <testcase name="testMethodPresentOnAsyncApi{Method}[392]" classname="io.lettuce.core.SyncAsyncApiConvergenceUnitTests" time="0"/>
  <testcase name="testMethodPresentOnAsyncApi{Method}[393]" classname="io.lettuce.core.SyncAsyncApiConvergenceUnitTests" time="0"/>
  <testcase name="testMethodPresentOnAsyncApi{Method}[394]" classname="io.lettuce.core.SyncAsyncApiConvergenceUnitTests" time="0"/>
  <testcase name="testMethodPresentOnAsyncApi{Method}[395]" classname="io.lettuce.core.SyncAsyncApiConvergenceUnitTests" time="0"/>
  <testcase name="testMethodPresentOnAsyncApi{Method}[396]" classname="io.lettuce.core.SyncAsyncApiConvergenceUnitTests" time="0"/>
</testsuite>