-------------------------------------------------------------------------------
Test set: com.blazebit.persistence.view.testsuite.update.subview.nested.immutable.EntityViewUpdateNestedImmutableSubviewCollectionsTest
-------------------------------------------------------------------------------
Tests run: 96, Failures: 0, Errors: 0, Skipped: 0, Time elapsed: 5.848 sec - in com.blazebit.persistence.view.testsuite.update.subview.nested.immutable.EntityViewUpdateNestedImmutableSubviewCollectionsTest
