-------------------------------------------------------------------------------
Test set: com.blazebit.persistence.view.testsuite.update.subview.simple.mutableonly.EntityViewUpdateSimpleMutableOnlySubviewCollectionsTest
-------------------------------------------------------------------------------
Tests run: 24, Failures: 0, Errors: 0, Skipped: 0, Time elapsed: 1.221 sec - in com.blazebit.persistence.view.testsuite.update.subview.simple.mutableonly.EntityViewUpdateSimpleMutableOnlySubviewCollectionsTest
