-------------------------------------------------------------------------------
Test set: com.blazebit.persistence.view.testsuite.update.subview.simple.updatableonly.EntityViewUpdateSimpleUpdatableOnlySubviewCollectionsTest
-------------------------------------------------------------------------------
Tests run: 72, Failures: 0, Errors: 0, Skipped: 0, Time elapsed: 4.076 sec - in com.blazebit.persistence.view.testsuite.update.subview.simple.updatableonly.EntityViewUpdateSimpleUpdatableOnlySubviewCollectionsTest
