-------------------------------------------------------------------------------
Test set: com.blazebit.persistence.view.testsuite.update.subview.nested.updatableonly.EntityViewUpdateNestedUpdatableOnlySubviewMapsTest
-------------------------------------------------------------------------------
Tests run: 96, Failures: 0, Errors: 0, Skipped: 0, Time elapsed: 5.851 sec - in com.blazebit.persistence.view.testsuite.update.subview.nested.updatableonly.EntityViewUpdateNestedUpdatableOnlySubviewMapsTest
