-------------------------------------------------------------------------------
Test set: com.blazebit.persistence.view.testsuite.update.subview.nested.mutableonly.EntityViewUpdateNestedMutableOnlySubviewCollectionsTest
-------------------------------------------------------------------------------
Tests run: 96, Failures: 0, Errors: 0, Skipped: 0, Time elapsed: 5.882 sec - in com.blazebit.persistence.view.testsuite.update.subview.nested.mutableonly.EntityViewUpdateNestedMutableOnlySubviewCollectionsTest
