-------------------------------------------------------------------------------
Test set: com.blazebit.persistence.view.testsuite.update.subview.simple.immutable.EntityViewUpdateSimpleImmutableSubviewCollectionsTest
-------------------------------------------------------------------------------
Tests run: 36, Failures: 0, Errors: 0, Skipped: 0, Time elapsed: 1.99 sec - in com.blazebit.persistence.view.testsuite.update.subview.simple.immutable.EntityViewUpdateSimpleImmutableSubviewCollectionsTest
