-------------------------------------------------------------------------------
Test set: com.blazebit.persistence.view.testsuite.update.subview.simple.updatableonly.EntityViewUpdateSimpleUpdatableOnlySubviewMapsTest
-------------------------------------------------------------------------------
Tests run: 72, Failures: 0, Errors: 0, Skipped: 0, Time elapsed: 4.014 sec - in com.blazebit.persistence.view.testsuite.update.subview.simple.updatableonly.EntityViewUpdateSimpleUpdatableOnlySubviewMapsTest
