-------------------------------------------------------------------------------
Test set: com.blazebit.persistence.view.testsuite.update.subview.nested.creatable.EntityViewUpdateNestedCreatableSubviewCollectionsTest
-------------------------------------------------------------------------------
Tests run: 12, Failures: 0, Errors: 0, Skipped: 0, Time elapsed: 0.73 sec - in com.blazebit.persistence.view.testsuite.update.subview.nested.creatable.EntityViewUpdateNestedCreatableSubviewCollectionsTest
