-------------------------------------------------------------------------------
Test set: com.blazebit.persistence.view.testsuite.update.flatview.nested.updatableonly.EntityViewUpdateNestedUpdatableOnlyFlatViewMapsTest
-------------------------------------------------------------------------------
Tests run: 1, Failures: 0, Errors: 0, Skipped: 0, Time elapsed: 0.045 sec - in com.blazebit.persistence.view.testsuite.update.flatview.nested.updatableonly.EntityViewUpdateNestedUpdatableOnlyFlatViewMapsTest
