<?xml version="1.0" encoding="UTF-8"?>
<testsuite xmlns:xsi="http://www.w3.org/2001/XMLSchema-instance" xsi:schemaLocation="https://maven.apache.org/surefire/maven-surefire-plugin/xsd/surefire-test-report.xsd" name="com.blazebit.persistence.view.testsuite.update.subview.nested.immutable.EntityViewUpdateNestedImmutableSubviewCollectionsTest" time="5.848" tests="96" errors="0" skipped="0" failures="0">
  <properties>
[...]
</properties>
  <testcase name="testUpdateAddToCollection[LAZY - ENTITY - VERSIONED=true]" classname="com.blazebit.persistence.view.testsuite.update.subview.nested.immutable.EntityViewUpdateNestedImmutableSubviewCollectionsTest" time="0.056"/>
  <testcase name="testUpdateAddToNewCollectionAndModify[LAZY - ENTITY - VERSIONED=true]" classname="com.blazebit.persistence.view.testsuite.update.subview.nested.immutable.EntityViewUpdateNestedImmutableSubviewCollectionsTest" time="0.086"/>
  <testcase name="testUpdateAddToNewCollection[LAZY - ENTITY - VERSIONED=true]" classname="com.blazebit.persistence.view.testsuite.update.subview.nested.immutable.EntityViewUpdateNestedImmutableSubviewCollectionsTest" time="0.061"/>
  <testcase name="testUpdateModifyCollectionElementAndModify[LAZY - ENTITY - VERSIONED=true]" classname="com.blazebit.persistence.view.testsuite.update.subview.nested.immutable.EntityViewUpdateNestedImmutableSubviewCollectionsTest" time="0.062"/>
  <testcase name="testUpdateModifyCollectionElement[LAZY - ENTITY - VERSIONED=true]" classname="com.blazebit.persistence.view.testsuite.update.subview.nested.immutable.EntityViewUpdateNestedImmutableSubviewCollectionsTest" time="0.06"/>
  <testcase name="testUpdateModifyCollectionElementSetToNull[LAZY - ENTITY - VERSIONED=true]" classname="com.blazebit.persistence.view.testsuite.update.subview.nested.immutable.EntityViewUpdateNestedImmutableSubviewCollectionsTest" time="0.058"/>
  <testcase name="testUpdateAddToCollectionAndModify[LAZY - ENTITY - VERSIONED=true]" classname="com.blazebit.persistence.view.testsuite.update.subview.nested.immutable.EntityViewUpdateNestedImmutableSubviewCollectionsTest" time="0.059"/>
  <testcase name="testUpdateModifyCollectionElementCopy[LAZY - ENTITY - VERSIONED=true]" classname="com.blazebit.persistence.view.testsuite.update.subview.nested.immutable.EntityViewUpdateNestedImmutableSubviewCollectionsTest" time="0.053"/>
  <testcase name="testUpdateAddToCollection[LAZY - QUERY - VERSIONED=true]" classname="com.blazebit.persistence.view.testsuite.update.subview.nested.immutable.EntityViewUpdateNestedImmutableSubviewCollectionsTest" time="0.06"/>
  <testcase name="testUpdateAddToNewCollectionAndModify[LAZY - QUERY - VERSIONED=true]" classname="com.blazebit.persistence.view.testsuite.update.subview.nested.immutable.EntityViewUpdateNestedImmutableSubviewCollectionsTest" time="0.058"/>
  <testcase name="testUpdateAddToNewCollection[LAZY - QUERY - VERSIONED=true]" classname="com.blazebit.persistence.view.testsuite.update.subview.nested.immutable.EntityViewUpdateNestedImmutableSubviewCollectionsTest" time="0.059"/>
  <testcase name="testUpdateModifyCollectionElementAndModify[LAZY - QUERY - VERSIONED=true]" classname="com.blazebit.persistence.view.testsuite.update.subview.nested.immutable.EntityViewUpdateNestedImmutableSubviewCollectionsTest" time="0.053"/>
  <testcase name="testUpdateModifyCollectionElement[LAZY - QUERY - VERSIONED=true]" classname="com.blazebit.persistence.view.testsuite.update.subview.nested.immutable.EntityViewUpdateNestedImmutableSubviewCollectionsTest" time="0.053"/>
  <testcase name="testUpdateModifyCollectionElementSetToNull[LAZY - QUERY - VERSIONED=true]" classname="com.blazebit.persistence.view.testsuite.update.subview.nested.immutable.EntityViewUpdateNestedImmutableSubviewCollectionsTest" time="0.053"/>
  <testcase name="testUpdateAddToCollectionAndModify[LAZY - QUERY - VERSIONED=true]" classname="com.blazebit.persistence.view.testsuite.update.subview.nested.immutable.EntityViewUpdateNestedImmutableSubviewCollectionsTest" time="0.083"/>
  <testcase name="testUpdateModifyCollectionElementCopy[LAZY - QUERY - VERSIONED=true]" classname="com.blazebit.persistence.view.testsuite.update.subview.nested.immutable.EntityViewUpdateNestedImmutableSubviewCollectionsTest" time="0.053"/>
  <testcase name="testUpdateAddToCollection[LAZY - ENTITY - VERSIONED=false]" classname="com.blazebit.persistence.view.testsuite.update.subview.nested.immutable.EntityViewUpdateNestedImmutableSubviewCollectionsTest" time="0.06"/>
  <testcase name="testUpdateAddToNewCollectionAndModify[LAZY - ENTITY - VERSIONED=false]" classname="com.blazebit.persistence.view.testsuite.update.subview.nested.immutable.EntityViewUpdateNestedImmutableSubviewCollectionsTest" time="0.061"/>
  <testcase name="testUpdateAddToNewCollection[LAZY - ENTITY - VERSIONED=false]" classname="com.blazebit.persistence.view.testsuite.update.subview.nested.immutable.EntityViewUpdateNestedImmutableSubviewCollectionsTest" time="0.063"/>
  <testcase name="testUpdateModifyCollectionElementAndModify[LAZY - ENTITY - VERSIONED=false]" classname="com.blazebit.persistence.view.testsuite.update.subview.nested.immutable.EntityViewUpdateNestedImmutableSubviewCollectionsTest" time="0.058"/>
  <testcase name="testUpdateModifyCollectionElement[LAZY - ENTITY - VERSIONED=false]" classname="com.blazebit.persistence.view.testsuite.update.subview.nested.immutable.EntityViewUpdateNestedImmutableSubviewCollectionsTest" time="0.058"/>
  <testcase name="testUpdateModifyCollectionElementSetToNull[LAZY - ENTITY - VERSIONED=false]" classname="com.blazebit.persistence.view.testsuite.update.subview.nested.immutable.EntityViewUpdateNestedImmutableSubviewCollectionsTest" time="0.056"/>
  <testcase name="testUpdateAddToCollectionAndModify[LAZY - ENTITY - VERSIONED=false]" classname="com.blazebit.persistence.view.testsuite.update.subview.nested.immutable.EntityViewUpdateNestedImmutableSubviewCollectionsTest" time="0.059"/>
  <testcase name="testUpdateModifyCollectionElementCopy[LAZY - ENTITY - VERSIONED=false]" classname="com.blazebit.persistence.view.testsuite.update.subview.nested.immutable.EntityViewUpdateNestedImmutableSubviewCollectionsTest" time="0.06"/>
  <testcase name="testUpdateAddToCollection[LAZY - QUERY - VERSIONED=false]" classname="com.blazebit.persistence.view.testsuite.update.subview.nested.immutable.EntityViewUpdateNestedImmutableSubviewCollectionsTest" time="0.067"/>
  <testcase name="testUpdateAddToNewCollectionAndModify[LAZY - QUERY - VERSIONED=false]" classname="com.blazebit.persistence.view.testsuite.update.subview.nested.immutable.EntityViewUpdateNestedImmutableSubviewCollectionsTest" time="0.067"/>
  <testcase name="testUpdateAddToNewCollection[LAZY - QUERY - VERSIONED=false]" classname="com.blazebit.persistence.view.testsuite.update.subview.nested.immutable.EntityViewUpdateNestedImmutableSubviewCollectionsTest" time="0.082"/>
  <testcase name="testUpdateModifyCollectionElementAndModify[LAZY - QUERY - VERSIONED=false]" classname="com.blazebit.persistence.view.testsuite.update.subview.nested.immutable.EntityViewUpdateNestedImmutableSubviewCollectionsTest" time="0.093"/>
  <testcase name="testUpdateModifyCollectionElement[LAZY - QUERY - VERSIONED=false]" classname="com.blazebit.persistence.view.testsuite.update.subview.nested.immutable.EntityViewUpdateNestedImmutableSubviewCollectionsTest" time="0.053"/>
  <testcase name="testUpdateModifyCollectionElementSetToNull[LAZY - QUERY - VERSIONED=false]" classname="com.blazebit.persistence.view.testsuite.update.subview.nested.immutable.EntityViewUpdateNestedImmutableSubviewCollectionsTest" time="0.056"/>
  <testcase name="testUpdateAddToCollectionAndModify[LAZY - QUERY - VERSIONED=false]" classname="com.blazebit.persistence.view.testsuite.update.subview.nested.immutable.EntityViewUpdateNestedImmutableSubviewCollectionsTest" time="0.06"/>
  <testcase name="testUpdateModifyCollectionElementCopy[LAZY - QUERY - VERSIONED=false]" classname="com.blazebit.persistence.view.testsuite.update.subview.nested.immutable.EntityViewUpdateNestedImmutableSubviewCollectionsTest" time="0.053"/>
  <testcase name="testUpdateAddToCollection[PARTIAL - ENTITY - VERSIONED=true]" classname="com.blazebit.persistence.view.testsuite.update.subview.nested.immutable.EntityViewUpdateNestedImmutableSubviewCollectionsTest" time="0.057"/>
  <testcase name="testUpdateAddToNewCollectionAndModify[PARTIAL - ENTITY - VERSIONED=true]" classname="com.blazebit.persistence.view.testsuite.update.subview.nested.immutable.EntityViewUpdateNestedImmutableSubviewCollectionsTest" time="0.058"/>
  <testcase name="testUpdateAddToNewCollection[PARTIAL - ENTITY - VERSIONED=true]" classname="com.blazebit.persistence.view.testsuite.update.subview.nested.immutable.EntityViewUpdateNestedImmutableSubviewCollectionsTest" time="0.059"/>
  <testcase name="testUpdateModifyCollectionElementAndModify[PARTIAL - ENTITY - VERSIONED=true]" classname="com.blazebit.persistence.view.testsuite.update.subview.nested.immutable.EntityViewUpdateNestedImmutableSubviewCollectionsTest" time="0.057"/>
  <testcase name="testUpdateModifyCollectionElement[PARTIAL - ENTITY - VERSIONED=true]" classname="com.blazebit.persistence.view.testsuite.update.subview.nested.immutable.EntityViewUpdateNestedImmutableSubviewCollectionsTest" time="0.059"/>
  <testcase name="testUpdateModifyCollectionElementSetToNull[PARTIAL - ENTITY - VERSIONED=true]" classname="com.blazebit.persistence.view.testsuite.update.subview.nested.immutable.EntityViewUpdateNestedImmutableSubviewCollectionsTest" time="0.058"/>
  <testcase name="testUpdateAddToCollectionAndModify[PARTIAL - ENTITY - VERSIONED=true]" classname="com.blazebit.persistence.view.testsuite.update.subview.nested.immutable.EntityViewUpdateNestedImmutableSubviewCollectionsTest" time="0.058"/>
  <testcase name="testUpdateModifyCollectionElementCopy[PARTIAL - ENTITY - VERSIONED=true]" classname="com.blazebit.persistence.view.testsuite.update.subview.nested.immutable.EntityViewUpdateNestedImmutableSubviewCollectionsTest" time="0.053"/>
  <testcase name="testUpdateAddToCollection[PARTIAL - QUERY - VERSIONED=true]" classname="com.blazebit.persistence.view.testsuite.update.subview.nested.immutable.EntityViewUpdateNestedImmutableSubviewCollectionsTest" time="0.082"/>
  <testcase name="testUpdateAddToNewCollectionAndModify[PARTIAL - QUERY - VERSIONED=true]" classname="com.blazebit.persistence.view.testsuite.update.subview.nested.immutable.EntityViewUpdateNestedImmutableSubviewCollectionsTest" time="0.058"/>
  <testcase name="testUpdateAddToNewCollection[PARTIAL - QUERY - VERSIONED=true]" classname="com.blazebit.persistence.view.testsuite.update.subview.nested.immutable.EntityViewUpdateNestedImmutableSubviewCollectionsTest" time="0.059"/>
  <testcase name="testUpdateModifyCollectionElementAndModify[PARTIAL - QUERY - VERSIONED=true]" classname="com.blazebit.persistence.view.testsuite.update.subview.nested.immutable.EntityViewUpdateNestedImmutableSubviewCollectionsTest" time="0.053"/>
  <testcase name="testUpdateModifyCollectionElement[PARTIAL - QUERY - VERSIONED=true]" classname="com.blazebit.persistence.view.testsuite.update.subview.nested.immutable.EntityViewUpdateNestedImmutableSubviewCollectionsTest" time="0.053"/>
  <testcase name="testUpdateModifyCollectionElementSetToNull[PARTIAL - QUERY - VERSIONED=true]" classname="com.blazebit.persistence.view.testsuite.update.subview.nested.immutable.EntityViewUpdateNestedImmutableSubviewCollectionsTest" time="0.052"/>
  <testcase name="testUpdateAddToCollectionAndModify[PARTIAL - QUERY - VERSIONED=true]" classname="com.blazebit.persistence.view.testsuite.update.subview.nested.immutable.EntityViewUpdateNestedImmutableSubviewCollectionsTest" time="0.058"/>
  <testcase name="testUpdateModifyCollectionElementCopy[PARTIAL - QUERY - VERSIONED=true]" classname="com.blazebit.persistence.view.testsuite.update.subview.nested.immutable.EntityViewUpdateNestedImmutableSubviewCollectionsTest" time="0.056"/>
  <testcase name="testUpdateAddToCollection[PARTIAL - ENTITY - VERSIONED=false]" classname="com.blazebit.persistence.view.testsuite.update.subview.nested.immutable.EntityViewUpdateNestedImmutableSubviewCollectionsTest" time="0.058"/>
  <testcase name="testUpdateAddToNewCollectionAndModify[PARTIAL - ENTITY - VERSIONED=false]" classname="com.blazebit.persistence.view.testsuite.update.subview.nested.immutable.EntityViewUpdateNestedImmutableSubviewCollectionsTest" time="0.059"/>
  <testcase name="testUpdateAddToNewCollection[PARTIAL - ENTITY - VERSIONED=false]" classname="com.blazebit.persistence.view.testsuite.update.subview.nested.immutable.EntityViewUpdateNestedImmutableSubviewCollectionsTest" time="0.061"/>
  <testcase name="testUpdateModifyCollectionElementAndModify[PARTIAL - ENTITY - VERSIONED=false]" classname="com.blazebit.persistence.view.testsuite.update.subview.nested.immutable.EntityViewUpdateNestedImmutableSubviewCollectionsTest" time="0.057"/>
  <testcase name="testUpdateModifyCollectionElement[PARTIAL - ENTITY - VERSIONED=false]" classname="com.blazebit.persistence.view.testsuite.update.subview.nested.immutable.EntityViewUpdateNestedImmutableSubviewCollectionsTest" time="0.057"/>
  <testcase name="testUpdateModifyCollectionElementSetToNull[PARTIAL - ENTITY - VERSIONED=false]" classname="com.blazebit.persistence.view.testsuite.update.subview.nested.immutable.EntityViewUpdateNestedImmutableSubviewCollectionsTest" time="0.081"/>
  <testcase name="testUpdateAddToCollectionAndModify[PARTIAL - ENTITY - VERSIONED=false]" classname="com.blazebit.persistence.view.testsuite.update.subview.nested.immutable.EntityViewUpdateNestedImmutableSubviewCollectionsTest" time="0.065"/>
  <testcase name="testUpdateModifyCollectionElementCopy[PARTIAL - ENTITY - VERSIONED=false]" classname="com.blazebit.persistence.view.testsuite.update.subview.nested.immutable.EntityViewUpdateNestedImmutableSubviewCollectionsTest" time="0.061"/>
  <testcase name="testUpdateAddToCollection[PARTIAL - QUERY - VERSIONED=false]" classname="com.blazebit.persistence.view.testsuite.update.subview.nested.immutable.EntityViewUpdateNestedImmutableSubviewCollectionsTest" time="0.066"/>
  <testcase name="testUpdateAddToNewCollectionAndModify[PARTIAL - QUERY - VERSIONED=false]" classname="com.blazebit.persistence.view.testsuite.update.subview.nested.immutable.EntityViewUpdateNestedImmutableSubviewCollectionsTest" time="0.059"/>
  <testcase name="testUpdateAddToNewCollection[PARTIAL - QUERY - VERSIONED=false]" classname="com.blazebit.persistence.view.testsuite.update.subview.nested.immutable.EntityViewUpdateNestedImmutableSubviewCollectionsTest" time="0.058"/>
  <testcase name="testUpdateModifyCollectionElementAndModify[PARTIAL - QUERY - VERSIONED=false]" classname="com.blazebit.persistence.view.testsuite.update.subview.nested.immutable.EntityViewUpdateNestedImmutableSubviewCollectionsTest" time="0.055"/>
  <testcase name="testUpdateModifyCollectionElement[PARTIAL - QUERY - VERSIONED=false]" classname="com.blazebit.persistence.view.testsuite.update.subview.nested.immutable.EntityViewUpdateNestedImmutableSubviewCollectionsTest" time="0.054"/>
  <testcase name="testUpdateModifyCollectionElementSetToNull[PARTIAL - QUERY - VERSIONED=false]" classname="com.blazebit.persistence.view.testsuite.update.subview.nested.immutable.EntityViewUpdateNestedImmutableSubviewCollectionsTest" time="0.056"/>
  <testcase name="testUpdateAddToCollectionAndModify[PARTIAL - QUERY - VERSIONED=false]" classname="com.blazebit.persistence.view.testsuite.update.subview.nested.immutable.EntityViewUpdateNestedImmutableSubviewCollectionsTest" time="0.059"/>
  <testcase name="testUpdateModifyCollectionElementCopy[PARTIAL - QUERY - VERSIONED=false]" classname="com.blazebit.persistence.view.testsuite.update.subview.nested.immutable.EntityViewUpdateNestedImmutableSubviewCollectionsTest" time="0.052"/>
  <testcase name="testUpdateAddToCollection[FULL - ENTITY - VERSIONED=true]" classname="com.blazebit.persistence.view.testsuite.update.subview.nested.immutable.EntityViewUpdateNestedImmutableSubviewCollectionsTest" time="0.064"/>
  <testcase name="testUpdateAddToNewCollectionAndModify[FULL - ENTITY - VERSIONED=true]" classname="com.blazebit.persistence.view.testsuite.update.subview.nested.immutable.EntityViewUpdateNestedImmutableSubviewCollectionsTest" time="0.062"/>
  <testcase name="testUpdateAddToNewCollection[FULL - ENTITY - VERSIONED=true]" classname="com.blazebit.persistence.view.testsuite.update.subview.nested.immutable.EntityViewUpdateNestedImmutableSubviewCollectionsTest" time="0.083"/>
  <testcase name="testUpdateModifyCollectionElementAndModify[FULL - ENTITY - VERSIONED=true]" classname="com.blazebit.persistence.view.testsuite.update.subview.nested.immutable.EntityViewUpdateNestedImmutableSubviewCollectionsTest" time="0.058"/>
  <testcase name="testUpdateModifyCollectionElement[FULL - ENTITY - VERSIONED=true]" classname="com.blazebit.persistence.view.testsuite.update.subview.nested.immutable.EntityViewUpdateNestedImmutableSubviewCollectionsTest" time="0.058"/>
  <testcase name="testUpdateModifyCollectionElementSetToNull[FULL - ENTITY - VERSIONED=true]" classname="com.blazebit.persistence.view.testsuite.update.subview.nested.immutable.EntityViewUpdateNestedImmutableSubviewCollectionsTest" time="0.058"/>
  <testcase name="testUpdateAddToCollectionAndModify[FULL - ENTITY - VERSIONED=true]" classname="com.blazebit.persistence.view.testsuite.update.subview.nested.immutable.EntityViewUpdateNestedImmutableSubviewCollectionsTest" time="0.06"/>
  <testcase name="testUpdateModifyCollectionElementCopy[FULL - ENTITY - VERSIONED=true]" classname="com.blazebit.persistence.view.testsuite.update.subview.nested.immutable.EntityViewUpdateNestedImmutableSubviewCollectionsTest" time="0.059"/>
  <testcase name="testUpdateAddToCollection[FULL - QUERY - VERSIONED=true]" classname="com.blazebit.persistence.view.testsuite.update.subview.nested.immutable.EntityViewUpdateNestedImmutableSubviewCollectionsTest" time="0.062"/>
  <testcase name="testUpdateAddToNewCollectionAndModify[FULL - QUERY - VERSIONED=true]" classname="com.blazebit.persistence.view.testsuite.update.subview.nested.immutable.EntityViewUpdateNestedImmutableSubviewCollectionsTest" time="0.06"/>
  <testcase name="testUpdateAddToNewCollection[FULL - QUERY - VERSIONED=true]" classname="com.blazebit.persistence.view.testsuite.update.subview.nested.immutable.EntityViewUpdateNestedImmutableSubviewCollectionsTest" time="0.062"/>
  <testcase name="testUpdateModifyCollectionElementAndModify[FULL - QUERY - VERSIONED=true]" classname="com.blazebit.persistence.view.testsuite.update.subview.nested.immutable.EntityViewUpdateNestedImmutableSubviewCollectionsTest" time="0.06"/>
  <testcase name="testUpdateModifyCollectionElement[FULL - QUERY - VERSIONED=true]" classname="com.blazebit.persistence.view.testsuite.update.subview.nested.immutable.EntityViewUpdateNestedImmutableSubviewCollectionsTest" time="0.059"/>
  <testcase name="testUpdateModifyCollectionElementSetToNull[FULL - QUERY - VERSIONED=true]" classname="com.blazebit.persistence.view.testsuite.update.subview.nested.immutable.EntityViewUpdateNestedImmutableSubviewCollectionsTest" time="0.057"/>
  <testcase name="testUpdateAddToCollectionAndModify[FULL - QUERY - VERSIONED=true]" classname="com.blazebit.persistence.view.testsuite.update.subview.nested.immutable.EntityViewUpdateNestedImmutableSubviewCollectionsTest" time="0.061"/>
  <testcase name="testUpdateModifyCollectionElementCopy[FULL - QUERY - VERSIONED=true]" classname="com.blazebit.persistence.view.testsuite.update.subview.nested.immutable.EntityViewUpdateNestedImmutableSubviewCollectionsTest" time="0.079"/>
  <testcase name="testUpdateAddToCollection[FULL - ENTITY - VERSIONED=false]" classname="com.blazebit.persistence.view.testsuite.update.subview.nested.immutable.EntityViewUpdateNestedImmutableSubviewCollectionsTest" time="0.061"/>
  <testcase name="testUpdateAddToNewCollectionAndModify[FULL - ENTITY - VERSIONED=false]" classname="com.blazebit.persistence.view.testsuite.update.subview.nested.immutable.EntityViewUpdateNestedImmutableSubviewCollectionsTest" time="0.06"/>
  <testcase name="testUpdateAddToNewCollection[FULL - ENTITY - VERSIONED=false]" classname="com.blazebit.persistence.view.testsuite.update.subview.nested.immutable.EntityViewUpdateNestedImmutableSubviewCollectionsTest" time="0.061"/>
  <testcase name="testUpdateModifyCollectionElementAndModify[FULL - ENTITY - VERSIONED=false]" classname="com.blazebit.persistence.view.testsuite.update.subview.nested.immutable.EntityViewUpdateNestedImmutableSubviewCollectionsTest" time="0.058"/>
  <testcase name="testUpdateModifyCollectionElement[FULL - ENTITY - VERSIONED=false]" classname="com.blazebit.persistence.view.testsuite.update.subview.nested.immutable.EntityViewUpdateNestedImmutableSubviewCollectionsTest" time="0.058"/>
  <testcase name="testUpdateModifyCollectionElementSetToNull[FULL - ENTITY - VERSIONED=false]" classname="com.blazebit.persistence.view.testsuite.update.subview.nested.immutable.EntityViewUpdateNestedImmutableSubviewCollectionsTest" time="0.058"/>
  <testcase name="testUpdateAddToCollectionAndModify[FULL - ENTITY - VERSIONED=false]" classname="com.blazebit.persistence.view.testsuite.update.subview.nested.immutable.EntityViewUpdateNestedImmutableSubviewCollectionsTest" time="0.061"/>
  <testcase name="testUpdateModifyCollectionElementCopy[FULL - ENTITY - VERSIONED=false]" classname="com.blazebit.persistence.view.testsuite.update.subview.nested.immutable.EntityViewUpdateNestedImmutableSubviewCollectionsTest" time="0.059"/>
  <testcase name="testUpdateAddToCollection[FULL - QUERY - VERSIONED=false]" classname="com.blazebit.persistence.view.testsuite.update.subview.nested.immutable.EntityViewUpdateNestedImmutableSubviewCollectionsTest" time="0.061"/>
  <testcase name="testUpdateAddToNewCollectionAndModify[FULL - QUERY - VERSIONED=false]" classname="com.blazebit.persistence.view.testsuite.update.subview.nested.immutable.EntityViewUpdateNestedImmutableSubviewCollectionsTest" time="0.062"/>
  <testcase name="testUpdateAddToNewCollection[FULL - QUERY - VERSIONED=false]" classname="com.blazebit.persistence.view.testsuite.update.subview.nested.immutable.EntityViewUpdateNestedImmutableSubviewCollectionsTest" time="0.062"/>
  <testcase name="testUpdateModifyCollectionElementAndModify[FULL - QUERY - VERSIONED=false]" classname="com.blazebit.persistence.view.testsuite.update.subview.nested.immutable.EntityViewUpdateNestedImmutableSubviewCollectionsTest" time="0.084"/>
  <testcase name="testUpdateModifyCollectionElement[FULL - QUERY - VERSIONED=false]" classname="com.blazebit.persistence.view.testsuite.update.subview.nested.immutable.EntityViewUpdateNestedImmutableSubviewCollectionsTest" time="0.061"/>
  <testcase name="testUpdateModifyCollectionElementSetToNull[FULL - QUERY - VERSIONED=false]" classname="com.blazebit.persistence.view.testsuite.update.subview.nested.immutable.EntityViewUpdateNestedImmutableSubviewCollectionsTest" time="0.058"/>
  <testcase name="testUpdateAddToCollectionAndModify[FULL - QUERY - VERSIONED=false]" classname="com.blazebit.persistence.view.testsuite.update.subview.nested.immutable.EntityViewUpdateNestedImmutableSubviewCollectionsTest" time="0.06"/>
  <testcase name="testUpdateModifyCollectionElementCopy[FULL - QUERY - VERSIONED=false]" classname="com.blazebit.persistence.view.testsuite.update.subview.nested.immutable.EntityViewUpdateNestedImmutableSubviewCollectionsTest" time="0.059"/>
</testsuite>