-------------------------------------------------------------------------------
Test set: com.linkedin.pinot.server.api.resources.TablesResourceTest
-------------------------------------------------------------------------------
Tests run: 4, Failures: 0, Errors: 0, Skipped: 0, Time elapsed: 8.854 sec - in com.linkedin.pinot.server.api.resources.TablesResourceTest
getSegments(com.linkedin.pinot.server.api.resources.TablesResourceTest)  Time elapsed: 1.417 sec
getTables(com.linkedin.pinot.server.api.resources.TablesResourceTest)  Time elapsed: 0.06 sec
testSegmentCrcMetadata(com.linkedin.pinot.server.api.resources.TablesResourceTest)  Time elapsed: 1.848 sec
testSegmentMetadata(com.linkedin.pinot.server.api.resources.TablesResourceTest)  Time elapsed: 0.146 sec
