-------------------------------------------------------------------------------
Test set: com.linkedin.pinot.server.request.ScheduledRequestHandlerTest
-------------------------------------------------------------------------------
Tests run: 3, Failures: 0, Errors: 0, Skipped: 0, Time elapsed: 2.042 sec - in com.linkedin.pinot.server.request.ScheduledRequestHandlerTest
testBadRequest(com.linkedin.pinot.server.request.ScheduledRequestHandlerTest)  Time elapsed: 0.257 sec
testQueryProcessingException(com.linkedin.pinot.server.request.ScheduledRequestHandlerTest)  Time elapsed: 0.057 sec
testValidQueryResponse(com.linkedin.pinot.server.request.ScheduledRequestHandlerTest)  Time elapsed: 0.019 sec
