-------------------------------------------------------------------------------
Test set: com.linkedin.pinot.server.api.resources.TableSizeResourceTest
-------------------------------------------------------------------------------
Tests run: 4, Failures: 0, Errors: 0, Skipped: 0, Time elapsed: 5.912 sec - in com.linkedin.pinot.server.api.resources.TableSizeResourceTest
testTableSizeDetailed(com.linkedin.pinot.server.api.resources.TableSizeResourceTest)  Time elapsed: 0.365 sec
testTableSizeNoDetails(com.linkedin.pinot.server.api.resources.TableSizeResourceTest)  Time elapsed: 0.016 sec
testTableSizeNotFound(com.linkedin.pinot.server.api.resources.TableSizeResourceTest)  Time elapsed: 0.022 sec
testTableSizeOld(com.linkedin.pinot.server.api.resources.TableSizeResourceTest)  Time elapsed: 0.017 sec
