<?xml version="1.0" encoding="UTF-8"?>
<testsuite hostname="sal" name="com.linkedin.pinot.integration.tests.DeleteAPIHybridClusterIntegrationTest" tests="10" failures="0" timestamp="12 Aug 2020 07:37:41 GMT" time="53.146" errors="0">
  <testcase name="deleteFromDeleteAPI" time="7.122" classname="com.linkedin.pinot.integration.tests.DeleteAPIHybridClusterIntegrationTest"/>
  <testcase name="deleteFromGetAPI" time="8.726" classname="com.linkedin.pinot.integration.tests.DeleteAPIHybridClusterIntegrationTest"/>
  <testcase name="deleteRealtimeSegmentFromDeleteAPI" time="0.303" classname="com.linkedin.pinot.integration.tests.DeleteAPIHybridClusterIntegrationTest"/>
  <testcase name="deleteRealtimeSegmentFromGetAPI" time="0.29" classname="com.linkedin.pinot.integration.tests.DeleteAPIHybridClusterIntegrationTest"/>
  <testcase name="testSegmentListApi" time="0.001" classname="com.linkedin.pinot.integration.tests.DeleteAPIHybridClusterIntegrationTest"/>
  <testcase name="testBrokerDebugOutput" time="0.0" classname="com.linkedin.pinot.integration.tests.DeleteAPIHybridClusterIntegrationTest"/>
  <testcase name="testGeneratedQueriesWithMultiValues" time="0.001" classname="com.linkedin.pinot.integration.tests.DeleteAPIHybridClusterIntegrationTest"/>
  <testcase name="testInstanceShutdown" time="1.116" classname="com.linkedin.pinot.integration.tests.DeleteAPIHybridClusterIntegrationTest"/>
  <testcase name="testQueriesFromQueryFile" time="0.001" classname="com.linkedin.pinot.integration.tests.DeleteAPIHybridClusterIntegrationTest"/>
  <testcase name="testQueryExceptions" time="0.098" classname="com.linkedin.pinot.integration.tests.DeleteAPIHybridClusterIntegrationTest"/>
</testsuite>
