<?xml version="1.0" encoding="UTF-8"?>
<testsuite hostname="sal" name="com.linkedin.pinot.client.ConnectionFactoryTest" tests="8" failures="0" timestamp="12 Aug 2020 07:33:26 GMT" time="0.435" errors="0">
  <testcase name="testBrokerList" time="0.374" classname="com.linkedin.pinot.client.ConnectionFactoryTest"/>
  <testcase name="testPropertiesConnection" time="0.001" classname="com.linkedin.pinot.client.ConnectionFactoryTest"/>
  <testcase name="testZkConnection" time="0.0" classname="com.linkedin.pinot.client.ConnectionFactoryTest"/>
  <testcase name="testPreparedStatementEscaping" time="0.002" classname="com.linkedin.pinot.client.PreparedStatementTest"/>
  <testcase name="testDeserializeAggregationGroupByResultSet" time="0.013" classname="com.linkedin.pinot.client.ResultSetGroupTest"/>
  <testcase name="testDeserializeAggregationResultSet" time="0.002" classname="com.linkedin.pinot.client.ResultSetGroupTest"/>
  <testcase name="testDeserializeExceptionResultSet" time="0.003" classname="com.linkedin.pinot.client.ResultSetGroupTest"/>
  <testcase name="testDeserializeSelectionResultSet" time="0.02" classname="com.linkedin.pinot.client.ResultSetGroupTest"/>
</testsuite>
