-------------------------------------------------------------------------------
Test set: com.linkedin.pinot.controller.api.resources.PinotSegmentRestletResourceTest
-------------------------------------------------------------------------------
Tests run: 1, Failures: 0, Errors: 0, Skipped: 0, Time elapsed: 6.374 sec - in com.linkedin.pinot.controller.api.resources.PinotSegmentRestletResourceTest
testSegmentCrcApi(com.linkedin.pinot.controller.api.resources.PinotSegmentRestletResourceTest)  Time elapsed: 1.241 sec
