-------------------------------------------------------------------------------
Test set: com.linkedin.pinot.controller.helix.core.retention.strategy.TimeRetentionStrategyTest
-------------------------------------------------------------------------------
Tests run: 1, Failures: 0, Errors: 0, Skipped: 0, Time elapsed: 0.525 sec - in com.linkedin.pinot.controller.helix.core.retention.strategy.TimeRetentionStrategyTest
testTimeRetention(com.linkedin.pinot.controller.helix.core.retention.strategy.TimeRetentionStrategyTest)  Time elapsed: 0.186 sec
