-------------------------------------------------------------------------------
Test set: com.linkedin.pinot.controller.api.resources.PinotSchemaRestletResourceTest
-------------------------------------------------------------------------------
Tests run: 2, Failures: 0, Errors: 0, Skipped: 0, Time elapsed: 5.355 sec - in com.linkedin.pinot.controller.api.resources.PinotSchemaRestletResourceTest
testBadContentType(com.linkedin.pinot.controller.api.resources.PinotSchemaRestletResourceTest)  Time elapsed: 0.253 sec
testCreateUpdateSchema(com.linkedin.pinot.controller.api.resources.PinotSchemaRestletResourceTest)  Time elapsed: 0.337 sec
