-------------------------------------------------------------------------------
Test set: com.linkedin.pinot.controller.helix.sharding.SegmentAssignmentStrategyTest
-------------------------------------------------------------------------------
Tests run: 4, Failures: 0, Errors: 0, Skipped: 0, Time elapsed: 6.186 sec - in com.linkedin.pinot.controller.helix.sharding.SegmentAssignmentStrategyTest
testBalanceNumSegmentAssignmentStrategy(com.linkedin.pinot.controller.helix.sharding.SegmentAssignmentStrategyTest)  Time elapsed: 1.348 sec
testPartitionLevelReplicaGroupSegmentAssignmentStrategy(com.linkedin.pinot.controller.helix.sharding.SegmentAssignmentStrategyTest)  Time elapsed: 0.654 sec
testRandomSegmentAssignmentStrategy(com.linkedin.pinot.controller.helix.sharding.SegmentAssignmentStrategyTest)  Time elapsed: 0.34 sec
testTableLevelAndMirroringReplicaGroupSegmentAssignmentStrategy(com.linkedin.pinot.controller.helix.sharding.SegmentAssignmentStrategyTest)  Time elapsed: 0.272 sec
