-------------------------------------------------------------------------------
Test set: com.linkedin.pinot.controller.api.resources.ServerTableSizeReaderTest
-------------------------------------------------------------------------------
Tests run: 2, Failures: 0, Errors: 0, Skipped: 0, Time elapsed: 6.501 sec - in com.linkedin.pinot.controller.api.resources.ServerTableSizeReaderTest
testServerSizeReader(com.linkedin.pinot.controller.api.resources.ServerTableSizeReaderTest)  Time elapsed: 0.955 sec
testServerSizesErrors(com.linkedin.pinot.controller.api.resources.ServerTableSizeReaderTest)  Time elapsed: 5.023 sec
