-------------------------------------------------------------------------------
Test set: com.linkedin.pinot.controller.api.resources.SegmentCompletionProtocolDeserTest
-------------------------------------------------------------------------------
Tests run: 7, Failures: 0, Errors: 0, Skipped: 0, Time elapsed: 0.44 sec - in com.linkedin.pinot.controller.api.resources.SegmentCompletionProtocolDeserTest
testCompleteResponseParams(com.linkedin.pinot.controller.api.resources.SegmentCompletionProtocolDeserTest)  Time elapsed: 0.016 sec
testIncompleteResponseParams(com.linkedin.pinot.controller.api.resources.SegmentCompletionProtocolDeserTest)  Time elapsed: 0.001 sec
testJsonNullSegmentLocationAndVip(com.linkedin.pinot.controller.api.resources.SegmentCompletionProtocolDeserTest)  Time elapsed: 0.078 sec
testJsonResponseWithAllParams(com.linkedin.pinot.controller.api.resources.SegmentCompletionProtocolDeserTest)  Time elapsed: 0 sec
testJsonResponseWithSegmentLocationNullVip(com.linkedin.pinot.controller.api.resources.SegmentCompletionProtocolDeserTest)  Time elapsed: 0 sec
testJsonResponseWithVipAndNullSegmentLocation(com.linkedin.pinot.controller.api.resources.SegmentCompletionProtocolDeserTest)  Time elapsed: 0 sec
testJsonResponseWithoutSplitCommit(com.linkedin.pinot.controller.api.resources.SegmentCompletionProtocolDeserTest)  Time elapsed: 0.001 sec
