-------------------------------------------------------------------------------
Test set: com.linkedin.pinot.controller.api.resources.SegmentCompletionUtilsTest
-------------------------------------------------------------------------------
Tests run: 2, Failures: 0, Errors: 0, Skipped: 0, Time elapsed: 0.417 sec - in com.linkedin.pinot.controller.api.resources.SegmentCompletionUtilsTest
testGenerateSegmentFilePrefix(com.linkedin.pinot.controller.api.resources.SegmentCompletionUtilsTest)  Time elapsed: 0.089 sec
testGenerateSegmentLocation(com.linkedin.pinot.controller.api.resources.SegmentCompletionUtilsTest)  Time elapsed: 0.001 sec
