-------------------------------------------------------------------------------
Test set: com.linkedin.pinot.controller.validation.StorageQuotaCheckerTest
-------------------------------------------------------------------------------
Tests run: 3, Failures: 0, Errors: 0, Skipped: 0, Time elapsed: 2.006 sec - in com.linkedin.pinot.controller.validation.StorageQuotaCheckerTest
testNoQuota(com.linkedin.pinot.controller.validation.StorageQuotaCheckerTest)  Time elapsed: 0.01 sec
testNoStorageQuotaConfig(com.linkedin.pinot.controller.validation.StorageQuotaCheckerTest)  Time elapsed: 0 sec
testWithinQuota(com.linkedin.pinot.controller.validation.StorageQuotaCheckerTest)  Time elapsed: 0.011 sec
