-------------------------------------------------------------------------------
Test set: com.linkedin.pinot.controller.api.resources.PinotInstanceRestletResourceTest
-------------------------------------------------------------------------------
Tests run: 1, Failures: 0, Errors: 0, Skipped: 0, Time elapsed: 5.32 sec - in com.linkedin.pinot.controller.api.resources.PinotInstanceRestletResourceTest
testInstanceListingAndCreation(com.linkedin.pinot.controller.api.resources.PinotInstanceRestletResourceTest)  Time elapsed: 0.629 sec
