-------------------------------------------------------------------------------
Test set: com.linkedin.pinot.controller.helix.PinotResourceManagerTest
-------------------------------------------------------------------------------
Tests run: 2, Failures: 0, Errors: 0, Skipped: 0, Time elapsed: 7.238 sec - in com.linkedin.pinot.controller.helix.PinotResourceManagerTest
testBasicAndConcurrentAddingAndDeletingSegments(com.linkedin.pinot.controller.helix.PinotResourceManagerTest)  Time elapsed: 4.654 sec
testUpdateSegmentZKMetadata(com.linkedin.pinot.controller.helix.PinotResourceManagerTest)  Time elapsed: 0.008 sec
