-------------------------------------------------------------------------------
Test set: com.linkedin.pinot.controller.helix.core.PinotHelixResourceManagerTest
-------------------------------------------------------------------------------
Tests run: 4, Failures: 0, Errors: 0, Skipped: 0, Time elapsed: 6.882 sec - in com.linkedin.pinot.controller.helix.core.PinotHelixResourceManagerTest
testGetInstanceEndpoints(com.linkedin.pinot.controller.helix.core.PinotHelixResourceManagerTest)  Time elapsed: 0.037 sec
testRebalance(com.linkedin.pinot.controller.helix.core.PinotHelixResourceManagerTest)  Time elapsed: 0.441 sec
testRebuildBrokerResourceFromHelixTags(com.linkedin.pinot.controller.helix.core.PinotHelixResourceManagerTest)  Time elapsed: 0.423 sec
testRetrieveMetadata(com.linkedin.pinot.controller.helix.core.PinotHelixResourceManagerTest)  Time elapsed: 0.011 sec
