-------------------------------------------------------------------------------
Test set: com.linkedin.pinot.controller.helix.core.util.SegmentDeletionManagerTest
-------------------------------------------------------------------------------
Tests run: 4, Failures: 0, Errors: 0, Skipped: 0, Time elapsed: 2.029 sec - in com.linkedin.pinot.controller.helix.core.util.SegmentDeletionManagerTest
allPassed(com.linkedin.pinot.controller.helix.core.util.SegmentDeletionManagerTest)  Time elapsed: 1.589 sec
testAllFailed(com.linkedin.pinot.controller.helix.core.util.SegmentDeletionManagerTest)  Time elapsed: 0.005 sec
testBulkDeleteWithFailures(com.linkedin.pinot.controller.helix.core.util.SegmentDeletionManagerTest)  Time elapsed: 0.004 sec
testRemoveDeletedSegments(com.linkedin.pinot.controller.helix.core.util.SegmentDeletionManagerTest)  Time elapsed: 0.083 sec
