-------------------------------------------------------------------------------
Test set: com.linkedin.pinot.controller.helix.core.realtime.partition.StreamPartitionAssignmentStrategyTest
-------------------------------------------------------------------------------
Tests run: 2, Failures: 0, Errors: 0, Skipped: 0, Time elapsed: 1.914 sec - in com.linkedin.pinot.controller.helix.core.realtime.partition.StreamPartitionAssignmentStrategyTest
testGenerateAutoRebalanceAssignment(com.linkedin.pinot.controller.helix.core.realtime.partition.StreamPartitionAssignmentStrategyTest)  Time elapsed: 1.554 sec
testUniformPartitionAssignmentStrategy(com.linkedin.pinot.controller.helix.core.realtime.partition.StreamPartitionAssignmentStrategyTest)  Time elapsed: 0.003 sec
