-------------------------------------------------------------------------------
Test set: com.linkedin.pinot.controller.helix.core.realtime.PinotLLCRealtimeSegmentManagerTest
-------------------------------------------------------------------------------
Tests run: 14, Failures: 0, Errors: 0, Skipped: 0, Time elapsed: 3.109 sec - in com.linkedin.pinot.controller.helix.core.realtime.PinotLLCRealtimeSegmentManagerTest
testAutoReplaceConsumingSegment(com.linkedin.pinot.controller.helix.core.realtime.PinotLLCRealtimeSegmentManagerTest)  Time elapsed: 1.635 sec
testCommitSegmentFile(com.linkedin.pinot.controller.helix.core.realtime.PinotLLCRealtimeSegmentManagerTest)  Time elapsed: 0.007 sec
testCommitSegmentWhenControllerWentThroughGC(com.linkedin.pinot.controller.helix.core.realtime.PinotLLCRealtimeSegmentManagerTest)  Time elapsed: 0.239 sec
testCommittingSegment(com.linkedin.pinot.controller.helix.core.realtime.PinotLLCRealtimeSegmentManagerTest)  Time elapsed: 0.017 sec
testCommittingSegmentIfDisconnected(com.linkedin.pinot.controller.helix.core.realtime.PinotLLCRealtimeSegmentManagerTest)  Time elapsed: 0.011 sec
testCompleteCommittingSegments(com.linkedin.pinot.controller.helix.core.realtime.PinotLLCRealtimeSegmentManagerTest)  Time elapsed: 0.432 sec
testGeneratePartitionAssignment(com.linkedin.pinot.controller.helix.core.realtime.PinotLLCRealtimeSegmentManagerTest)  Time elapsed: 0.04 sec
testInitialSegmentAssignments(com.linkedin.pinot.controller.helix.core.realtime.PinotLLCRealtimeSegmentManagerTest)  Time elapsed: 0.026 sec
testKafkaAssignment(com.linkedin.pinot.controller.helix.core.realtime.PinotLLCRealtimeSegmentManagerTest)  Time elapsed: 0.007 sec
testPreExistingSegments(com.linkedin.pinot.controller.helix.core.realtime.PinotLLCRealtimeSegmentManagerTest)  Time elapsed: 0.002 sec
testSegmentAlreadyThereAndExtraneousFilesDeleted(com.linkedin.pinot.controller.helix.core.realtime.PinotLLCRealtimeSegmentManagerTest)  Time elapsed: 0.014 sec
testUpdateFlushThresholdForSegmentMetadata(com.linkedin.pinot.controller.helix.core.realtime.PinotLLCRealtimeSegmentManagerTest)  Time elapsed: 0.001 sec
testUpdateHelixForSegmentClosing(com.linkedin.pinot.controller.helix.core.realtime.PinotLLCRealtimeSegmentManagerTest)  Time elapsed: 0 sec
testUpdatingKafkaPartitions(com.linkedin.pinot.controller.helix.core.realtime.PinotLLCRealtimeSegmentManagerTest)  Time elapsed: 0.009 sec
