-------------------------------------------------------------------------------
Test set: com.linkedin.pinot.controller.api.resources.PinotTableRestletResourceTest
-------------------------------------------------------------------------------
Tests run: 3, Failures: 0, Errors: 0, Skipped: 0, Time elapsed: 13.057 sec - in com.linkedin.pinot.controller.api.resources.PinotTableRestletResourceTest
testCreateTable(com.linkedin.pinot.controller.api.resources.PinotTableRestletResourceTest)  Time elapsed: 2.641 sec
testTableMinReplication(com.linkedin.pinot.controller.api.resources.PinotTableRestletResourceTest)  Time elapsed: 2.36 sec
testUpdateTableConfig(com.linkedin.pinot.controller.api.resources.PinotTableRestletResourceTest)  Time elapsed: 2.267 sec
