-------------------------------------------------------------------------------
Test set: com.linkedin.pinot.controller.helix.SegmentStatusCheckerTest
-------------------------------------------------------------------------------
Tests run: 10, Failures: 0, Errors: 0, Skipped: 0, Time elapsed: 3.617 sec - in com.linkedin.pinot.controller.helix.SegmentStatusCheckerTest
missingEVPartitionPushTest(com.linkedin.pinot.controller.helix.SegmentStatusCheckerTest)  Time elapsed: 2.926 sec
missingEVPartitionTest(com.linkedin.pinot.controller.helix.SegmentStatusCheckerTest)  Time elapsed: 0.022 sec
missingEVTest(com.linkedin.pinot.controller.helix.SegmentStatusCheckerTest)  Time elapsed: 0.02 sec
missingIdealTest(com.linkedin.pinot.controller.helix.SegmentStatusCheckerTest)  Time elapsed: 0.002 sec
noIdealState(com.linkedin.pinot.controller.helix.SegmentStatusCheckerTest)  Time elapsed: 0.002 sec
noReplicas(com.linkedin.pinot.controller.helix.SegmentStatusCheckerTest)  Time elapsed: 0.021 sec
noSegments(com.linkedin.pinot.controller.helix.SegmentStatusCheckerTest)  Time elapsed: 0.004 sec
nonLeaderTest(com.linkedin.pinot.controller.helix.SegmentStatusCheckerTest)  Time elapsed: 0.001 sec
offlineBasicTest(com.linkedin.pinot.controller.helix.SegmentStatusCheckerTest)  Time elapsed: 0.02 sec
realtimeBasicTest(com.linkedin.pinot.controller.helix.SegmentStatusCheckerTest)  Time elapsed: 0.033 sec
