-------------------------------------------------------------------------------
Test set: com.linkedin.pinot.controller.helix.ControllerTenantTest
-------------------------------------------------------------------------------
Tests run: 2, Failures: 0, Errors: 0, Skipped: 0, Time elapsed: 8.248 sec - in com.linkedin.pinot.controller.helix.ControllerTenantTest
testBrokerTenant(com.linkedin.pinot.controller.helix.ControllerTenantTest)  Time elapsed: 1.365 sec
testServerTenant(com.linkedin.pinot.controller.helix.ControllerTenantTest)  Time elapsed: 0.582 sec
