-------------------------------------------------------------------------------
Test set: com.linkedin.pinot.controller.api.resources.TableSizeReaderTest
-------------------------------------------------------------------------------
Tests run: 4, Failures: 0, Errors: 0, Skipped: 0, Time elapsed: 12.623 sec - in com.linkedin.pinot.controller.api.resources.TableSizeReaderTest
getTableSizeDetailsRealtimeOnly(com.linkedin.pinot.controller.api.resources.TableSizeReaderTest)  Time elapsed: 0.682 sec
testGetTableSubTypeSizeAllSuccess(com.linkedin.pinot.controller.api.resources.TableSizeReaderTest)  Time elapsed: 0.024 sec
testGetTableSubTypeSizesWithErrors(com.linkedin.pinot.controller.api.resources.TableSizeReaderTest)  Time elapsed: 10.057 sec
testNoSuchTable(com.linkedin.pinot.controller.api.resources.TableSizeReaderTest)  Time elapsed: 0.001 sec
