-------------------------------------------------------------------------------
Test set: com.linkedin.pinot.controller.validation.ValidationManagerTest
-------------------------------------------------------------------------------
Tests run: 7, Failures: 0, Errors: 0, Skipped: 0, Time elapsed: 5.41 sec - in com.linkedin.pinot.controller.validation.ValidationManagerTest
testComputeMissingIntervals(com.linkedin.pinot.controller.validation.ValidationManagerTest)  Time elapsed: 0.064 sec
testCountMissingSegments(com.linkedin.pinot.controller.validation.ValidationManagerTest)  Time elapsed: 0.002 sec
testExtremeSenario(com.linkedin.pinot.controller.validation.ValidationManagerTest)  Time elapsed: 0 sec
testLLCValidation(com.linkedin.pinot.controller.validation.ValidationManagerTest)  Time elapsed: 1.14 sec
testPushTimePersistence(com.linkedin.pinot.controller.validation.ValidationManagerTest)  Time elapsed: 0.131 sec
testRebuildBrokerResourceWhenBrokerAdded(com.linkedin.pinot.controller.validation.ValidationManagerTest)  Time elapsed: 0.137 sec
testTotalDocumentCountRealTime(com.linkedin.pinot.controller.validation.ValidationManagerTest)  Time elapsed: 0.12 sec
