<?xml version="1.0" encoding="UTF-8"?>
<testng-results skipped="0" failed="0" total="1" passed="1">
  <reporter-output>
  </reporter-output>
  <suite name="Surefire suite" duration-ms="5226" started-at="2020-08-12T16:32:09Z" finished-at="2020-08-12T16:32:15Z">
    <groups>
    </groups>
    <test name="Surefire test" duration-ms="5226" started-at="2020-08-12T16:32:09Z" finished-at="2020-08-12T16:32:15Z">
      <class name="com.linkedin.pinot.controller.helix.HelixHelperTest">
        <test-method status="PASS" signature="setUp()" name="setUp" is-config="true" duration-ms="4256" started-at="2020-08-12T16:32:09Z" finished-at="2020-08-12T16:32:14Z">
        </test-method>
        <test-method status="PASS" signature="testWriteLargeIdealState()" name="testWriteLargeIdealState" duration-ms="417" started-at="2020-08-12T16:32:14Z" finished-at="2020-08-12T16:32:14Z">
        </test-method>
        <test-method status="PASS" signature="tearDown()" name="tearDown" is-config="true" duration-ms="543" started-at="2020-08-12T16:32:14Z" finished-at="2020-08-12T16:32:15Z">
        </test-method>
      </class>
    </test>
  </suite>
</testng-results>
